1392280589336059      65536   2  12  81   3   3
1392280589617620      65536   2  12  81   3   3
1392280589705552      65536   2  12  81   3   3
1392280589940153      65536   2  12  81   3   3
1392280590220101      65536   2  12  81   3   3
1392280590544767      65536   2  12  81   3   3
1392280590825147      65536   2  12  81   3   3
1392280590825715      65536   2  12  81   3   3
1392280591145893      65536   2  12  81   3   3
1392280591427416      65536   2  12  81   3   3
1392280591742305      65536   2  12  81   3   3
1392280591968229      65536   2  12  81   3   3
1392280592015695      65536   2  12  81   3   3
1392280592341866      65536   2  12  81   3   3
1392280592617955      65536   2  12  81   3   3
1392280592942363      65536   2  12  81   3   3
1392280593075437      65536   2  12  81   3   3
1392280593216603      65536   2  12  81   3   3
1392280593538287      65536   2  12  81   3   3
1392280593822044      65536   2  12 209   4   3
1392280594118321      65536   2  12 209   4   3
1392280594208587      65536   2  12 209   4   3
1392280594422667      65536   2  12 209   4   3
1392280594726392      65536   2  12 209   4   3
1392280595025557      65536   2  12 209   4   3
1392280595338419      65536   2  12 209   4   3
1392280595635628      65536   2  12 209   4   3
1392280595935098      65536   2  12 209   4   3
1392280596239461      65536   2  12 209   4   3
1392280596449240      65536   2  12 209   4   3
1392280596536012      65536   2  12 209   4   3
1392280596811736      65536   2  12 209   4   3
1392280597118233      65536   2  12 209   4   3
1392280597424787      65536   2  12 209   4   3
1392280597600413      65536   2  12 209   4   3
1392280597747846      65536   2  12 209   4   3
1392280598052795      65536   2  12 209   4   3
1392280598350265      65536   2  12 209   4   3
1392280598615164      65536   2  12 209   4   3
1392280598699784      65536   2  12 209   4   3
1392280598948846      65536   2  12 209   4   3
1392280599244379      65536   2  12 209   4   3
1392280599545693      65536   2  12 209   4   3
1392280599839736      65536   2  12 209   4   3
1392280599840808      65536   2  12 209   4   3
1392280600132262      65536   2  12 209   4   3
1392280600433146      65536   2  12 209   4   3
1392280600728281      65536   2  12 209   4   3
1392280600981557      65536   2  12 209   4   3
1392280601026692      65536   2  12 209   4   3
1392280601331278      65536   2  12 209   4   3
1392280601629934      65536   2  12 209   4   3
1392280601944755      65536   2  12 209   4   3
1392280602116289      65536   2  12 209   4   3
1392280602249950      65536   2  12 209   4   3
1392280602534451      65536   2  12 209   4   3
1392280602834305      65536   2  12 209   4   3
1392280603132488      65536   2  12 209   4   3
1392280603259706      65536   2  12 209   4   3
1392280603422719      65536   2  12 209   4   3
1392280603722760      65536   2  12 209   4   3
1392280604060584      65536   2  12 209   4   3
1392280604358800      65536   2  12 209   4   3
1392280604398744      65536   2  12 209   4   3
1392280604611868      65536   2  12 209   4   3
1392280604889983      65536   2  12 209   4   3
1392280605197414      65536   2  12 209   4   3
1392280605485440      65536   2  12 209   4   3
1392280605485765      65536   2  12 209   4   3
1392280605783484      65536   2  12 209   4   3
1392280606084360      65536   2  12 209   4   3
1392280606403811      65536   2  12 209   4   3
1392280606616487      65536   2  12 209   4   3
1392280606694549      65536   2  12 209   4   3
1392280606997943      65536   2  12 209   4   3
1392280607296216      65536   2  12 209   4   3
1392280607600819      65536   2  12 209   4   3
1392280607768718      65536   2  12 209   4   3
1392280607901608      65536   2  12 209   4   3
1392280608201341      65536   2  12 209   4   3
1392280608510661      65536   2  12 209   4   3
1392280608809775      65536   2  12 209   4   3
1392280608895357      65536   2  12 209   4   3
1392280609109406      65536   2  12 209   4   3
1392280609409294      65536   2  12 209   4   3
1392280609709588      65536   2  12 209   4   3
1392280610007794      65536   2  12 209   4   3
1392280610008113      65536   2  12 209   4   3
1392280610311678      65536   2  12 209   4   3
1392280610609378      65536   2  12 209   4   3
1392280610904976      65536   2  12 209   4   3
1392280611166455      65536   2  12 209   4   3
1392280611204711      65536   2  12 209   4   3
1392280611486057      65536   2  12 209   4   3
1392280611787379      65536   2  12 209   4   3
1392280612123575      65536   2  12 209   4   3
1392280612292702      65536   2  12 209   4   3
1392280612420965      65536   2  12 209   4   3
1392280612717518      65536   2  12 209   4   3
1392280613018820      65536   2  12 209   4   3
1392280613318192      65536   2  12 209   4   3
1392280613400845      65536   2  12 209   4   3
1392280613618640      65536   2  12 209   4   3
1392280613887348      65536   2  12 209   4   3
1392280614226712      65536   2  12 209   4   3
1392280614515662      65536   2  12 209   4   3
1392280614515705      65536   2  12 209   4   3
1392280614814158      65536   2  12 209   4   3
1392280615116280      65536   2  12 209   4   3
1392280615413056      65536   2  12 209   4   3
1392280615678105      65536   2  12 209   4   3
1392280615714775      65536   2  12 209   4   3
1392280616010371      65536   2  12 209   4   3
1392280616321060      65536   2  12 209   4   3
1392280616620737      65536   2  12 209   4   3
1392280616801433      65536   2  12 209   4   3
1392280616887202      65536   2  12 209   4   3
1392280617194766      65536   2  12 209   4   3
1392280617498333      65536   2  12 209   4   3
1392280617800876      65536   2  12 209   4   3
1392280617920968      65536   2  12 209   4   3
1392280618089594      65536   2  12 209   4   3
1392280618397205      65536   2  12 209   4   3
1392280618706765      65536   2  12 209   4   3
1392280619012935      65536   2  12 209   4   3
1392280619084531      65536   2  12 209   4   3
1392280619306757      65536   2  12 209   4   3
1392280619605130      65536   2  12 209   4   3
1392280619893187      65536   2  12 209   4   3
1392280620196565      65536   2  12 209   4   3
1392280620234208      65536   2  12 209   4   3
1392280620495938      65536   2  12 209   4   3
1392280620793033      65536   2  12 209   4   3
1392280621094645      65536   2  12 209   4   3
1392280621351269      65536   2  12 209   4   3
1392280621438054      65536   2  12 209   4   3
1392280621712698      65536   2  12 209   4   3
1392280622011391      65536   2  12 209   4   3
1392280622307564      65536   2  12 209   4   3
1392280622478343      65536   2  12 209   4   3
1392280622600949      65536   2  12 209   4   3
1392280622942120      65536   2  12 209   4   3
1392280623200513      65536   2  12 209   4   3
1392280623544726      65536   2  12 209   4   3
1392280623643297      65536   2  12 209   4   3
1392280623812402      65536   2  12 209   4   3
1392280624113886      65536   2  12 209   4   3
1392280624409620      65536   2  12 209   4   3
1392280624708964      65536   2  12 209   4   3
1392280624753114      65536   2  12 209   4   3
1392280625007323      65536   2  12 209   4   3
1392280625313864      65536   2  12 209   4   3
1392280625636961      65536   2  12 209   4   3
1392280625884913      65536   2  12 209   4   3
1392280625925807      65536   2  12 209   4   3
1392280626215259      65536   2  12 209   4   3
1392280626520930      65536   2  12 209   4   3
1392280626813466      65536   2  12 209   4   3
1392280627019530      65536   2  12 209   4   3
1392280627108768      65536   2  12 209   4   3
1392280627405334      65536   2  12 209   4   3
1392280627714024      65536   2  12 209   4   3
1392280628002647      65536   2  12 209   4   3
1392280628135402      65536   2  12 209   4   3
1392280628304815      65536   2  12 209   4   3
1392280628603987      65536   2  12 209   4   3
1392280628941446      65536   2  12 209   4   3
1392280629213606      65536   2  12 209   4   3
1392280629290459      65536   2  12 209   4   3
1392280629543685      65536   2  12 209   4   3
1392280629845362      65536   2  12 209   4   3
1392280630141824      65536   2  12 209   4   3
1392280630399889      65536   2  12 209   4   3
1392280630443512      65536   2  12 209   4   3
1392280630747403      65536   2  12 209   4   3
1392280631053985      65536   2  12 209   4   3
1392280631350042      65536   2  12 209   4   3
1392280631558770      65536   2  12 209   4   3
1392280631644496      65536   2  12 209   4   3
1392280631943110      65536   2  12 209   4   3
1392280632237542      65536   2  12 209   4   3
1392280632536608      65536   2  12 209   4   3
1392280632707901      65536   2  12 209   4   3
1392280632833622      65536   2  12 209   4   3
1392280633136485      65536   2  12 209   4   3
1392280633442199      65536   2  12 209   4   3
1392280633745710      65536   2  12 209   4   3
1392280633869502      65536   2  12 209   4   3
1392280634037454      65536   2  12 209   4   3
1392280634337359      65536   2  12 209   4   3
1392280634637116      65536   2  12 209   4   3
1392280634942724      65536   2  12 209   4   3
1392280635027279      65536   2  12 209   4   3
1392280635247839      65536   2  12 209   4   3
1392280635556106      65536   2  12 209   4   3
1392280635853256      65536   2  12 209   4   3
1392280636147687      65536   2  12 209   4   3
1392280636148491      65536   2  12 209   4   3
1392280636462137      65536   2  12  81   3   3
1392280636735978      65536   2  12  81   3   3
1392280637065800      65536   2  12  81   3   3
1392280637296488      65536   2  12  81   3   3
1392280637341600      65536   2  12  81   3   3
1392280637670303      65536   2  12  81   3   3
1392280637949419      65536   2  12  81   3   3
1392280638228725      65536   2  12  81   3   3
1392280638360139      65536   2  12  81   3   3
1392280638549383      65536   2  12  81   3   3
1392280638833253      65536   2  12  81   3   3
