1392280589246641      49256  0.000000  0.000000 -1.838510  0.000000
1392280589293579      49304  0.000000  0.000000 -1.839978  0.000000
1392280589336119      49356  0.000000  0.000000 -1.840881  0.000000
1392280589381445      49405  0.000000  0.000000 -1.837545  0.000000
1392280589433088      49456  0.000000  0.000000 -1.840462  0.000000
1392280589477378      49504  0.000000  0.000000 -1.840433  0.000000
1392280589526394      49557  0.000000  0.000000 -1.838410  0.000000
1392280589573550      49605  0.000000  0.000000 -1.839454  0.000000
1392280589617725      49657  0.000000  0.000000 -1.838655  0.000000
1392280589663258      49709  0.000000  0.000000 -1.839562  0.000000
1392280589705874      49757  0.000000  0.000000 -1.839206  0.000000
1392280589798146      49805  0.000000  0.000000 -1.840710  0.000000
1392280589846191      49857  0.000000  0.000000 -1.838923  0.000000
1392280589894139      49906  0.000000  0.000000 -1.839163  0.000000
1392280589940268      49958  0.000000  0.000000 -1.841472  0.000000
1392280589987583      50010  0.000000  0.000000 -1.840012  0.000000
1392280590031807      50058  0.000000  0.000000 -1.839532  0.000000
1392280590085023      50110  0.000000  0.000000 -1.842191  0.000000
1392280590129465      50158  0.000000  0.000000 -1.844053  0.000000
1392280590177007      50207  0.000000  0.000000 -1.842395  0.000000
1392280590220228      50259  0.000000  0.000000 -1.838438  0.000000
1392280590266356      50311  0.000000  0.000000 -1.837615  0.000000
1392280590314084      50359  0.000000  0.000000 -1.838331  0.000000
1392280590360593      50407  0.000000  0.000000 -1.839027  0.000000
1392280590448754      50459  0.000000  0.000000 -1.840553  0.000000
1392280590499821      50511  0.000000  0.000000 -1.838828  0.000000
1392280590545027      50564  0.000000  0.000000 -1.839133  0.000000
1392280590595900      50612  0.000000  0.000000 -1.837244  0.000000
1392280590637495      50664  0.000000  0.000000 -1.840749  0.000000
1392280590688708      50712  0.000000  0.000000 -1.842016  0.000000
1392280590733258      50764  0.000000  0.000000 -1.839374  0.000000
1392280590780843      50812  0.000000  0.000000 -1.839635  0.000000
1392280590825336      50864  0.000000  0.000000 -1.841218  0.000000
1392280590871415      50912  0.000000  0.000000 -1.841298  0.000000
1392280590916196      50965  0.000000  0.000000 -1.840976  0.000000
1392280590962490      51013  0.000000  0.000000 -1.842377  0.000000
1392280591055341      51065  0.000000  0.000000 -1.843199  0.000000
1392280591102776      51113  0.000000  0.000000 -1.844088  0.000000
1392280591146022      51165  0.000000  0.000000 -1.844841  0.000000
1392280591192335      51213  0.000000  0.000000 -1.845586  0.000000
1392280591239381      51266  0.000000  0.000000 -1.843416  0.000000
1392280591289957      51314  0.000000  0.000000 -1.842122  0.000000
1392280591334641      51366  0.000000  0.000000 -1.841861  0.000000
1392280591378463      51418  0.000000  0.000000 -1.840873  0.000000
1392280591427698      51466  0.000000  0.000000 -1.841418  0.000000
1392280591468320      51518  0.000000  0.000000 -1.841684  0.000000
1392280591514748      51566  0.000000  0.000000 -1.842503  0.000000
1392280591604888      51618  0.000000  0.000000 -1.841958  0.000000
1392280591651755      51666  0.000000  0.000000 -1.843362  0.000000
1392280591695674      51719  0.000000  0.000000 -1.843708  0.000000
1392280591742660      51767  0.000000  0.000000 -1.840574  0.000000
1392280591792414      51819  0.000000  0.000000 -1.841212  0.000000
1392280591836669      51867  0.000000  0.000000 -1.841831  0.000000
1392280591877525      51919  0.000000  0.000000 -1.839136  0.000000
1392280591929376      51967  0.000000  0.000000 -1.841297  0.000000
1392280591968554      52020  0.000000  0.000000 -1.840569  0.000000
1392280592016071      52072  0.000000  0.000000 -1.841980  0.000000
1392280592108695      52120  0.000000  0.000000 -1.842525  0.000000
1392280592152679      52172  0.000000  0.000000 -1.841301  0.000000
1392280592199275      52220  0.000000  0.000000 -1.842948  0.000000
1392280592249388      52272  0.000000  0.000000 -1.846205  0.000000
1392280592296651      52320  0.000000  0.000000 -1.844747  0.000000
1392280592342411      52373  0.000000  0.000000 -1.842800  0.000000
1392280592390496      52421  0.000000  0.000000 -1.843241  0.000000
1392280592433088      52473  0.000000  0.000000 -1.841824  0.000000
1392280592478240      52521  0.000000  0.000000 -1.842434  0.000000
1392280592526885      52573  0.000000  0.000000 -1.842388  0.000000
1392280592572281      52621  0.000000  0.000000 -1.841557  0.000000
1392280592618433      52673  0.000000  0.000000 -1.840777  0.000000
1392280592709973      52722  0.000000  0.000000 -1.839905  0.000000
1392280592753829      52773  0.000000  0.000000 -1.843401  0.000000
1392280592802898      52822  0.000000  0.000000 -1.842614  0.000000
1392280592850205      52873  0.000000  0.000000 -1.840948  0.000000
1392280592898763      52922  0.000000  0.000000 -1.839947  0.000000
1392280592942638      52974  0.000000  0.000000 -1.839154  0.000000
1392280592984710      53022  0.000000  0.000000 -1.839161  0.000000
1392280593035533      53074  0.000000  0.000000 -1.839282  0.000000
1392280593075924      53122  0.000000  0.000000 -1.841483  0.000000
1392280593124313      53174  0.000000  0.000000 -1.840487  0.000000
1392280593215912      53227  0.000000  0.000000 -1.840382  0.000000
1392280593258604      53275  0.000000  0.000000 -1.842516  0.000000
1392280593305104      53327  0.000000  0.000000 -1.842664  0.000000
1392280593356131      53379  0.000000  0.000000 -1.841272  0.000000
1392280593400320      53427  0.000000  0.000000 -1.842914  0.000000
1392280593448781      53475  0.000000  0.000000 -1.841973  0.000000
1392280593496035      53527  0.000000  0.000000 -1.841761  0.000000
1392280593539473      53579  0.000000  0.000000 -1.843048  0.000000
1392280593583280      53628  0.000000  0.000000 -1.841564  0.000000
1392280593625729      53676  0.000000  0.000000 -1.841057  0.000000
1392280593708669      53728  0.000000  0.000000 -1.841718  0.000000
1392280593748492      53776  0.000000  0.000000 -1.841434  0.000000
1392280593781502      53829  0.000000  0.000000 -1.841640  0.000000
1392280593822526      53876  0.000000  0.000000 -1.839894  0.000000
1392280593909960      53929  0.000000  0.000000 -1.839505  0.000000
1392280593954062      53977  0.000000  0.000000 -1.837907  0.000000
1392280593994395      54029  0.000000  0.000000 -1.839141  0.000000
1392280594037564      54081  0.000000  0.000000 -1.836286  0.000000
1392280594078298      54129  0.000000  0.000000 -1.794204  0.000000
1392280594164327      54181  0.000000  0.000000 -1.810328  0.000000
1392280594208477      54230  0.000000  0.000000 -1.787160  0.000000
1392280594255907      54282  0.000000  0.000000 -1.769625  0.000000
1392280594295920      54330  0.000000  0.000000 -1.763700  0.000000
1392280594337583      54378  0.000000  0.000000 -1.744383  0.000000
1392280594382695      54430  0.000000  0.000000 -1.738843  0.000000
1392280594469736      54478  0.000000  0.000000 -1.776833  0.000000
1392280594513141      54531  0.000000  0.000000 -1.768539  0.000000
1392280594559171      54583  0.000000  0.000000 -1.772417  0.000000
1392280594598374      54631  0.000000  0.000000 -1.792143  0.000000
1392280594641457      54683  0.000000  0.000000 -1.755157  0.000000
1392280594690239      54732  0.000000  0.000000 -1.752043  0.000000
1392280594771806      54783  0.000000  0.000000 -1.724875  0.000000
1392280594812953      54832  0.000000  0.000000 -1.706455  0.000000
1392280594860892      54884  0.000000  0.000000 -1.700660  0.000000
1392280594899842      54936  0.000000  0.000000 -1.673337  0.000000
1392280594944186      54984  0.000000  0.000000 -1.657486  0.000000
1392280595024754      55036  0.000000  0.000000 -1.661974  0.000000
1392280595069939      55088  0.000000  0.000000 -1.686712  0.000000
1392280595115215      55136  0.000000  0.000000 -1.685194  0.000000
1392280595152875      55188  0.000000  0.000000 -1.701807  0.000000
1392280595195355      55237  0.000000  0.000000 -1.672977  0.000000
1392280595243195      55289  0.000000  0.000000 -1.692483  0.000000
1392280595301335      55341  0.000000  0.000000 -1.677068  0.000000
1392280595339543      55389  0.000000  0.000000 -1.680933  0.000000
1392280595429661      55441  0.000000  0.000000 -1.689820  0.000000
1392280595471473      55490  0.000000  0.000000 -1.672157  0.000000
1392280595515175      55542  0.000000  0.000000 -1.682293  0.000000
1392280595554619      55589  0.000000  0.000000 -1.671076  0.000000
1392280595594529      55642  0.000000  0.000000 -1.674608  0.000000
1392280595677219      55694  0.000000  0.000000 -1.676085  0.000000
1392280595723471      55742  0.000000  0.000000 -1.681770  0.049000
1392280595766257      55794  0.000000  0.000000 -1.688671  0.134000
1392280595808243      55846  0.000000  0.000000 -1.688671  0.196000
1392280595854623      55898  0.000000  0.000000 -1.688671  0.265000
1392280595934360      55946  0.000000  0.000000 -1.688671  0.281000
1392280595979480      55995  0.000000  0.000000 -1.688671  0.304000
1392280596023947      56047  0.000000  0.000000 -1.688671  0.319000
1392280596067808      56095  0.000000  0.000000 -1.688671  0.335000
1392280596108102      56147  0.000000  0.000000 -1.688671  0.358000
1392280596148988      56195  0.000000  0.000000 -1.688671  0.389000
1392280596194440      56248  0.000000  0.000000 -1.688671  0.428000
1392280596280866      56299  0.000000  0.000000 -1.688671  0.428000
1392280596325873      56348  0.000000  0.000000 -1.688671  0.428000
1392280596368632      56400  0.000000  0.000000 -1.688671  0.428000
1392280596408265      56452  0.000000  0.000000 -1.688671  0.451000
1392280596491416      56504  0.000000  0.000000 -1.688671  0.506000
1392280596535845      56552  0.000000  0.000000 -1.688671  0.517000
1392280596581448      56605  0.000000  0.000000 -1.688671  0.517000
1392280596624976      56653  0.000000  0.000000 -1.688671  0.533000
1392280596666128      56705  0.000000  0.000000 -1.688671  0.550000
1392280596714884      56753  0.000000  0.000000 -1.688671  0.555000
1392280596749699      56805  0.000000  0.000000 -1.688671  0.561000
1392280596811469      56854  0.000000  0.000000 -1.688671  0.566000
1392280596854694      56905  0.000000  0.000000 -1.688671  0.577000
1392280596942827      56953  0.000000  0.000000 -1.688671  0.577000
1392280596985553      57006  0.000000  0.000000 -1.688671  0.583000
1392280597030863      57058  0.000000  0.000000 -1.688671  0.588000
1392280597074629      57110  0.000000  0.000000 -1.688671  0.594000
1392280597118052      57159  0.000000  0.000000 -1.688671  0.621000
1392280597155504      57206  0.000000  0.000000 -1.688671  0.627000
1392280597247985      57259  0.000000  0.000000 -1.688671  0.632000
1392280597284246      57311  0.000000  0.000000 -1.688671  0.637000
1392280597331894      57359  0.000000  0.000000 -1.688671  0.637000
1392280597380201      57411  0.000000  0.000000 -1.688671  0.643000
1392280597424480      57459  0.000000  0.000000 -1.688671  0.654000
1392280597464959      57512  0.000000  0.000000 -1.688671  0.654000
1392280597516909      57564  0.000000  0.000000 -1.688671  0.659000
1392280597600171      57616  0.000000  0.000000 -1.688671  0.659000
1392280597622253      57664  0.000000  0.000000 -1.688671  0.665000
1392280597665811      57712  0.000000  0.000000 -1.688671  0.676000
1392280597747684      57764  0.000000  0.000000 -1.688671  0.676000
1392280597784521      57816  0.000000  0.000000 -1.688671  0.676000
1392280597833449      57868  0.000000  0.000000 -1.688671  0.687000
1392280597878134      57917  0.000000  0.000000 -1.688671  0.692000
1392280597918686      57969  0.000000  0.000000 -1.688671  0.709000
1392280597963540      58017  0.000000  0.000000 -1.688671  0.714000
1392280598052926      58069  0.000000  0.000000 -1.688671  0.714000
1392280598097224      58117  0.000000  0.000000 -1.688671  0.725000
1392280598139615      58165  0.000000  0.000000 -1.688671  0.725000
1392280598183441      58217  0.000000  0.000000 -1.688671  0.725000
1392280598225107      58270  0.000000  0.000000 -1.688671  0.725000
1392280598268173      58318  0.000000  0.000000 -1.688671  0.725000
1392280598350388      58370  0.000000  0.000000 -1.688671  0.725000
1392280598395586      58422  0.000000  0.000000 -1.688671  0.725000
1392280598441619      58470  0.000000  0.000000 -1.688671  0.725000
1392280598480790      58523  0.000000  0.000000 -1.688671  0.714000
1392280598522313      58575  0.000000  0.000000 -1.688671  0.714000
1392280598614225      58627  0.000000  0.000000 -1.688671  0.714000
1392280598657878      58679  0.000000  0.000000 -1.688671  0.714000
1392280598699227      58727  0.000000  0.000000 -1.688671  0.714000
1392280598738411      58779  0.000000  0.000000 -1.688671  0.714000
1392280598783661      58831  0.000000  0.000000 -1.688671  0.714000
1392280598866869      58879  0.000000  0.000000 -1.688671  0.714000
1392280598907804      58932  0.000000  0.000000 -1.688671  0.714000
1392280598949948      58980  0.000000  0.000000 -1.688671  0.714000
1392280598989096      59033  0.000000  0.000000 -1.688671  0.714000
1392280599035756      59084  0.000000  0.000000 -1.688671  0.714000
1392280599116359      59133  0.000000  0.000000 -1.688671  0.714000
1392280599166379      59185  0.000000  0.000000 -1.688671  0.714000
1392280599204626      59233  0.000000  0.000000 -1.688671  0.714000
1392280599245095      59285  0.000000  0.000000 -1.688671  0.714000
1392280599288687      59333  0.005000  0.000000 -1.688671  0.714000
1392280599332755      59385  0.005000  0.000000 -1.688671  0.714000
1392280599420828      59433  0.005000  0.000000 -1.688671  0.714000
1392280599465135      59485  0.011000 -0.006000 -1.688671  0.720000
1392280599506373      59538  0.011000 -0.006000 -1.688671  0.731000
1392280599547193      59585  0.011000 -0.006000 -1.688671  0.742000
1392280599593383      59638  0.030000 -0.013000 -1.688671  0.742000
1392280599632104      59686  0.055000 -0.026000 -1.688671  0.742000
1392280599722206      59738  0.055000 -0.032000 -1.688671  0.742000
1392280599758162      59786  0.055000 -0.039000 -1.688671  0.742000
1392280599799571      59838  0.074000 -0.052000 -1.688671  0.742000
1392280599841046      59886  0.080000 -0.052000 -1.688671  0.742000
1392280599922524      59938  0.086000 -0.052000 -1.688671  0.747000
1392280599970690      59987  0.086000 -0.039000 -1.688671  0.753000
1392280600010865      60039  0.086000 -0.039000 -1.688671  0.753000
1392280600049162      60087  0.086000 -0.039000 -1.688671  0.758000
1392280600091455      60139  0.086000 -0.045000 -1.688671  0.758000
1392280600165463      60187  0.086000 -0.045000 -1.688671  0.758000
1392280600201139      60240  0.055000 -0.039000 -1.688671  0.758000
1392280600247610      60288  0.005000 -0.013000 -1.688671  0.758000
1392280600286882      60340  0.000000  0.000000 -1.688671  0.758000
1392280600343823      60388  0.000000  0.000000 -1.688671  0.758000
1392280600387806      60440  0.000000  0.000000 -1.688671  0.758000
1392280600474934      60489  0.000000  0.000000 -1.688671  0.758000
1392280600528712      60541  0.000000  0.000000 -1.688671  0.758000
1392280600557800      60588  0.000000  0.000000 -1.688671  0.758000
1392280600597961      60641  0.000000  0.000000 -1.688671  0.758000
1392280600642632      60689  0.000000  0.000000 -1.688671  0.753000
1392280600686285      60741  0.000000  0.000000 -1.688671  0.758000
1392280600782167      60789  0.000000  0.000000 -1.688671  0.758000
1392280600809262      60841  0.005000  0.000000 -1.688671  0.758000
1392280600852028      60893  0.018000 -0.013000 -1.688671  0.758000
1392280600896227      60942  0.018000 -0.019000 -1.688671  0.758000
1392280600945128      60994  0.024000 -0.039000 -1.688671  0.758000
1392280601026066      61042  0.024000 -0.052000 -1.688671  0.758000
1392280601065653      61094  0.036000 -0.071000 -1.688671  0.758000
1392280601107937      61143  0.043000 -0.078000 -1.688671  0.758000
1392280601154462      61194  0.043000 -0.084000 -1.688671  0.753000
1392280601198862      61243  0.043000 -0.078000 -1.688671  0.753000
1392280601242889      61295  0.043000 -0.078000 -1.688671  0.753000
1392280601329903      61343  0.043000 -0.052000 -1.688671  0.753000
1392280601373802      61395  0.043000 -0.039000 -1.688671  0.753000
1392280601415543      61447  0.049000 -0.006000 -1.688671  0.753000
1392280601467421      61495  0.049000 -0.006000 -1.688671  0.753000
1392280601505553      61543  0.049000  0.000000 -1.688671  0.753000
1392280601544110      61596  0.049000  0.000000 -1.688671  0.747000
1392280601629377      61648  0.049000  0.000000 -1.688671  0.731000
1392280601672159      61696  0.049000  0.000000 -1.688671  0.714000
1392280601711746      61744  0.049000  0.000000 -1.688671  0.687000
1392280601774187      61797  0.049000  0.000000 -1.688671  0.687000
1392280601810722      61849  0.055000  0.000000 -1.688671  0.687000
1392280601853506      61900  0.055000  0.000000 -1.688671  0.687000
1392280601896890      61949  0.055000  0.000000 -1.688671  0.687000
1392280601945363      61997  0.055000  0.000000 -1.688671  0.687000
1392280602029313      62049  0.036000  0.000000 -1.688671  0.687000
1392280602073761      62097  0.036000  0.000000 -1.688671  0.698000
1392280602114836      62150  0.030000  0.000000 -1.688671  0.703000
1392280602158250      62197  0.030000  0.000000 -1.688671  0.703000
1392280602203158      62250  0.030000 -0.006000 -1.688671  0.703000
1392280602252275      62302  0.030000 -0.019000 -1.688671  0.703000
1392280602333439      62354  0.030000 -0.032000 -1.688671  0.703000
1392280602380819      62406  0.030000 -0.045000 -1.688671  0.703000
1392280602417237      62454  0.036000 -0.052000 -1.688671  0.703000
1392280602466861      62506  0.036000 -0.052000 -1.688671  0.703000
1392280602533825      62558  0.049000 -0.058000 -1.688671  0.703000
1392280602574021      62606  0.068000 -0.071000 -1.688671  0.703000
1392280602620653      62659  0.068000 -0.078000 -1.688671  0.703000
1392280602658536      62711  0.068000 -0.078000 -1.688671  0.703000
1392280602745191      62759  0.068000 -0.078000 -1.688671  0.703000
1392280602789183      62811  0.068000 -0.078000 -1.688671  0.709000
1392280602833956      62860  0.055000 -0.052000 -1.688671  0.720000
1392280602871580      62911  0.030000 -0.019000 -1.688671  0.725000
1392280602914692      62959  0.030000 -0.019000 -1.688671  0.731000
1392280602962179      63012  0.030000 -0.013000 -1.688671  0.731000
1392280603005838      63060  0.030000 -0.006000 -1.688671  0.731000
1392280603088654      63112  0.024000 -0.006000 -1.688671  0.742000
1392280603131873      63160  0.018000  0.000000 -1.688671  0.742000
1392280603167874      63212  0.018000  0.000000 -1.688671  0.764000
1392280603212297      63260  0.018000  0.000000 -1.688671  0.764000
1392280603260274      63313  0.018000  0.000000 -1.688671  0.764000
1392280603343796      63365  0.018000 -0.006000 -1.688671  0.764000
1392280603387587      63413  0.018000 -0.019000 -1.688671  0.764000
1392280603422369      63465  0.018000 -0.026000 -1.688671  0.764000
1392280603466667      63513  0.024000 -0.058000 -1.688671  0.764000
1392280603513250      63565  0.030000 -0.078000 -1.688671  0.764000
1392280603596645      63617  0.030000 -0.091000 -1.688671  0.764000
1392280603639703      63665  0.030000 -0.091000 -1.688671  0.764000
1392280603681643      63717  0.030000 -0.091000 -1.688671  0.764000
1392280603722452      63766  0.030000 -0.078000 -1.688671  0.764000
1392280603764732      63818  0.030000 -0.058000 -1.688671  0.764000
1392280603850362      63866  0.030000 -0.032000 -1.688671  0.764000
1392280603888909      63918  0.030000 -0.013000 -1.688671  0.764000
1392280603937019      63966  0.024000  0.000000 -1.688671  0.764000
1392280603977433      64014  0.024000  0.000000 -1.688671  0.764000
1392280604018433      64067  0.024000  0.000000 -1.688671  0.764000
1392280604104296      64119  0.024000  0.011000 -1.688671  0.764000
1392280604142390      64171  0.024000  0.011000 -1.688671  0.764000
1392280604183316      64219  0.018000  0.011000 -1.688671  0.753000
1392280604223565      64271  0.005000  0.011000 -1.688671  0.731000
1392280604269543      64324  0.000000  0.011000 -1.688671  0.731000
1392280604358623      64372  0.000000  0.011000 -1.688671  0.725000
1392280604399219      64423  0.000000  0.011000 -1.688671  0.725000
1392280604439311      64472  0.000000  0.005000 -1.688671  0.725000
1392280604439715      64524  0.000000  0.005000 -1.688671  0.725000
1392280604476338      64572  0.000000  0.005000 -1.688671  0.725000
1392280604521634      64624  0.000000  0.000000 -1.688671  0.725000
1392280604609751      64672  0.000000  0.000000 -1.688671  0.725000
1392280604652245      64720  0.000000  0.000000 -1.688671  0.725000
1392280604688321      64773  0.000000  0.000000 -1.688671  0.731000
1392280604731305      64825  0.000000  0.000000 -1.688671  0.753000
1392280604777972      64873  0.000000  0.000000 -1.688671  0.758000
1392280604847873      64925  0.000000  0.000000 -1.688671  0.758000
1392280604889873      64973  0.000000  0.000000 -1.688671  0.758000
1392280604958908      65025  0.000000  0.000000 -1.688671  0.758000
1392280604981586      65074  0.000000  0.000000 -1.688671  0.758000
1392280605024901      65125  0.000000  0.000000 -1.688671  0.758000
1392280605109067      65174  0.000000  0.000000 -1.688671  0.720000
1392280605150536      65226  0.000000  0.000000 -1.688671  0.692000
1392280605196579      65274  0.000000 -0.006000 -1.688671  0.692000
1392280605232531      65326  0.000000  0.000000 -1.688671  0.692000
1392280605278789      65374  0.000000  0.000000 -1.688671  0.692000
1392280605327698      65426  0.000000  0.000000 -1.688671  0.692000
1392280605409622      65475  0.000000  0.000000 -1.688671  0.692000
1392280605444422      65527  0.000000  0.000000 -1.688671  0.692000
1392280605485273      65579  0.000000  0.000000 -1.688671  0.692000
1392280605531424      65627  0.000000  0.000000 -1.688671  0.692000
1392280605575550      65675  0.000000  0.000000 -1.688671  0.698000
1392280605656355      65728  0.000000  0.000000 -1.688671  0.709000
1392280605698170      65779  0.000000 -0.026000 -1.688671  0.709000
1392280605738238      65827  0.000000 -0.039000 -1.688671  0.709000
1392280605783557      65880  0.000000 -0.039000 -1.688671  0.709000
1392280605826155      65932  0.000000 -0.065000 -1.688671  0.709000
1392280605912677      65980  0.000000 -0.065000 -1.688671  0.709000
1392280605952682      66032  0.000000 -0.071000 -1.688671  0.709000
1392280605993937      66084  0.000000 -0.071000 -1.688671  0.709000
1392280606039083      66132  0.000000 -0.071000 -1.688671  0.709000
1392280606084479      66184  0.005000 -0.078000 -1.688671  0.709000
1392280606173029      66236  0.011000 -0.078000 -1.688671  0.720000
1392280606211594      66285  0.011000 -0.078000 -1.688671  0.720000
1392280606246812      66333  0.011000 -0.078000 -1.688671  0.720000
1392280606292591      66385  0.011000 -0.065000 -1.688671  0.720000
1392280606361727      66433  0.011000 -0.032000 -1.688671  0.720000
1392280606404034      66485  0.011000 -0.019000 -1.688671  0.720000
1392280606445216      66533  0.018000  0.000000 -1.688671  0.720000
1392280606489973      66586  0.036000  0.000000 -1.688671  0.720000
1392280606535513      66638  0.043000  0.000000 -1.688671  0.720000
1392280606613378      66686  0.043000  0.000000 -1.688671  0.720000
1392280606652126      66734  0.055000 -0.006000 -1.688671  0.720000
1392280606694616      66786  0.074000 -0.006000 -1.688671  0.720000
1392280606742290      66838  0.074000 -0.006000 -1.688671  0.720000
1392280606784876      66887  0.074000 -0.019000 -1.688671  0.720000
1392280606869155      66939  0.074000 -0.026000 -1.688671  0.720000
1392280606915747      66987  0.074000 -0.052000 -1.688671  0.720000
1392280606949207      67039  0.068000 -0.071000 -1.688671  0.720000
1392280606998103      67092  0.061000 -0.078000 -1.688671  0.720000
1392280607043850      67139  0.055000 -0.091000 -1.688671  0.720000
1392280607088594      67191  0.036000 -0.097000 -1.688671  0.720000
1392280607170101      67240  0.030000 -0.117000 -1.688671  0.720000
1392280607210859      67292  0.024000 -0.130000 -1.688671  0.720000
1392280607248033      67340  0.024000 -0.130000 -1.688671  0.720000
1392280607296565      67388  0.024000 -0.130000 -1.688671  0.720000
1392280607340620      67440  0.024000 -0.130000 -1.688671  0.720000
1392280607425413      67492  0.024000 -0.117000 -1.688671  0.720000
1392280607471411      67540  0.024000 -0.117000 -1.688671  0.720000
1392280607508416      67589  0.024000 -0.117000 -1.688671  0.720000
1392280607552505      67641  0.024000 -0.110000 -1.688671  0.720000
1392280607601350      67693  0.018000 -0.117000 -1.688671  0.720000
1392280607644202      67741  0.011000 -0.117000 -1.688671  0.720000
1392280607690126      67789  0.005000 -0.117000 -1.688671  0.720000
1392280607767789      67842  0.000000 -0.097000 -1.688671  0.720000
1392280607815948      67893 -0.011000 -0.097000 -1.688671  0.720000
1392280607860440      67946 -0.011000 -0.097000 -1.688671  0.720000
1392280607902037      67994 -0.030000 -0.097000 -1.688671  0.714000
1392280607942747      68046 -0.043000 -0.104000 -1.688671  0.714000
1392280607989992      68094 -0.074000 -0.104000 -1.688671  0.714000
1392280608071756      68146 -0.080000 -0.104000 -1.688671  0.714000
1392280608113005      68198 -0.087000 -0.104000 -1.688671  0.714000
1392280608160838      68247 -0.093000 -0.097000 -1.688671  0.714000
1392280608206806      68299 -0.099000 -0.091000 -1.688671  0.714000
1392280608245883      68347 -0.093000 -0.084000 -1.688671  0.714000
1392280608334891      68399 -0.049000 -0.052000 -1.688671  0.714000
1392280608377658      68447 -0.024000 -0.039000 -1.688671  0.714000
1392280608418308      68495 -0.005000 -0.026000 -1.688671  0.714000
1392280608472155      68548  0.000000 -0.013000 -1.688671  0.714000
1392280608511631      68599  0.000000 -0.006000 -1.688671  0.714000
1392280608551718      68652  0.000000 -0.006000 -1.688671  0.714000
1392280608599968      68700  0.000000 -0.006000 -1.688671  0.714000
1392280608678547      68752  0.000000 -0.006000 -1.688671  0.720000
1392280608721643      68800  0.000000 -0.006000 -1.688671  0.714000
1392280608768344      68852  0.000000 -0.006000 -1.688671  0.714000
1392280608810810      68900  0.000000 -0.006000 -1.688671  0.714000
1392280608856854      68952  0.000000 -0.013000 -1.688671  0.714000
1392280608934466      69001  0.000000 -0.013000 -1.688671  0.714000
1392280608978153      69053  0.000000 -0.019000 -1.688671  0.714000
1392280609023255      69101  0.000000 -0.019000 -1.688671  0.714000
1392280609065056      69153  0.000000 -0.019000 -1.688671  0.714000
1392280609110145      69201  0.000000 -0.019000 -1.688671  0.714000
1392280609153948      69253  0.000000 -0.019000 -1.688671  0.714000
1392280609235757      69302  0.000000 -0.026000 -1.688671  0.714000
1392280609276283      69354  0.000000 -0.039000 -1.688671  0.714000
1392280609319989      69406  0.000000 -0.039000 -1.688671  0.714000
1392280609365468      69454  0.000000 -0.045000 -1.688671  0.714000
1392280609410760      69506  0.000000 -0.052000 -1.688671  0.714000
1392280609492198      69554  0.000000 -0.052000 -1.688671  0.714000
1392280609531611      69606  0.000000 -0.058000 -1.688671  0.714000
1392280609572993      69655  0.000000 -0.058000 -1.688671  0.714000
1392280609622453      69707  0.000000 -0.065000 -1.688671  0.714000
1392280609665278      69755  0.000000 -0.065000 -1.688671  0.714000
1392280609710086      69807  0.000000 -0.084000 -1.688671  0.714000
1392280609789507      69855  0.000000 -0.084000 -1.688671  0.714000
1392280609834140      69908  0.000000 -0.097000 -1.688671  0.714000
1392280609880062      69956  0.000000 -0.110000 -1.688671  0.714000
1392280609922649      70008  0.000000 -0.110000 -1.688671  0.714000
1392280609962651      70056  0.000000 -0.123000 -1.688671  0.714000
1392280610008207      70108  0.000000 -0.123000 -1.688671  0.714000
1392280610086373      70156  0.000000 -0.130000 -1.688671  0.714000
1392280610130873      70205  0.000000 -0.136000 -1.688671  0.714000
1392280610174653      70256  0.000000 -0.136000 -1.688671  0.714000
1392280610222926      70309  0.011000 -0.097000 -1.688671  0.714000
1392280610263916      70357  0.030000 -0.078000 -1.688671  0.714000
1392280610312079      70409  0.061000 -0.026000 -1.688671  0.714000
1392280610409444      70461  0.086000  0.000000 -1.688671  0.714000
1392280610434020      70509  0.086000  0.000000 -1.688671  0.714000
1392280610482672      70558  0.086000  0.000000 -1.688671  0.714000
1392280610522796      70610  0.086000  0.000000 -1.688671  0.714000
1392280610568348      70658  0.086000  0.000000 -1.688671  0.714000
1392280610610309      70710  0.086000  0.000000 -1.688671  0.714000
1392280610692650      70758  0.086000  0.000000 -1.688671  0.714000
1392280610736275      70810  0.086000  0.005000 -1.688671  0.714000
1392280610776671      70858  0.086000  0.017000 -1.688671  0.714000
1392280610824987      70911  0.086000  0.023000 -1.688671  0.714000
1392280610864468      70958  0.086000  0.023000 -1.688671  0.714000
1392280610944876      71011  0.105000  0.035000 -1.688671  0.714000
1392280610985594      71063  0.124000  0.060000 -1.688671  0.714000
1392280611028826      71111  0.124000  0.060000 -1.688671  0.714000
1392280611076104      71159  0.124000  0.060000 -1.688671  0.714000
1392280611127178      71211  0.068000  0.005000 -1.688671  0.714000
1392280611167717      71263  0.030000  0.000000 -1.688671  0.714000
1392280611246012      71311  0.005000  0.000000 -1.688671  0.714000
1392280611289202      71364  0.000000 -0.026000 -1.688671  0.714000
1392280611332823      71412  0.000000 -0.058000 -1.688671  0.714000
1392280611376754      71464 -0.005000 -0.071000 -1.688671  0.714000
1392280611424206      71516 -0.024000 -0.084000 -1.688671  0.714000
1392280611485468      71564 -0.024000 -0.084000 -1.688671  0.714000
1392280611529511      71616 -0.024000 -0.091000 -1.688671  0.714000
1392280611575463      71668 -0.024000 -0.091000 -1.688671  0.714000
1392280611619322      71716 -0.024000 -0.097000 -1.688671  0.714000
1392280611699611      71765 -0.005000 -0.097000 -1.688671  0.714000
1392280611742370      71817  0.000000 -0.097000 -1.688671  0.714000
1392280611786547      71865  0.000000 -0.110000 -1.688671  0.714000
1392280611827378      71917 -0.005000 -0.150000 -1.688671  0.714000
1392280611870899      71965 -0.005000 -0.176000 -1.688671  0.714000
1392280611913246      72017 -0.005000 -0.189000 -1.688671  0.714000
1392280611996653      72066 -0.005000 -0.195000 -1.688671  0.714000
1392280612038888      72118 -0.005000 -0.195000 -1.688671  0.714000
1392280612083328      72166 -0.005000 -0.195000 -1.688671  0.714000
1392280612125602      72218  0.000000 -0.176000 -1.688671  0.714000
1392280612172992      72266  0.030000 -0.156000 -1.688671  0.714000
1392280612251544      72318  0.061000 -0.110000 -1.688671  0.714000
1392280612292963      72367  0.080000 -0.084000 -1.688671  0.714000
1392280612337098      72418  0.118000 -0.052000 -1.688671  0.709000
1392280612379493      72467  0.130000 -0.026000 -1.688671  0.709000
1392280612421817      72519  0.137000 -0.019000 -1.688671  0.709000
1392280612465601      72567  0.149000 -0.019000 -1.688671  0.709000
1392280612551569      72619  0.155000 -0.013000 -1.688671  0.709000
1392280612595494      72667  0.155000 -0.006000 -1.688671  0.709000
1392280612636568      72720  0.155000 -0.006000 -1.688671  0.709000
1392280612676853      72767  0.155000 -0.006000 -1.688671  0.703000
1392280612721084      72820  0.155000 -0.006000 -1.688671  0.703000
1392280612801545      72868  0.124000 -0.013000 -1.688671  0.709000
1392280612842752      72920  0.068000 -0.013000 -1.688671  0.709000
1392280612892373      72968  0.055000 -0.013000 -1.688671  0.709000
1392280612934473      73020  0.055000  0.000000 -1.688671  0.709000
1392280612986064      73068  0.055000  0.000000 -1.688671  0.703000
1392280613021176      73121  0.055000  0.000000 -1.688671  0.703000
1392280613101979      73172  0.055000  0.000000 -1.688671  0.703000
1392280613147878      73221  0.055000  0.000000 -1.688671  0.703000
1392280613193004      73273  0.055000  0.000000 -1.688671  0.703000
1392280613230794      73321  0.055000 -0.019000 -1.688671  0.703000
1392280613276010      73369  0.055000 -0.026000 -1.688671  0.703000
1392280613318916      73422  0.055000 -0.065000 -1.688671  0.703000
1392280613400748      73473  0.043000 -0.091000 -1.688671  0.703000
1392280613446143      73522  0.036000 -0.117000 -1.688671  0.703000
1392280613489288      73570  0.024000 -0.156000 -1.688671  0.703000
1392280613534734      73622  0.024000 -0.169000 -1.688671  0.703000
1392280613578403      73674  0.011000 -0.176000 -1.688671  0.703000
1392280613621724      73722  0.011000 -0.169000 -1.688671  0.703000
1392280613673275      73774  0.018000 -0.176000 -1.688671  0.703000
1392280613755885      73822  0.024000 -0.156000 -1.688671  0.703000
1392280613800169      73875  0.055000 -0.117000 -1.688671  0.703000
1392280613841992      73923  0.074000 -0.071000 -1.688671  0.703000
1392280613886721      73975  0.118000 -0.019000 -1.688671  0.703000
1392280613929160      74027  0.124000  0.000000 -1.688671  0.703000
1392280614008866      74075  0.124000  0.000000 -1.688671  0.703000
1392280614052597      74124  0.130000  0.005000 -1.688671  0.703000
1392280614097280      74175  0.130000  0.035000 -1.688671  0.703000
1392280614138017      74227  0.137000  0.035000 -1.688671  0.703000
1392280614181324      74276  0.137000  0.035000 -1.688671  0.703000
1392280614230265      74324  0.124000  0.035000 -1.688671  0.709000
1392280614304898      74376  0.099000  0.023000 -1.688671  0.703000
1392280614352841      74428  0.043000  0.000000 -1.688671  0.703000
1392280614392240      74476  0.011000  0.000000 -1.688671  0.703000
1392280614434887      74524  0.000000 -0.006000 -1.688671  0.709000
1392280614486741      74577  0.000000 -0.032000 -1.688671  0.703000
1392280614564180      74625  0.000000 -0.039000 -1.688671  0.709000
1392280614601446      74677  0.000000 -0.045000 -1.688671  0.709000
1392280614644391      74725  0.000000 -0.039000 -1.688671  0.709000
1392280614691752      74777  0.000000 -0.039000 -1.688671  0.714000
1392280614735632      74829  0.000000 -0.032000 -1.688671  0.714000
1392280614813759      74877  0.000000 -0.026000 -1.688671  0.725000
1392280614860653      74930  0.000000 -0.019000 -1.688671  0.725000
1392280614905756      74982  0.000000 -0.013000 -1.688671  0.725000
1392280614944409      75030  0.000000  0.000000 -1.688671  0.725000
1392280614987735      75082  0.000000  0.000000 -1.688671  0.725000
1392280615035838      75131  0.000000  0.000000 -1.688671  0.725000
1392280615116054      75183  0.000000  0.000000 -1.688671  0.725000
1392280615160685      75231  0.000000  0.005000 -1.688671  0.725000
1392280615202112      75283  0.000000  0.011000 -1.688671  0.725000
1392280615246409      75331  0.000000  0.017000 -1.688671  0.725000
1392280615290537      75383  0.000000  0.017000 -1.688671  0.725000
1392280615328233      75435 -0.005000  0.017000 -1.688671  0.725000
1392280615412951      75483 -0.024000  0.017000 -1.688671  0.725000
1392280615461845      75536 -0.030000  0.017000 -1.688671  0.725000
1392280615505122      75588 -0.036000  0.017000 -1.688671  0.725000
1392280615547105      75636 -0.061000  0.017000 -1.688671  0.725000
1392280615589685      75689 -0.080000  0.017000 -1.688671  0.725000
1392280615636930      75740 -0.093000  0.017000 -1.688671  0.725000
1392280615714649      75789 -0.093000  0.017000 -1.688671  0.725000
1392280615761679      75841 -0.087000  0.005000 -1.688671  0.725000
1392280615801964      75889 -0.080000  0.000000 -1.688671  0.725000
1392280615846293      75941 -0.068000  0.000000 -1.688671  0.725000
1392280615925400      75993 -0.068000  0.000000 -1.688671  0.725000
1392280615967529      76042 -0.061000 -0.006000 -1.688671  0.725000
1392280616010424      76094 -0.011000 -0.019000 -1.688671  0.725000
1392280616055191      76142  0.000000 -0.026000 -1.688671  0.725000
1392280616095756      76194  0.000000 -0.026000 -1.688671  0.725000
1392280616152240      76242  0.043000 -0.026000 -1.688671  0.725000
1392280616196268      76294  0.080000 -0.058000 -1.688671  0.725000
1392280616278786      76346  0.099000 -0.071000 -1.688671  0.725000
1392280616321172      76394  0.112000 -0.130000 -1.688671  0.725000
1392280616366939      76447  0.118000 -0.143000 -1.688671  0.725000
1392280616415615      76499  0.118000 -0.150000 -1.688671  0.725000
1392280616455069      76547  0.118000 -0.150000 -1.688671  0.725000
1392280616511285      76599  0.105000 -0.156000 -1.688671  0.725000
1392280616583496      76647  0.105000 -0.163000 -1.688671  0.725000
1392280616620881      76699  0.105000 -0.163000 -1.688671  0.725000
1392280616667884      76748  0.086000 -0.136000 -1.688671  0.725000
1392280616715732      76800  0.080000 -0.097000 -1.688671  0.725000
1392280616755757      76848  0.086000 -0.078000 -1.688671  0.725000
1392280616802088      76900  0.086000 -0.032000 -1.688671  0.725000
1392280616844483      76948  0.086000  0.000000 -1.688671  0.725000
1392280616929887      77001  0.099000  0.000000 -1.688671  0.725000
1392280616970899      77048  0.099000  0.017000 -1.688671  0.725000
1392280617024000      77101  0.099000  0.017000 -1.688671  0.725000
1392280617062808      77153  0.099000  0.023000 -1.688671  0.725000
1392280617107633      77205  0.080000  0.000000 -1.688671  0.725000
1392280617154235      77253  0.030000 -0.019000 -1.688671  0.725000
1392280617235214      77305  0.018000 -0.026000 -1.688671  0.725000
1392280617274543      77354  0.005000 -0.026000 -1.688671  0.725000
1392280617322606      77406  0.000000 -0.032000 -1.688671  0.725000
1392280617369472      77454 -0.024000 -0.058000 -1.688671  0.725000
1392280617406653      77506 -0.030000 -0.071000 -1.688671  0.725000
1392280617453408      77554 -0.030000 -0.071000 -1.688671  0.725000
1392280617540118      77606 -0.030000 -0.071000 -1.688671  0.725000
1392280617586772      77658 -0.030000 -0.071000 -1.688671  0.725000
1392280617626240      77706 -0.030000 -0.078000 -1.688671  0.725000
1392280617670900      77754 -0.018000 -0.058000 -1.688671  0.725000
1392280617712329      77807  0.000000 -0.052000 -1.688671  0.725000
1392280617760547      77855  0.030000 -0.039000 -1.688671  0.725000
1392280617843667      77907  0.074000 -0.013000 -1.688671  0.720000
1392280617886683      77955  0.099000  0.000000 -1.688671  0.720000
1392280617920643      78007  0.137000  0.000000 -1.688671  0.720000
1392280617964752      78055  0.137000  0.000000 -1.688671  0.720000
1392280618008534      78108  0.137000  0.000000 -1.688671  0.720000
1392280618088181      78160  0.137000  0.005000 -1.688671  0.720000
1392280618134100      78208  0.124000  0.000000 -1.688671  0.720000
1392280618177118      78256  0.099000  0.000000 -1.688671  0.720000
1392280618221490      78308  0.074000  0.000000 -1.688671  0.725000
1392280618261517      78360  0.049000  0.000000 -1.688671  0.720000
1392280618310721      78413  0.011000  0.000000 -1.688671  0.720000
1392280618354307      78461  0.000000  0.000000 -1.688671  0.725000
1392280618440395      78513  0.000000  0.000000 -1.688671  0.725000
1392280618482511      78561  0.000000 -0.006000 -1.688671  0.725000
1392280618526757      78613  0.000000 -0.013000 -1.688671  0.725000
1392280618574529      78665  0.000000 -0.013000 -1.688671  0.725000
1392280618614874      78713  0.000000 -0.013000 -1.688671  0.725000
1392280618664165      78765  0.024000  0.000000 -1.688671  0.725000
1392280618746204      78814  0.024000  0.000000 -1.688671  0.725000
1392280618787997      78866  0.030000  0.000000 -1.688671  0.725000
1392280618831816      78914  0.049000 -0.006000 -1.688671  0.720000
1392280618873304      78966  0.068000 -0.019000 -1.688671  0.714000
1392280618918731      79014  0.099000 -0.039000 -1.688671  0.714000
1392280618963845      79067  0.099000 -0.052000 -1.688671  0.714000
1392280619042041      79115  0.099000 -0.058000 -1.688671  0.714000
1392280619083355      79167  0.093000 -0.078000 -1.688671  0.714000
1392280619127099      79215  0.080000 -0.097000 -1.688671  0.714000
1392280619172827      79267  0.074000 -0.097000 -1.688671  0.709000
1392280619218747      79315  0.074000 -0.097000 -1.688671  0.714000
1392280619305530      79367  0.055000 -0.123000 -1.688671  0.709000
1392280619340295      79416  0.055000 -0.130000 -1.688671  0.714000
1392280619384668      79467  0.030000 -0.130000 -1.688671  0.714000
1392280619427941      79516  0.024000 -0.136000 -1.688671  0.714000
1392280619472752      79568  0.024000 -0.136000 -1.688671  0.714000
1392280619516730      79616  0.000000 -0.110000 -1.688671  0.714000
1392280619603865      79668  0.000000 -0.097000 -1.688671  0.714000
1392280619640314      79720  0.000000 -0.052000 -1.688671  0.714000
1392280619685169      79768  0.000000 -0.006000 -1.688671  0.714000
1392280619730223      79820  0.000000  0.000000 -1.688671  0.714000
1392280619770032      79869  0.005000  0.017000 -1.688671  0.714000
1392280619818162      79921  0.011000  0.035000 -1.688671  0.714000
1392280619892522      79969  0.011000  0.048000 -1.688671  0.714000
1392280619936588      80021  0.024000  0.060000 -1.688671  0.714000
1392280619980679      80073  0.024000  0.066000 -1.688671  0.714000
1392280620022328      80122  0.024000  0.078000 -1.688671  0.714000
1392280620073193      80173  0.024000  0.078000 -1.688671  0.714000
1392280620154636      80226  0.024000  0.078000 -1.688671  0.714000
1392280620195479      80274  0.024000  0.048000 -1.688671  0.714000
1392280620234404      80326  0.000000  0.000000 -1.688671  0.714000
1392280620282252      80374  0.000000  0.000000 -1.688671  0.714000
1392280620325505      80426  0.000000 -0.006000 -1.688671  0.714000
1392280620407713      80475  0.005000 -0.019000 -1.688671  0.714000
1392280620453951      80527  0.005000 -0.019000 -1.688671  0.714000
1392280620494373      80579  0.018000 -0.032000 -1.688671  0.714000
1392280620536286      80627  0.018000 -0.032000 -1.688671  0.709000
1392280620579935      80675  0.036000 -0.039000 -1.688671  0.709000
1392280620623968      80727  0.093000 -0.026000 -1.688671  0.698000
1392280620710750      80779  0.112000  0.000000 -1.688671  0.692000
1392280620752370      80827  0.118000  0.005000 -1.688671  0.692000
1392280620792727      80880  0.124000  0.011000 -1.688671  0.692000
1392280620840056      80928  0.137000  0.017000 -1.688671  0.692000
1392280620880426      80980  0.149000  0.017000 -1.688671  0.687000
1392280620924276      81028  0.162000  0.011000 -1.688671  0.687000
1392280621011657      81080  0.162000  0.011000 -1.688671  0.687000
1392280621051966      81132  0.143000  0.000000 -1.688671  0.687000
1392280621093852      81180  0.137000  0.000000 -1.688671  0.687000
1392280621137405      81233  0.137000  0.000000 -1.688671  0.687000
1392280621182733      81281  0.137000 -0.006000 -1.688671  0.687000
1392280621226152      81333  0.105000 -0.019000 -1.688671  0.687000
1392280621308596      81381  0.074000 -0.019000 -1.688671  0.687000
1392280621351156      81433  0.049000 -0.019000 -1.688671  0.687000
1392280621390711      81481  0.018000 -0.013000 -1.688671  0.687000
1392280621439184      81534  0.000000 -0.006000 -1.688671  0.687000
1392280621490646      81582  0.000000 -0.006000 -1.688671  0.687000
1392280621537501      81634 -0.005000  0.000000 -1.688671  0.687000
1392280621580849      81686 -0.005000  0.000000 -1.688671  0.687000
1392280621669794      81734 -0.005000  0.000000 -1.688671  0.687000
1392280621711980      81786  0.000000 -0.006000 -1.688671  0.687000
1392280621747504      81834  0.000000 -0.019000 -1.688671  0.698000
1392280621793464      81882  0.000000 -0.019000 -1.688671  0.698000
1392280621840042      81935  0.000000 -0.019000 -1.688671  0.698000
1392280621884331      81987  0.000000 -0.019000 -1.688671  0.698000
1392280621964943      82035  0.000000 -0.026000 -1.688671  0.698000
1392280622010633      82083  0.000000 -0.032000 -1.688671  0.698000
1392280622050098      82135  0.000000 -0.032000 -1.688671  0.698000
1392280622092968      82184  0.000000 -0.032000 -1.688671  0.698000
1392280622136490      82235  0.000000 -0.032000 -1.688671  0.698000
1392280622180379      82283  0.000000 -0.032000 -1.688671  0.698000
1392280622266471      82336  0.000000 -0.032000 -1.688671  0.698000
1392280622307220      82388  0.024000 -0.019000 -1.688671  0.698000
1392280622347760      82436  0.030000 -0.019000 -1.688671  0.698000
1392280622391860      82488  0.080000 -0.013000 -1.688671  0.698000
1392280622432150      82536  0.124000 -0.013000 -1.688671  0.698000
1392280622536546      82588  0.143000 -0.013000 -1.688671  0.698000
1392280622557559      82636  0.155000 -0.013000 -1.688671  0.698000
1392280622600741      82689  0.187000 -0.013000 -1.688671  0.698000
1392280622641645      82741  0.187000 -0.013000 -1.688671  0.703000
1392280622685663      82789  0.187000 -0.013000 -1.688671  0.703000
1392280622734429      82837  0.187000 -0.013000 -1.688671  0.703000
1392280622816237      82889  0.187000 -0.013000 -1.688671  0.703000
1392280622850756      82938  0.180000 -0.013000 -1.688671  0.709000
1392280622897016      82990  0.174000 -0.013000 -1.688671  0.725000
1392280622943428      83038  0.168000 -0.013000 -1.688671  0.731000
1392280622987216      83090  0.155000 -0.013000 -1.688671  0.742000
1392280623074734      83138  0.155000 -0.013000 -1.688671  0.747000
1392280623114357      83190  0.143000 -0.006000 -1.688671  0.747000
1392280623155925      83239  0.124000  0.000000 -1.688671  0.747000
1392280623200061      83290  0.093000  0.000000 -1.688671  0.747000
1392280623242762      83339  0.074000  0.000000 -1.688671  0.747000
1392280623287790      83391  0.030000  0.000000 -1.688671  0.747000
1392280623375267      83443  0.000000  0.011000 -1.688671  0.747000
1392280623415948      83491  0.000000  0.035000 -1.688671  0.747000
1392280623458426      83543 -0.005000  0.109000 -1.688671  0.731000
1392280623500233      83591 -0.005000  0.121000 -1.688671  0.725000
1392280623547915      83643 -0.005000  0.134000 -1.688671  0.725000
1392280623588564      83692 -0.005000  0.164000 -1.688671  0.725000
1392280623645118      83744 -0.005000  0.164000 -1.688671  0.725000
1392280623690028      83796 -0.005000  0.152000 -1.688671  0.725000
1392280623772765      83848  0.000000  0.146000 -1.688671  0.725000
1392280623812104      83896 -0.005000  0.078000 -1.688671  0.725000
1392280623856548      83949 -0.005000  0.041000 -1.688671  0.725000
1392280623902343      84000 -0.036000 -0.013000 -1.688671  0.725000
1392280623944260      84049 -0.061000 -0.065000 -1.688671  0.725000
1392280624031299      84101 -0.080000 -0.097000 -1.688671  0.725000
1392280624071832      84149 -0.080000 -0.110000 -1.688671  0.725000
1392280624113649      84197 -0.080000 -0.110000 -1.688671  0.725000
1392280624153597      84249 -0.080000 -0.091000 -1.688671  0.725000
1392280624205343      84297 -0.068000 -0.084000 -1.688671  0.725000
1392280624285213      84349 -0.055000 -0.045000 -1.688671  0.725000
1392280624325819      84401 -0.030000 -0.039000 -1.688671  0.725000
1392280624368430      84454 -0.005000 -0.071000 -1.688671  0.725000
1392280624409499      84502  0.011000 -0.084000 -1.688671  0.725000
1392280624453404      84554  0.049000 -0.084000 -1.688671  0.725000
1392280624541688      84606  0.074000 -0.097000 -1.688671  0.725000
1392280624582604      84662  0.130000 -0.097000 -1.688671  0.725000
1392280624630419      84710  0.143000 -0.110000 -1.688671  0.725000
1392280624665084      84763  0.155000 -0.150000 -1.688671  0.725000
1392280624709093      84811  0.155000 -0.150000 -1.688671  0.725000
1392280624794795      84863  0.155000 -0.150000 -1.688671  0.725000
1392280624839451      84911  0.137000 -0.143000 -1.688671  0.725000
1392280624880020      84963  0.118000 -0.078000 -1.688671  0.725000
1392280624921923      85011  0.105000 -0.026000 -1.688671  0.725000
1392280624967569      85063  0.105000  0.000000 -1.688671  0.725000
1392280625007572      85115  0.099000  0.017000 -1.688671  0.725000
1392280625097909      85164  0.099000  0.023000 -1.688671  0.725000
1392280625143207      85216  0.074000  0.041000 -1.688671  0.725000
1392280625183287      85264  0.074000  0.041000 -1.688671  0.725000
1392280625228018      85316  0.055000  0.048000 -1.688671  0.725000
1392280625269972      85364  0.036000  0.060000 -1.688671  0.725000
1392280625314118      85416  0.005000  0.060000 -1.688671  0.725000
1392280625356794      85465 -0.005000  0.060000 -1.688671  0.725000
1392280625427410      85516 -0.036000  0.060000 -1.688671  0.725000
1392280625468660      85565 -0.049000  0.060000 -1.688671  0.725000
1392280625513795      85613 -0.080000  0.054000 -1.688671  0.725000
1392280625601950      85665 -0.105000  0.054000 -1.688671  0.725000
1392280625637159      85713 -0.124000  0.054000 -1.688671  0.725000
1392280625681532      85765 -0.124000  0.054000 -1.688671  0.725000
1392280625722131      85817 -0.112000  0.035000 -1.688671  0.725000
1392280625764168      85866 -0.061000  0.005000 -1.688671  0.725000
1392280625815962      85918 -0.024000  0.000000 -1.688671  0.725000
1392280625884530      85966 -0.011000  0.000000 -1.688671  0.725000
1392280625926040      86018  0.000000  0.000000 -1.688671  0.725000
1392280625964975      86070  0.000000 -0.006000 -1.688671  0.725000
1392280626049704      86118  0.000000 -0.006000 -1.688671  0.725000
1392280626092613      86171  0.000000 -0.006000 -1.688671  0.725000
1392280626134668      86219  0.000000 -0.013000 -1.688671  0.731000
1392280626177492      86271  0.000000 -0.026000 -1.688671  0.753000
1392280626215777      86319  0.000000 -0.039000 -1.688671  0.758000
1392280626262236      86367  0.000000 -0.058000 -1.688671  0.758000
1392280626349350      86419  0.000000 -0.071000 -1.688671  0.758000
1392280626394497      86471  0.000000 -0.078000 -1.688671  0.758000
1392280626433724      86519  0.000000 -0.078000 -1.688671  0.758000
1392280626479109      86572  0.000000 -0.071000 -1.688671  0.758000
1392280626521213      86624  0.005000 -0.052000 -1.688671  0.758000
1392280626606562      86676  0.005000 -0.039000 -1.688671  0.758000
1392280626649227      86724  0.036000 -0.013000 -1.688671  0.758000
1392280626691424      86776  0.068000 -0.006000 -1.688671  0.758000
1392280626728408      86824  0.074000  0.000000 -1.688671  0.758000
1392280626772270      86876  0.080000  0.000000 -1.688671  0.758000
1392280626856447      86924  0.093000  0.000000 -1.688671  0.758000
1392280626899596      86977  0.093000  0.005000 -1.688671  0.758000
1392280626935581      87025  0.086000  0.005000 -1.688671  0.758000
1392280626979662      87077  0.074000  0.000000 -1.688671  0.758000
1392280627020156      87125  0.030000  0.000000 -1.688671  0.758000
1392280627107753      87177  0.011000  0.000000 -1.688671  0.758000
1392280627149129      87225  0.000000  0.000000 -1.688671  0.753000
1392280627189747      87277  0.000000 -0.006000 -1.688671  0.753000
1392280627230676      87330  0.000000 -0.006000 -1.688671  0.753000
1392280627273933      87382  0.000000 -0.013000 -1.688671  0.753000
1392280627360033      87430 -0.005000 -0.013000 -1.688671  0.753000
1392280627403889      87478 -0.005000 -0.006000 -1.688671  0.753000
1392280627441079      87530  0.000000  0.000000 -1.688671  0.703000
1392280627486461      87582  0.000000  0.000000 -1.688671  0.703000
1392280627533967      87631  0.000000  0.000000 -1.688671  0.698000
1392280627574527      87679  0.000000  0.000000 -1.688671  0.676000
1392280627659453      87731  0.000000  0.000000 -1.688671  0.654000
1392280627706845      87779  0.000000  0.000000 -1.688671  0.654000
1392280627750498      87831  0.000000  0.000000 -1.688671  0.654000
1392280627787618      87879  0.000000 -0.013000 -1.688671  0.659000
1392280627830863      87931  0.000000 -0.019000 -1.688671  0.676000
1392280627876268      87979 -0.018000 -0.019000 -1.688671  0.687000
1392280627962280      88032 -0.043000 -0.013000 -1.688671  0.687000
1392280628002117      88080 -0.061000 -0.013000 -1.688671  0.692000
1392280628045315      88132 -0.074000 -0.013000 -1.688671  0.698000
1392280628084861      88180 -0.080000 -0.013000 -1.688671  0.698000
1392280628136003      88232 -0.080000 -0.013000 -1.688671  0.698000
1392280628183220      88280 -0.080000 -0.013000 -1.688671  0.703000
1392280628264892      88333 -0.080000 -0.019000 -1.688671  0.703000
1392280628304179      88385 -0.087000 -0.026000 -1.688671  0.703000
1392280628349822      88433 -0.087000 -0.032000 -1.688671  0.703000
1392280628388824      88485 -0.087000 -0.052000 -1.688671  0.709000
1392280628433334      88533 -0.087000 -0.058000 -1.688671  0.709000
1392280628516548      88585 -0.080000 -0.065000 -1.688671  0.709000
1392280628557906      88633 -0.055000 -0.065000 -1.688671  0.709000
1392280628603528      88685 -0.030000 -0.065000 -1.688671  0.709000
1392280628644578      88734 -0.024000 -0.091000 -1.688671  0.709000
1392280628689077      88786 -0.024000 -0.117000 -1.688671  0.709000
1392280628729247      88834 -0.018000 -0.117000 -1.688671  0.709000
1392280628820802      88887 -0.018000 -0.123000 -1.688671  0.709000
1392280628856597      88938  0.000000 -0.136000 -1.688671  0.709000
1392280628902776      88987 -0.005000 -0.130000 -1.688671  0.709000
1392280628942004      89039 -0.030000 -0.150000 -1.688671  0.709000
1392280628990745      89087 -0.036000 -0.150000 -1.688671  0.709000
1392280629033497      89139 -0.036000 -0.150000 -1.688671  0.709000
1392280629118849      89191 -0.011000 -0.123000 -1.688671  0.709000
1392280629162882      89240  0.000000 -0.065000 -1.688671  0.709000
1392280629212276      89292  0.030000 -0.006000 -1.688671  0.709000
1392280629248703      89340  0.049000  0.000000 -1.688671  0.709000
1392280629291550      89392  0.061000  0.017000 -1.688671  0.714000
1392280629334438      89440  0.061000  0.017000 -1.688671  0.720000
1392280629418501      89493  0.061000  0.029000 -1.688671  0.720000
1392280629457230      89540  0.061000  0.029000 -1.688671  0.725000
1392280629499978      89588  0.061000  0.029000 -1.688671  0.731000
1392280629544328      89641  0.043000  0.005000 -1.688671  0.731000
1392280629589210      89689  0.030000  0.000000 -1.688671  0.731000
1392280629672684      89741  0.030000 -0.013000 -1.688671  0.731000
1392280629720603      89789  0.018000 -0.026000 -1.688671  0.731000
1392280629760896      89842  0.011000 -0.045000 -1.688671  0.731000
1392280629806103      89893  0.011000 -0.058000 -1.688671  0.731000
1392280629848315      89946  0.011000 -0.058000 -1.688671  0.731000
1392280629890120      89994  0.000000 -0.071000 -1.688671  0.731000
1392280629972827      90046  0.000000 -0.071000 -1.688671  0.731000
1392280630020220      90094  0.000000 -0.058000 -1.688671  0.731000
1392280630055258      90142  0.000000 -0.052000 -1.688671  0.731000
1392280630103391      90195  0.000000 -0.019000 -1.688671  0.731000
1392280630142432      90243  0.000000 -0.019000 -1.688671  0.731000
1392280630226349      90295  0.000000 -0.006000 -1.688671  0.731000
1392280630270254      90347  0.000000 -0.032000 -1.688671  0.731000
1392280630316547      90395  0.000000 -0.091000 -1.688671  0.725000
1392280630357714      90444 -0.018000 -0.097000 -1.688671  0.725000
1392280630399833      90496 -0.030000 -0.189000 -1.688671  0.725000
1392280630444301      90544 -0.030000 -0.195000 -1.688671  0.720000
1392280630486913      90596 -0.030000 -0.202000 -1.688671  0.720000
1392280630572907      90644 -0.030000 -0.202000 -1.688671  0.720000
1392280630615919      90696 -0.030000 -0.202000 -1.688671  0.720000
1392280630659443      90744 -0.030000 -0.202000 -1.688671  0.720000
1392280630702102      90796 -0.005000 -0.150000 -1.688671  0.714000
1392280630748163      90845  0.000000 -0.117000 -1.688671  0.709000
1392280630794309      90897  0.000000 -0.091000 -1.688671  0.692000
1392280630875765      90949  0.000000 -0.052000 -1.688671  0.692000
1392280630919814      90997  0.024000 -0.019000 -1.688671  0.643000
1392280630963560      91045  0.049000  0.000000 -1.688671  0.643000
1392280631004940      91098  0.049000  0.000000 -1.688671  0.643000
1392280631054644      91146  0.036000  0.000000 -1.688671  0.648000
1392280631093741      91198  0.036000  0.000000 -1.688671  0.648000
1392280631175560      91246  0.036000  0.005000 -1.688671  0.648000
1392280631221402      91298  0.043000  0.005000 -1.688671  0.627000
1392280631262666      91350  0.049000  0.005000 -1.688671  0.627000
1392280631307911      91398  0.036000  0.000000 -1.688671  0.627000
1392280631350694      91450  0.030000  0.000000 -1.688671  0.637000
1392280631431762      91498  0.024000 -0.006000 -1.688671  0.643000
1392280631476099      91551  0.024000 -0.006000 -1.688671  0.643000
1392280631513719      91599  0.024000 -0.006000 -1.688671  0.643000
1392280631558661      91651  0.024000 -0.006000 -1.688671  0.643000
1392280631602081      91699  0.024000 -0.026000 -1.688671  0.654000
1392280631645405      91751  0.024000 -0.065000 -1.688671  0.659000
1392280631729622      91799  0.024000 -0.084000 -1.688671  0.681000
1392280631772751      91852  0.024000 -0.091000 -1.688671  0.692000
1392280631815978      91900  0.024000 -0.117000 -1.688671  0.698000
1392280631860571      91952  0.024000 -0.123000 -1.688671  0.698000
1392280631904279      92000  0.024000 -0.130000 -1.688671  0.698000
1392280631943969      92052  0.068000 -0.150000 -1.688671  0.698000
1392280632031564      92100  0.074000 -0.156000 -1.688671  0.698000
1392280632069950      92152  0.074000 -0.156000 -1.688671  0.698000
1392280632111700      92200  0.080000 -0.156000 -1.688671  0.698000
1392280632157717      92252  0.105000 -0.156000 -1.688671  0.698000
1392280632196323      92301  0.137000 -0.156000 -1.688671  0.698000
1392280632280961      92353  0.174000 -0.156000 -1.688671  0.698000
1392280632326653      92401  0.193000 -0.156000 -1.688671  0.698000
1392280632370790      92453  0.199000 -0.123000 -1.688671  0.698000
1392280632411124      92501  0.199000 -0.117000 -1.688671  0.698000
1392280632456162      92549  0.168000 -0.097000 -1.688671  0.698000
1392280632497266      92601  0.093000 -0.065000 -1.688671  0.698000
1392280632578713      92650  0.000000  0.000000 -1.688671  0.659000
1392280632623200      92702  0.000000  0.000000 -1.688671  0.643000
1392280632664140      92754 -0.018000  0.000000 -1.688671  0.643000
1392280632710082      92802 -0.024000  0.000000 -1.688671  0.643000
1392280632749333      92855 -0.024000  0.000000 -1.688671  0.643000
1392280632832077      92903 -0.024000  0.000000 -1.688671  0.643000
1392280632877054      92955 -0.018000 -0.013000 -1.688671  0.643000
1392280632920713      93007  0.000000 -0.039000 -1.688671  0.670000
1392280632962440      93055  0.005000 -0.071000 -1.688671  0.681000
1392280633003985      93103  0.024000 -0.097000 -1.688671  0.698000
1392280633089691      93155  0.043000 -0.104000 -1.688671  0.714000
1392280633136029      93207  0.049000 -0.104000 -1.688671  0.720000
1392280633177557      93255  0.055000 -0.097000 -1.688671  0.736000
1392280633221674      93307  0.055000 -0.084000 -1.688671  0.742000
1392280633265366      93356  0.055000 -0.058000 -1.688671  0.742000
1392280633308609      93408  0.055000 -0.052000 -1.688671  0.742000
1392280633394061      93456  0.049000 -0.026000 -1.688671  0.742000
1392280633441524      93508  0.043000 -0.019000 -1.688671  0.742000
1392280633482025      93560  0.043000 -0.019000 -1.688671  0.742000
1392280633526586      93608  0.043000 -0.019000 -1.688671  0.742000
1392280633571764      93661  0.036000 -0.019000 -1.688671  0.742000
1392280633615513      93713  0.030000  0.000000 -1.688671  0.742000
1392280633694128      93761  0.024000  0.000000 -1.688671  0.742000
1392280633745537      93813  0.000000  0.000000 -1.688671  0.742000
1392280633783130      93861  0.000000  0.000000 -1.688671  0.742000
1392280633826639      93913  0.000000  0.000000 -1.688671  0.742000
1392280633870836      93961  0.000000  0.000000 -1.688671  0.742000
1392280633910453      94013  0.000000  0.000000 -1.688671  0.742000
1392280633995362      94061  0.000000  0.000000 -1.688671  0.742000
1392280634037023      94114  0.000000  0.000000 -1.688671  0.725000
1392280634084846      94166  0.000000  0.000000 -1.688671  0.714000
1392280634125852      94214  0.000000  0.000000 -1.688671  0.692000
1392280634168723      94266  0.000000  0.000000 -1.688671  0.692000
1392280634209743      94314  0.000000  0.000000 -1.688671  0.692000
1392280634296620      94362  0.000000  0.000000 -1.688671  0.692000
1392280634337192      94414  0.000000  0.000000 -1.688671  0.692000
1392280634381284      94467  0.000000  0.000000 -1.688671  0.692000
1392280634421938      94515  0.000000  0.000000 -1.688671  0.692000
1392280634465699      94563  0.000000  0.000000 -1.688671  0.692000
1392280634505897      94615  0.000000  0.000000 -1.688671  0.681000
1392280634597676      94667  0.000000  0.000000 -1.837215  0.539000
1392280634636924      94716  0.000000  0.000000 -1.807316  0.528000
1392280634679578      94767  0.000000  0.000000 -1.796754  0.474000
1392280634722738      94816  0.000000  0.000000 -1.784820  0.474000
1392280634771651      94864  0.000000  0.000000 -1.821759  0.458000
1392280634809275      94916  0.000000  0.000000 -1.838294  0.420000
1392280634901941      94968  0.000000  0.000000 -1.835612  0.373000
1392280634942229      95016  0.000000  0.000000 -1.849076  0.304000
1392280634985785      95069  0.000000  0.000000 -1.860327  0.234000
1392280635027751      95121  0.000000  0.000000 -1.929743  0.203000
1392280635081162      95169  0.000000  0.000000 -1.961908  0.172000
1392280635120447      95221  0.000000  0.000000 -1.954926  0.080000
1392280635162508      95269  0.000000  0.000000 -1.946720  0.002000
1392280635247679      95321  0.000000  0.000000 -1.972176  0.000000
1392280635288868      95373  0.000000  0.000000 -1.962022  0.000000
1392280635332479      95421  0.000000  0.000000 -1.953560  0.000000
1392280635387638      95474  0.000000  0.000000 -1.951688  0.000000
1392280635426730      95526  0.000000  0.000000 -1.945721  0.000000
1392280635468228      95574  0.000000  0.000000 -1.945487  0.000000
1392280635556161      95626  0.000000  0.000000 -1.947979  0.000000
1392280635595954      95678  0.000000  0.000000 -1.946499  0.000000
1392280635636792      95726  0.000000  0.000000 -1.945956  0.000000
1392280635682705      95778  0.000000  0.000000 -1.938810  0.000000
1392280635723570      95827  0.000000  0.000000 -1.917590  0.000000
1392280635808546      95875  0.000000  0.000000 -1.930892  0.000000
1392280635853295      95927  0.000000  0.000000 -1.939145  0.000000
1392280635894421      95979  0.000000  0.000000 -1.935948  0.000000
1392280635941140      96027  0.000000  0.000000 -1.949737  0.000000
1392280635983184      96080  0.000000  0.000000 -1.928056  0.000000
1392280636024935      96127  0.000000  0.000000 -1.944851  0.000000
1392280636109629      96180  0.000000  0.000000 -1.946930  0.000000
1392280636147852      96228  0.000000  0.000000 -1.941880  0.000000
1392280636192421      96280  0.000000  0.000000 -1.941445  0.000000
1392280636233138      96328  0.000000  0.000000 -1.925977  0.000000
1392280636276369      96380  0.000000  0.000000 -1.924978  0.000000
1392280636365839      96433  0.000000  0.000000 -1.925207  0.000000
1392280636416386      96481  0.000000  0.000000 -1.918653  0.000000
1392280636462295      96533  0.000000  0.000000 -1.920640  0.000000
1392280636507570      96581  0.000000  0.000000 -1.915774  0.000000
1392280636556438      96633  0.000000  0.000000 -1.915423  0.000000
1392280636607364      96686  0.000000  0.000000 -1.925290  0.000000
1392280636644333      96733  0.000000  0.000000 -1.908646  0.000000
1392280636691354      96786  0.000000  0.000000 -1.929031  0.000000
1392280636736128      96834  0.000000  0.000000 -1.941227  0.000000
1392280636784662      96882  0.000000  0.000000 -1.951290  0.000000
1392280636832119      96934  0.000000  0.000000 -1.960429  0.000000
1392280636876733      96986  0.000000  0.000000 -1.963658  0.000000
1392280636971842      97035  0.000000  0.000000 -1.968205  0.000000
1392280637015981      97087  0.000000  0.000000 -1.968400  0.000000
1392280637065923      97135  0.000000  0.000000 -1.968199  0.000000
1392280637112081      97187  0.000000  0.000000 -1.969823  0.000000
1392280637159535      97235  0.000000  0.000000 -1.970507  0.000000
1392280637205974      97287  0.000000  0.000000 -1.970749  0.000000
1392280637253192      97335  0.000000  0.000000 -1.969135  0.000000
1392280637297555      97388  0.000000  0.000000 -1.969791  0.000000
1392280637341752      97435  0.000000  0.000000 -1.968258  0.000000
1392280637388185      97488  0.000000  0.000000 -1.970338  0.000000
1392280637433952      97536  0.000000  0.000000 -1.967635  0.000000
1392280637488663      97588  0.000000  0.000000 -1.967927  0.000000
1392280637529079      97636  0.000000  0.000000 -1.968326  0.000000
1392280637621717      97689  0.000000  0.000000 -1.967613  0.000000
1392280637670616      97737  0.000000  0.000000 -1.968359  0.000000
1392280637718437      97789  0.000000  0.000000 -1.967728  0.000000
1392280637764133      97837  0.000000  0.000000 -1.966847  0.000000
1392280637813716      97889  0.000000  0.000000 -1.965224  0.000000
1392280637858545      97937  0.000000  0.000000 -1.965929  0.000000
1392280637903932      97989  0.000000  0.000000 -1.965335  0.000000
1392280637949635      98037  0.000000  0.000000 -1.964850  0.000000
1392280637995535      98089  0.000000  0.000000 -1.963645  0.000000
1392280638043877      98137  0.000000  0.000000 -1.965150  0.000000
1392280638091292      98190  0.000000  0.000000 -1.965775  0.000000
1392280638134690      98238  0.000000  0.000000 -1.966058  0.000000
1392280638181342      98290  0.000000  0.000000 -1.970070  0.000000
1392280638228778      98338  0.000000  0.000000 -1.967899  0.000000
1392280638317777      98391  0.000000  0.000000 -1.965368  0.000000
1392280638359278      98439  0.000000  0.000000 -1.966647  0.000000
1392280638409857      98491  0.000000  0.000000 -1.967225  0.000000
1392280638449580      98539  0.000000  0.000000 -1.963362  0.000000
1392280638501292      98587  0.000000  0.000000 -1.964542  0.000000
1392280638549412      98639  0.000000  0.000000 -1.964097  0.000000
1392280638593837      98692  0.000000  0.000000 -1.965007  0.000000
1392280638642338      98739  0.000000  0.000000 -1.964300  0.000000
1392280638687501      98792  0.000000  0.000000 -1.964510  0.000000
1392280638734336      98844  0.000000  0.000000 -1.966884  0.000000
1392280638831623      98896  0.000000  0.000000 -1.968295  0.000000
