1392280589204276  0.000000  0.000000  0.000000 -0.000000    74     0
1392280589294356  0.000000  0.000000  0.000000 -0.000000    74     0
1392280589381935  0.000000  0.000000  0.000000 -0.000000    74     0
1392280589526145  0.000000  0.000000  0.000000 -0.000000    74     0
1392280589617560  0.000000  0.000000  0.000000 -0.000000    74     0
1392280589705845  0.000000  0.000000  0.000000 -0.000000    74     0
1392280589846126  0.000000  0.000000  0.000000 -0.000000    74     0
1392280589940231  0.000000  0.000000  0.000000 -0.000000    74     0
1392280590031734  0.000000  0.000000  0.000000 -0.000000    74     0
1392280590129394  0.000000  0.000000  0.000000 -0.000000    74     0
1392280590220343  0.000000  0.000000  0.000000 -0.000000    74     0
1392280590314284  0.000000  0.000000  0.000000 -0.000000    74     0
1392280590448932  0.000000  0.000000  0.000000 -0.000000    74     0
1392280590545211  0.000000  0.000000  0.000000 -0.000000    74     0
1392280590637964  0.000000  0.000000  0.000000 -0.000000    74     0
1392280590779743  0.000000  0.000000  0.000000 -0.000000    74     0
1392280590869800  0.000000  0.000000  0.000000 -0.000000    74     0
1392280590962032  0.000000  0.000000  0.000000 -0.000000    74     0
1392280591055722  0.000000  0.000000  0.000000 -0.000000    74     0
1392280591146571  0.000000  0.000000  0.000000 -0.000000    74     0
1392280591240129  0.000000  0.000000  0.000000 -0.000000    74     0
1392280591378074  0.000000  0.000000  0.000000 -0.000000    74     0
1392280591467465  0.000000  0.000000  0.000000 -0.000000    74     0
1392280591564372  0.000000  0.000000  0.000000 -0.000000    74     0
1392280591696191  0.000000  0.000000  0.000000 -0.000000    74     0
1392280591792862  0.000000  0.000000  0.000000 -0.000000    74     0
1392280591928688  0.000000  0.000000  0.000000 -0.000000    74     0
1392280592015294  0.000000  0.000000  0.000000 -0.000000    74     0
1392280592109398  0.000000  0.000000  0.000000 -0.000000    74     0
1392280592249070  0.000000  0.000000  0.000000 -0.000000    74     0
1392280592341798  0.000000  0.000000  0.000000 -0.000000    74     0
1392280592432816  0.000000  0.000000  0.000000 -0.000000    74     0
1392280592526447  0.000000  0.000000  0.000000 -0.000000    74     0
1392280592618030  0.000000  0.000000  0.000000 -0.000000    74     0
1392280592754008  0.000000  0.000000  0.000000 -0.000000    74     0
1392280592850428  0.000000  0.000000  0.000000 -0.000000    74     0
1392280592984301  0.000000  0.000000  0.000000 -0.000000    74     0
1392280593075307  0.000000  0.000000  0.000000 -0.000000    74     0
1392280593168875  0.000000  0.000000  0.000000 -0.000000    74     0
1392280593260232  0.000000  0.000000  0.000000 -0.000000    74     0
1392280593356804  0.000000  0.000000  0.000000 -0.000000    74     0
1392280593495413  0.000000  0.000000  0.000000 -0.000000    74     0
1392280593582190  0.000000  0.000000  0.000000 -0.000000    74     0
1392280593666199  0.000000  0.000000  0.000000 -0.000000    74     0
1392280593780943  0.000000  0.000000  0.000000 -0.000000    74     0
1392280593866249  0.000000  0.000000  0.000000 -0.000000    74     0
1392280593954764  0.000000  0.000000  0.000000 -0.000000    74     0
1392280594078229  0.000000  0.000000  0.000000 -0.000000    77     0
1392280594207832  0.000000  0.000000  0.000000 -0.000000    77     0
1392280594295798  0.000000  0.000000  0.000000 -0.000000    78     0
1392280594387618  0.000000  0.000000  0.000000 -0.000000    80     0
1392280594513426  0.000000  0.000000  0.000000 -0.000000    78     0
1392280594598591  0.000000  0.000000  0.000000 -0.000000    77     0
1392280594690921  0.000000  0.000000  0.000000 -0.000000    79     0
1392280594813357  0.000000  0.000000  0.000000 -0.000000    82     0
1392280594900165  0.000000  0.000000  0.000000 -0.000000    84     0
1392280595025117  0.000000  0.000000  0.000000 -0.000000    84     0
1392280595115637  0.000000  0.000000  0.000000 -0.000000    83     0
1392280595195842  0.000000  0.000000  0.000000 -0.000000    84     0
1392280595301712  0.000000  0.000000  0.000000 -0.000000    83     0
1392280595429989  0.000000  0.000000  0.000000 -0.000000    83     0
1392280595517743  0.000000  0.000000  0.000000 -0.000000    83     0
1392280595635372  0.000000  0.000000  0.000000 -0.000000    84     0
1392280595724229  0.000000  0.000000  0.000000 -0.000000    83  3211
1392280595808488  0.000000  0.000000  0.000000 -0.000000    80 12844
1392280595934669  0.000000  0.000000  0.000000 -0.000000    80 17890
1392280596024200  0.000000  0.000000  0.000000 -0.000000    81 20446
1392280596108538  0.000000  0.000000  0.000000 -0.000000    80 22478
1392280596239352  0.000000  0.000000  0.000000 -0.000000    81 27524
1392280596326429  0.000000  0.000000  0.000000 -0.000000    82 28048
1392280596448428  0.000000  0.000000  0.000000 -0.000000    79 28507
1392280596536176  0.000000  0.000000  0.000000 -0.000000    79 33487
1392280596625315  0.000000  0.000000  0.000000 -0.000000    79 34929
1392280596749344  0.000000  0.000000  0.000000 -0.000000    78 36764
1392280596854247  0.000000  0.000000  0.000000 -0.000000    79 37485
1392280596944878  0.000000  0.000000  0.000000 -0.000000    78 38206
1392280597074337  0.000000  0.000000  0.000000 -0.000000    78 38927
1392280597155210  0.000000  0.000000  0.000000 -0.000000    79 40696
1392280597251590  0.000000  0.000000  0.000000 -0.000000    80 41417
1392280597378881  0.000000  0.000000  0.000000 -0.000000    82 41745
1392280597464690  0.000000  0.000000  0.000000 -0.000000    82 42859
1392280597559979  0.000000  0.000000  0.000000 -0.000000    84 43186
1392280597665250  0.000000  0.000000  0.000000 -0.000000    86 44300
1392280597784652  0.000000  0.000000  0.000000 -0.000000    86 44300
1392280597878355  0.000000  0.000000  0.000000 -0.000000    88 45349
1392280598009867  0.000000  0.000000  0.000000 -0.000000    88 46463
1392280598097425  0.000000  0.000000  0.000000 -0.000000    89 47512
1392280598183733  0.000000  0.000000  0.000000 -0.000000    90 47512
1392280598306146  0.000000  0.000000  0.000000 -0.000000    90 47512
1392280598395954  0.000000  0.000000  0.000000 -0.000000    90 47512
1392280598481286  0.000000  0.000000  0.000000 -0.000000    90 47184
1392280598614440  0.000000  0.000000  0.000000 -0.000000    89 46791
1392280598737903  0.000000  0.000000  0.000000 -0.000000    89 46791
1392280598824486  0.000000  0.000000  0.000000 -0.000000    88 46791
1392280598908450  0.000000  0.000000  0.000000 -0.000000    88 46791
1392280599035655  0.000000  0.000000  0.000000 -0.000000    88 46791
1392280599166202  0.000000  0.000000  0.000000 -0.000000    88 46791
1392280599244818  0.000000  0.000000  0.000000 -0.000000    87 46791
1392280599332637  0.000000  0.000000  0.000000 -0.000000    87 46791
1392280599464971  0.000000  0.000000  0.000000 -0.000000    88 46791
1392280599546181  0.000000  0.000000  0.000000 -0.000000    87 47905
1392280599632073  0.000000  0.000000  0.000000 -0.000000    87 48626
1392280599758052  0.000000  0.000000  0.000000 -0.000000    88 48626
1392280599886800  0.000000  0.000000  0.000000 -0.000000    88 48626
1392280599971678  0.000000  0.000000  0.000000 -0.000000    88 49347
1392280600090900  0.000000  0.000000  0.000000 -0.000000    88 49674
1392280600200566  0.000000  0.000000  0.000000 -0.000000    87 49674
1392280600285709  0.000000  0.000000  0.000000 -0.000000    88 49674
1392280600387244  0.000000  0.000000  0.000000 -0.000000    88 49674
1392280600476382  0.000000  0.000000  0.000000 -0.000000    88 49674
1392280600598183  0.000000  0.000000  0.000000 -0.000000    88 49674
1392280600727796  0.000000  0.000000  0.000000 -0.000000    88 49347
1392280600809499  0.000000  0.000000  0.000000 -0.000000    87 49674
1392280600896784  0.000000  0.000000  0.000000 -0.000000    88 49674
1392280601026234  0.000000  0.000000  0.000000 -0.000000    88 49674
1392280601108176  0.000000  0.000000  0.000000 -0.000000    88 49674
1392280601199378  0.000000  0.000000  0.000000 -0.000000    89 49347
1392280601330451  0.000000  0.000000  0.000000 -0.000000    89 49347
1392280601415886  0.000000  0.000000  0.000000 -0.000000    89 49347
1392280601540974  0.000000  0.000000  0.000000 -0.000000    90 49347
1392280601629589  0.000000  0.000000  0.000000 -0.000000    90 48953
1392280601711988  0.000000  0.000000  0.000000 -0.000000    92 46791
1392280601811449  0.000000  0.000000  0.000000 -0.000000    93 45021
1392280601944507  0.000000  0.000000  0.000000 -0.000000    94 45021
1392280602029648  0.000000  0.000000  0.000000 -0.000000    94 45021
1392280602116545  0.000000  0.000000  0.000000 -0.000000    94 46070
1392280602250828  0.000000  0.000000  0.000000 -0.000000    94 46070
1392280602334689  0.000000  0.000000  0.000000 -0.000000    95 46070
1392280602466043  0.000000  0.000000  0.000000 -0.000000    95 46070
1392280602573400  0.000000  0.000000  0.000000 -0.000000    96 46070
1392280602657778  0.000000  0.000000  0.000000 -0.000000    96 46070
1392280602746014  0.000000  0.000000  0.000000 -0.000000    96 46070
1392280602870388  0.000000  0.000000  0.000000 -0.000000    95 47184
1392280602962377  0.000000  0.000000  0.000000 -0.000000    94 47905
1392280603088762  0.000000  0.000000  0.000000 -0.000000    94 47905
1392280603168027  0.000000  0.000000  0.000000 -0.000000    93 48626
1392280603305025  0.000000  0.000000  0.000000 -0.000000    92 50067
1392280603387735  0.000000  0.000000  0.000000 -0.000000    91 50067
1392280603512598  0.000000  0.000000  0.000000 -0.000000    92 50067
1392280603599604  0.000000  0.000000  0.000000 -0.000000    94 50067
1392280603720638  0.000000  0.000000  0.000000 -0.000000    95 50067
1392280603806510  0.000000  0.000000  0.000000 -0.000000    94 50067
1392280603893617  0.000000  0.000000  0.000000 -0.000000    95 50067
1392280604018282  0.000000  0.000000  0.000000 -0.000000    94 50067
1392280604142192  0.000000  0.000000  0.000000 -0.000000    93 50067
1392280604223183  0.000000  0.000000  0.000000 -0.000000    95 49347
1392280604316250  0.000000  0.000000  0.000000 -0.000000    96 47905
1392280604439233  0.000000  0.000000  0.000000 -0.000000    96 47512
1392280604476037  0.000000  0.000000  0.000000 -0.000000    96 47512
1392280604565309  0.000000  0.000000  0.000000 -0.000000    97 47512
1392280604687932  0.000000  0.000000  0.000000 -0.000000    97 47512
1392280604777759  0.000000  0.000000  0.000000 -0.000000    95 49347
1392280604889626  0.000000  0.000000  0.000000 -0.000000    95 49674
1392280604981440  0.000000  0.000000  0.000000 -0.000000    95 49674
1392280605110807  0.000000  0.000000  0.000000 -0.000000    97 46070
1392280605199262  0.000000  0.000000  0.000000 -0.000000    99 45349
1392280605325045  0.000000  0.000000  0.000000 -0.000000    99 45349
1392280605410476  0.000000  0.000000  0.000000 -0.000000    99 45349
1392280605532158  0.000000  0.000000  0.000000 -0.000000    98 45349
1392280605657064  0.000000  0.000000  0.000000 -0.000000    98 46463
1392280605782494  0.000000  0.000000  0.000000 -0.000000    97 46463
1392280605872227  0.000000  0.000000  0.000000 -0.000000    97 46463
1392280605991745  0.000000  0.000000  0.000000 -0.000000    97 46463
1392280606083609  0.000000  0.000000  0.000000 -0.000000    97 46463
1392280606211416  0.000000  0.000000  0.000000 -0.000000    96 47184
1392280606292227  0.000000  0.000000  0.000000 -0.000000    96 47184
1392280606405368  0.000000  0.000000  0.000000 -0.000000    95 47184
1392280606533413  0.000000  0.000000  0.000000 -0.000000    94 47184
1392280606616090  0.000000  0.000000  0.000000 -0.000000    94 47184
1392280606741108  0.000000  0.000000  0.000000 -0.000000    93 47184
1392280606830769  0.000000  0.000000  0.000000 -0.000000    93 47184
1392280606948746  0.000000  0.000000  0.000000 -0.000000    92 47184
1392280607044401  0.000000  0.000000  0.000000 -0.000000    92 47184
1392280607170425  0.000000  0.000000  0.000000 -0.000000    93 47184
1392280607248408  0.000000  0.000000  0.000000 -0.000000    93 47184
1392280607382485  0.000000  0.000000  0.000000 -0.000000    93 47184
1392280607472867  0.000000  0.000000  0.000000 -0.000000    93 47184
1392280607553041  0.000000  0.000000  0.000000 -0.000000    92 47184
1392280607687964  0.000000  0.000000  0.000000 -0.000000    93 47184
1392280607768460  0.000000  0.000000  0.000000 -0.000000    92 47184
1392280607901275  0.000000  0.000000  0.000000 -0.000000    92 47184
1392280607989548  0.000000  0.000000  0.000000 -0.000000    91 46791
1392280608073547  0.000000  0.000000  0.000000 -0.000000    92 46791
1392280608205317  0.000000  0.000000  0.000000 -0.000000    91 46791
1392280608294399  0.000000  0.000000  0.000000 -0.000000    90 46791
1392280608419442  0.000000  0.000000  0.000000 -0.000000    88 46791
1392280608551249  0.000000  0.000000  0.000000 -0.000000    88 46791
1392280608635567  0.000000  0.000000  0.000000 -0.000000    87 46791
1392280608767815  0.000000  0.000000  0.000000 -0.000000    86 46791
1392280608856371  0.000000  0.000000  0.000000 -0.000000    86 46791
1392280608978476  0.000000  0.000000  0.000000 -0.000000    85 46791
1392280609065316  0.000000  0.000000  0.000000 -0.000000    84 46791
1392280609192835  0.000000  0.000000  0.000000 -0.000000    84 46791
1392280609276566  0.000000  0.000000  0.000000 -0.000000    84 46791
1392280609408644  0.000000  0.000000  0.000000 -0.000000    83 46791
1392280609531490  0.000000  0.000000  0.000000 -0.000000    83 46791
1392280609622109  0.000000  0.000000  0.000000 -0.000000    82 46791
1392280609751313  0.000000  0.000000  0.000000 -0.000000    83 46791
1392280609879582  0.000000  0.000000  0.000000 -0.000000    83 46791
1392280609962395  0.000000  0.000000  0.000000 -0.000000    83 46791
1392280610045141  0.000000  0.000000  0.000000 -0.000000    83 46791
1392280610174733  0.000000  0.000000  0.000000 -0.000000    83 46791
1392280610264229  0.000000  0.000000  0.000000 -0.000000    83 46791
1392280610409745  0.000000  0.000000  0.000000 -0.000000    82 46791
1392280610482838  0.000000  0.000000  0.000000 -0.000000    82 46791
1392280610568587  0.000000  0.000000  0.000000 -0.000000    81 46791
1392280610692969  0.000000  0.000000  0.000000 -0.000000    81 46791
1392280610777129  0.000000  0.000000  0.000000 -0.000000    80 46791
1392280610904712  0.000000  0.000000  0.000000 -0.000000    80 46791
1392280610986042  0.000000  0.000000  0.000000 -0.000000    80 46791
1392280611076395  0.000000  0.000000  0.000000 -0.000000    80 46791
1392280611204876  0.000000  0.000000  0.000000 -0.000000    79 46791
1392280611289833  0.000000  0.000000  0.000000 -0.000000    79 46791
1392280611423468  0.000000  0.000000  0.000000 -0.000000    79 46791
1392280611529321  0.000000  0.000000  0.000000 -0.000000    81 46791
1392280611619264  0.000000  0.000000  0.000000 -0.000000    81 46791
1392280611742438  0.000000  0.000000  0.000000 -0.000000    82 46791
1392280611827635  0.000000  0.000000  0.000000 -0.000000    82 46791
1392280611952636  0.000000  0.000000  0.000000 -0.000000    83 46791
1392280612039470  0.000000  0.000000  0.000000 -0.000000    84 46791
1392280612171756  0.000000  0.000000  0.000000 -0.000000    85 46791
1392280612292924  0.000000  0.000000  0.000000 -0.000000    85 46791
1392280612420846  0.000000  0.000000  0.000000 -0.000000    85 46463
1392280612505909  0.000000  0.000000  0.000000 -0.000000    86 46463
1392280612636105  0.000000  0.000000  0.000000 -0.000000    86 46463
1392280612720444  0.000000  0.000000  0.000000 -0.000000    87 46070
1392280612843698  0.000000  0.000000  0.000000 -0.000000    88 46463
1392280612984715  0.000000  0.000000  0.000000 -0.000000    90 46463
1392280613058380  0.000000  0.000000  0.000000 -0.000000    90 46070
1392280613148474  0.000000  0.000000  0.000000 -0.000000    91 46070
1392280613275399  0.000000  0.000000  0.000000 -0.000000    91 46070
1392280613361204  0.000000  0.000000  0.000000 -0.000000    92 46070
1392280613447737  0.000000  0.000000  0.000000 -0.000000    92 46070
1392280613578322  0.000000  0.000000  0.000000 -0.000000    94 46070
1392280613673236  0.000000  0.000000  0.000000 -0.000000    95 46070
1392280613799906  0.000000  0.000000  0.000000 -0.000000    95 46070
1392280613886578  0.000000  0.000000  0.000000 -0.000000    94 46070
1392280614009299  0.000000  0.000000  0.000000 -0.000000    93 46070
1392280614097671  0.000000  0.000000  0.000000 -0.000000    93 46070
1392280614228885  0.000000  0.000000  0.000000 -0.000000    93 46070
1392280614305853  0.000000  0.000000  0.000000 -0.000000    92 46070
1392280614433520  0.000000  0.000000  0.000000 -0.000000    91 46070
1392280614516122  0.000000  0.000000  0.000000 -0.000000    91 46463
1392280614603474  0.000000  0.000000  0.000000 -0.000000    91 46463
1392280614735381  0.000000  0.000000  0.000000 -0.000000    90 46791
1392280614859870  0.000000  0.000000  0.000000 -0.000000    89 47512
1392280614944951  0.000000  0.000000  0.000000 -0.000000    87 47512
1392280615076007  0.000000  0.000000  0.000000 -0.000000    85 47512
1392280615201693  0.000000  0.000000  0.000000 -0.000000    84 47512
1392280615290041  0.000000  0.000000  0.000000 -0.000000    82 47512
1392280615373857  0.000000  0.000000  0.000000 -0.000000    82 47512
1392280615505245  0.000000  0.000000  0.000000 -0.000000    82 47512
1392280615590590  0.000000  0.000000  0.000000 -0.000000    80 47512
1392280615714853  0.000000  0.000000  0.000000 -0.000000    80 47512
1392280615802255  0.000000  0.000000  0.000000 -0.000000    79 47512
1392280615925533  0.000000  0.000000  0.000000 -0.000000    79 47512
1392280616010653  0.000000  0.000000  0.000000 -0.000000    79 47512
1392280616096079  0.000000  0.000000  0.000000 -0.000000    79 47512
1392280616237814  0.000000  0.000000  0.000000 -0.000000    79 47512
1392280616321732  0.000000  0.000000  0.000000 -0.000000    79 47512
1392280616454629  0.000000  0.000000  0.000000 -0.000000    79 47512
1392280616540978  0.000000  0.000000  0.000000 -0.000000    79 47512
1392280616667633  0.000000  0.000000  0.000000 -0.000000    79 47512
1392280616755434  0.000000  0.000000  0.000000 -0.000000    79 47512
1392280616842945  0.000000  0.000000  0.000000 -0.000000    78 47512
1392280616931353  0.000000  0.000000  0.000000 -0.000000    77 47512
1392280617062396  0.000000  0.000000  0.000000 -0.000000    76 47512
1392280617153003  0.000000  0.000000  0.000000 -0.000000    76 47512
1392280617235731  0.000000  0.000000  0.000000 -0.000000    75 47512
1392280617369560  0.000000  0.000000  0.000000 -0.000000    76 47512
1392280617497412  0.000000  0.000000  0.000000 -0.000000    76 47512
1392280617587223  0.000000  0.000000  0.000000 -0.000000    77 47512
1392280617672278  0.000000  0.000000  0.000000 -0.000000    76 47512
1392280617799918  0.000000  0.000000  0.000000 -0.000000    77 47512
1392280617887758  0.000000  0.000000  0.000000 -0.000000    78 47184
1392280618007288  0.000000  0.000000  0.000000 -0.000000    78 47184
1392280618088743  0.000000  0.000000  0.000000 -0.000000    80 47184
1392280618220674  0.000000  0.000000  0.000000 -0.000000    80 47184
1392280618310488  0.000000  0.000000  0.000000 -0.000000    81 47184
1392280618397296  0.000000  0.000000  0.000000 -0.000000    81 47512
1392280618526413  0.000000  0.000000  0.000000 -0.000000    82 47512
1392280618616275  0.000000  0.000000  0.000000 -0.000000    82 47512
1392280618746453  0.000000  0.000000  0.000000 -0.000000    83 47512
1392280618832032  0.000000  0.000000  0.000000 -0.000000    83 47512
1392280618919437  0.000000  0.000000  0.000000 -0.000000    84 46791
1392280619042210  0.000000  0.000000  0.000000 -0.000000    84 46791
1392280619127214  0.000000  0.000000  0.000000 -0.000000    85 46791
1392280619259482  0.000000  0.000000  0.000000 -0.000000    86 46463
1392280619340540  0.000000  0.000000  0.000000 -0.000000    86 46791
1392280619428183  0.000000  0.000000  0.000000 -0.000000    86 46791
1392280619561013  0.000000  0.000000  0.000000 -0.000000    86 46791
1392280619683375  0.000000  0.000000  0.000000 -0.000000    86 46791
1392280619769661  0.000000  0.000000  0.000000 -0.000000    85 46791
1392280619856448  0.000000  0.000000  0.000000 -0.000000    83 46791
1392280619980044  0.000000  0.000000  0.000000 -0.000000    82 46791
1392280620069240  0.000000  0.000000  0.000000 -0.000000    82 46791
1392280620162200  0.000000  0.000000  0.000000 -0.000000    81 46791
1392280620281801  0.000000  0.000000  0.000000 -0.000000    81 46791
1392280620366655  0.000000  0.000000  0.000000 -0.000000    80 46791
1392280620494244  0.000000  0.000000  0.000000 -0.000000    80 46791
1392280620579896  0.000000  0.000000  0.000000 -0.000000    81 46463
1392280620710628  0.000000  0.000000  0.000000 -0.000000    81 45349
1392280620792647  0.000000  0.000000  0.000000 -0.000000    81 45349
1392280620880279  0.000000  0.000000  0.000000 -0.000000    81 45349
1392280621011599  0.000000  0.000000  0.000000 -0.000000    81 45021
1392280621094016  0.000000  0.000000  0.000000 -0.000000    81 45021
1392280621183347  0.000000  0.000000  0.000000 -0.000000    80 45021
1392280621308769  0.000000  0.000000  0.000000 -0.000000    78 45021
1392280621391147  0.000000  0.000000  0.000000 -0.000000    78 45021
1392280621491833  0.000000  0.000000  0.000000 -0.000000    77 45021
1392280621626582  0.000000  0.000000  0.000000 -0.000000    75 45021
1392280621747262  0.000000  0.000000  0.000000 -0.000000    74 45021
1392280621839866  0.000000  0.000000  0.000000 -0.000000    73 45742
1392280621924546  0.000000  0.000000  0.000000 -0.000000    72 45742
1392280622050854  0.000000  0.000000  0.000000 -0.000000    70 45742
1392280622179692  0.000000  0.000000  0.000000 -0.000000    70 45742
1392280622267087  0.000000  0.000000  0.000000 -0.000000    70 45742
1392280622391561  0.000000  0.000000  0.000000 -0.000000    69 45742
1392280622478527  0.000000  0.000000  0.000000 -0.000000    69 45742
1392280622600419  0.000000  0.000000  0.000000 -0.000000    69 45742
1392280622685395  0.000000  0.000000  0.000000 -0.000000    70 46070
1392280622774271  0.000000  0.000000  0.000000 -0.000000    70 46070
1392280622894813  0.000000  0.000000  0.000000 -0.000000    69 46463
1392280622985947  0.000000  0.000000  0.000000 -0.000000    69 47905
1392280623075786  0.000000  0.000000  0.000000 -0.000000    69 48953
1392280623199706  0.000000  0.000000  0.000000 -0.000000    69 48953
1392280623287528  0.000000  0.000000  0.000000 -0.000000    68 48953
1392280623416176  0.000000  0.000000  0.000000 -0.000000    68 48953
1392280623546294  0.000000  0.000000  0.000000 -0.000000    67 47512
1392280623643503  0.000000  0.000000  0.000000 -0.000000    67 47512
1392280623729390  0.000000  0.000000  0.000000 -0.000000    67 47512
1392280623856506  0.000000  0.000000  0.000000 -0.000000    68 47512
1392280623985154  0.000000  0.000000  0.000000 -0.000000    69 47512
1392280624072279  0.000000  0.000000  0.000000 -0.000000    71 47512
1392280624153806  0.000000  0.000000  0.000000 -0.000000    72 47512
1392280624285362  0.000000  0.000000  0.000000 -0.000000    74 47512
1392280624368511  0.000000  0.000000  0.000000 -0.000000    75 47512
1392280624453464  0.000000  0.000000  0.000000 -0.000000    75 47512
1392280624582463  0.000000  0.000000  0.000000 -0.000000    77 47512
1392280624665053  0.000000  0.000000  0.000000 -0.000000    77 47512
1392280624795427  0.000000  0.000000  0.000000 -0.000000    78 47512
1392280624880774  0.000000  0.000000  0.000000 -0.000000    78 47512
1392280625007149  0.000000  0.000000  0.000000 -0.000000    78 47512
1392280625098598  0.000000  0.000000  0.000000 -0.000000    77 47512
1392280625227736  0.000000  0.000000  0.000000 -0.000000    77 47512
1392280625355988  0.000000  0.000000  0.000000 -0.000000    77 47512
1392280625427562  0.000000  0.000000  0.000000 -0.000000    77 47512
1392280625555929  0.000000  0.000000  0.000000 -0.000000    77 47512
1392280625637733  0.000000  0.000000  0.000000 -0.000000    78 47512
1392280625762867  0.000000  0.000000  0.000000 -0.000000    79 47512
1392280625853796  0.000000  0.000000  0.000000 -0.000000    80 47512
1392280625964502  0.000000  0.000000  0.000000 -0.000000    81 47512
1392280626092560  0.000000  0.000000  0.000000 -0.000000    82 47512
1392280626214641  0.000000  0.000000  0.000000 -0.000000    82 49347
1392280626310005  0.000000  0.000000  0.000000 -0.000000    82 49674
1392280626394813  0.000000  0.000000  0.000000 -0.000000    83 49674
1392280626520542  0.000000  0.000000  0.000000 -0.000000    83 49674
1392280626608224  0.000000  0.000000  0.000000 -0.000000    83 49674
1392280626727869  0.000000  0.000000  0.000000 -0.000000    83 49674
1392280626814130  0.000000  0.000000  0.000000 -0.000000    83 49674
1392280626935225  0.000000  0.000000  0.000000 -0.000000    84 49674
1392280627063347  0.000000  0.000000  0.000000 -0.000000    84 49674
1392280627150284  0.000000  0.000000  0.000000 -0.000000    84 49347
1392280627273217  0.000000  0.000000  0.000000 -0.000000    84 49347
1392280627360457  0.000000  0.000000  0.000000 -0.000000    84 49347
1392280627441343  0.000000  0.000000  0.000000 -0.000000    85 46070
1392280627573482  0.000000  0.000000  0.000000 -0.000000    85 45742
1392280627659840  0.000000  0.000000  0.000000 -0.000000    87 42859
1392280627786264  0.000000  0.000000  0.000000 -0.000000    89 42859
1392280627917498  0.000000  0.000000  0.000000 -0.000000    88 44300
1392280628002245  0.000000  0.000000  0.000000 -0.000000    87 45021
1392280628085392  0.000000  0.000000  0.000000 -0.000000    87 45742
1392280628224208  0.000000  0.000000  0.000000 -0.000000    87 46070
1392280628304775  0.000000  0.000000  0.000000 -0.000000    87 46070
1392280628432065  0.000000  0.000000  0.000000 -0.000000    89 46463
1392280628517270  0.000000  0.000000  0.000000 -0.000000    89 46463
1392280628644184  0.000000  0.000000  0.000000 -0.000000    90 46463
1392280628729164  0.000000  0.000000  0.000000 -0.000000    90 46463
1392280628856523  0.000000  0.000000  0.000000 -0.000000    90 46463
1392280628941909  0.000000  0.000000  0.000000 -0.000000    90 46463
1392280629033427  0.000000  0.000000  0.000000 -0.000000    90 46463
1392280629162636  0.000000  0.000000  0.000000 -0.000000    90 46463
1392280629248615  0.000000  0.000000  0.000000 -0.000000    88 46463
1392280629334184  0.000000  0.000000  0.000000 -0.000000    86 46791
1392280629457145  0.000000  0.000000  0.000000 -0.000000    85 47184
1392280629544289  0.000000  0.000000  0.000000 -0.000000    84 47905
1392280629632475  0.000000  0.000000  0.000000 -0.000000    84 47905
1392280629760726  0.000000  0.000000  0.000000 -0.000000    84 47905
1392280629848176  0.000000  0.000000  0.000000 -0.000000    84 47905
1392280629973209  0.000000  0.000000  0.000000 -0.000000    84 47905
1392280630055646  0.000000  0.000000  0.000000 -0.000000    85 47905
1392280630184688  0.000000  0.000000  0.000000 -0.000000    85 47905
1392280630270715  0.000000  0.000000  0.000000 -0.000000    86 47905
1392280630358280  0.000000  0.000000  0.000000 -0.000000    86 47512
1392280630486756  0.000000  0.000000  0.000000 -0.000000    89 47184
1392280630615808  0.000000  0.000000  0.000000 -0.000000    90 47184
1392280630702484  0.000000  0.000000  0.000000 -0.000000    92 47184
1392280630836531  0.000000  0.000000  0.000000 -0.000000    93 46463
1392280630920157  0.000000  0.000000  0.000000 -0.000000    93 45349
1392280631005398  0.000000  0.000000  0.000000 -0.000000    93 42138
1392280631134157  0.000000  0.000000  0.000000 -0.000000    93 42466
1392280631221895  0.000000  0.000000  0.000000 -0.000000    93 41089
1392280631350003  0.000000  0.000000  0.000000 -0.000000    94 41089
1392280631432241  0.000000  0.000000  0.000000 -0.000000    93 42138
1392280631514273  0.000000  0.000000  0.000000 -0.000000    93 42138
1392280631644735  0.000000  0.000000  0.000000 -0.000000    93 42859
1392280631730151  0.000000  0.000000  0.000000 -0.000000    92 44628
1392280631859385  0.000000  0.000000  0.000000 -0.000000    91 45742
1392280631943779  0.000000  0.000000  0.000000 -0.000000    91 45349
1392280632069750  0.000000  0.000000  0.000000 -0.000000    90 45742
1392280632195205  0.000000  0.000000  0.000000 -0.000000    89 45742
1392280632281435  0.000000  0.000000  0.000000 -0.000000    88 45742
1392280632410595  0.000000  0.000000  0.000000 -0.000000    87 45742
1392280632536397  0.000000  0.000000  0.000000 -0.000000    87 45742
1392280632624634  0.000000  0.000000  0.000000 -0.000000    85 42138
1392280632748129  0.000000  0.000000  0.000000 -0.000000    82 42138
1392280632835528  0.000000  0.000000  0.000000 -0.000000    80 42138
1392280632961738  0.000000  0.000000  0.000000 -0.000000    77 44300
1392280633045586  0.000000  0.000000  0.000000 -0.000000    75 45742
1392280633177465  0.000000  0.000000  0.000000 -0.000000    74 47512
1392280633265297  0.000000  0.000000  0.000000 -0.000000    72 48626
1392280633348015  0.000000  0.000000  0.000000 -0.000000    70 48626
1392280633481985  0.000000  0.000000  0.000000 -0.000000    70 48626
1392280633571678  0.000000  0.000000  0.000000 -0.000000    69 48626
1392280633650450  0.000000  0.000000  0.000000 -0.000000    68 48626
1392280633782901  0.000000  0.000000  0.000000 -0.000000    67 48626
1392280633870776  0.000000  0.000000  0.000000 -0.000000    68 48626
1392280633995934  0.000000  0.000000  0.000000 -0.000000    68 48626
1392280634085619  0.000000  0.000000  0.000000 -0.000000    69 46791
1392280634209056  0.000000  0.000000  0.000000 -0.000000    70 45349
1392280634297166  0.000000  0.000000  0.000000 -0.000000    71 45349
1392280634382833  0.000000  0.000000  0.000000 -0.000000    72 45349
1392280634505316  0.000000  0.000000  0.000000 -0.000000    72 45349
1392280634598169  0.000000  0.000000  0.000000 -0.000000    75 35322
1392280634722699  0.000000  0.000000  0.000000 -0.000000    77 31063
1392280634809254  0.000000  0.000000  0.000000 -0.000000    74 28507
1392280634942214  0.000000  0.000000  0.000000 -0.000000    74 24444
1392280635073607  0.000000  0.000000  0.000000 -0.000000    68 13303
1392280635161750  0.000000  0.000000  0.000000 -0.000000    68  3211
1392280635250579  0.000000  0.000000  0.000000 -0.000000    67     0
1392280635332801  0.000000  0.000000  0.000000 -0.000000    68     0
1392280635467406  0.000000  0.000000  0.000000 -0.000000    68     0
1392280635557798  0.000000  0.000000  0.000000 -0.000000    68     0
1392280635679710  0.000000  0.000000  0.000000 -0.000000    68     0
1392280635766350  0.000000  0.000000  0.000000 -0.000000    68     0
1392280635853870  0.000000  0.000000  0.000000 -0.000000    69     0
1392280635981461  0.000000  0.000000  0.000000 -0.000000    69     0
1392280636068729  0.000000  0.000000  0.000000 -0.000000    68     0
1392280636189908  0.000000  0.000000  0.000000 -0.000000    68     0
1392280636275435  0.000000  0.000000  0.000000 -0.000000    71     0
1392280636416292  0.000000  0.000000  0.000000 -0.000000    70     0
1392280636507496  0.000000  0.000000  0.000000 -0.000000    70     0
1392280636607808  0.000000  0.000000  0.000000 -0.000000    70     0
1392280636691711  0.000000  0.000000  0.000000 -0.000000    69     0
1392280636831642  0.000000  0.000000  0.000000 -0.000000    67     0
1392280636924763  0.000000  0.000000  0.000000 -0.000000    67     0
1392280637066373  0.000000  0.000000  0.000000 -0.000000    67     0
1392280637159700  0.000000  0.000000  0.000000 -0.000000    67     0
1392280637254111  0.000000  0.000000  0.000000 -0.000000    67     0
1392280637342768  0.000000  0.000000  0.000000 -0.000000    67     0
1392280637484208  0.000000  0.000000  0.000000 -0.000000    67     0
1392280637579401  0.000000  0.000000  0.000000 -0.000000    67     0
1392280637671267  0.000000  0.000000  0.000000 -0.000000    67     0
1392280637764414  0.000000  0.000000  0.000000 -0.000000    67     0
1392280637859189  0.000000  0.000000  0.000000 -0.000000    67     0
1392280637950071  0.000000  0.000000  0.000000 -0.000000    67     0
1392280638044157  0.000000  0.000000  0.000000 -0.000000    67     0
1392280638180509  0.000000  0.000000  0.000000 -0.000000    67     0
1392280638272394  0.000000  0.000000  0.000000 -0.000000    67     0
1392280638359864  0.000000  0.000000  0.000000 -0.000000    67     0
1392280638450474  0.000000  0.000000  0.000000 -0.000000    67     0
1392280638593067  0.000000  0.000000  0.000000 -0.000000    67     0
1392280638687239  0.000000  0.000000  0.000000 -0.000000    67     0
1392280638783625  0.000000  0.000000  0.000000 -0.000000    67     0
