1392280589205360      49243     0     0     0     0     0     0     0     0   0
1392280589248699      49295     0     0     0     0     0     0     0     0   0
1392280589335913      49347     0     0     0     0     0     0     0     0   0
1392280589381348      49399     0     0     0     0     0     0     0     0   0
1392280589432928      49443     0     0     0     0     0     0     0     0   0
1392280589477219      49495     0     0     0     0     0     0     0     0   0
1392280589526054      49547     0     0     0     0     0     0     0     0   0
1392280589573514      49599     0     0     0     0     0     0     0     0   0
1392280589617292      49644     0     0     0     0     0     0     0     0   0
1392280589662918      49700     0     0     0     0     0     0     0     0   0
1392280589705678      49744     0     0     0     0     0     0     0     0   0
1392280589753965      49800     0     0     0     0     0     0     0     0   0
1392280589845847      49852     0     0     0     0     0     0     0     0   0
1392280589893990      49900     0     0     0     0     0     0     0     0   0
1392280589940030      49948     0     0     0     0     0     0     0     0   0
1392280589987414      50001     0     0     0     0     0     0     0     0   0
1392280590031611      50049     0     0     0     0     0     0     0     0   0
1392280590084952      50101     0     0     0     0     0     0     0     0   0
1392280590129528      50153     0     0     0     0     0     0     0     0   0
1392280590177038      50205     0     0     0     0     0     0     0     0   0
1392280590220267      50257     0     0     0     0     0     0     0     0   0
1392280590266406      50305     0     0     0     0     0     0     0     0   0
1392280590314136      50354     0     0     0     0     0     0     0     0   0
1392280590360787      50410     0     0     0     0     0     0     0     0   0
1392280590448817      50458     0     0     0     0     0     0     0     0   0
1392280590499867      50510     0     0     0     0     0     0     0     0   0
1392280590545059      50558     0     0     0     0     0     0     0     0   0
1392280590595931      50610     0     0     0     0     0     0     0     0   0
1392280590637534      50662     0     0     0     0     0     0     0     0   0
1392280590688745      50707     0     0     0     0     0     0     0     0   0
1392280590733299      50759     0     0     0     0     0     0     0     0   0
1392280590780880      50811     0     0     0     0     0     0     0     0   0
1392280590825393      50859     0     0     0     0     0     0     0     0   0
1392280590871474      50907     0     0     0     0     0     0     0     0   0
1392280590916288      50963     0     0     0     0     0     0     0     0   0
1392280590962520      51012     0     0     0     0     0     0     0     0   0
1392280591055398      51064     0     0     0     0     0     0     0     0   0
1392280591102817      51108     0     0     0     0     0     0     0     0   0
1392280591146119      51160     0     0     0     0     0     0     0     0   0
1392280591192473      51212     0     0     0     0     0     0     0     0   0
1392280591239421      51260     0     0     0     0     0     0     0     0   0
1392280591290000      51312     0     0     0     0     0     0     0     0   0
1392280591334690      51364     0     0     0     0     0     0     0     0   0
1392280591378493      51412     0     0     0     0     0     0     0     0   0
1392280591427738      51465     0     0     0     0     0     0     0     0   0
1392280591468351      51513     0     0     0     0     0     0     0     0   0
1392280591563158      51565     0     0     0     0     0     0     0     0   0
1392280591604946      51613     0     0     0     0     0     0     0     0   0
1392280591651933      51665     0     0     0     0     0     0     0     0   0
1392280591695678      51713     0     0     0     0     0     0     0     0   0
1392280591742700      51765     0     0     0     0     0     0     0     0   0
1392280591792458      51814     0     0     0     0     0     0     0     0   0
1392280591836715      51866     0     0     0     0     0     0     0     0   0
1392280591877563      51914     0     0     0     0     0     0     0     0   0
1392280591929593      51966     0     0     0     0     0     0     0     0   0
1392280591968592      52014     0     0     0     0     0     0     0     0   0
1392280592062248      52066     0     0     0     0     0     0     0     0   0
1392280592108737      52114     0     0     0     0     0     0     0     0   0
1392280592152778      52166     0     0     0     0     0     0     0     0   0
1392280592199338      52215     0     0     0     0     0     0     0     0   0
1392280592249436      52271     0     0     0     0     0     0     0     0   0
1392280592296683      52315     0     0     0     0     0     0     0     0   0
1392280592342476      52371     0     0     0     0     0     0     0     0   0
1392280592391332      52419     0     0     0     0     0     0     0     0   0
1392280592433126      52463     0     0     0     0     0     0     0     0   0
1392280592478270      52515     0     0     0     0     0     0     0     0   0
1392280592526926      52572     0     0     0     0     0     0     0     0   0
1392280592572368      52620     0     0     0     0     0     0     0     0   0
1392280592666818      52664     0     0     0     0     0     0     0     0   0
1392280592710019      52720     0     0     0     0     0     0     0     0   0
1392280592753868      52768     0     0     0     0     0     0     0     0   0
1392280592802942      52820     0     0     0     0     0     0     0     0   0
1392280592850264      52872     0     0     0     0     0     0     0     0   0
1392280592898812      52920     0     0     0     0     0     0     0     0   0
1392280592942670      52973     0     0     0     0     0     0     0     0   0
1392280592984740      53021     0     0     0     0     0     0     0     0   0
1392280593035563      53069     0     0     0     0     0     0     0     0   0
1392280593076000      53121     0     0     0     0     0     0     0     0   0
1392280593124377      53173     0     0     0     0     0     0     0     0   0
1392280593215955      53221     0     0     0     0     0     0     0     0   0
1392280593258645      53273     0     0     0     0     0     0     0     0   0
1392280593305162      53321     0     0     0     0     0     0     0     0   0
1392280593356180      53374     0     0     0     0     0     0     0     0   0
1392280593400413      53426     0     0     0     0     0     0     0     0   0
1392280593448864      53470     0     0     0     0     0     0     0     0   0
1392280593496072      53526     0     0     0     0     0     0     0     0   0
1392280593539533      53574     0     0     0     0     0     0     0     0   0
1392280593583320      53626     0     0     0     0     0     0     0     0   0
1392280593625759      53675    10    10    10    10     0     0     0     0   0
1392280593708701      53727    10    10    10    10     0     0     0     0   0
1392280593748524      53775    10    10    10    10     0     0     0     0   0
1392280593781540      53827    10    10    10    10     0     0     0     0   0
1392280593822563      53871    10    10    10    10     0     0     0     0   0
1392280593910018      53927    10    10    10    10     0     0     0     0   0
1392280593954100      53971    10    10    10    10     0     0     0     0   0
1392280593994427      54028    10    10    10    10     0     0     0     0   0
1392280594037594      54076    10    10    10    10     0     0     0     0   0
1392280594078340      54128    10    10    10    10     0     0     0     0   0
1392280594164466      54172    10    10    10    10     0     0     0     0   0
1392280594208536      54228    10    10    10    10     0     0     0     0   0
1392280594255974      54272    10    10    10    10     0     0     0     0   0
1392280594295973      54329    10    10    10    10     0     0     0     0   0
1392280594337597      54373    10    10    10    10     0     0     0     0   0
1392280594382743      54429    10    10    10    10     0     0     0     0   0
1392280594469832      54477    10    10    10    10     0     0     0     0   0
1392280594513207      54525    10    10    10    10     0     0     0     0   0
1392280594559249      54577    10    10    10    10     0     0     0     0   0
1392280594598461      54626    10    10    10    10     0     0     0     0   0
1392280594641521      54678    10    10    10    10     0     0     0     0   0
1392280594690683      54726    10    10    10    10     0     0     0     0   0
1392280594771847      54778    10    10    10    10     0     0     0     0   0
1392280594813017      54830    10    10    10    10     0     0     0     0   0
1392280594860956      54878    10    10    10    10     0     0     0     0   0
1392280594899903      54930    10    10    10    10     0     0     0     0   0
1392280594944251      54979    10    10    10    10     0     0     0     0   0
1392280595024839      55035    10    10    10    10     0     0     0     0   0
1392280595069979      55083    10    10    10    10     0     0     0     0   0
1392280595115247      55135    10    10    10    10     0     0     0     0   0
1392280595152907      55187    10    10    10    10     0     0     0     0   0
1392280595195508      55235    10    10    10    10     0     0     0     0   0
1392280595243296      55287    10    10    10    10     0     0     0     0   0
1392280595301374      55336    10    10    10    10     0     0     0     0   0
1392280595339599      55388    10    10    10    10     0     0     0     0   0
1392280595429704      55440    10    10    10    10     0     0     0     0   0
1392280595471513      55484    10    10    10    10     0     0     0     0   0
1392280595515288      55540    10    10    10    10     0     0     0     0   0
1392280595554670      55588    10    10    10    10     0     0     0     0   0
1392280595594531      55640    10    10    10    10     0     0     0     0   0
1392280595677258      55688    10    10    10    10     0     0     0     0   0
1392280595723511      55737    25    25    26    22     0     0     0     0   0
1392280595766397      55793    70    70    72    60     0     0     0     0   0
1392280595808310      55841    92   111    95   101     0     0     0     0   0
1392280595854661      55893   123   157   120   140     0     0     0     0   0
1392280595934433      55945   130   158   129   138     0     0     0     0   0
1392280595979512      55993   130   183   136   169     0     0     0     0   0
1392280596023978      56045   131   195   139   183     0     0     0     0   0
1392280596067849      56094   168   182   174   158     0     0     0     0   0
1392280596108140      56142   177   196   184   171     0     0     0     0   0
1392280596149033      56194   192   214   197   189     0     0     0     0   0
1392280596194478      56242   205   234   211   221     0     0     0     0   0
1392280596280993      56294   204   231   223   213     0     0     0     0   0
1392280596325923      56346   218   227   215   211     0     0     0     0   0
1392280596368759      56399   203   237   210   221     0     0     0     0   0
1392280596408317      56447   212   252   219   235     0     0     0     0   0
1392280596491460      56503   245   279   241   265     0     0     0     0   0
1392280596535884      56551   261   271   263   258     0     0     0     0   0
1392280596581487      56603   267   261   269   256     0     0     0     0   0
1392280596625014      56647   250   300   252   283     0     0     0     0   0
1392280596666169      56700   287   288   281   264     0     0     0     0   0
1392280596715134      56748   270   300   272   289     0     0     0     0   0
1392280596770682      56800   272   300   285   286     0     0     0     0   0
1392280596811507      56848   278   301   287   287     0     0     0     0   0
1392280596854732      56904   262   327   263   313     0     0     0     0   0
1392280596942890      56952   289   313   292   281     0     0     0     0   0
1392280596985593      57004   280   320   290   298     0     0     0     0   0
1392280597030900      57053   301   309   300   287     0     0     0     0   0
1392280597074667      57101   309   307   315   279     0     0     0     0   0
1392280597118092      57157   301   327   326   311     0     0     0     0   0
1392280597155543      57205   312   317   329   319     0     0     0     0   0
1392280597248039      57253   351   308   319   310     0     0     0     0   0
1392280597284286      57305   340   320   324   313     0     0     0     0   0
1392280597331932      57354   333   316   334   314     0     0     0     0   0
1392280597380241      57406   319   331   340   320     0     0     0     0   0
1392280597424541      57458   340   328   358   306     0     0     0     0   0
1392280597465036      57506   356   340   314   322     0     0     0     0   0
1392280597516958      57558   366   320   357   299     0     0     0     0   0
1392280597600242      57610   353   317   369   302     0     0     0     0   0
1392280597622300      57662   382   312   352   308     0     0     0     0   0
1392280597665849      57707   363   322   380   311     0     0     0     0   0
1392280597747724      57763   396   321   359   301     0     0     0     0   0
1392280597784552      57811   372   323   375   307     0     0     0     0   0
1392280597833510      57863   392   324   379   305     0     0     0     0   0
1392280597878187      57911   402   329   375   303     0     0     0     0   0
1392280597918725      57967   387   329   389   340     0     0     0     0   0
1392280598009607      58012   398   341   379   336     0     0     0     0   0
1392280598052968      58068   398   334   402   321     0     0     0     0   0
1392280598097348      58116   415   345   395   321     0     0     0     0   0
1392280598139699      58168   430   339   391   317     0     0     0     0   0
1392280598183576      58216   414   351   379   334     0     0     0     0   0
1392280598225178      58268   400   355   383   340     0     0     0     0   0
1392280598305896      58320   401   365   377   333     0     0     0     0   0
1392280598350508      58369   383   366   382   346     0     0     0     0   0
1392280598395662      58421   394   357   391   335     0     0     0     0   0
1392280598441806      58473   406   332   405   334     0     0     0     0   0
1392280598480867      58521   398   340   387   329     0     0     0     0   0
1392280598522366      58573   389   349   372   343     0     0     0     0   0
1392280598614259      58625   388   338   384   344     0     0     0     0   0
1392280598657955      58670   391   338   389   337     0     0     0     0   0
1392280598699285      58726   387   341   383   344     0     0     0     0   0
1392280598738450      58774   383   349   372   351     0     0     0     0   0
1392280598783693      58826   373   343   390   349     0     0     0     0   0
1392280598866919      58878   372   349   387   347     0     0     0     0   0
1392280598907848      58926   370   358   385   341     0     0     0     0   0
1392280598950008      58979   369   358   385   343     0     0     0     0   0
1392280598989127      59027   360   370   374   351     0     0     0     0   0
1392280599035787      59079   361   368   369   358     0     0     0     0   0
1392280599116402      59131   373   357   385   339     0     0     0     0   0
1392280599166446      59183   380   351   392   332     0     0     0     0   0
1392280599204728      59227   377   353   387   339     0     0     0     0   0
1392280599245163      59283   375   357   380   343     0     0     0     0   0
1392280599288727      59332   368   358   379   349     0     0     0     0   0
1392280599332776      59384   384   346   371   354     0     0     0     0   0
1392280599420889      59432   388   343   376   348     0     0     0     0   0
1392280599465184      59484   390   349   391   337     0     0     0     0   0
1392280599506434      59536   410   349   390   340     0     0     0     0   0
1392280599547247      59584   405   353   395   359     0     0     0     0   0
1392280599594147      59636   398   356   389   368     0     0     0     0   0
1392280599632135      59681   395   350   393   373     0     0     0     0   0
1392280599722258      59733   389   372   387   364     0     0     0     0   0
1392280599758213      59785   392   363   395   361     0     0     0     0   0
1392280599799631      59833   401   360   378   373     0     0     0     0   0
1392280599841154      59885   400   366   382   363     0     0     0     0   0
1392280599922651      59933   400   366   382   374     0     0     0     0   0
1392280599970730      59985   385   389   383   378     0     0     0     0   0
1392280600010929      60034   395   373   393   374     0     0     0     0   0
1392280600049211      60086   398   379   387   381     0     0     0     0   0
1392280600091488      60134   408   363   395   378     0     0     0     0   0
1392280600165573      60186   428   344   409   364     0     0     0     0   0
1392280600201198      60234   399   379   407   359     0     0     0     0   0
1392280600247665      60286   389   395   393   367     0     0     0     0   0
1392280600287322      60335   405   370   394   375     0     0     0     0   0
1392280600343862      60387   409   364   389   383     0     0     0     0   0
1392280600387864      60435   400   379   382   383     0     0     0     0   0
1392280600475213      60487   405   370   387   383     0     0     0     0   0
1392280600528810      60535   409   365   381   389     0     0     0     0   0
1392280600557868      60587   396   383   373   392     0     0     0     0   0
1392280600598014      60635   414   360   398   371     0     0     0     0   0
1392280600642694      60683   411   365   389   369     0     0     0     0   0
1392280600686329      60736   416   367   405   357     0     0     0     0   0
1392280600782208      60788   417   362   403   363     0     0     0     0   0
1392280600809330      60840   420   358   394   371     0     0     0     0   0
1392280600853343      60888   407   364   398   374     0     0     0     0   0
1392280600896274      60936   408   369   399   368     0     0     0     0   0
1392280600945187      60988   392   379   398   375     0     0     0     0   0
1392280601026099      61041   395   385   379   385     0     0     0     0   0
1392280601065685      61089   397   381   384   383     0     0     0     0   0
1392280601107979      61137   410   368   397   369     0     0     0     0   0
1392280601154501      61189   411   359   399   365     0     0     0     0   0
1392280601198938      61241   411   363   399   362     0     0     0     0   0
1392280601242929      61293   424   345   407   358     0     0     0     0   0
1392280601330385      61346   420   359   408   348     0     0     0     0   0
1392280601373880      61390   405   364   404   361     0     0     0     0   0
1392280601415609      61442   408   370   394   361     0     0     0     0   0
1392280601467527      61494   404   365   405   360     0     0     0     0   0
1392280601505704      61546   399   366   397   372     0     0     0     0   0
1392280601584652      61598   394   366   385   377     0     0     0     0   0
1392280601629461      61642   388   349   396   356     0     0     0     0   0
1392280601672281      61699   372   350   376   356     0     0     0     0   0
1392280601711832      61747   350   343   363   344     0     0     0     0   0
1392280601774317      61799   359   337   371   333     0     0     0     0   0
1392280601810848      61851   371   323   386   320     0     0     0     0   0
1392280601853631      61899   368   326   374   331     0     0     0     0   0
1392280601897495      61951   358   335   371   336     0     0     0     0   0
1392280601988762      62004   345   357   357   340     0     0     0     0   0
1392280602029486      62052   346   356   365   332     0     0     0     0   0
1392280602076213      62100   365   341   376   340     0     0     0     0   0
1392280602115957      62152   364   357   366   346     0     0     0     0   0
1392280602158438      62200   366   353   370   343     0     0     0     0   0
1392280602203466      62252   394   318   386   334     0     0     0     0   0
1392280602293405      62300   381   331   384   336     0     0     0     0   0
1392280602333721      62357   373   339   378   342     0     0     0     0   0
1392280602380994      62405   388   321   394   329     0     0     0     0   0
1392280602417984      62457   380   333   386   333     0     0     0     0   0
1392280602467234      62505   379   337   382   334     0     0     0     0   0
1392280602533996      62557   379   335   379   339     0     0     0     0   0
1392280602574433      62609   375   333   380   344     0     0     0     0   0
1392280602620914      62661   382   336   394   320     0     0     0     0   0
1392280602702107      62713   380   342   370   340     0     0     0     0   0
1392280602745355      62762   388   327   382   336     0     0     0     0   0
1392280602789415      62810   367   356   377   345     0     0     0     0   0
1392280602834154      62862   401   348   373   345     0     0     0     0   0
1392280602871854      62914   381   365   371   359     0     0     0     0   0
1392280602914854      62962   388   346   387   368     0     0     0     0   0
1392280603004688      63014   384   354   387   364     0     0     0     0   0
1392280603051641      63063   380   360   381   368     0     0     0     0   0
1392280603088833      63115   391   355   399   367     0     0     0     0   0
1392280603132137      63163   382   365   392   372     0     0     0     0   0
1392280603168067      63211   420   355   408   374     0     0     0     0   0
1392280603212578      63263   427   351   417   361     0     0     0     0   0
1392280603305073      63311   422   361   407   366     0     0     0     0   0
1392280603343981      63363   412   369   406   369     0     0     0     0   0
1392280603387888      63415   417   361   407   372     0     0     0     0   0
1392280603422523      63468   406   385   390   376     0     0     0     0   0
1392280603466865      63512   409   364   410   374     0     0     0     0   0
1392280603555806      63568   426   355   406   370     0     0     0     0   0
1392280603597262      63620   418   366   408   365     0     0     0     0   0
1392280603639818      63664   422   373   401   361     0     0     0     0   0
1392280603681837      63716   413   368   404   372     0     0     0     0   0
1392280603722648      63768   410   381   408   358     0     0     0     0   0
1392280603806047      63820   407   380   414   355     0     0     0     0   0
1392280603850631      63869   418   367   412   359     0     0     0     0   0
1392280603889157      63921   427   349   409   371     0     0     0     0   0
1392280603937180      63965   413   361   421   362     0     0     0     0   0
1392280603977550      64021   414   366   422   355     0     0     0     0   0
1392280604018565      64069   423   351   415   368     0     0     0     0   0
1392280604104504      64121   409   365   409   373     0     0     0     0   0
1392280604142470      64169   410   357   417   373     0     0     0     0   0
1392280604183453      64222   401   357   408   368     0     0     0     0   0
1392280604223831      64274   377   367   387   359     0     0     0     0   0
1392280604269905      64318   397   340   399   353     0     0     0     0   0
1392280604359118      64374   389   353   390   346     0     0     0     0   0
1392280604399462      64426   384   354   392   348     0     0     0     0   0
1392280604439371      64470   383   350   393   350     0     0     0     0   0
1392280604439766      64518   392   344   398   344     0     0     0     0   0
1392280604476536      64575   393   346   382   356     0     0     0     0   0
1392280604561977      64623   396   343   390   348     0     0     0     0   0
1392280604612037      64675   403   337   396   341     0     0     0     0   0
1392280604655433      64727   390   346   402   339     0     0     0     0   0
1392280604688416      64771   395   346   397   351     0     0     0     0   0
1392280604731935      64827   404   359   411   360     0     0     0     0   0
1392280604810179      64879   384   383   396   381     0     0     0     0   0
1392280604848096      64924   392   376   404   372     0     0     0     0   0
1392280604890272      64980   390   380   396   378     0     0     0     0   0
1392280604959683      65032   395   380   394   375     0     0     0     0   0
1392280605021937      65080   398   370   412   365     0     0     0     0   0
1392280605066652      65136   397   374   409   364     0     0     0     0   0
1392280605110489      65180   370   346   385   332     0     0     0     0   0
1392280605152138      65229   386   319   388   316     0     0     0     0   0
1392280605198503      65285   375   330   382   323     0     0     0     0   0
1392280605234267      65333   372   332   383   323     0     0     0     0   0
1392280605323365      65381   383   319   394   314     0     0     0     0   0
1392280605368981      65437   380   325   384   321     0     0     0     0   0
1392280605409922      65485   374   335   372   329     0     0     0     0   0
1392280605444726      65537   377   334   376   323     0     0     0     0   0
1392280605485957      65585   365   336   370   338     0     0     0     0   0
1392280605573038      65634   377   330   372   331     0     0     0     0   0
1392280605616895      65686   387   328   384   323     0     0     0     0   0
1392280605656655      65734   369   359   369   348     0     0     0     0   0
1392280605698887      65786   373   346   376   350     0     0     0     0   0
1392280605738537      65834   383   345   379   338     0     0     0     0   0
1392280605825022      65886   381   334   384   345     0     0     0     0   0
1392280605871729      65938   380   343   369   352     0     0     0     0   0
1392280605913143      65987   377   353   367   348     0     0     0     0   0
1392280605953124      66039   390   340   378   336     0     0     0     0   0
1392280605995963      66091   377   345   382   340     0     0     0     0   0
1392280606039574      66135   374   344   380   346     0     0     0     0   0
1392280606127610      66187   366   353   374   352     0     0     0     0   0
1392280606173386      66235   385   344   394   344     0     0     0     0   0
1392280606212166      66292   369   352   384   362     0     0     0     0   0
1392280606247220      66336   378   343   393   353     0     0     0     0   0
1392280606293002      66388   362   370   376   358     0     0     0     0   0
1392280606362630      66436   373   362   383   349     0     0     0     0   0
1392280606404961      66492   360   360   378   369     0     0     0     0   0
1392280606445515      66544   358   366   378   364     0     0     0     0   0
1392280606532922      66592   371   336   388   372     0     0     0     0   0
1392280606576639      66645   372   337   399   360     0     0     0     0   0
1392280606614222      66693   371   340   403   352     0     0     0     0   0
1392280606652424      66745   360   346   393   368     0     0     0     0   0
1392280606694947      66797   366   348   392   362     0     0     0     0   0
1392280606783250      66845   360   351   393   363     0     0     0     0   0
1392280606830469      66897   385   332   419   331     0     0     0     0   0
1392280606870351      66945   375   339   406   346     0     0     0     0   0
1392280606916183      66998   376   334   402   355     0     0     0     0   0
1392280606949637      67050   344   370   381   372     0     0     0     0   0
1392280606999300      67098   358   354   392   363     0     0     0     0   0
1392280607084939      67146   369   349   386   363     0     0     0     0   0
1392280607129420      67198   358   372   379   358     0     0     0     0   0
1392280607170539      67246   368   340   388   371     0     0     0     0   0
1392280607212434      67299   383   329   395   359     0     0     0     0   0
1392280607248536      67351   377   340   391   358     0     0     0     0   0
1392280607339178      67399   393   328   408   338     0     0     0     0   0
1392280607382523      67443   398   310   417   342     0     0     0     0   0
1392280607425886      67499   384   336   398   349     0     0     0     0   0
1392280607472909      67547   379   327   413   347     0     0     0     0   0
1392280607508763      67599   384   329   409   344     0     0     0     0   0
1392280607553104      67648   346   366   385   370     0     0     0     0   0
1392280607601675      67700   366   338   408   355     0     0     0     0   0
1392280607688106      67752   381   330   418   337     0     0     0     0   0
1392280607732255      67800   379   334   411   343     0     0     0     0   0
1392280607768592      67852   349   373   389   356     0     0     0     0   0
1392280607817352      67900   352   361   393   361     0     0     0     0   0
1392280607864570      67952   349   363   389   365     0     0     0     0   0
1392280607941115      68005   338   366   381   368     0     0     0     0   0
1392280607989095      68053   359   348   397   351     0     0     0     0   0
1392280608033809      68101   359   342   401   352     0     0     0     0   0
1392280608072176      68153   356   354   386   359     0     0     0     0   0
1392280608113380      68205   358   349   392   356     0     0     0     0   0
1392280608161094      68257   373   340   406   335     0     0     0     0   0
1392280608244347      68305   354   357   394   350     0     0     0     0   0
1392280608293008      68354   372   342   376   364     0     0     0     0   0
1392280608335396      68406   373   346   372   364     0     0     0     0   0
1392280608378025      68454   348   360   369   378     0     0     0     0   0
1392280608418795      68506   342   371   365   378     0     0     0     0   0
1392280608472350      68550   328   383   360   383     0     0     0     0   0
1392280608511995      68602   334   372   391   357     0     0     0     0   0
1392280608598282      68658   355   349   396   355     0     0     0     0   0
1392280608634303      68702   354   357   389   355     0     0     0     0   0
1392280608678804      68759   346   365   380   364     0     0     0     0   0
1392280608721893      68803   362   354   378   361     0     0     0     0   0
1392280608768600      68855   344   378   367   378     0     0     0     0   0
1392280608811149      68907   343   373   367   372     0     0     0     0   0
1392280608894756      68959   365   349   387   353     0     0     0     0   0
1392280608935280      69011   367   352   385   349     0     0     0     0   0
1392280608978744      69064   339   380   353   382     0     0     0     0   0
1392280609023655      69112   340   386   345   384     0     0     0     0   0
1392280609065554      69164   322   402   332   399     0     0     0     0   0
1392280609151963      69212   361   365   374   354     0     0     0     0   0
1392280609193099      69264   363   355   374   362     0     0     0     0   0
1392280609236422      69312   370   344   377   363     0     0     0     0   0
1392280609276970      69365   346   356   377   376     0     0     0     0   0
1392280609321068      69417   344   370   368   373     0     0     0     0   0
1392280609408262      69469   352   356   367   380     0     0     0     0   0
1392280609449355      69517   348   368   363   376     0     0     0     0   0
1392280609493323      69569   341   374   366   373     0     0     0     0   0
1392280609532050      69613   348   372   378   357     0     0     0     0   0
1392280609573476      69669   346   370   374   364     0     0     0     0   0
1392280609623246      69722   363   358   368   366     0     0     0     0   0
1392280609709378      69774   338   382   363   372     0     0     0     0   0
1392280609751347      69818   328   380   367   379     0     0     0     0   0
1392280609790279      69874   333   388   355   378     0     0     0     0   0
1392280609834555      69922   363   349   378   364     0     0     0     0   0
1392280609880752      69974   360   356   374   364     0     0     0     0   0
1392280609923147      70023   349   370   360   375     0     0     0     0   0
1392280610007394      70075   355   368   381   351     0     0     0     0   0
1392280610044508      70123   353   369   379   354     0     0     0     0   0
1392280610087397      70175   350   377   377   350     0     0     0     0   0
1392280610131708      70223   346   383   368   358     0     0     0     0   0
1392280610175528      70271   366   366   357   366     0     0     0     0   0
1392280610262588      70323   363   375   355   362     0     0     0     0   0
1392280610311464      70372   354   375   355   371     0     0     0     0   0
1392280610354577      70420   350   382   350   373     0     0     0     0   0
1392280610410124      70476   347   359   384   364     0     0     0     0   0
1392280610434444      70528   343   361   382   367     0     0     0     0   0
1392280610483625      70576   350   362   362   381     0     0     0     0   0
1392280610567601      70624   348   364   354   389     0     0     0     0   0
1392280610608966      70680   348   367   358   381     0     0     0     0   0
1392280610653244      70725   360   354   356   384     0     0     0     0   0
1392280610693698      70777   351   362   364   377     0     0     0     0   0
1392280610737347      70829   371   358   357   369     0     0     0     0   0
1392280610777669      70873   372   351   363   368     0     0     0     0   0
1392280610863451      70925   367   351   349   388     0     0     0     0   0
1392280610904867      70977   358   359   342   396     0     0     0     0   0
1392280610945377      71025   374   355   331   394     0     0     0     0   0
1392280610986443      71077   366   352   344   393     0     0     0     0   0
1392280611029631      71130   358   350   353   392     0     0     0     0   0
1392280611125707      71178   346   346   371   392     0     0     0     0   0
1392280611165977      71226   351   347   371   385     0     0     0     0   0
1392280611204629      71278   363   348   359   384     0     0     0     0   0
1392280611246431      71326   364   341   365   385     0     0     0     0   0
1392280611289626      71378   373   329   361   391     0     0     0     0   0
1392280611333681      71430   369   328   364   393     0     0     0     0   0
1392280611422361      71483   367   340   361   387     0     0     0     0   0
1392280611444858      71535   371   349   356   378     0     0     0     0   0
1392280611486093      71583   353   367   339   395     0     0     0     0   0
1392280611573721      71631   353   366   343   393     0     0     0     0   0
1392280611617758      71683   355   362   350   388     0     0     0     0   0
1392280611657927      71735   370   350   358   377     0     0     0     0   0
1392280611700462      71783   376   342   374   362     0     0     0     0   0
1392280611742755      71836   370   345   377   362     0     0     0     0   0
1392280611787416      71888   356   336   387   376     0     0     0     0   0
1392280611870328      71940   377   344   365   369     0     0     0     0   0
1392280611912409      71992   373   337   375   369     0     0     0     0   0
1392280611952676      72036   373   341   369   372     0     0     0     0   0
1392280611997095      72088   375   345   368   367     0     0     0     0   0
1392280612039412      72140   375   345   373   362     0     0     0     0   0
1392280612123680      72189   391   334   381   349     0     0     0     0   0
1392280612171631      72237   356   364   365   369     0     0     0     0   0
1392280612212633      72289   356   358   368   371     0     0     0     0   0
1392280612251913      72341   370   355   373   357     0     0     0     0   0
1392280612293784      72385   377   338   375   364     0     0     0     0   0
1392280612338148      72437   381   345   375   343     0     0     0     0   0
1392280612421145      72493   368   351   379   347     0     0     0     0   0
1392280612464723      72537   368   348   386   342     0     0     0     0   0
1392280612506104      72594   380   327   397   339     0     0     0     0   0
1392280612552216      72642   387   331   396   330     0     0     0     0   0
1392280612596540      72690   371   338   388   347     0     0     0     0   0
1392280612676158      72742   374   346   377   347     0     0     0     0   0
1392280612719929      72794   384   334   365   349     0     0     0     0   0
1392280612761189      72842   394   328   371   339     0     0     0     0   0
1392280612802314      72894   376   350   381   338     0     0     0     0   0
1392280612846075      72939   387   341   384   332     0     0     0     0   0
1392280612893108      72991   416   307   382   339     0     0     0     0   0
1392280612984513      73039   399   324   374   348     0     0     0     0   0
1392280613019585      73091   387   328   362   355     0     0     0     0   0
1392280613058298      73143   407   310   368   348     0     0     0     0   0
1392280613103734      73187   395   323   372   343     0     0     0     0   0
1392280613148297      73239   403   315   368   346     0     0     0     0   0
1392280613193452      73292   390   319   365   358     0     0     0     0   0
1392280613275272      73340   387   325   367   353     0     0     0     0   0
1392280613318274      73392   374   330   370   358     0     0     0     0   0
1392280613361032      73440   385   323   374   351     0     0     0     0   0
1392280613401194      73492   361   350   363   359     0     0     0     0   0
1392280613447579      73540   361   348   363   360     0     0     0     0   0
1392280613530679      73592   372   339   367   354     0     0     0     0   0
1392280613574058      73641   393   328   371   340     0     0     0     0   0
1392280613619484      73693   383   331   377   341     0     0     0     0   0
1392280613662223      73741   398   317   376   341     0     0     0     0   0
1392280613715987      73797   395   314   379   344     0     0     0     0   0
1392280613756443      73841   400   305   390   338     0     0     0     0   0
1392280613800878      73897   384   323   383   342     0     0     0     0   0
1392280613885343      73945   382   331   380   339     0     0     0     0   0
1392280613928660      73998   379   334   383   336     0     0     0     0   0
1392280613968165      74042   369   326   408   329     0     0     0     0   0
1392280614009348      74094   376   322   392   342     0     0     0     0   0
1392280614052921      74146   386   330   388   329     0     0     0     0   0
1392280614097830      74198   378   327   383   343     0     0     0     0   0
1392280614180736      74242   379   327   393   333     0     0     0     0   0
1392280614227332      74294   371   343   376   342     0     0     0     0   0
1392280614265155      74347   364   351   388   330     0     0     0     0   0
1392280614305597      74395   367   343   384   338     0     0     0     0   0
1392280614353255      74447   366   347   386   333     0     0     0     0   0
1392280614433288      74499   381   349   361   341     0     0     0     0   0
1392280614479876      74547   376   361   357   350     0     0     0     0   0
1392280614516009      74599   370   353   354   355     0     0     0     0   0
1392280614564643      74644   380   349   356   360     0     0     0     0   0
1392280614603265      74696   400   345   356   344     0     0     0     0   0
1392280614646365      74744   404   344   364   332     0     0     0     0   0
1392280614734373      74800   391   365   353   346     0     0     0     0   0
1392280614770232      74844   379   366   354   355     0     0     0     0   0
1392280614814372      74896   391   354   364   368     0     0     0     0   0
1392280614862121      74949   384   354   365   375     0     0     0     0   0
1392280614906242      74997   363   373   359   382     0     0     0     0   0
1392280614987147      75049   364   369   355   389     0     0     0     0   0
1392280615035296      75097   360   370   344   402     0     0     0     0   0
1392280615075762      75149   356   377   355   388     0     0     0     0   0
1392280615117830      75201   359   374   364   381     0     0     0     0   0
1392280615161297      75246   369   364   374   371     0     0     0     0   0
1392280615202464      75298   374   357   359   387     0     0     0     0   0
1392280615289286      75350   355   370   359   393     0     0     0     0   0
1392280615327621      75398   354   372   354   397     0     0     0     0   0
1392280615373513      75450   351   375   364   386     0     0     0     0   0
1392280615413458      75502   360   369   363   385     0     0     0     0   0
1392280615462282      75550   359   369   367   382     0     0     0     0   0
1392280615505515      75599   359   361   374   383     0     0     0     0   0
1392280615588622      75647   352   369   384   371     0     0     0     0   0
1392280615635429      75699   340   386   368   384     0     0     0     0   0
1392280615676916      75751   349   378   372   378     0     0     0     0   0
1392280615715251      75799   346   390   350   391     0     0     0     0   0
1392280615762271      75856   363   371   369   374     0     0     0     0   0
1392280615802613      75904   360   380   358   379     0     0     0     0   0
1392280615881509      75956   361   384   353   380     0     0     0     0   0
1392280615925830      76004   346   392   345   394     0     0     0     0   0
1392280615967867      76052   338   399   331   408     0     0     0     0   0
1392280616011180      76108   345   403   342   387     0     0     0     0   0
1392280616055903      76153   361   385   364   366     0     0     0     0   0
1392280616112718      76205   355   393   347   382     0     0     0     0   0
1392280616195088      76253   345   410   339   383     0     0     0     0   0
1392280616237995      76305   345   389   350   393     0     0     0     0   0
1392280616280201      76357   343   397   347   390     0     0     0     0   0
1392280616321425      76405   342   394   363   378     0     0     0     0   0
1392280616367348      76453   348   401   359   368     0     0     0     0   0
1392280616416146      76506   357   403   354   364     0     0     0     0   0
1392280616505924      76558   365   400   354   358     0     0     0     0   0
1392280616540666      76610   354   401   361   361     0     0     0     0   0
1392280616583888      76662   343   409   339   386     0     0     0     0   0
1392280616621733      76710   340   401   341   395     0     0     0     0   0
1392280616668392      76762   356   392   352   377     0     0     0     0   0
1392280616716094      76810   361   383   359   374     0     0     0     0   0
1392280616800798      76859   368   355   369   385     0     0     0     0   0
1392280616842368      76911   356   365   367   389     0     0     0     0   0
1392280616885958      76959   354   362   361   399     0     0     0     0   0
1392280616930154      77011   347   380   336   414     0     0     0     0   0
1392280616973445      77059   329   391   332   425     0     0     0     0   0
1392280617024289      77111   332   393   338   414     0     0     0     0   0
1392280617063262      77164   346   381   349   401     0     0     0     0   0
1392280617149845      77216   335   388   375   379     0     0     0     0   0
1392280617194088      77268   339   389   332   418     0     0     0     0   0
1392280617235466      77312   374   360   365   377     0     0     0     0   0
1392280617274751      77360   364   377   346   389     0     0     0     0   0
1392280617322853      77416   376   372   350   379     0     0     0     0   0
1392280617369837      77464   370   363   369   374     0     0     0     0   0
1392280617452800      77512   365   379   338   394     0     0     0     0   0
1392280617497614      77565   377   367   349   385     0     0     0     0   0
1392280617540370      77613   376   371   348   382     0     0     0     0   0
1392280617587287      77665   383   358   357   378     0     0     0     0   0
1392280617627132      77717   379   364   359   376     0     0     0     0   0
1392280617672521      77769   394   358   347   378     0     0     0     0   0
1392280617755647      77813   366   371   358   382     0     0     0     0   0
1392280617800002      77866   361   373   339   394     0     0     0     0   0
1392280617844832      77918   372   369   359   367     0     0     0     0   0
1392280617887804      77970   376   347   365   378     0     0     0     0   0
1392280617921040      78022   347   386   360   373     0     0     0     0   0
1392280618007529      78074   351   391   356   379     0     0     0     0   0
1392280618047886      78118   345   391   349   382     0     0     0     0   0
1392280618088801      78170   363   365   366   373     0     0     0     0   0
1392280618134868      78223   355   369   367   376     0     0     0     0   0
1392280618177586      78271   376   347   385   359     0     0     0     0   0
1392280618260870      78327   382   345   384   366     0     0     0     0   0
1392280618310158      78371   372   350   370   375     0     0     0     0   0
1392280618353787      78423   376   360   358   373     0     0     0     0   0
1392280618396451      78475   384   356   365   372     0     0     0     0   0
1392280618440775      78523   404   336   369   368     0     0     0     0   0
1392280618482941      78576   393   344   374   367     0     0     0     0   0
1392280618527797      78624   397   347   370   363     0     0     0     0   0
1392280618613219      78680   384   359   359   375     0     0     0     0   0
1392280618662437      78728   383   368   344   382     0     0     0     0   0
1392280618706362      78780   385   366   352   374     0     0     0     0   0
1392280618748159      78824   386   359   361   371     0     0     0     0   0
1392280618788897      78881   380   361   362   375     0     0     0     0   0
1392280618834388      78925   370   349   370   377     0     0     0     0   0
1392280618917824      78981   364   348   367   375     0     0     0     0   0
1392280618962083      79029   379   331   378   367     0     0     0     0   0
1392280619012385      79077   375   343   379   358     0     0     0     0   0
1392280619043514      79133   371   351   373   361     0     0     0     0   0
1392280619085045      79181   359   360   388   347     0     0     0     0   0
1392280619127717      79230   366   355   392   342     0     0     0     0   0
1392280619217057      79282   366   354   379   345     0     0     0     0   0
1392280619259710      79334   374   350   382   348     0     0     0     0   0
1392280619306257      79382   359   358   369   368     0     0     0     0   0
1392280619340715      79434   379   349   372   354     0     0     0     0   0
1392280619385684      79486   372   357   372   354     0     0     0     0   0
1392280619471933      79538   368   352   368   366     0     0     0     0   0
1392280619516288      79587   361   369   351   373     0     0     0     0   0
1392280619560582      79635   358   381   340   376     0     0     0     0   0
1392280619604821      79687   384   361   355   355     0     0     0     0   0
1392280619640775      79739   384   369   338   364     0     0     0     0   0
1392280619729341      79787   378   364   334   378     0     0     0     0   0
1392280619769365      79839   378   358   338   381     0     0     0     0   0
1392280619817200      79891   375   365   334   381     0     0     0     0   0
1392280619855948      79940   384   357   328   386     0     0     0     0   0
1392280619893120      79992   374   364   333   383     0     0     0     0   0
1392280619979841      80040   369   373   331   382     0     0     0     0   0
1392280620021283      80092   363   379   335   378     0     0     0     0   0
1392280620068839      80144   371   377   345   362     0     0     0     0   0
1392280620110836      80188   371   367   348   369     0     0     0     0   0
1392280620159495      80244   382   359   341   373     0     0     0     0   0
1392280620196415      80288   342   364   361   387     0     0     0     0   0
1392280620281639      80341   369   372   351   362     0     0     0     0   0
1392280620324888      80389   365   373   351   366     0     0     0     0   0
1392280620366191      80441   377   351   348   378     0     0     0     0   0
1392280620408249      80489   377   358   352   368     0     0     0     0   0
1392280620454729      80541   350   387   346   372     0     0     0     0   0
1392280620496044      80593   341   392   339   383     0     0     0     0   0
1392280620579319      80642   347   385   335   377     0     0     0     0   0
1392280620622454      80690   358   370   320   385     0     0     0     0   0
1392280620668562      80746   354   368   319   368     0     0     0     0   0
1392280620711703      80794   364   359   329   357     0     0     0     0   0
1392280620752728      80846   366   353   342   349     0     0     0     0   0
1392280620793375      80894   366   342   343   358     0     0     0     0   0
1392280620879785      80946   345   364   310   380     0     0     0     0   0
1392280620923751      80999   345   365   308   381     0     0     0     0   0
1392280620969433      81043   345   360   320   375     0     0     0     0   0
1392280621012242      81099   352   354   329   364     0     0     0     0   0
1392280621052377      81151   346   348   351   355     0     0     0     0   0
1392280621094694      81195   350   349   329   372     0     0     0     0   0
1392280621181730      81247   352   343   349   356     0     0     0     0   0
1392280621225559      81295   355   338   335   371     0     0     0     0   0
1392280621271898      81348   341   351   334   373     0     0     0     0   0
1392280621309146      81396   334   370   311   385     0     0     0     0   0
1392280621351475      81448   336   371   313   379     0     0     0     0   0
1392280621438090      81496   339   370   326   364     0     0     0     0   0
1392280621451710      81548   352   360   326   361     0     0     0     0   0
1392280621536884      81596   347   370   321   362     0     0     0     0   0
1392280621580010      81648   336   385   314   364     0     0     0     0   0
1392280621626460      81697   340   380   314   365     0     0     0     0   0
1392280621670426      81749   317   398   316   368     0     0     0     0   0
1392280621712760      81797   326   392   313   379     0     0     0     0   0
1392280621747809      81849   335   386   335   367     0     0     0     0   0
1392280621838372      81897   340   379   342   361     0     0     0     0   0
1392280621881979      81949   341   385   322   373     0     0     0     0   0
1392280621923371      81997   344   371   336   371     0     0     0     0   0
1392280621967402      82050   338   374   336   374     0     0     0     0   0
1392280622012271      82098   345   373   320   384     0     0     0     0   0
1392280622051109      82150   347   357   328   391     0     0     0     0   0
1392280622135904      82198   328   378   319   398     0     0     0     0   0
1392280622179818      82250   342   366   320   394     0     0     0     0   0
1392280622227920      82298   345   371   331   376     0     0     0     0   0
1392280622267211      82354   335   379   327   380     0     0     0     0   0
1392280622307827      82403   334   383   305   399     0     0     0     0   0
1392280622391197      82455   338   373   305   405     0     0     0     0   0
1392280622431568      82499   365   349   321   387     0     0     0     0   0
1392280622478145      82555   350   357   334   381     0     0     0     0   0
1392280622537201      82603   346   358   338   379     0     0     0     0   0
1392280622558461      82655   338   372   326   386     0     0     0     0   0
1392280622601141      82704   348   367   321   386     0     0     0     0   0
1392280622685061      82752   353   370   333   376     0     0     0     0   0
1392280622733256      82808   343   383   340   366     0     0     0     0   0
1392280622773456      82852   337   390   331   374     0     0     0     0   0
1392280622820830      82900   339   384   325   384     0     0     0     0   0
1392280622852747      82952   346   391   328   379     0     0     0     0   0
1392280622942469      83004   363   385   334   395     0     0     0     0   0
1392280622985575      83056   382   382   357   369     0     0     0     0   0
1392280623031526      83105   391   388   354   389     0     0     0     0   0
1392280623075371      83157   380   394   338   410     0     0     0     0   0
1392280623115144      83205   362   424   330   406     0     0     0     0   0
1392280623156402      83257   385   389   329   419     0     0     0     0   0
1392280623242189      83309   374   389   343   417     0     0     0     0   0
1392280623286706      83357   368   392   335   427     0     0     0     0   0
1392280623331405      83409   367   398   326   431     0     0     0     0   0
1392280623375696      83458   387   367   341   427     0     0     0     0   0
1392280623416384      83506   407   352   345   419     0     0     0     0   0
1392280623458877      83562   381   378   326   404     0     0     0     0   0
1392280623545078      83610   388   344   347   398     0     0     0     0   0
1392280623587451      83662   385   349   356   387     0     0     0     0   0
1392280623643259      83714   389   350   345   393     0     0     0     0   0
1392280623689158      83758   363   365   345   404     0     0     0     0   0
1392280623728846      83815   360   360   358   399     0     0     0     0   0
1392280623773311      83867   324   381   357   415     0     0     0     0   0
1392280623812501      83911   349   357   380   391     0     0     0     0   0
1392280623900458      83963   347   383   345   403     0     0     0     0   0
1392280623943473      84011   356   396   337   389     0     0     0     0   0
1392280623985620      84063   339   394   351   393     0     0     0     0   0
1392280624031807      84111   354   395   343   385     0     0     0     0   0
1392280624072538      84164   383   371   353   370     0     0     0     0   0
1392280624114135      84216   375   376   352   375     0     0     0     0   0
1392280624204745      84260   378   373   371   355     0     0     0     0   0
1392280624242412      84316   383   372   365   357     0     0     0     0   0
1392280624285704      84368   375   393   352   356     0     0     0     0   0
1392280624326262      84416   345   385   360   388     0     0     0     0   0
1392280624368845      84460   360   368   377   372     0     0     0     0   0
1392280624452818      84516   336   398   352   391     0     0     0     0   0
1392280624498913      84569   354   381   384   358     0     0     0     0   0
1392280624542112      84617   361   376   392   348     0     0     0     0   0
1392280624583453      84669   381   367   376   352     0     0     0     0   0
1392280624630722      84721   348   372   380   377     0     0     0     0   0
1392280624665410      84769   343   389   368   378     0     0     0     0   0
1392280624752844      84821   350   392   361   374     0     0     0     0   0
1392280624795304      84869   360   380   370   367     0     0     0     0   0
1392280624840033      84922   355   389   373   360     0     0     0     0   0
1392280624880284      84966   362   400   351   364     0     0     0     0   0
1392280624922129      85022   359   384   363   371     0     0     0     0   0
1392280625006000      85074   354   371   373   378     0     0     0     0   0
1392280625051784      85122   362   356   377   382     0     0     0     0   0
1392280625098159      85174   357   356   378   386     0     0     0     0   0
1392280625143559      85222   359   352   381   385     0     0     0     0   0
1392280625183694      85274   364   350   369   395     0     0     0     0   0
1392280625228706      85327   364   360   369   385     0     0     0     0   0
1392280625312860      85375   349   371   352   404     0     0     0     0   0
1392280625356127      85423   337   386   353   400     0     0     0     0   0
1392280625399802      85475   364   364   357   392     0     0     0     0   0
1392280625427691      85523   369   367   353   388     0     0     0     0   0
1392280625511918      85575   374   361   352   390     0     0     0     0   0
1392280625555740      85628   385   345   374   372     0     0     0     0   0
1392280625602208      85672   375   363   363   376     0     0     0     0   0
1392280625637454      85724   377   366   355   379     0     0     0     0   0
1392280625681819      85776   377   370   341   390     0     0     0     0   0
1392280625762362      85828   371   373   340   392     0     0     0     0   0
1392280625815106      85880   383   357   342   394     0     0     0     0   0
1392280625853438      85928   372   379   354   372     0     0     0     0   0
1392280625885130      85980   379   372   357   368     0     0     0     0   0
1392280625964115      86033   376   370   366   365     0     0     0     0   0
1392280626007298      86081   373   378   360   367     0     0     0     0   0
1392280626050136      86133   376   374   361   366     0     0     0     0   0
1392280626093113      86181   380   372   358   367     0     0     0     0   0
1392280626135108      86233   384   367   380   358     0     0     0     0   0
1392280626214419      86281   407   368   401   369     0     0     0     0   0
1392280626261230      86333   405   371   394   375     0     0     0     0   0
1392280626309661      86378   398   387   379   381     0     0     0     0   0
1392280626349614      86430   383   396   373   392     0     0     0     0   0
1392280626394742      86482   378   399   369   397     0     0     0     0   0
1392280626434055      86534   387   403   361   393     0     0     0     0   0
1392280626520470      86586   376   394   381   394     0     0     0     0   0
1392280626579942      86634   377   406   376   387     0     0     0     0   0
1392280626607329      86686   384   388   388   384     0     0     0     0   0
1392280626649397      86731   400   379   402   363     0     0     0     0   0
1392280626691709      86783   388   391   385   380     0     0     0     0   0
1392280626771099      86831   380   394   403   367     0     0     0     0   0
1392280626812600      86883   367   404   396   378     0     0     0     0   0
1392280626856795      86935   369   405   393   377     0     0     0     0   0
1392280626899927      86983   386   391   405   362     0     0     0     0   0
1392280626935976      87035   380   402   393   369     0     0     0     0   0
1392280627019408      87084   351   427   387   379     0     0     0     0   0
1392280627063488      87136   358   414   388   385     0     0     0     0   0
1392280627108275      87188   370   412   385   378     0     0     0     0   0
1392280627150366      87236   363   404   370   397     0     0     0     0   0
1392280627190035      87284   379   392   379   384     0     0     0     0   0
1392280627273294      87340   364   408   375   387     0     0     0     0   0
1392280627316849      87388   371   400   379   383     0     0     0     0   0
1392280627360520      87437   350   415   368   400     0     0     0     0   0
1392280627404863      87485   368   403   380   383     0     0     0     0   0
1392280627441374      87537   362   358   372   341     0     0     0     0   0
1392280627532733      87593   362   360   358   352     0     0     0     0   0
1392280627573409      87641   360   354   356   352     0     0     0     0   0
1392280627619392      87689   337   335   327   334     0     0     0     0   0
1392280627659759      87737   333   336   329   335     0     0     0     0   0
1392280627709995      87789   332   332   339   329     0     0     0     0   0
1392280627751329      87842   335   333   337   327     0     0     0     0   0
1392280627787924      87886   321   343   332   346     0     0     0     0   0
1392280627874792      87938   341   349   349   338     0     0     0     0   0
1392280627917625      87990   342   357   357   344     0     0     0     0   0
1392280627962866      88042   341   352   370   336     0     0     0     0   0
1392280628002386      88090   347   351   371   340     0     0     0     0   0
1392280628046331      88142   348   350   375   348     0     0     0     0   0
1392280628095710      88191   344   353   365   360     0     0     0     0   0
1392280628178826      88243   339   352   369   361     0     0     0     0   0
1392280628222842      88287   335   363   368   367     0     0     0     0   0
1392280628265183      88339   345   347   382   357     0     0     0     0   0
1392280628304527      88395   366   338   379   349     0     0     0     0   0
1392280628350236      88448   363   342   393   347     0     0     0     0   0
1392280628431742      88496   354   337   394   360     0     0     0     0   0
1392280628475696      88540   360   339   392   354     0     0     0     0   0
1392280628516770      88592   358   352   376   358     0     0     0     0   0
1392280628558180      88644   358   349   389   349     0     0     0     0   0
1392280628603816      88700   363   342   391   348     0     0     0     0   0
1392280628644775      88744   346   358   394   347     0     0     0     0   0
1392280628728448      88797   339   367   382   355     0     0     0     0   0
1392280628770769      88849   350   364   375   356     0     0     0     0   0
1392280628821110      88897   341   371   368   364     0     0     0     0   0
1392280628856903      88949   349   370   366   360     0     0     0     0   0
1392280628903371      88993   342   377   365   361     0     0     0     0   0
1392280628942422      89046   348   364   374   358     0     0     0     0   0
1392280628991111      89094   346   371   366   362     0     0     0     0   0
1392280629074284      89146   369   347   373   355     0     0     0     0   0
1392280629119113      89194   352   372   358   362     0     0     0     0   0
1392280629163294      89246   373   365   356   351     0     0     0     0   0
1392280629213126      89294   363   346   367   368     0     0     0     0   0
1392280629249394      89346   342   360   370   372     0     0     0     0   0
1392280629292568      89395   350   360   376   369     0     0     0     0   0
1392280629375166      89447   356   355   398   358     0     0     0     0   0
1392280629418771      89495   369   349   389   360     0     0     0     0   0
1392280629457767      89547   344   373   374   386     0     0     0     0   0
1392280629500143      89599   363   363   384   380     0     0     0     0   0
1392280629544797      89651   366   355   395   374     0     0     0     0   0
1392280629630576      89696   382   352   390   365     0     0     0     0   0
1392280629672956      89748   356   380   372   382     0     0     0     0   0
1392280629721090      89804   355   387   365   381     0     0     0     0   0
1392280629761608      89848   348   392   365   385     0     0     0     0   0
1392280629806272      89900   384   351   382   372     0     0     0     0   0
1392280629852270      89948   372   356   387   374     0     0     0     0   0
1392280629932644      90005   377   358   386   368     0     0     0     0   0
1392280629972976      90049   353   382   372   383     0     0     0     0   0
1392280630020385      90101   378   354   383   374     0     0     0     0   0
1392280630055392      90153   367   363   381   378     0     0     0     0   0
1392280630104125      90201   365   364   382   379     0     0     0     0   0
1392280630184517      90257   357   360   378   394     0     0     0     0   0
1392280630226611      90302   353   366   379   390     0     0     0     0   0
1392280630270458      90354   368   334   406   381     0     0     0     0   0
1392280630316795      90402   366   318   418   376     0     0     0     0   0
1392280630358148      90462   360   334   417   367     0     0     0     0   0
1392280630443402      90506   368   328   417   365     0     0     0     0   0
1392280630486343      90558   373   344   390   360     0     0     0     0   0
1392280630532250      90611   369   350   384   364     0     0     0     0   0
1392280630573717      90659   363   360   377   366     0     0     0     0   0
1392280630616676      90711   362   360   373   371     0     0     0     0   0
1392280630660061      90763   377   340   399   350     0     0     0     0   0
1392280630747290      90811   384   350   374   346     0     0     0     0   0
1392280630792926      90863   370   326   402   347     0     0     0     0   0
1392280630836928      90915   363   326   389   332     0     0     0     0   0
1392280630876222      90964   352   331   385   342     0     0     0     0   0
1392280630920392      91012   341   292   367   310     0     0     0     0   0
1392280630963964      91064   338   278   380   314     0     0     0     0   0
1392280631054062      91112   341   281   384   304     0     0     0     0   0
1392280631090862      91164   331   297   356   336     0     0     0     0   0
1392280631134224      91216   329   309   355   326     0     0     0     0   0
1392280631177233      91260   318   312   338   330     0     0     0     0   0
1392280631222195      91317   321   299   337   321     0     0     0     0   0
1392280631263158      91369   340   285   343   310     0     0     0     0   0
1392280631350107      91417   338   284   351   304     0     0     0     0   0
1392280631391301      91469   343   288   350   316     0     0     0     0   0
1392280631432280      91517   329   305   353   322     0     0     0     0   0
1392280631476710      91569   342   299   349   319     0     0     0     0   0
1392280631514312      91613   332   307   349   321     0     0     0     0   0
1392280631601641      91670   350   295   344   320     0     0     0     0   0
1392280631644774      91722   347   297   355   343     0     0     0     0   0
1392280631685615      91770   349   298   349   347     0     0     0     0   0
1392280631730284      91818   356   329   347   355     0     0     0     0   0
1392280631773957      91870   356   347   358   350     0     0     0     0   0
1392280631859452      91922   381   332   373   336     0     0     0     0   0
1392280631903661      91966   376   332   371   343     0     0     0     0   0
1392280631943290      92023   379   322   365   343     0     0     0     0   0
1392280631987536      92071   371   334   355   362     0     0     0     0   0
1392280632032399      92123   373   343   363   343     0     0     0     0   0
1392280632071230      92171   374   334   366   348     0     0     0     0   0
1392280632156715      92223   372   333   358   359     0     0     0     0   0
1392280632195650      92271   378   321   363   360     0     0     0     0   0
1392280632237606      92319   378   317   366   361     0     0     0     0   0
1392280632281776      92372   376   326   362   358     0     0     0     0   0
1392280632327274      92424   352   350   359   360     0     0     0     0   0
1392280632371855      92472   358   354   343   366     0     0     0     0   0
1392280632455740      92528   358   348   358   358     0     0     0     0   0
1392280632495964      92580   359   358   357   348     0     0     0     0   0
1392280632536853      92628   349   367   359   346     0     0     0     0   0
1392280632580540      92680   329   315   315   383     0     0     0     0   0
1392280632624735      92729   318   301   310   381     0     0     0     0   0
1392280632708305      92777   322   305   327   356     0     0     0     0   0
1392280632748232      92829   320   317   313   361     0     0     0     0   0
1392280632792754      92881   304   337   308   360     0     0     0     0   0
1392280632835625      92929   318   329   296   367     0     0     0     0   0
1392280632919854      92981   311   338   316   367     0     0     0     0   0
1392280632961935      93033   324   343   335   375     0     0     0     0   0
1392280633003644      93086   330   361   329   403     0     0     0     0   0
1392280633045233      93138   355   362   348   390     0     0     0     0   0
1392280633090406      93186   356   364   348   387     0     0     0     0   0
1392280633136755      93234   340   402   337   410     0     0     0     0   0
1392280633221062      93286   353   401   342   416     0     0     0     0   0
1392280633264950      93338   368   381   357   405     0     0     0     0   0
1392280633308213      93382   378   378   361   395     0     0     0     0   0
1392280633346633      93438   373   372   361   405     0     0     0     0   0
1392280633395379      93487   370   367   379   396     0     0     0     0   0
1392280633442749      93539   350   386   359   416     0     0     0     0   0
1392280633483116      93583   340   407   346   418     0     0     0     0   0
1392280633570508      93639   344   406   337   424     0     0     0     0   0
1392280633614220      93683   349   410   325   427     0     0     0     0   0
1392280633649689      93739   373   390   340   408     0     0     0     0   0
1392280633694677      93787   376   380   353   403     0     0     0     0   0
1392280633745982      93836   379   380   342   411     0     0     0     0   0
1392280633783701      93888   368   385   340   418     0     0     0     0   0
1392280633869817      93940   366   394   332   419     0     0     0     0   0
1392280633909482      93992   371   388   332   421     0     0     0     0   0
1392280633952043      94040   375   381   338   418     0     0     0     0   0
1392280633996107      94088   362   394   337   418     0     0     0     0   0
1392280634039213      94140   363   369   346   389     0     0     0     0   0
1392280634121017      94189   352   348   345   365     0     0     0     0   0
1392280634167799      94241   336   357   349   368     0     0     0     0   0
1392280634209230      94289   344   353   340   373     0     0     0     0   0
1392280634254530      94341   340   353   347   370     0     0     0     0   0
1392280634297275      94389   340   356   341   373     0     0     0     0   0
1392280634337672      94441   316   371   338   385     0     0     0     0   0
1392280634421583      94493   325   369   334   382     0     0     0     0   0
1392280634465385      94542   344   349   346   370     0     0     0     0   0
1392280634505400      94590   348   357   346   358     0     0     0     0   0
1392280634552972      94646   311   333   331   302     0     0     0     0   0
1392280634598242      94690   283   273   292   250     0     0     0     0   0
1392280634637421      94746   263   250   282   222     0     0     0     0   0
1392280634722233      94790   249   234   270   211     0     0     0     0   0
1392280634771181      94838   167   294   161   343     0     0     0     0   0
1392280634808659      94891   294   171   286   120     0     0     0     0   0
1392280634854686      94943   237   211   250   140     0     0     0     0   0
1392280634903307      94991   217   160   239   143     0     0     0     0   0
1392280634943341      95039   190    91   203    87     0     0     0     0   0
1392280634986165      95091   307   138     5    10     0     0     0     0   0
1392280635074297      95143    76    68   153    84     0     0     0     0   0
1392280635119723      95191    65    37    41    17     0     0     0     0   0
1392280635161872      95244    19    33    19    28     0     0     0     0   0
1392280635207435      95296    10    10    10    10     0     0     0     0   0
1392280635250819      95344    10    10    10    10     0     0     0     0   0
1392280635289714      95392    10    10    10    10     0     0     0     0   0
1392280635385301      95440    10    10    10    10     0     0     0     0   0
1392280635425408      95492    10    10    10    10     0     0     0     0   0
1392280635467513      95545    10    10    10    10     0     0     0     0   0
1392280635508682      95597    10    10    10    10     0     0     0     0   0
1392280635557898      95649    10    10    10    10     0     0     0     0   0
1392280635597035      95701    10    10    10    10     0     0     0     0   0
1392280635679842      95749    10    10    10    10     0     0     0     0   0
1392280635722671      95801    10    10    10    10     0     0     0     0   0
1392280635766469      95845    10    10    10    10     0     0     0     0   0
1392280635809135      95902    10    10    10    10     0     0     0     0   0
1392280635853957      95950    10    10    10    10     0     0     0     0   0
1392280635895342      96002    10    10    10    10     0     0     0     0   0
1392280635981520      96050    10    10    10    10     0     0     0     0   0
1392280636024308      96102    10    10    10    10     0     0     0     0   0
1392280636068604      96146    10    10    10    10     0     0     0     0   0
1392280636111426      96202    10    10    10    10     0     0     0     0   0
1392280636148804      96251    10    10    10    10     0     0     0     0   0
1392280636231357      96299    10    10    10    10     0     0     0     0   0
1392280636275259      96351     0     0     0     0     0     0     0     0   0
1392280636321666      96403     0     0     0     0     0     0     0     0   0
1392280636366321      96447     0     0     0     0     0     0     0     0   0
1392280636416706      96499     0     0     0     0     0     0     0     0   0
1392280636463235      96547     0     0     0     0     0     0     0     0   0
1392280636507956      96600     0     0     0     0     0     0     0     0   0
1392280636556713      96648     0     0     0     0     0     0     0     0   0
1392280636607878      96700     0     0     0     0     0     0     0     0   0
1392280636644678      96748     0     0     0     0     0     0     0     0   0
1392280636735283      96800     0     0     0     0     0     0     0     0   0
1392280636784105      96848     0     0     0     0     0     0     0     0   0
1392280636831311      96901     0     0     0     0     0     0     0     0   0
1392280636875472      96949     0     0     0     0     0     0     0     0   0
1392280636924299      97001     0     0     0     0     0     0     0     0   0
1392280636972368      97053     0     0     0     0     0     0     0     0   0
1392280637016369      97101     0     0     0     0     0     0     0     0   0
1392280637071168      97149     0     0     0     0     0     0     0     0   0
1392280637114506      97202     0     0     0     0     0     0     0     0   0
1392280637159927      97254     0     0     0     0     0     0     0     0   0
1392280637208806      97302     0     0     0     0     0     0     0     0   0
1392280637254516      97354     0     0     0     0     0     0     0     0   0
1392280637341033      97402     0     0     0     0     0     0     0     0   0
1392280637387392      97454     0     0     0     0     0     0     0     0   0
1392280637433484      97498     0     0     0     0     0     0     0     0   0
1392280637485982      97551     0     0     0     0     0     0     0     0   0
1392280637528267      97603     0     0     0     0     0     0     0     0   0
1392280637579885      97655     0     0     0     0     0     0     0     0   0
1392280637622072      97699     0     0     0     0     0     0     0     0   0
1392280637671651      97751     0     0     0     0     0     0     0     0   0
1392280637719434      97803     0     0     0     0     0     0     0     0   0
1392280637764624      97852     0     0     0     0     0     0     0     0   0
1392280637814132      97904     0     0     0     0     0     0     0     0   0
1392280637859369      97956     0     0     0     0     0     0     0     0   0
1392280637904649      98000     0     0     0     0     0     0     0     0   0
1392280637994827      98056     0     0     0     0     0     0     0     0   0
1392280638043292      98104     0     0     0     0     0     0     0     0   0
1392280638088965      98152     0     0     0     0     0     0     0     0   0
1392280638134126      98204     0     0     0     0     0     0     0     0   0
1392280638180632      98253     0     0     0     0     0     0     0     0   0
1392280638227695      98305     0     0     0     0     0     0     0     0   0
1392280638272462      98357     0     0     0     0     0     0     0     0   0
1392280638318191      98409     0     0     0     0     0     0     0     0   0
1392280638360028      98457     0     0     0     0     0     0     0     0   0
1392280638411374      98513     0     0     0     0     0     0     0     0   0
1392280638500614      98558     0     0     0     0     0     0     0     0   0
1392280638548757      98610     0     0     0     0     0     0     0     0   0
1392280638593241      98658     0     0     0     0     0     0     0     0   0
1392280638641912      98714     0     0     0     0     0     0     0     0   0
1392280638686854      98762     0     0     0     0     0     0     0     0   0
1392280638733416      98810     0     0     0     0     0     0     0     0   0
1392280638783353      98863     0     0     0     0     0     0     0     0   0
1392280638832502      98915     0     0     0     0     0     0     0     0   0
