1392280589705580          4          4          4   788 12180     0     0     0     0     0     0     0   1
1392280590825766          4          4          4   813 12181     0     0     0     0     0     0     0   1
1392280591968265          4          4          4   838 12181     0     0     0     0     0     0     0   1
1392280593075527          4          4          4   840 12182     0     0     0     0     0     0     0   1
1392280594208638          4          4          4   832 12178     0     0     0     0     0     0     0   1
1392280595338693          4          4          4   845 12102     0     0     0     0     0     0     0   0
1392280596449431          4          4          4   811 12079     0     0     0     0     0     0     0   0
1392280597600449          4          4          4   834 11943     0     0     0     0     0     0     0   0
1392280598699813          4          4          4   843 11834     0     0     0     0     0     0     0   0
1392280599840863          4          4          4   853 11752     0     0     0     0     0     0     0   0
1392280600981599          4          4          4   849 11693     0     0     0     0     0     0     0   0
1392280602116353          4          4          4   844 11668     0     0     0     0     0     0     0   0
1392280603259758          4          4          4   839 11665     0     0     0     0     0     0     0   0
1392280604398793          4          4          4   824 11624     0     0     0     0     0     0     0   0
1392280605485768          4          4          4   826 11621     0     0     0     0     0     0     0   0
1392280606651765          4          4          4   826 11620     0     0     0     0     0     0     0   0
1392280607768819          4          4          4   851 11607     0     0     0     0     0     0     0   0
1392280608895505          4          4          4   844 11596     0     0     0     0     0     0     0   0
1392280610008141          4          4          4   855 11589     0     0     0     0     0     0     0   0
1392280611166509          4          4          4   844 11581     0     0     0     0     0     0     0   0
1392280612292725          4          4          4   832 11570     0     0     0     0     0     0     0   0
1392280613400875          4          4          4   836 11561     0     0     0     0     0     0     0   0
1392280614515786          4          4          4   850 11561     0     0     0     0     0     0     0   0
1392280615678238          4          4          4   864 11551     0     0     0     0     0     0     0   0
1392280616801472          4          4          4   855 11536     0     0     0     0     0     0     0   0
1392280617921003          4          4          4   847 11522     0     0     0     0     0     0     0   0
1392280619084589          4          4          4   855 11518     0     0     0     0     0     0     0   0
1392280620234273          4          4          4   853 11519     0     0     0     0     0     0     0   0
1392280621351299          4          4          4   850 11522     0     0     0     0     0     0     0   0
1392280622478382          4          4          4   843 11523     0     0     0     0     0     0     0   0
1392280623643339          4          4          4   848 11497     0     0     0     0     0     0     0   0
1392280624753149          4          4          4   835 11486     0     0     0     0     0     0     0   0
1392280625884967          4          4          4   844 11486     0     0     0     0     0     0     0   0
1392280627019595          4          4          4   836 11463     0     0     0     0     0     0     0   0
1392280628135444          4          4          4   854 11469     0     0     0     0     0     0     0   0
1392280629290513          4          4          4   846 11474     0     0     0     0     0     0     0   0
1392280630399918          4          4          4   860 11464     0     0     0     0     0     0     0   0
1392280631558819          4          4          4   853 11470     0     0     0     0     0     0     0   0
1392280632707996          4          4          4   843 11482     0     0     0     0     0     0     0   0
1392280633869577          4          4          4   859 11470     0     0     0     0     0     0     0   0
1392280635027337          4          4          4   844 11516     0     0     0     0     0     0     0   0
1392280636148538          4          4          4   856 11697     0     0     0     0     0     0     0   0
1392280637296537          4          4          4   856 11803     0     0     0     0     0     0     0   0
1392280638360175          4          4          4   831 11875     0     0     0     0     0     0     0   0
