1391689827776138      65536   2  12  81   3   3
1391689827812279      65536   2  12  81   3   3
1391689828091196      65536   2  12  81   3   3
1391689828420790      65536   2  12  81   3   3
1391689828701522      65536   2  12  81   3   3
1391689828887243      65536   2  12  81   3   3
1391689828980004      65536   2  12  81   3   3
1391689829302514      65536   2  12  81   3   3
1391689829581073      65536   2  12  81   3   3
1391689829908906      65536   2  12  81   3   3
1391689829999150      65536   2  12  81   3   3
1391689830184255      65536   2  12  81   3   3
1391689830510808      65536   2  12  81   3   3
1391689830793717      65536   2  12  81   3   3
1391689831114494      65536   2  12  81   3   3
1391689831114870      65536   2  12  81   3   3
1391689831405438      65536   2  12  81   3   3
1391689831719011      65536   2  12  81   3   3
1391689832016661      65536   2  12  81   3   3
1391689832277105      65536   2  12  81   3   3
1391689832322991      65536   2  12  81   3   3
1391689832596611      65536   2  12  81   3   3
1391689832916628      65536   2  12  81   3   3
1391689833195979      65536   2  12  81   3   3
1391689833380026      65536   2  12  81   3   3
1391689833517605      65536   2  12  81   3   3
1391689833797229      65536   2  12  81   3   3
1391689834115235      65536   2  12  81   3   3
1391689834393274      65536   2  12  81   3   3
1391689834523988      65536   2  12  81   3   3
1391689834718339      65536   2  12  81   3   3
1391689834985509      65536   2  12  81   3   3
1391689835307044      65536   2  12  81   3   3
1391689835611459      65536   2  12  81   3   3
1391689835611994      65536   2  12  81   3   3
1391689835925406      65536   2  12  81   3   3
1391689836202011      65536   2  12  81   3   3
1391689836517057      65536   2  12  81   3   3
1391689836744533      65536   2  12  81   3   3
1391689836792336      65536   2  12  81   3   3
1391689837113550      65536   2  12  81   3   3
1391689837392408      65536   2  12  81   3   3
1391689837671848      65536   2  12  81   3   3
1391689837811922      65536   2  12  81   3   3
1391689837950406      65536   2  12  81   3   3
1391689838277852      65536   2  12  81   3   3
1391689838550577      65536   2  12  81   3   3
1391689838862826      65536   2  12  81   3   3
1391689838912432      65536   2  12  81   3   3
1391689839148476      65536   2  12  81   3   3
1391689839473734      65536   2  12  81   3   3
1391689839756285      65536   2  12  81   3   3
1391689840073232      65536   2  12  81   3   3
1391689840073646      65536   2  12  81   3   3
1391689840357575      65536   2  12  81   3   3
1391689840684415      65536   2  12  81   3   3
1391689840984213      65536   2  12  81   3   3
1391689841166581      65536   2  12  81   3   3
1391689841260922      65536   2  12  81   3   3
1391689841587916      65536   2  12  81   3   3
1391689841879495      65536   2  12  81   3   3
1391689842163346      65536   2  12  81   3   3
1391689842301152      65536   2  12  81   3   3
1391689842476885      65536   2  12  81   3   3
1391689842776337      65536   2  12  81   3   3
1391689843080941      65536   2  12  81   3   3
1391689843360724      65536   2  12  81   3   3
1391689843403317      65536   2  12  81   3   3
1391689843681929      65536   2  12  81   3   3
1391689843964981      65536   2  12  81   3   3
1391689844241238      65536   2  12  81   3   3
1391689844564167      65536   2  12  81   3   3
1391689844564679      65536   2  12  81   3   3
1391689844846539      65536   2  12  81   3   3
1391689845171913      65536   2  12  81   3   3
1391689845456607      65536   2  12  81   3   3
1391689845687302      65536   2  12  81   3   3
1391689845788401      65536   2  12  81   3   3
1391689846050852      65536   2  12  81   3   3
1391689846383488      65536   2  12  81   3   3
1391689846666284      65536   2  12  81   3   3
1391689846789485      65536   2  12  81   3   3
1391689846972718      65536   2  12  81   3   3
1391689847253216      65536   2  12  81   3   3
1391689847579213      65536   2  12  81   3   3
1391689847860169      65536   2  12  81   3   3
1391689847946580      65536   2  12  81   3   3
1391689848169543      65536   2  12  81   3   3
1391689848468439      65536   2  12  81   3   3
1391689848771916      65536   2  12  81   3   3
1391689849066837      65536   2  12  81   3   3
1391689849067188      65536   2  12  81   3   3
1391689849381265      65536   2  12  81   3   3
1391689849659212      65536   2  12  81   3   3
1391689849976480      65536   2  12  81   3   3
1391689850207844      65536   2  12  81   3   3
1391689850255356      65536   2  12  81   3   3
1391689850582509      65536   2  12  81   3   3
1391689850883369      65536   2  12  81   3   3
1391689851164461      65536   2  12  81   3   3
1391689851308759      65536   2  12  81   3   3
1391689851468503      65536   2  12  81   3   3
1391689851751444      65536   2  12  81   3   3
1391689852068496      65536   2  12  81   3   3
1391689852364915      65536   2  12  81   3   3
1391689852396841      65536   2  12  81   3   3
1391689852672402      65536   2  12  81   3   3
1391689852952712      65536   2  12  81   3   3
1391689853268954      65536   2  12  81   3   3
1391689853501546      65536   2  12  81   3   3
1391689853586119      65536   2  12  81   3   3
1391689853865385      65536   2  12  81   3   3
1391689854179883      65536   2  12  81   3   3
1391689854488214      65536   2  12  81   3   3
1391689854617810      65536   2  12  81   3   3
1391689854756398      65536   2  12  81   3   3
1391689855082146      65536   2  12  81   3   3
1391689855361416      65536   2  12  81   3   3
1391689855666406      65536   2  12  81   3   3
1391689855753013      65536   2  12  81   3   3
1391689855978822      65536   2  12  81   3   3
1391689856266295      65536   2  12  81   3   3
1391689856576210      65536   2  12  81   3   3
1391689856873621      65536   2  12  81   3   3
1391689856873862      65536   2  12  81   3   3
1391689857153927      65536   2  12  81   3   3
1391689857476680      65536   2  12  81   3   3
1391689857760326      65536   2  12  81   3   3
1391689857990856      65536   2  12  81   3   3
1391689858077745      65536   2  12  81   3   3
1391689858357127      65536   2  12  81   3   3
1391689858678377      65536   2  12  81   3   3
1391689858960887      65536   2  12  81   3   3
1391689859101257      65536   2  12  81   3   3
1391689859283364      65536   2  12  81   3   3
1391689859557308      65536   2  12  81   3   3
1391689859867823      65536   2  12  81   3   3
1391689860191999      65536   2  12  81   3   3
1391689860193267      65536   2  12  81   3   3
1391689860475542      65536   2  12  81   3   3
1391689860752185      65536   2  12  81   3   3
1391689861077251      65536   2  12  81   3   3
1391689861301878      65536   2  12  81   3   3
1391689861390578      65536   2  12  81   3   3
1391689861662010      65536   2  12  81   3   3
1391689861984494      65536   2  12  81   3   3
1391689862253841      65536   2  12  81   3   3
1391689862437379      65536   2  12  81   3   3
1391689862576893      65536   2  12  81   3   3
1391689862852876      65536   2  12  81   3   3
1391689863158345      65536   2  12 209   4   3
1391689863464016      65536   2  12 209   4   3
1391689863596771      65536   2  12 209   4   3
1391689863766513      65536   2  12 209   4   3
1391689864062441      65536   2  12 209   4   3
1391689864354387      65536   2  12 209   4   3
1391689864688929      65536   2  12 209   4   3
1391689864689450      65536   2  12 209   4   3
1391689864965818      65536   2  12 209   4   3
1391689865257239      65536   2  12 209   4   3
1391689865559868      65536   2  12 209   4   3
1391689865825365      65536   2  12 209   4   3
1391689865872901      65536   2  12 209   4   3
1391689866172925      65536   2  12 209   4   3
1391689866470008      65536   2  12 209   4   3
1391689866764080      65536   2  12 209   4   3
1391689866976047      65536   2  12 209   4   3
1391689867070983      65536   2  12 209   4   3
1391689867372934      65536   2  12 209   4   3
1391689867678522      65536   2  12 209   4   3
1391689867970780      65536   2  12 209   4   3
1391689868142673      65536   2  12 209   4   3
1391689868270324      65536   2  12 209   4   3
1391689868562198      65536   2  12 209   4   3
1391689868869500      65536   2  12 209   4   3
1391689869169070      65536   2  12 209   4   3
1391689869255652      65536   2  12 209   4   3
1391689869468162      65536   2  12 209   4   3
1391689869761761      65536   2  12 209   4   3
1391689870068291      65536   2  12 209   4   3
1391689870362806      65536   2  12 209   4   3
1391689870363187      65536   2  12 209   4   3
1391689870661863      65536   2  12 209   4   3
1391689870960705      65536   2  12 209   4   3
1391689871270186      65536   2  12 209   4   3
1391689871488161      65536   2  12 209   4   3
1391689871573338      65536   2  12 209   4   3
1391689871874358      65536   2  12 209   4   3
1391689872197531      65536   2  12 209   4   3
1391689872496785      65536   2  12 209   4   3
1391689872622980      65536   2  12 209   4   3
1391689872787386      65536   2  12 209   4   3
1391689873089310      65536   2  12 209   4   3
1391689873385137      65536   2  12 209   4   3
1391689873690701      65536   2  12 209   4   3
1391689873734036      65536   2  12 209   4   3
1391689873978646      65536   2  12 209   4   3
1391689874281905      65536   2  12 209   4   3
1391689874581194      65536   2  12 209   4   3
1391689874882618      65536   2  12 209   4   3
1391689874882949      65536   2  12 209   4   3
1391689875180857      65536   2  12 209   4   3
1391689875486967      65536   2  12 209   4   3
1391689875780381      65536   2  12 209   4   3
1391689875987798      65536   2  12 209   4   3
1391689876082588      65536   2  12 209   4   3
1391689876377566      65536   2  12 209   4   3
1391689876676750      65536   2  12 209   4   3
1391689876977057      65536   2  12 209   4   3
1391689877147237      65536   2  12 209   4   3
1391689877276960      65536   2  12 209   4   3
1391689877576440      65536   2  12 209   4   3
1391689877865665      65536   2  12 209   4   3
1391689878166089      65536   2  12 209   4   3
1391689878289257      65536   2  12 209   4   3
1391689878503483      65536   2  12 209   4   3
1391689878804949      65536   2  12 209   4   3
1391689879102765      65536   2  12 209   4   3
1391689879403944      65536   2  12 209   4   3
1391689879404947      65536   2  12 209   4   3
1391689879701760      65536   2  12 209   4   3
1391689879997186      65536   2  12 209   4   3
1391689880265779      65536   2  12 209   4   3
1391689880522339      65536   2  12 209   4   3
1391689880564638      65536   2  12 209   4   3
1391689880878996      65536   2  12 209   4   3
1391689881175050      65536   2  12 209   4   3
1391689881496291      65536   2  12 209   4   3
1391689881703587      65536   2  12 209   4   3
1391689881789416      65536   2  12 209   4   3
1391689882091095      65536   2  12 209   4   3
1391689882385635      65536   2  12 209   4   3
1391689882678420      65536   2  12 209   4   3
1391689882812768      65536   2  12 209   4   3
1391689882981097      65536   2  12 209   4   3
1391689883274808      65536   2  12 209   4   3
1391689883581722      65536   2  12 209   4   3
1391689883871388      65536   2  12 209   4   3
1391689883958822      65536   2  12 209   4   3
1391689884214462      65536   2  12 209   4   3
1391689884511436      65536   2  12 209   4   3
1391689884814190      65536   2  12 209   4   3
1391689885073097      65536   2  12 209   4   3
1391689885114438      65536   2  12 209   4   3
1391689885409181      65536   2  12 209   4   3
1391689885701350      65536   2  12 209   4   3
1391689886010490      65536   2  12 209   4   3
1391689886259965      65536   2  12 209   4   3
1391689886300027      65536   2  12 209   4   3
1391689886570973      65536   2  12 209   4   3
1391689886878315      65536   2  12 209   4   3
1391689887205878      65536   2  12 209   4   3
1391689887401539      65536   2  12 209   4   3
1391689887482556      65536   2  12 209   4   3
1391689887785788      65536   2  12 209   4   3
1391689888086592      65536   2  12 209   4   3
1391689888377749      65536   2  12 209   4   3
1391689888556477      65536   2  12 209   4   3
1391689888686435      65536   2  12 209   4   3
1391689888983270      65536   2  12 209   4   3
1391689889289413      65536   2  12 209   4   3
1391689889588892      65536   2  12 209   4   3
1391689889670867      65536   2  12 209   4   3
1391689889890950      65536   2  12 209   4   3
1391689890189862      65536   2  12 209   4   3
1391689890486834      65536   2  12 209   4   3
1391689890784432      65536   2  12 209   4   3
1391689890784606      65536   2  12 209   4   3
1391689891083546      65536   2  12 209   4   3
1391689891384231      65536   2  12 209   4   3
1391689891723109      65536   2  12 209   4   3
1391689891930481      65536   2  12 209   4   3
1391689892022366      65536   2  12 209   4   3
1391689892314577      65536   2  12 209   4   3
1391689892614788      65536   2  12 209   4   3
1391689892879565      65536   2  12 209   4   3
1391689893049728      65536   2  12 209   4   3
1391689893178959      65536   2  12 209   4   3
1391689893479481      65536   2  12 209   4   3
1391689893775845      65536   2  12 209   4   3
1391689894088103      65536   2  12 209   4   3
1391689894204877      65536   2  12 209   4   3
1391689894382652      65536   2  12 209   4   3
1391689894715501      65536   2  12 209   4   3
1391689895059161      65536   2  12 209   4   3
1391689895277860      65536   2  12 209   4   3
1391689895314200      65536   2  12 209   4   3
1391689895615078      65536   2  12 209   4   3
1391689895901219      65536   2  12 209   4   3
1391689896230139      65536   2  12 209   4   3
1391689896438081      65536   2  12 209   4   3
1391689896517063      65536   2  12 209   4   3
1391689896818219      65536   2  12 209   4   3
1391689897115347      65536   2  12 209   4   3
1391689897397467      65536   2  12 209   4   3
1391689897538614      65536   2  12 209   4   3
1391689897644439      65536   2  12 209   4   3
1391689897968491      65536   2  12 209   4   3
1391689898264220      65536   2  12 209   4   3
1391689898568460      65536   2  12 209   4   3
1391689898650107      65536   2  12 209   4   3
1391689898860695      65536   2  12 209   4   3
1391689899159989      65536   2  12 209   4   3
1391689899466696      65536   2  12 209   4   3
1391689899729486      65536   2  12 209   4   3
1391689899758316      65536   2  12 209   4   3
1391689900059173      65536   2  12 209   4   3
1391689900360825      65536   2  12 209   4   3
1391689900657222      65536   2  12 209   4   3
1391689900870603      65536   2  12 209   4   3
1391689900948749      65536   2  12 209   4   3
1391689901251204      65536   2  12 209   4   3
1391689901551837      65536   2  12 209   4   3
1391689901851542      65536   2  12 209   4   3
1391689902020548      65536   2  12 209   4   3
1391689902147470      65536   2  12 209   4   3
1391689902443231      65536   2  12 209   4   3
1391689902737092      65536   2  12 209   4   3
1391689903080474      65536   2  12 209   4   3
1391689903167487      65536   2  12 209   4   3
1391689903370823      65536   2  12 209   4   3
1391689903675085      65536   2  12 209   4   3
1391689903968268      65536   2  12 209   4   3
1391689904258159      65536   2  12 209   4   3
1391689904258338      65536   2  12 209   4   3
1391689904556639      65536   2  12 209   4   3
1391689904861925      65536   2  12 209   4   3
1391689905158054      65536   2  12 209   4   3
1391689905427122      65536   2  12 209   4   3
1391689905466522      65536   2  12 209   4   3
1391689905764941      65536   2  12 209   4   3
1391689906065541      65536   2  12 209   4   3
1391689906364018      65536   2  12 209   4   3
1391689906576724      65536   2  12 209   4   3
1391689906657185      65536   2  12 209   4   3
1391689906958479      65536   2  12 209   4   3
1391689907242479      65536   2  12 209   4   3
1391689907556439      65536   2  12 209   4   3
1391689907675017      65536   2  12 209   4   3
1391689907841338      65536   2  12 209   4   3
1391689908178355      65536   2  12 209   4   3
1391689908442213      65536   2  12 209   4   3
1391689908776123      65536   2  12 209   4   3
1391689908812484      65536   2  12 209   4   3
1391689909068351      65536   2  12 209   4   3
1391689909367847      65536   2  12 209   4   3
1391689909668749      65536   2  12 209   4   3
1391689909928078      65536   2  12 209   4   3
1391689909965345      65536   2  12 209   4   3
1391689910261903      65536   2  12 209   4   3
1391689910566092      65536   2  12 209   4   3
1391689910866199      65536   2  12 209   4   3
1391689911116850      65536   2  12 209   4   3
1391689911160559      65536   2  12 209   4   3
1391689911460786      65536   2  12 209   4   3
1391689911762492      65536   2  12 209   4   3
1391689912056084      65536   2  12 209   4   3
1391689912267222      65536   2  12 209   4   3
1391689912351060      65536   2  12 209   4   3
1391689912663113      65536   2  12 209   4   3
1391689912960650      65536   2  12 209   4   3
1391689913250459      65536   2  12 209   4   3
1391689913384175      65536   2  12 209   4   3
1391689913554537      65536   2  12 209   4   3
1391689913848487      65536   2  12 209   4   3
1391689914146363      65536   2  12 209   4   3
1391689914442982      65536   2  12 209   4   3
1391689914524871      65536   2  12 209   4   3
1391689914762165      65536   2  12 209   4   3
1391689915064574      65536   2  12 209   4   3
1391689915368487      65536   2  12 209   4   3
1391689915660759      65536   2  12 209   4   3
1391689915660823      65536   2  12 209   4   3
1391689915960062      65536   2  12 209   4   3
1391689916253255      65536   2  12 209   4   3
1391689916569822      65536   2  12 209   4   3
1391689916820874      65536   2  12 209   4   3
1391689916871485      65536   2  12 209   4   3
1391689917171257      65536   2  12 209   4   3
1391689917470605      65536   2  12 209   4   3
1391689917775911      65536   2  12 209   4   3
1391689917991017      65536   2  12 209   4   3
1391689918072853      65536   2  12 209   4   3
1391689918373082      65536   2  12 209   4   3
1391689918669334      65536   2  12 209   4   3
1391689918977129      65536   2  12 209   4   3
1391689919134373      65536   2  12 209   4   3
1391689919266157      65536   2  12 209   4   3
1391689919580637      65536   2  12 209   4   3
1391689919856805      65536   2  12 209   4   3
1391689920161733      65536   2  12 209   4   3
1391689920241753      65536   2  12 209   4   3
1391689920454964      65536   2  12 209   4   3
1391689920753478      65536   2  12 209   4   3
1391689921057559      65536   2  12 209   4   3
1391689921359939      65536   2  12 209   4   3
1391689921360025      65536   2  12 209   4   3
1391689921653865      65536   2  12 209   4   3
1391689921950478      65536   2  12 209   4   3
1391689922282080      65536   2  12 209   4   3
1391689922514237      65536   2  12 209   4   3
1391689922558152      65536   2  12 209   4   3
1391689922871314      65536   2  12 209   4   3
1391689923163903      65536   2  12 209   4   3
1391689923461621      65536   2  12 209   4   3
1391689923673257      65536   2  12 209   4   3
1391689923759240      65536   2  12 209   4   3
1391689924060297      65536   2  12 209   4   3
1391689924366263      65536   2  12 209   4   3
1391689924662521      65536   2  12 209   4   3
1391689924788051      65536   2  12 209   4   3
1391689924961543      65536   2  12 209   4   3
1391689925297474      65536   2  12 209   4   3
1391689925561549      65536   2  12 209   4   3
1391689925894398      65536   2  12 209   4   3
1391689925943195      65536   2  12 209   4   3
1391689926192299      65536   2  12 209   4   3
1391689926490507      65536   2  12 209   4   3
1391689926781845      65536   2  12 209   4   3
1391689927085597      65536   2  12 209   4   3
1391689927085747      65536   2  12 209   4   3
1391689927386195      65536   2  12 209   4   3
1391689927697901      65536   2  12 209   4   3
1391689927958400      65536   2  12 209   4   3
1391689928215163      65536   2  12 209   4   3
1391689928258998      65536   2  12 209   4   3
1391689928561843      65536   2  12 209   4   3
1391689928862722      65536   2  12 209   4   3
1391689929161924      65536   2  12 209   4   3
1391689929370398      65536   2  12 209   4   3
1391689929464359      65536   2  12 209   4   3
1391689929760142      65536   2  12 209   4   3
1391689930065232      65536   2  12 209   4   3
1391689930363207      65536   2  12 209   4   3
1391689930482418      65536   2  12 209   4   3
1391689930662977      65536   2  12 209   4   3
1391689930993324      65536   2  12 209   4   3
1391689931290998      65536   2  12 209   4   3
1391689931591104      65536   2  12 209   4   3
1391689931593732      65536   2  12 209   4   3
1391689931884721      65536   2  12 209   4   3
1391689932184521      65536   2  12 209   4   3
1391689932483019      65536   2  12 209   4   3
1391689932740131      65536   2  12 209   4   3
1391689932782565      65536   2  12 209   4   3
1391689933082186      65536   2  12 209   4   3
1391689933387915      65536   2  12 209   4   3
1391689933686160      65536   2  12 209   4   3
1391689933859350      65536   2  12 209   4   3
1391689933984741      65536   2  12 209   4   3
1391689934272462      65536   2  12 209   4   3
1391689934577939      65536   2  12 209   4   3
1391689934870802      65536   2  12 209   4   3
1391689935041983      65536   2  12 209   4   3
1391689935194397      65536   2  12 209   4   3
1391689935494312      65536   2  12 209   4   3
1391689935793466      65536   2  12 209   4   3
1391689936095192      65536   2  12 209   4   3
1391689936152352      65536   2  12 209   4   3
1391689936366304      65536   2  12 209   4   3
1391689936692721      65536   2  12 209   4   3
1391689936969032      65536   2  12 209   4   3
1391689937271034      65536   2  12 209   4   3
1391689937271087      65536   2  12 209   4   3
1391689937577056      65536   2  12 209   4   3
1391689937905270      65536   2  12 209   4   3
1391689938203936      65536   2  12 209   4   3
1391689938384810      65536   2  12 209   4   3
1391689938502673      65536   2  12 209   4   3
1391689938763435      65536   2  12 209   4   3
1391689939064152      65536   2  12 209   4   3
1391689939376769      65536   2  12 209   4   3
1391689939536142      65536   2  12 209   4   3
1391689939691199      65536   2  12 209   4   3
1391689939966484      65536   2  12 209   4   3
1391689940266840      65536   2  12 209   4   3
1391689940571017      65536   2  12 209   4   3
1391689940659166      65536   2  12 209   4   3
1391689940872249      65536   2  12 209   4   3
1391689941174238      65536   2  12 209   4   3
1391689941470199      65536   2  12 209   4   3
1391689941783421      65536   2  12 209   4   3
1391689941808659      65536   2  12 209   4   3
1391689942104849      65536   2  12 209   4   3
1391689942406354      65536   2  12 209   4   3
1391689942703501      65536   2  12 209   4   3
1391689942936372      65536   2  12 209   4   3
1391689942984637      65536   2  12  81   3   3
1391689943311144      65536   2  12  81   3   3
1391689943587328      65536   2  12  81   3   3
1391689943870243      65536   2  12  81   3   3
1391689944057302      65536   2  12  81   3   3
1391689944205617      65536   2  12  81   3   3
1391689944484574      65536   2  12  81   3   3
1391689944777114      65536   2  12  81   3   3
1391689945096242      65536   2  12  81   3   3
1391689945246426      65536   2  12  81   3   3
1391689945383401      65536   2  12  81   3   3
1391689945705817      65536   2  12  81   3   3
1391689945982482      65536   2  12  81   3   3
1391689946309876      65536   2  12  81   3   3
1391689946353610      65536   2  12  81   3   3
1391689946591882      65536   2  12  81   3   3
1391689946892628      65536   2  12  81   3   3
1391689947195419      65536   2  12  81   3   3
1391689947457174      65536   2  12  81   3   3
1391689947506018      65536   2  12  81   3   3
1391689947802794      65536   2  12  81   3   3
1391689948090415      65536   2  12  81   3   3
1391689948406667      65536   2  12  81   3   3
1391689948595886      65536   2  12  81   3   3
1391689948688806      65536   2  12  81   3   3
1391689948974623      65536   2  12  81   3   3
