1392280589205207      49244 -0.226444  0.143922  0.000000  0.000000
1392280589248590      49292 -0.226345  0.143904  0.000000  0.000000
1392280589295238      49344 -0.226057  0.144053  0.000000  0.000000
1392280589381171      49392 -0.226238  0.143959  0.000000  0.000000
1392280589432715      49440 -0.226194  0.143686  0.000000  0.000000
1392280589477114      49492 -0.225830  0.143652  0.000000  0.000000
1392280589525942      49541 -0.225516  0.143711  0.000000  0.000000
1392280589573349      49593 -0.225352  0.143840  0.000000  0.000000
1392280589617152      49641 -0.225110  0.143757  0.000000  0.000000
1392280589662692      49693 -0.225106  0.143711  0.000000  0.000000
1392280589705522      49741 -0.224756  0.143533  0.000000  0.000000
1392280589753795      49793 -0.224882  0.143640  0.000000  0.000000
1392280589799279      49845 -0.224954  0.143857  0.000000  0.000000
1392280589847364      49894 -0.224952  0.143879  0.000000  0.000000
1392280589894788      49946 -0.225147  0.144072  0.000000  0.000000
1392280589941187      49994 -0.225102  0.144332  0.000000  0.000000
1392280590031480      50046 -0.224966  0.144449  0.000000  0.000000
1392280590084744      50098 -0.225295  0.144449  0.000000  0.000000
1392280590128902      50146 -0.225095  0.144403  0.000000  0.000000
1392280590176778      50195 -0.224784  0.143958  0.000000  0.000000
1392280590219949      50246 -0.224551  0.143896  0.000000  0.000000
1392280590265909      50295 -0.224640  0.143671  0.000000  0.000000
1392280590313776      50347 -0.224029  0.143687  0.000000  0.000000
1392280590360171      50395 -0.224130  0.143355  0.000000  0.000000
1392280590405152      50447 -0.224177  0.143228  0.000000  0.000000
1392280590449653      50500 -0.223747  0.143048  0.000000  0.000000
1392280590500737      50551 -0.224017  0.142853  0.000000  0.000000
1392280590595542      50600 -0.223896  0.142878  0.000000  0.000000
1392280590637233      50652 -0.223987  0.142903  0.000000  0.000000
1392280590688446      50700 -0.224129  0.143206  0.000000  0.000000
1392280590733087      50752 -0.224032  0.143349  0.000000  0.000000
1392280590780641      50804 -0.224035  0.143246  0.000000  0.000000
1392280590824957      50852 -0.223792  0.143401  0.000000  0.000000
1392280590870420      50901 -0.223760  0.143538  0.000000  0.000000
1392280590915983      50953 -0.223621  0.143445  0.000000  0.000000
1392280590962269      51005 -0.223299  0.143534  0.000000  0.000000
1392280591010376      51053 -0.223507  0.143440  0.000000  0.000000
1392280591056006      51105 -0.223467  0.143634  0.000000  0.000000
1392280591103798      51153 -0.223416  0.143468  0.000000  0.000000
1392280591192194      51206 -0.223344  0.143422  0.000000  0.000000
1392280591238910      51254 -0.223167  0.143505  0.000000  0.000000
1392280591289583      51305 -0.223297  0.143331  0.000000  0.000000
1392280591334269      51354 -0.223302  0.143193  0.000000  0.000000
1392280591378327      51406 -0.223648  0.143135  0.000000  0.000000
1392280591427374      51454 -0.223996  0.143069  0.000000  0.000000
1392280591468111      51506 -0.223907  0.142853  0.000000  0.000000
1392280591514153      51554 -0.223807  0.142920  0.000000  0.000000
1392280591564265      51606 -0.223679  0.143195  0.000000  0.000000
1392280591605625      51654 -0.223575  0.142969  0.000000  0.000000
1392280591695401      51706 -0.223700  0.142536  0.000000  0.000000
1392280591742342      51759 -0.223772  0.142298  0.000000  0.000000
1392280591792163      51807 -0.223690  0.142285  0.000000  0.000000
1392280591836409      51859 -0.223616  0.142398  0.000000  0.000000
1392280591877356      51907 -0.223539  0.142504  0.000000  0.000000
1392280591929245      51959 -0.223132  0.142383  0.000000  0.000000
1392280591968346      52008 -0.222951  0.142150  0.000000  0.000000
1392280592015724      52055 -0.222999  0.142076  0.000000  0.000000
1392280592062917      52108 -0.222907  0.141930  0.000000  0.000000
1392280592109479      52160 -0.222670  0.141784  0.000000  0.000000
1392280592198737      52208 -0.222605  0.141695  0.000000  0.000000
1392280592249111      52260 -0.222873  0.141468  0.000000  0.000000
1392280592296504      52308 -0.222653  0.141341  0.000000  0.000000
1392280592341929      52360 -0.222663  0.141408  0.000000  0.000000
1392280592390136      52409 -0.222364  0.141732  0.000000  0.000000
1392280592432899      52461 -0.222116  0.141447  0.000000  0.000000
1392280592478052      52513 -0.222041  0.141397  0.000000  0.000000
1392280592526530      52561 -0.222066  0.141408  0.000000  0.000000
1392280592572013      52613 -0.221958  0.141454  0.000000  0.000000
1392280592618118      52661 -0.222014  0.141555  0.000000  0.000000
1392280592668284      52713 -0.222168  0.141274  0.000000  0.000000
1392280592710721      52761 -0.221975  0.141276  0.000000  0.000000
1392280592802636      52813 -0.221869  0.141044  0.000000  0.000000
1392280592849902      52862 -0.221766  0.141154  0.000000  0.000000
1392280592898494      52914 -0.221990  0.141161  0.000000  0.000000
1392280592942473      52962 -0.221811  0.140953  0.000000  0.000000
1392280592984568      53014 -0.221708  0.140781  0.000000  0.000000
1392280593035316      53062 -0.221785  0.140806  0.000000  0.000000
1392280593075730      53114 -0.221905  0.140975  0.000000  0.000000
1392280593123852      53162 -0.221778  0.140635  0.000000  0.000000
1392280593170234      53214 -0.221836  0.140485  0.000000  0.000000
1392280593216679      53263 -0.221493  0.140351  0.000000  0.000000
1392280593304794      53315 -0.221356  0.140169  0.000000  0.000000
1392280593355722      53363 -0.221131  0.140229  0.000000  0.000000
1392280593399959      53415 -0.220683  0.140026  0.000000  0.000000
1392280593448614      53463 -0.220299  0.140060  0.000000  0.000000
1392280593495865      53516 -0.220188  0.139882  0.000000  0.000000
1392280593538645      53567 -0.220557  0.140024  0.000000  0.000000
1392280593582434      53616 -0.220534  0.139871  0.000000  0.000000
1392280593625567      53668 -0.220319  0.139930  0.000000  0.000000
1392280593666745      53716 -0.220336  0.139994  0.000000  0.000000
1392280593748273      53768 -0.220027  0.139753  0.000000  0.000000
1392280593781333      53816 -0.220042  0.139573  0.000000  0.000000
1392280593822373      53868 -0.219903  0.139596  0.000000  0.000000
1392280593909684      53921 -0.219683  0.139831  0.000000  0.000000
1392280593953897      53969 -0.219634  0.139867  0.000000  0.000000
1392280593994212      54021 -0.219590  0.139816  0.000000  0.000000
1392280594037405      54069 -0.219257  0.139860  0.000000  0.000000
1392280594078127      54121 -0.219462  0.141000  0.000000  0.000000
1392280594118710      54173 -0.219908  0.140990  0.000000  0.000000
1392280594207236      54222 -0.218596  0.140135  0.000000  0.000000
1392280594255785      54274 -0.217926  0.140804  0.000000  0.000000
1392280594295522      54322 -0.217297  0.139394  0.000000  0.000000
1392280594337467      54374 -0.217720  0.140310  0.000000  0.000000
1392280594382537      54426 -0.218520  0.139791  0.000000  0.000000
1392280594423794      54474 -0.218382  0.139882  0.000000  0.000000
1392280594512723      54527 -0.218299  0.139887  0.000000  0.000000
1392280594558769      54575 -0.218908  0.139713  0.000000  0.000000
1392280594598136      54623 -0.217259  0.139455  0.000000  0.000000
1392280594641310      54675 -0.219101  0.140133  0.000000  0.000000
1392280594689998      54723 -0.215578  0.139805  0.000000  0.000000
1392280594727391      54775 -0.214379  0.142430  0.000000  0.000000
1392280594812750      54827 -0.217601  0.141169  0.000000  0.000000
1392280594859874      54880 -0.217704  0.140830  0.000000  0.000000
1392280594898171      54928 -0.216797  0.142066  0.000000  0.000000
1392280594941757      54980 -0.216503  0.139187  0.000000  0.000000
1392280594981251      55032 -0.216590  0.139808  0.000000  0.000000
1392280595069833      55084 -0.216910  0.139596  0.000000  0.000000
1392280595115117      55133 -0.216927  0.139316  0.000000  0.000000
1392280595152698      55184 -0.216944  0.139192  0.000000  0.000000
1392280595193597      55237 -0.216347  0.139186  0.000000  0.000000
1392280595235150      55285 -0.216086  0.138566  0.000000  0.000000
1392280595301288      55337 -0.216273  0.139059  0.000000  0.000000
1392280595339410      55389 -0.215833  0.140283  0.000000  0.000000
1392280595386677      55437 -0.215366  0.140746  0.000000  0.000000
1392280595471428      55490 -0.214106  0.141096  0.000000  0.000000
1392280595514507      55537 -0.213878  0.141085  0.000000  0.000000
1392280595554445      55589 -0.213991  0.139712  0.000000  0.000000
1392280595594441      55638 -0.214349  0.139371  0.000000  0.000000
1392280595636512      55690 -0.215007  0.137869  0.000000  0.000000
1392280595723590      55742 -0.215482  0.136887  0.000000  0.049000
1392280595766123      55790 -0.215423  0.136989  0.041128  0.134000
1392280595808102      55843 -0.212282  0.141452  0.082330  0.196000
1392280595854495      55891 -0.214644  0.139535  0.110782  0.265000
1392280595893201      55943 -0.214507  0.137663  0.097212  0.273000
1392280595979226      55991 -0.213311  0.136107  0.080931  0.304000
1392280596023874      56043 -0.212951  0.134941  0.060713  0.319000
1392280596067720      56091 -0.212440  0.135960  0.067525  0.335000
1392280596107823      56143 -0.214458  0.137256  0.081691  0.358000
1392280596148900      56191 -0.215894  0.137582  0.091639  0.389000
1392280596194400      56243 -0.208524  0.142796  0.080133  0.428000
1392280596280765      56295 -0.211222  0.136545  0.061419  0.428000
1392280596325749      56344 -0.211955  0.138988  0.039177  0.428000
1392280596368407      56396 -0.207712  0.139988  0.068681  0.428000
1392280596407997      56444 -0.209653  0.140099  0.106050  0.451000
1392280596449175      56496 -0.214201  0.137180  0.140016  0.506000
1392280596492090      56545 -0.202563  0.146888  0.146587  0.517000
1392280596581302      56596 -0.214436  0.138782  0.122887  0.517000
1392280596624770      56649 -0.210776  0.141667  0.120521  0.533000
1392280596665859      56697 -0.208215  0.138114  0.122041  0.550000
1392280596714688      56749 -0.205186  0.147367  0.125004  0.555000
1392280596749630      56797 -0.203163  0.150389  0.153248  0.561000
1392280596811346      56849 -0.199826  0.151902  0.152807  0.566000
1392280596854461      56898 -0.197421  0.151764  0.149173  0.572000
1392280596897873      56950 -0.197623  0.154805  0.161491  0.577000
1392280596985406      57002 -0.198775  0.153247  0.169251  0.583000
1392280597030697      57054 -0.209028  0.134268  0.158329  0.588000
1392280597074505      57102 -0.213429  0.129892  0.149059  0.594000
1392280597117930      57154 -0.191500  0.143774  0.128209  0.621000
1392280597155382      57203 -0.170806  0.164251  0.123085  0.627000
1392280597202173      57254 -0.203677  0.160589  0.095965  0.632000
1392280597284065      57307 -0.145438  0.180680  0.082006  0.637000
1392280597331812      57355 -0.196174  0.168205  0.047298  0.637000
1392280597380065      57407 -0.186045  0.164080  0.037146  0.643000
1392280597424034      57455 -0.161557  0.201523  0.019197  0.654000
1392280597464854      57507 -0.159113  0.182346  0.007246  0.654000
1392280597516781      57555 -0.193006  0.138346 -0.023500  0.659000
1392280597560452      57608 -0.118884  0.187774 -0.056262  0.659000
1392280597620863      57656 -0.195832  0.203039 -0.083086  0.665000
1392280597665654      57708 -0.111436  0.215491 -0.093711  0.676000
1392280597747525      57760 -0.108065  0.284723 -0.104258  0.676000
1392280597784419      57812 -0.111694  0.291225 -0.119294  0.676000
1392280597833135      57860 -0.127999  0.300535 -0.144509  0.687000
1392280597877850      57912 -0.078038  0.325103 -0.166158  0.692000
1392280597918440      57961 -0.133927  0.284037 -0.182707  0.709000
1392280597963384      58013 -0.036771  0.214327 -0.197240  0.709000
1392280598010600      58061  0.033391  0.188272 -0.214583  0.714000
1392280598097089      58113  0.026071  0.211140 -0.210503  0.725000
1392280598139485      58161  0.005310  0.383527 -0.238853  0.725000
1392280598182583      58209  0.009032  0.455214 -0.267604  0.725000
1392280598225000      58262  0.038337  0.495246 -0.255461  0.725000
1392280598267891      58314 -0.009541  0.487258 -0.249704  0.725000
1392280598350077      58362 -0.077297  0.476111 -0.227554  0.725000
1392280598395285      58414 -0.115325  0.408022 -0.237730  0.725000
1392280598441047      58466 -0.228272  0.297312 -0.244405  0.725000
1392280598480704      58518 -0.197634  0.209232 -0.237926  0.714000
1392280598522138      58571 -0.167877  0.198474 -0.259221  0.714000
1392280598566392      58619 -0.064748  0.184977 -0.232083  0.714000
1392280598657621      58671 -0.022663  0.100862 -0.221159  0.714000
1392280598698746      58719 -0.035164  0.071727 -0.206622  0.714000
1392280598738246      58771 -0.036633  0.035473 -0.213198  0.714000
1392280598783519      58819 -0.040725  0.013527 -0.197336  0.714000
1392280598824773      58871 -0.038233 -0.036287 -0.184490  0.714000
1392280598907448      58924 -0.063161 -0.025058 -0.181551  0.714000
1392280598949557      58972 -0.107161  0.002292 -0.181890  0.714000
1392280598988949      59024 -0.173217  0.017107 -0.173945  0.714000
1392280599035550      59072 -0.198954  0.029604 -0.168808  0.714000
1392280599077355      59124 -0.232298  0.034948 -0.164213  0.714000
1392280599166038      59173 -0.244295  0.063025 -0.166824  0.714000
1392280599204482      59225 -0.199098  0.084537 -0.161901  0.714000
1392280599244567      59273 -0.163605  0.107163 -0.174266  0.714000
1392280599288518      59325 -0.082448  0.112322 -0.164219  0.714000
1392280599332507      59377 -0.052192  0.085480 -0.159195  0.714000
1392280599372831      59425 -0.048200  0.065876 -0.163006  0.714000
1392280599464675      59477  0.020860 -0.000982 -0.174956  0.714000
1392280599506015      59525 -0.007814  0.066761 -0.172940  0.731000
1392280599545977      59577 -0.018029  0.157382 -0.168853  0.742000
1392280599592921      59626  0.215005  0.085027 -0.164216  0.742000
1392280599631773      59678  0.477333 -0.097943 -0.161110  0.742000
1392280599676302      59726  0.369211 -0.169194 -0.164746  0.742000
1392280599757812      59778  0.238095 -0.142066 -0.168707  0.742000
1392280599798884      59826  0.397840 -0.188355 -0.175540  0.742000
1392280599840608      59878  0.362578 -0.081216 -0.184966  0.742000
1392280599887803      59926  0.295379  0.003982 -0.177996  0.747000
1392280599924582      59979  0.179231  0.198002 -0.160413  0.753000
1392280600010475      60027  0.121882  0.180677 -0.171226  0.753000
1392280600048844      60079  0.125452  0.145555 -0.176517  0.758000
1392280600091145      60127  0.135304  0.102993 -0.181950  0.758000
1392280600132460      60179  0.187541  0.012056 -0.189250  0.758000
1392280600200781      60227  0.108745 -0.010491 -0.150930  0.758000
1392280600246887      60280 -0.583601  0.282713 -0.201908  0.758000
1392280600286187      60328 -0.399625  0.355011 -0.196047  0.758000
1392280600343611      60380 -0.106189  0.309678 -0.213021  0.758000
1392280600387455      60428  0.124470  0.203763 -0.196031  0.758000
1392280600433480      60480  0.266116  0.140598 -0.173499  0.758000
1392280600528200      60529  0.318290  0.114193 -0.168243  0.758000
1392280600557148      60580  0.331664  0.103268 -0.175052  0.758000
1392280600597010      60629  0.319381  0.097757 -0.175710  0.758000
1392280600641764      60681  0.300936  0.101020 -0.160692  0.758000
1392280600686033      60729  0.272776  0.120383 -0.189565  0.758000
1392280600728641      60781  0.227907  0.147347 -0.158749  0.758000
1392280600809085      60834  0.269168  0.147324 -0.147438  0.758000
1392280600850587      60881  0.414020  0.001481 -0.161490  0.758000
1392280600896065      60933  0.360012 -0.019465 -0.189010  0.758000
1392280600944793      60986  0.358075 -0.174194 -0.207487  0.758000
1392280601025991      61038  0.251297 -0.182339 -0.187096  0.758000
1392280601065454      61086  0.257097 -0.237736 -0.182571  0.758000
1392280601107852      61138  0.332233 -0.138883 -0.191200  0.758000
1392280601154294      61187  0.213900 -0.087941 -0.197577  0.753000
1392280601198417      61239  0.123256  0.100739 -0.214182  0.753000
1392280601242682      61287  0.059621  0.122862 -0.225727  0.753000
1392280601288994      61339  0.040024  0.380415 -0.227874  0.753000
1392280601373710      61391  0.054884  0.397157 -0.230381  0.753000
1392280601415477      61443  0.117574  0.604809 -0.230770  0.753000
1392280601467248      61491  0.119661  0.367058 -0.235404  0.753000
1392280601502806      61543  0.069791  0.232184 -0.247464  0.753000
1392280601544162      61596  0.039785  0.077806 -0.241063  0.747000
1392280601629422      61648  0.033614 -0.008640 -0.266736  0.731000
1392280601672317      61700  0.018357 -0.053553 -0.283987  0.714000
1392280601711868      61752  0.026538 -0.048150 -0.309909  0.687000
1392280601774406      61800  0.021955 -0.052155 -0.337373  0.687000
1392280601810884      61852  0.071631 -0.048895 -0.353325  0.687000
1392280601853699      61905  0.057983 -0.034675 -0.380592  0.687000
1392280601944202      61953  0.023256 -0.033939 -0.386271  0.687000
1392280601988898      62005  0.009184 -0.041113 -0.387756  0.687000
1392280602029522      62053 -0.199721 -0.049245 -0.407089  0.687000
1392280602076788      62105 -0.114467 -0.043250 -0.403326  0.698000
1392280602116044      62157 -0.111941 -0.025591 -0.397471  0.703000
1392280602158483      62205 -0.059993 -0.009706 -0.383725  0.703000
1392280602203567      62258  0.015706 -0.054020 -0.380603  0.703000
1392280602293476      62306  0.057360 -0.166946 -0.408187  0.703000
1392280602333677      62358  0.055031 -0.224449 -0.411292  0.703000
1392280602380906      62406  0.039293 -0.261794 -0.430098  0.703000
1392280602417842      62458  0.089935 -0.238256 -0.425689  0.703000
1392280602467313      62510  0.163738 -0.130545 -0.434236  0.703000
1392280602533874      62558  0.209957 -0.108679 -0.443910  0.703000
1392280602574039      62606  0.378194 -0.178715 -0.451207  0.703000
1392280602620719      62659  0.278247 -0.175450 -0.473298  0.703000
1392280602658555      62711  0.139815 -0.067115 -0.467096  0.703000
1392280602745243      62759  0.069992  0.001289 -0.453724  0.703000
1392280602789240      62811  0.045635  0.020864 -0.448755  0.709000
1392280602834004      62860 -0.083815  0.277433 -0.447836  0.720000
1392280602871648      62911 -0.292043  0.547839 -0.422063  0.725000
1392280602914740      62959 -0.135021  0.330837 -0.399686  0.731000
1392280602962229      63012  0.021568  0.164799 -0.381306  0.731000
1392280603051493      63060  0.127009  0.085441 -0.384883  0.731000
1392280603088694      63112  0.104617 -0.028571 -0.377454  0.742000
1392280603131913      63160  0.066269 -0.031022 -0.355036  0.742000
1392280603167949      63212  0.106509 -0.068692 -0.342774  0.764000
1392280603212360      63264  0.132568 -0.072811 -0.314595  0.764000
1392280603260381      63313  0.134157 -0.027882 -0.306039  0.764000
1392280603343861      63365  0.136327 -0.059215 -0.299266  0.764000
1392280603387638      63413  0.172148 -0.145798 -0.304037  0.764000
1392280603422408      63465  0.167076 -0.110075 -0.300913  0.764000
1392280603466739      63513  0.224003 -0.334475 -0.332146  0.764000
1392280603513301      63565  0.282497 -0.369227 -0.355331  0.764000
1392280603597115      63617  0.221273 -0.288069 -0.370075  0.764000
1392280603639743      63665  0.170556 -0.070057 -0.416044  0.764000
1392280603681712      63717  0.120949  0.085992 -0.400066  0.764000
1392280603722491      63766  0.086381  0.298421 -0.424376  0.764000
1392280603764771      63818  0.051470  0.488448 -0.393941  0.764000
1392280603850430      63866  0.033587  0.667912 -0.415225  0.764000
1392280603888958      63918  0.042880  0.603699 -0.421828  0.764000
1392280603937059      63966 -0.015922  0.470710 -0.391803  0.764000
1392280603977464      64014  0.008249  0.211753 -0.374555  0.764000
1392280604018465      64067  0.000147  0.073873 -0.377672  0.764000
1392280604104343      64119  0.028754  0.072143 -0.390173  0.764000
1392280604142431      64171  0.030422 -0.007170 -0.383574  0.764000
1392280604183349      64219 -0.045634 -0.056310 -0.428374  0.753000
1392280604223630      64271 -0.179802 -0.069265 -0.414196  0.731000
1392280604269865      64324 -0.182335 -0.049174 -0.435836  0.731000
1392280604358672      64372 -0.111919 -0.034980 -0.469130  0.725000
1392280604399295      64423 -0.056937 -0.001365 -0.476961  0.725000
1392280604439325      64472 -0.025395 -0.066785 -0.473068  0.725000
1392280604439751      64524 -0.011211 -0.046721 -0.491403  0.725000
1392280604476426      64572 -0.009797 -0.027931 -0.472862  0.725000
1392280604521677      64624  0.000059 -0.063657 -0.480349  0.725000
1392280604610455      64672 -0.040085 -0.046844 -0.481649  0.725000
1392280604652863      64724 -0.081895 -0.038003 -0.494709  0.725000
1392280604688404      64776 -0.111101 -0.028077 -0.470119  0.731000
1392280604731421      64825 -0.129173 -0.034662 -0.457070  0.753000
1392280604778248      64877 -0.147785 -0.040724 -0.430714  0.758000
1392280604848219      64929 -0.156116 -0.056532 -0.438192  0.758000
1392280604890133      64977 -0.155476 -0.064347 -0.425128  0.758000
1392280604959495      65029 -0.169789 -0.045124 -0.428457  0.758000
1392280604982832      65081 -0.175106 -0.024809 -0.440785  0.758000
1392280605066276      65129 -0.194457 -0.013950 -0.440859  0.758000
1392280605110346      65178 -0.198731  0.004491 -0.511863  0.703000
1392280605151738      65230 -0.223770  0.017836 -0.537750  0.692000
1392280605198228      65282 -0.203245 -0.046872 -0.551183  0.692000
1392280605233363      65330 -0.195174  0.039250 -0.575572  0.692000
1392280605279292      65382 -0.174700  0.036183 -0.574390  0.692000
1392280605368576      65430 -0.162769  0.031101 -0.570680  0.692000
1392280605409839      65482 -0.171032  0.021588 -0.564687  0.692000
1392280605444545      65530 -0.178112  0.024752 -0.564036  0.692000
1392280605485493      65583 -0.174632  0.020909 -0.553828  0.692000
1392280605572856      65635 -0.140199  0.017654 -0.548583  0.692000
1392280605616747      65683 -0.119125  0.031859 -0.539428  0.698000
1392280605656571      65735 -0.128141  0.053775 -0.537002  0.709000
1392280605698611      65784 -0.121582 -0.271105 -0.515915  0.709000
1392280605738405      65836 -0.083835 -0.220020 -0.489430  0.709000
1392280605783879      65888 -0.063170 -0.143020 -0.494508  0.709000
1392280605871615      65936 -0.031847 -0.268207 -0.507798  0.709000
1392280605913022      65988 -0.016264 -0.125098 -0.499750  0.709000
1392280605953292      66044 -0.035301 -0.073356 -0.492218  0.709000
1392280605994648      66088 -0.042178 -0.005382 -0.503619  0.709000
1392280606039534      66140 -0.056586  0.008610 -0.497711  0.709000
1392280606127523      66189  0.023597 -0.105258 -0.495253  0.709000
1392280606173345      66240  0.082130 -0.121862 -0.475300  0.720000
1392280606212024      66289  0.047603 -0.142419 -0.468648  0.720000
1392280606247491      66341  0.004406 -0.168609 -0.443059  0.720000
1392280606293105      66393 -0.013606  0.215025 -0.456146  0.720000
1392280606362554      66441 -0.061758  0.350391 -0.453321  0.720000
1392280606404820      66494 -0.116388  0.201610 -0.445117  0.720000
1392280606445430      66542 -0.065195  0.128765 -0.432107  0.720000
1392280606490530      66594  0.134901 -0.105292 -0.413800  0.720000
1392280606576533      66642  0.161451 -0.288858 -0.384217  0.720000
1392280606614103      66694  0.057623 -0.417607 -0.384394  0.720000
1392280606652324      66746  0.059244 -0.536290 -0.364840  0.720000
1392280606694802      66795  0.166630 -0.531988 -0.359959  0.720000
1392280606783164      66847  0.005832 -0.492560 -0.346134  0.720000
1392280606830269      66895 -0.125776 -0.592396 -0.348164  0.720000
1392280606870191      66947 -0.207234 -0.595687 -0.343731  0.720000
1392280606916066      66995 -0.226571 -0.791725 -0.340226  0.720000
1392280606949478      67047 -0.277209 -0.822312 -0.323971  0.720000
1392280606998865      67100 -0.380258 -0.767202 -0.300425  0.720000
1392280607084842      67148 -0.309606 -0.658425 -0.313238  0.720000
1392280607129533      67200 -0.420819 -0.537622 -0.316159  0.720000
1392280607170692      67252 -0.335523 -0.692157 -0.343196  0.720000
1392280607212570      67304 -0.216224 -0.627747 -0.339146  0.720000
1392280607295689      67352 -0.084571 -0.535235 -0.342389  0.720000
1392280607339379      67404 -0.029363 -0.443160 -0.355698  0.720000
1392280607382803      67457 -0.034046 -0.420799 -0.361931  0.720000
1392280607426250      67509 -0.051513 -0.285753 -0.345794  0.720000
1392280607473168      67561 -0.075605 -0.368036 -0.342697  0.720000
1392280607509428      67609 -0.114479 -0.431866 -0.335909  0.720000
1392280607599717      67661 -0.167665 -0.413858 -0.323890  0.720000
1392280607640260      67709 -0.268352 -0.541586 -0.314590  0.720000
1392280607688523      67761 -0.395329 -0.547937 -0.343290  0.720000
1392280607732708      67813 -0.483655 -0.475178 -0.324976  0.720000
1392280607769102      67861 -0.431194 -0.314547 -0.331847  0.720000
1392280607817661      67914 -0.483789 -0.364811 -0.325334  0.720000
1392280607901031      67962 -0.486203 -0.403048 -0.336076  0.720000
1392280607941604      68014 -0.594766 -0.534238 -0.314196  0.714000
1392280607989423      68066 -0.661358 -0.536804 -0.302085  0.714000
1392280608034478      68114 -0.802705 -0.516086 -0.304884  0.714000
1392280608072494      68166 -0.594253 -0.465519 -0.313866  0.714000
1392280608160114      68219 -0.484638 -0.429881 -0.308053  0.714000
1392280608200646      68271 -0.426033 -0.306080 -0.295288  0.714000
1392280608244686      68323 -0.320967 -0.171687 -0.280076  0.714000
1392280608293395      68371 -0.056955 -0.080044 -0.261703  0.714000
1392280608336663      68423  0.396190  0.088196 -0.240682  0.714000
1392280608380417      68475  0.315757 -0.047732 -0.225796  0.714000
1392280608471609      68523  0.265355 -0.014938 -0.195143  0.714000
1392280608510427      68575 -0.007513 -0.068383 -0.165257  0.714000
1392280608550637      68624 -0.219673 -0.232109 -0.173787  0.714000
1392280608598856      68676 -0.336599 -0.347269 -0.159926  0.714000
1392280608635161      68724 -0.390616 -0.375930 -0.150182  0.714000
1392280608679623      68776 -0.376108 -0.363449 -0.130429  0.714000
1392280608722526      68824 -0.323794 -0.340676 -0.128959  0.714000
1392280608809477      68877 -0.257892 -0.294534 -0.120648  0.714000
1392280608856056      68928 -0.228703 -0.256660 -0.114413  0.714000
1392280608895620      68977 -0.226595 -0.291219 -0.090615  0.714000
1392280608935717      69029 -0.230737 -0.303567 -0.081815  0.714000
1392280608979462      69081 -0.237509 -0.245337 -0.055381  0.714000
1392280609064241      69129 -0.221175 -0.176519 -0.048401  0.714000
1392280609108692      69177 -0.222789 -0.111390 -0.044869  0.714000
1392280609152846      69229 -0.243719 -0.070740 -0.059631  0.714000
1392280609193665      69281 -0.205379 -0.099832 -0.053775  0.714000
1392280609237324      69334 -0.141543 -0.233622 -0.049337  0.714000
1392280609319472      69382 -0.088491 -0.416983 -0.054070  0.714000
1392280609364995      69430 -0.057963 -0.455724 -0.021128  0.714000
1392280609409355      69482 -0.049478 -0.489900 -0.025193  0.714000
1392280609450223      69534 -0.049474 -0.422901 -0.016320  0.714000
1392280609493856      69582 -0.089047 -0.412102 -0.012202  0.714000
1392280609532593      69635 -0.168142 -0.317580 -0.014556  0.714000
1392280609621383      69683 -0.205875 -0.316375  0.003785  0.714000
1392280609664416      69735 -0.233135 -0.238570  0.002244  0.714000
1392280609709688      69787 -0.243064 -0.263945 -0.011489  0.714000
1392280609751908      69839 -0.223897 -0.402873  0.005254  0.714000
1392280609790514      69888 -0.192483 -0.337810  0.001485  0.714000
1392280609834946      69939 -0.168168 -0.409707 -0.000504  0.714000
1392280609922291      69988 -0.188843 -0.428619  0.002079  0.714000
1392280609962259      70040 -0.216339 -0.419653 -0.022356  0.714000
1392280610007824      70088 -0.258608 -0.277834 -0.025812  0.714000
1392280610044960      70140 -0.293345 -0.221851 -0.009653  0.714000
1392280610087655      70188 -0.310615 -0.184091 -0.001417  0.714000
1392280610174228      70236 -0.306128 -0.098151  0.003319  0.714000
1392280610221905      70289 -0.273192  0.184564  0.003389  0.714000
1392280610263246      70337  0.021914  0.603202  0.010051  0.714000
1392280610311761      70389  0.236636  0.788366  0.004025  0.714000
1392280610354871      70437  0.455554  0.897942  0.025024  0.714000
1392280610410632      70489  0.282407  0.483003  0.041137  0.714000
1392280610482103      70537  0.055236  0.093978  0.033366  0.714000
1392280610522146      70589 -0.067167 -0.165733  0.053358  0.714000
1392280610568019      70638 -0.084148 -0.279388  0.047688  0.714000
1392280610609717      70690 -0.032450 -0.297542  0.069534  0.714000
1392280610653828      70742  0.043067 -0.284451  0.061568  0.714000
1392280610694207      70790  0.087639 -0.255650  0.047551  0.714000
1392280610775423      70842  0.173253 -0.042566  0.064439  0.714000
1392280610821662      70891  0.252982 -0.007759  0.082282  0.714000
1392280610863667      70939  0.320152 -0.071447  0.100156  0.714000
1392280610905143      70990  0.514087 -0.134033  0.091191  0.714000
1392280610945526      71043  0.764441  0.147051  0.097555  0.714000
1392280611027988      71091  0.779953  0.070863  0.112830  0.714000
1392280611075804      71143  0.662496 -0.112171  0.089433  0.714000
1392280611126350      71191 -0.017870 -0.860579  0.105887  0.714000
1392280611167135      71243 -0.209796 -0.878121  0.114675  0.714000
1392280611205022      71295 -0.182650 -0.679819  0.117205  0.714000
1392280611246911      71343 -0.026689 -0.535447  0.130293  0.714000
1392280611332586      71396  0.257906 -0.857411  0.130494  0.714000
1392280611376402      71444  0.488703 -0.908060  0.134789  0.714000
1392280611423594      71496  0.339687 -0.931116  0.119840  0.714000
1392280611445024      71544  0.404046 -0.651287  0.108387  0.714000
1392280611529003      71596  0.447688 -0.490233  0.075609  0.714000
1392280611573968      71645  0.429898 -0.348589  0.069389  0.714000
1392280611618346      71697  0.386090 -0.258468  0.067844  0.714000
1392280611658236      71749  0.551835 -0.294515  0.057206  0.714000
1392280611700766      71797  0.526021 -0.272133  0.051294  0.714000
1392280611786155      71849  0.386823 -0.367772  0.034563  0.714000
1392280611826467      71897  0.253904 -0.767295  0.038163  0.714000
1392280611870529      71949  0.248250 -0.791026  0.012239  0.714000
1392280611912480      71997  0.280141 -0.728692 -0.005320  0.714000
1392280611952844      72045  0.293396 -0.644674 -0.016747  0.714000
1392280611997303      72098  0.301887 -0.446481 -0.029216  0.714000
1392280612083087      72150  0.287674 -0.326163 -0.055212  0.714000
1392280612123953      72202  0.319614 -0.069338 -0.078783  0.714000
1392280612172541      72250  0.287675  0.010283 -0.069530  0.714000
1392280612212824      72302  0.655961  0.068419 -0.082231  0.714000
1392280612252278      72351  0.725845  0.395128 -0.091675  0.714000
1392280612336575      72403  0.672508  0.317364 -0.073337  0.714000
1392280612379336      72454  0.661966  0.470540 -0.077147  0.709000
1392280612421502      72507  0.429140  0.397468 -0.099333  0.709000
1392280612465371      72559  0.287831  0.139486 -0.104427  0.709000
1392280612507626      72607  0.162551  0.036024 -0.119439  0.709000
1392280612595172      72659  0.005898  0.033677 -0.110948  0.709000
1392280612636243      72707 -0.066798 -0.030840 -0.113371  0.709000
1392280612676637      72760 -0.042836 -0.057150 -0.133200  0.703000
1392280612720574      72812  0.036680 -0.031647 -0.146438  0.703000
1392280612766766      72860 -0.227905 -0.042433 -0.173938  0.709000
1392280612842238      72912 -0.509330  0.029682 -0.171662  0.709000
1392280612892247      72964 -0.555905  0.071036 -0.201885  0.709000
1392280612934230      73012 -0.178015  0.145795 -0.234217  0.709000
1392280612985411      73064  0.120267  0.127017 -0.258096  0.703000
1392280613020806      73113  0.303696  0.031179 -0.260470  0.703000
1392280613058663      73161  0.399819 -0.015308 -0.271783  0.703000
1392280613147654      73213  0.401140 -0.017135 -0.294583  0.703000
1392280613192772      73261  0.433333  0.007023 -0.299815  0.703000
1392280613230631      73313  0.428885 -0.148598 -0.314001  0.703000
1392280613275817      73361  0.439805 -0.268753 -0.305806  0.703000
1392280613318714      73413  0.442531 -0.478904 -0.310196  0.703000
1392280613361441      73461  0.356852 -0.523480 -0.322448  0.703000
1392280613446005      73514  0.196761 -0.551181 -0.312506  0.703000
1392280613489093      73562  0.164201 -0.664289 -0.351666  0.703000
1392280613533315      73614  0.191918 -0.684419 -0.365471  0.703000
1392280613577568      73662  0.136611 -0.503251 -0.405104  0.703000
1392280613621329      73714  0.216702 -0.179520 -0.422869  0.703000
1392280613672321      73763  0.379348 -0.162744 -0.413080  0.703000
1392280613717172      73814  0.478692  0.029716 -0.420732  0.703000
1392280613799633      73862  0.765733  0.350556 -0.437409  0.703000
1392280613841771      73915  0.806286  0.605031 -0.402779  0.703000
1392280613885836      73963  0.874030  0.803897 -0.397728  0.703000
1392280613928995      74015  0.731395  0.621526 -0.412725  0.703000
1392280613968896      74067  0.374992  0.149010 -0.375954  0.703000
1392280614052386      74115  0.241035 -0.117308 -0.358599  0.703000
1392280614097022      74163  0.153525  0.100889 -0.356830  0.703000
1392280614137536      74216  0.209145  0.053936 -0.357934  0.703000
1392280614181159      74264  0.180143 -0.032792 -0.353512  0.703000
1392280614230057      74316  0.016398 -0.049142 -0.346899  0.709000
1392280614265517      74364 -0.289441 -0.170451 -0.343948  0.703000
1392280614352520      74416 -0.469326 -0.173688 -0.304448  0.703000
1392280614392101      74468 -0.722331 -0.214176 -0.301604  0.703000
1392280614434683      74516 -0.576365 -0.015054 -0.287849  0.709000
1392280614480504      74569 -0.278827 -0.050707 -0.289480  0.709000
1392280614516595      74617  0.010840 -0.138083 -0.284345  0.709000
1392280614601225      74669  0.206759 -0.044659 -0.260732  0.709000
1392280614644137      74721  0.300936  0.215414 -0.277468  0.709000
1392280614691585      74773  0.292753  0.384369 -0.266783  0.714000
1392280614735445      74825  0.270345  0.530752 -0.262910  0.714000
1392280614770708      74874  0.249881  0.556960 -0.254919  0.725000
1392280614859629      74922  0.232293  0.466667 -0.214389  0.725000
1392280614905461      74974  0.236468  0.323098 -0.189491  0.725000
1392280614944320      75026  0.234819  0.296996 -0.168755  0.725000
1392280614987699      75079  0.239911  0.120093 -0.120683  0.725000
1392280615035772      75131  0.279331 -0.023174 -0.101993  0.725000
1392280615076181      75179  0.274057 -0.093497 -0.063726  0.725000
1392280615160627      75231  0.261179 -0.080901 -0.077763  0.725000
1392280615202043      75279  0.251133 -0.041119 -0.046286  0.725000
1392280615246296      75331  0.268903 -0.045843 -0.014891  0.725000
1392280615290373      75379  0.265261 -0.132743  0.020352  0.725000
1392280615328108      75432  0.203640 -0.202848  0.028399  0.725000
1392280615412847      75480  0.045495 -0.226686  0.027019  0.725000
1392280615461675      75532 -0.047000 -0.224513  0.042570  0.725000
1392280615505000      75580 -0.067485 -0.215683  0.044142  0.725000
1392280615546842      75632 -0.315852 -0.254222  0.070335  0.725000
1392280615589502      75680 -0.510124 -0.283778  0.085097  0.725000
1392280615636693      75733 -0.556332 -0.270545  0.096989  0.725000
1392280615678844      75781 -0.413180 -0.233286  0.102846  0.725000
1392280615761325      75833 -0.187340 -0.275516  0.116985  0.725000
1392280615801791      75881 -0.018163 -0.224290  0.125751  0.725000
1392280615846019      75933  0.138917 -0.084936  0.117630  0.725000
1392280615882127      75981  0.089783  0.020776  0.116649  0.725000
1392280615967332      76034  0.067678  0.006368  0.125189  0.725000
1392280616010101      76082  0.379061 -0.057860  0.125317  0.725000
1392280616054749      76134  0.387500 -0.131120  0.130257  0.725000
1392280616095591      76182  0.109157 -0.024424  0.144704  0.725000
1392280616151913      76234  0.342418  0.077607  0.136951  0.725000
1392280616195607      76282  0.149073  0.163972  0.129728  0.725000
1392280616238624      76334  0.450360 -0.259044  0.124966  0.725000
1392280616281054      76387  0.263936 -0.521348  0.131876  0.725000
1392280616366688      76435  0.006765 -0.630387  0.133657  0.725000
1392280616415435      76487 -0.241623 -0.327972  0.122694  0.725000
1392280616454873      76539 -0.370412  0.004637  0.125058  0.725000
1392280616506660      76587 -0.538907  0.157944  0.117524  0.725000
1392280616541144      76639 -0.492095  0.182895  0.123070  0.725000
1392280616620558      76691 -0.355236  0.184247  0.135591  0.725000
1392280616667779      76739 -0.418249  0.405651  0.124057  0.725000
1392280616715649      76792 -0.294066  0.672505  0.130158  0.725000
1392280616755639      76844 -0.040687  0.573606  0.121116  0.725000
1392280616801622      76892  0.101741  0.670182  0.138229  0.725000
1392280616843512      76944  0.177408  0.542141  0.152537  0.725000
1392280616886917      76992  0.360251  0.127451  0.162979  0.725000
1392280616970658      77041  0.342619  0.017983  0.186315  0.725000
1392280617023689      77093  0.281520 -0.193981  0.208676  0.725000
1392280617062607      77145  0.224513 -0.214116  0.223931  0.725000
1392280617107219      77193 -0.019964 -0.423358  0.223948  0.725000
1392280617153406      77241 -0.539390 -0.583755  0.218165  0.725000
1392280617194854      77293 -0.230503 -0.484876  0.248953  0.725000
1392280617274306      77345 -0.203332 -0.276031  0.259657  0.725000
1392280617322500      77398  0.014480 -0.093765  0.239593  0.725000
1392280617369350      77446 -0.055181 -0.311050  0.237104  0.725000
1392280617406440      77498  0.034857 -0.349644  0.240279  0.725000
1392280617453284      77546  0.193150 -0.189397  0.244759  0.725000
1392280617498596      77598  0.315304 -0.058623  0.230792  0.725000
1392280617586591      77650  0.347856  0.048533  0.228470  0.725000
1392280617626162      77702  0.360160  0.023406  0.214581  0.725000
1392280617670772      77751  0.334781  0.197741  0.215931  0.725000
1392280617712262      77803  0.619859  0.296659  0.199191  0.725000
1392280617757051      77851  0.755772  0.330173  0.193500  0.725000
1392280617801074      77899  0.976652  0.491810  0.181809  0.720000
1392280617886469      77951  0.810479  0.444042  0.168899  0.720000
1392280617920498      77999  0.839690  0.224600  0.184700  0.720000
1392280617964696      78052  0.369055  0.060403  0.163864  0.720000
1392280618008442      78104  0.108235 -0.014631  0.145874  0.720000
1392280618048356      78152 -0.010159  0.019591  0.128895  0.720000
1392280618133924      78204 -0.160457 -0.051679  0.096325  0.720000
1392280618177033      78256 -0.387645 -0.090119  0.097634  0.720000
1392280618220902      78304 -0.494322 -0.107321  0.093627  0.725000
1392280618261435      78356 -0.482600 -0.123463  0.076478  0.720000
1392280618310622      78404 -0.591064 -0.117748  0.061623  0.720000
1392280618354239      78456 -0.321074 -0.084473  0.067112  0.725000
1392280618440262      78505 -0.000374 -0.055881  0.057294  0.725000
1392280618482345      78553  0.236899 -0.088321  0.056132  0.725000
1392280618526536      78605  0.374839 -0.111685  0.033286  0.725000
1392280618574000      78653  0.417863 -0.016293  0.028876  0.725000
1392280618614144      78706  0.443038  0.063757  0.006736  0.725000
1392280618663884      78758  0.590675  0.270348 -0.002931  0.725000
1392280618707144      78805  0.507360  0.262532 -0.019370  0.725000
1392280618787701      78858  0.357190  0.199002 -0.022910  0.725000
1392280618831661      78906  0.513322  0.057329 -0.020607  0.720000
1392280618873167      78958  0.565600 -0.143247 -0.025755  0.714000
1392280618918611      79006  0.599983 -0.362113 -0.031563  0.714000
1392280618963428      79058  0.543135 -0.373964 -0.029676  0.714000
1392280619013728      79107  0.326253 -0.414806 -0.047233  0.714000
1392280619082773      79159  0.128384 -0.268997 -0.059163  0.714000
1392280619126836      79207 -0.134359 -0.513465 -0.086496  0.714000
1392280619172682      79259 -0.218036 -0.403676 -0.104535  0.709000
1392280619218420      79311 -0.228636 -0.229649 -0.099750  0.714000
1392280619260151      79359 -0.134875 -0.201813 -0.097884  0.709000
1392280619340185      79411 -0.254167 -0.402736 -0.099224  0.714000
1392280619384410      79460 -0.400071 -0.277427 -0.085753  0.714000
1392280619427866      79512 -0.309016 -0.218687 -0.109678  0.714000
1392280619472577      79560 -0.119981 -0.119311 -0.115027  0.714000
1392280619516647      79612 -0.217799  0.252209 -0.123318  0.714000
1392280619561396      79660 -0.041297  0.396931 -0.114923  0.714000
1392280619640112      79712  0.118014  0.853846 -0.125666  0.714000
1392280619684894      79760  0.227072  1.244877 -0.111940  0.714000
1392280619730018      79812  0.349599  1.009687 -0.093661  0.714000
1392280619769876      79864  0.543672  0.842002 -0.056789  0.714000
1392280619817927      79913  0.675822  0.774570 -0.028297  0.714000
1392280619892397      79961  0.696594  0.692337 -0.017536  0.714000
1392280619936348      80013  0.788746  0.618989  0.000063  0.714000
1392280619980378      80065  0.675109  0.524621  0.010427  0.714000
1392280620022077      80113  0.546224  0.499464  0.022309  0.714000
1392280620071251      80165  0.453910  0.501477  0.051529  0.714000
1392280620113205      80213  0.397675  0.416453  0.069951  0.714000
1392280620195235      80266  0.378640  0.298105  0.061177  0.714000
1392280620234132      80314  0.082659 -0.490667  0.070669  0.714000
1392280620282051      80366  0.170090 -0.236863  0.074764  0.714000
1392280620325222      80414  0.198669 -0.080202  0.094095  0.714000
1392280620366567      80467  0.284601 -0.067735  0.092326  0.714000
1392280620408610      80515  0.280857  0.051569  0.102800  0.714000
1392280620494007      80567  0.301219  0.058896  0.090004  0.714000
1392280620535863      80619  0.295107  0.057557  0.092862  0.709000
1392280620579695      80667  0.395776  0.062699  0.066436  0.709000
1392280620623628      80715  0.935361  0.276901  0.086518  0.698000
1392280620669217      80767  0.817480  0.611113  0.069682  0.692000
1392280620752128      80819  0.675099  0.595991  0.077280  0.692000
1392280620792441      80867  0.512332  0.531753  0.069010  0.692000
1392280620839601      80920  0.422933  0.424731  0.071834  0.692000
1392280620880156      80972  0.511102  0.284626  0.075328  0.687000
1392280620924124      81020  0.556487  0.209917  0.070823  0.687000
1392280620969820      81072  0.472791  0.091840  0.076262  0.687000
1392280621051706      81120  0.341769  0.008586  0.079757  0.687000
1392280621093650      81168  0.124709 -0.040446  0.085881  0.687000
1392280621136546      81221  0.230980 -0.010831  0.090940  0.687000
1392280621182217      81273  0.342184 -0.077466  0.108364  0.687000
1392280621225945      81321  0.350493 -0.149721  0.128281  0.687000
1392280621272478      81369 -0.183595 -0.176075  0.159541  0.687000
1392280621350745      81421 -0.265970 -0.078179  0.146979  0.687000
1392280621390543      81469 -0.375186  0.077172  0.145199  0.687000
1392280621438413      81522 -0.293882  0.230752  0.178782  0.687000
1392280621490445      81569 -0.036898  0.242044  0.205393  0.687000
1392280621537229      81622  0.072071  0.315922  0.226345  0.687000
1392280621580680      81674  0.069721  0.329630  0.239846  0.687000
1392280621627180      81722  0.018980  0.346019  0.262948  0.687000
1392280621670802      81774  0.004322  0.285365  0.284289  0.687000
1392280621747110      81822 -0.023879  0.207269  0.293491  0.692000
1392280621793238      81871 -0.071523  0.174275  0.315669  0.698000
1392280621839577      81923 -0.069235  0.232241  0.340554  0.698000
1392280621884039      81975 -0.073448  0.290184  0.352169  0.698000
1392280621924162      82023 -0.047821  0.261649  0.375540  0.698000
1392280622009078      82075  0.007183  0.088254  0.412200  0.698000
1392280622049850      82123  0.071670  0.109355  0.415226  0.698000
1392280622092676      82176  0.199154  0.060264  0.447615  0.698000
1392280622136278      82223  0.281849  0.019300  0.459426  0.698000
1392280622180152      82275  0.342349 -0.008421  0.458269  0.698000
1392280622228523      82324  0.315160 -0.009490  0.462037  0.698000
1392280622306760      82376  0.535935  0.145630  0.452986  0.698000
1392280622347568      82428  0.601607  0.113245  0.464561  0.698000
1392280622391696      82476  1.093680  0.086521  0.490536  0.698000
1392280622431981      82529  1.324161  0.046385  0.484667  0.698000
1392280622478611      82581  1.060299  0.020017  0.473833  0.698000
1392280622557326      82628  0.817842  0.008159  0.465828  0.698000
1392280622600503      82681  0.904860  0.016165  0.467465  0.698000
1392280622641259      82729  0.628237  0.045661  0.466737  0.698000
1392280622685461      82781  0.379204  0.102848  0.444057  0.703000
1392280622734104      82829  0.273125  0.156014  0.451935  0.703000
1392280622774358      82881  0.216851  0.200419  0.458910  0.703000
1392280622850474      82929  0.227761  0.213895  0.460862  0.709000
1392280622894907      82982  0.086262  0.255006  0.461063  0.725000
1392280622943305      83034  0.171003  0.296664  0.462219  0.725000
1392280622986065      83082  0.048938  0.347454  0.461707  0.742000
1392280623031878      83130  0.165641  0.379555  0.463797  0.747000
1392280623114150      83182  0.183029  0.366950  0.473691  0.747000
1392280623155796      83234  0.089068  0.515663  0.471816  0.747000
1392280623199804      83282 -0.026516  0.444614  0.485844  0.747000
1392280623242676      83335  0.082927  0.334967  0.510158  0.747000
1392280623287614      83383 -0.042199  0.227322  0.506990  0.747000
1392280623331709      83435  0.072929  0.238365  0.528113  0.747000
1392280623415515      83483  0.513848  0.356171  0.526551  0.747000
1392280623458172      83535  0.786782  0.668516  0.549750  0.736000
1392280623500119      83587  0.911247  0.762997  0.559217  0.725000
1392280623547348      83635  0.921324  0.528500  0.550824  0.725000
1392280623588476      83688  0.866453  0.568179  0.533096  0.725000
1392280623644978      83736  0.852526  0.323987  0.546722  0.725000
1392280623689775      83788  0.764556  0.088409  0.568730  0.725000
1392280623772520      83836  0.636096 -0.265781  0.565318  0.725000
1392280623811741      83888  0.378503 -1.030640  0.553745  0.725000
1392280623856327      83940  0.216692 -1.156512  0.535190  0.725000
1392280623901886      83988 -0.022498 -1.110205  0.506670  0.725000
1392280623944100      84040 -0.453039 -1.175164  0.487113  0.725000
1392280623985941      84089 -0.398774 -0.843810  0.453137  0.725000
1392280624032290      84137 -0.287083 -0.582328  0.419835  0.725000
1392280624113475      84189 -0.030032 -0.142439  0.382142  0.725000
1392280624153362      84237  0.100509  0.288030  0.376195  0.725000
1392280624205177      84289  0.231896  0.421639  0.342789  0.725000
1392280624243285      84341  0.288715  0.796090  0.304849  0.725000
1392280624286087      84389  0.361449  0.720608  0.293478  0.725000
1392280624368082      84442  0.345879  0.052597  0.278427  0.725000
1392280624409243      84490  0.213500 -0.219266  0.274130  0.725000
1392280624453158      84542  0.299478 -0.211750  0.266050  0.725000
1392280624499812      84590  0.243822 -0.218795  0.253867  0.725000
1392280624542542      84638  0.054100 -0.179854  0.231713  0.725000
1392280624583966      84690  0.259874 -0.202121  0.209606  0.725000
1392280624664677      84743  0.153885 -0.411761  0.205463  0.725000
1392280624708696      84791 -0.020428 -0.405619  0.195338  0.725000
1392280624753424      84843 -0.205341 -0.210174  0.189660  0.725000
1392280624795710      84895 -0.366840 -0.078915  0.175503  0.725000
1392280624840590      84943 -0.555656  0.330038  0.159472  0.725000
1392280624921473      84995 -0.597683  0.857270  0.151932  0.725000
1392280624967089      85043 -0.475954  0.982698  0.158564  0.725000
1392280625006336      85091 -0.351848  0.673697  0.155681  0.725000
1392280625052716      85144 -0.184390  0.312003  0.172627  0.725000
1392280625098474      85196 -0.335478  0.083201  0.185236  0.725000
1392280625143838      85244 -0.199834 -0.200760  0.178926  0.725000
1392280625227291      85292 -0.212432 -0.298980  0.207447  0.725000
1392280625269104      85344 -0.275287 -0.216415  0.201771  0.725000
1392280625313070      85396 -0.395010 -0.238170  0.202718  0.725000
1392280625356394      85445 -0.222963 -0.258513  0.216685  0.725000
1392280625400094      85496 -0.249755 -0.267383  0.216827  0.725000
1392280625468049      85545 -0.176105 -0.222131  0.211456  0.725000
1392280625512381      85593 -0.085945 -0.161922  0.209830  0.725000
1392280625556016      85645 -0.106981 -0.179013  0.198420  0.725000
1392280625602842      85697 -0.055474 -0.113632  0.177945  0.725000
1392280625637771      85745  0.070271 -0.034862  0.161676  0.725000
1392280625721665      85797  0.252762 -0.009366  0.147779  0.725000
1392280625763306      85845  1.010081 -0.198733  0.134709  0.725000
1392280625815433      85894  1.059435 -0.308602  0.102744  0.725000
1392280625853978      85946  1.122257 -0.092403  0.086767  0.725000
1392280625925478      85998  0.802574  0.093858  0.045815  0.725000
1392280625964540      86050  0.427287  0.130280  0.050516  0.725000
1392280626009122      86098  0.219945  0.182471  0.043926  0.725000
1392280626050658      86150  0.128909  0.212888  0.036283  0.725000
1392280626093550      86199  0.122538  0.142404  0.018454  0.725000
1392280626176774      86250  0.105973  0.076107  0.003847  0.742000
1392280626214940      86303  0.133398 -0.034822  0.020602  0.758000
1392280626261521      86351  0.145915 -0.235628  0.030995  0.758000
1392280626310394      86399  0.170339 -0.185743  0.004173  0.758000
1392280626349843      86451  0.168857 -0.099953  0.001177  0.758000
1392280626433321      86503  0.153556 -0.041845 -0.016758  0.758000
1392280626478536      86551  0.103348  0.127928 -0.021143  0.758000
1392280626520831      86604  0.020091  0.125411 -0.014415  0.758000
1392280626580761      86656 -0.022003  0.445729 -0.011075  0.758000
1392280626608046      86704  0.097417  0.529897 -0.012070  0.758000
1392280626649804      86756  0.283236  0.403619 -0.031038  0.758000
1392280626727677      86804  0.274777  0.347522 -0.025822  0.758000
1392280626771565      86856  0.041038  0.183479 -0.016193  0.758000
1392280626813528      86908 -0.111305  0.083480 -0.007011  0.758000
1392280626857378      86957 -0.180041  0.102635 -0.010486  0.758000
1392280626934859      87009 -0.387481  0.093594 -0.031350  0.758000
1392280626979346      87057 -0.582541  0.042629 -0.018918  0.758000
1392280627019831      87109 -1.065848  0.051184 -0.002650  0.758000
1392280627064108      87157 -1.124164  0.066544 -0.011578  0.758000
1392280627108804      87209 -0.929748  0.089151 -0.027706  0.753000
1392280627189364      87261 -0.622291  0.041258 -0.028707  0.753000
1392280627229972      87310 -0.412043  0.053907 -0.040409  0.753000
1392280627273660      87362 -0.282650 -0.007799 -0.049381  0.753000
1392280627317274      87410 -0.275863 -0.004266 -0.046372  0.753000
1392280627361191      87462 -0.259644  0.011822 -0.032553  0.753000
1392280627440450      87514 -0.259259  0.142475 -0.057209  0.753000
1392280627485952      87562 -0.180145  0.104112 -0.099916  0.703000
1392280627533260      87611 -0.175429  0.084201 -0.095342  0.703000
1392280627573866      87662 -0.187278  0.077292 -0.096262  0.676000
1392280627619749      87711 -0.179400  0.074845 -0.130109  0.654000
1392280627660202      87763 -0.178363  0.071397 -0.164592  0.654000
1392280627714055      87811 -0.155291  0.056300 -0.176524  0.654000
1392280627785926      87863 -0.154760  0.053696 -0.207115  0.654000
1392280627829669      87911 -0.159425 -0.155489 -0.196979  0.665000
1392280627875774      87963 -0.166545 -0.110396 -0.191967  0.687000
1392280627917992      88015 -0.623805 -0.026065 -0.178600  0.687000
1392280627963935      88064 -0.698855 -0.063803 -0.161972  0.692000
1392280628044912      88112 -0.658762 -0.122692 -0.159929  0.698000
1392280628084315      88164 -0.513084 -0.195175 -0.140766  0.698000
1392280628135309      88216 -0.368874 -0.249398 -0.127024  0.698000
1392280628182093      88264 -0.273127 -0.295297 -0.140339  0.703000
1392280628224319      88312 -0.228165 -0.387426 -0.137741  0.703000
1392280628266312      88365 -0.260415 -0.471837 -0.152667  0.703000
1392280628349386      88413 -0.220064 -0.498400 -0.148231  0.703000
1392280628388414      88465 -0.199671 -0.426149 -0.171064  0.709000
1392280628432244      88513 -0.187673 -0.599023 -0.201985  0.709000
1392280628476084      88565 -0.199741 -0.643412 -0.220305  0.709000
1392280628517450      88614 -0.082971 -0.522312 -0.221596  0.709000
1392280628558579      88665  0.088237 -0.393946 -0.237943  0.709000
1392280628644222      88714  0.177260 -0.519702 -0.269878  0.709000
1392280628688605      88766 -0.087227 -0.650748 -0.254735  0.709000
1392280628728792      88818 -0.257872 -0.640932 -0.251672  0.709000
1392280628771586      88866 -0.290667 -0.541053 -0.245605  0.709000
1392280628822504      88914 -0.153881 -0.552322 -0.258446  0.709000
1392280628902230      88967 -0.173784 -0.333831 -0.261905  0.709000
1392280628941584      89019 -0.472981 -0.443358 -0.271736  0.709000
1392280628990034      89067 -0.561451 -0.349557 -0.264431  0.709000
1392280629033055      89119 -0.448517 -0.247615 -0.269028  0.709000
1392280629074825      89167 -0.225356 -0.142524 -0.258654  0.709000
1392280629119690      89220  0.055089  0.397209 -0.253032  0.709000
1392280629163800      89268  0.095651  0.847050 -0.230430  0.709000
1392280629247821      89320  0.249439  0.734429 -0.178013  0.709000
1392280629290819      89372  0.300389  0.214222 -0.143342  0.709000
1392280629333692      89420  0.165949  0.037196 -0.126173  0.714000
1392280629375523      89472 -0.029999 -0.183902 -0.096294  0.720000
1392280629420426      89520 -0.112216 -0.257621 -0.091087  0.720000
1392280629499636      89573 -0.141519 -0.342863 -0.076717  0.725000
1392280629543898      89621 -0.129624 -0.448457 -0.066078  0.731000
1392280629588788      89673 -0.380979 -0.647582 -0.052632  0.731000
1392280629632097      89721 -0.323031 -0.622686 -0.033325  0.731000
1392280629673266      89773 -0.318288 -0.603175 -0.036527  0.731000
1392280629721946      89825 -0.256620 -0.605336 -0.026951  0.731000
1392280629805184      89873 -0.161008 -0.551061 -0.038853  0.731000
1392280629845911      89926 -0.064343 -0.358381 -0.057004  0.731000
1392280629889195      89974 -0.110880 -0.401696 -0.070540  0.731000
1392280629933056      90026 -0.013768 -0.340732 -0.067598  0.731000
1392280629973513      90074  0.028841 -0.253740 -0.053262  0.731000
1392280630020921      90126  0.038086 -0.138383 -0.070637  0.731000
1392280630101670      90174  0.023610  0.069972 -0.083163  0.731000
1392280630142072      90227  0.001058  0.036968 -0.099383  0.731000
1392280630184992      90275 -0.027236 -0.181688 -0.098709  0.731000
1392280630226936      90327 -0.042205 -0.303121 -0.105671  0.731000
1392280630316067      90379 -0.040656 -0.745283 -0.096757  0.725000
1392280630357446      90432 -0.035629 -1.408808 -0.096823  0.725000
1392280630399615      90479 -0.368712 -1.768245 -0.118070  0.725000
1392280630444109      90532 -0.293793 -1.722852 -0.156866  0.725000
1392280630486616      90580 -0.194909 -1.179745 -0.207260  0.720000
1392280630532605      90632 -0.133799 -0.810718 -0.225390  0.720000
1392280630574147      90680 -0.113052 -0.543975 -0.250652  0.720000
1392280630658845      90728 -0.101013 -0.424358 -0.276257  0.720000
1392280630701830      90781  0.180503 -0.256958 -0.307580  0.714000
1392280630748026      90833  0.185484  0.427051 -0.345204  0.709000
1392280630793895      90885  0.055280  0.368027 -0.353359  0.692000
1392280630837852      90933 -0.023822  0.452847 -0.358971  0.692000
1392280630919546      90985  0.163632  0.401077 -0.351923  0.659000
1392280630963128      91033  0.365659  0.212718 -0.363878  0.643000
1392280631004499      91085  0.202582 -0.185683 -0.369731  0.643000
1392280631054428      91133 -0.093759 -0.426773 -0.364000  0.643000
1392280631093233      91186 -0.143469 -0.552931 -0.351388  0.648000
1392280631135161      91234 -0.136892 -0.496950 -0.345780  0.648000
1392280631221003      91286 -0.079866 -0.442570 -0.361378  0.637000
1392280631262362      91334  0.096443 -0.407298 -0.377574  0.627000
1392280631307623      91386  0.029054 -0.415612 -0.385669  0.627000
1392280631350409      91435 -0.036514 -0.392705 -0.381639  0.632000
1392280631391784      91487 -0.030901 -0.428099 -0.371720  0.637000
1392280631432786      91539  0.001425 -0.397579 -0.366753  0.643000
1392280631513475      91587  0.101102 -0.356264 -0.355776  0.643000
1392280631558254      91639  0.184160 -0.317528 -0.365743  0.643000
1392280631601922      91687  0.244422 -0.352908 -0.357507  0.643000
1392280631645012      91739  0.318779 -0.598503 -0.344157  0.659000
1392280631685975      91788  0.380301 -0.960291 -0.340650  0.681000
1392280631772529      91840  0.389395 -0.737148 -0.315005  0.692000
1392280631815591      91891  0.323036 -0.705149 -0.301592  0.698000
1392280631859952      91940  0.246218 -0.504677 -0.303734  0.698000
1392280631904079      91988  0.159539 -0.351518 -0.297857  0.698000
1392280631943630      92040  0.611630 -0.405485 -0.280034  0.698000
1392280631987949      92088  0.593418 -0.351701 -0.279054  0.698000
1392280632069467      92140  0.382660 -0.210422 -0.267192  0.698000
1392280632111429      92193  0.298537 -0.150467 -0.239688  0.698000
1392280632157373      92240  0.419347 -0.146471 -0.217850  0.698000
1392280632195971      92289  0.730211 -0.174287 -0.213894  0.698000
1392280632237946      92341  0.811185 -0.231806 -0.196762  0.698000
1392280632282403      92389  0.891771 -0.253451 -0.195558  0.698000
1392280632370575      92441  0.610619  0.025220 -0.187839  0.698000
1392280632410726      92489  0.407881  0.150775 -0.162621  0.698000
1392280632455992      92541 -0.016722  0.235042 -0.134367  0.698000
1392280632496282      92590 -0.758247  0.419743 -0.137348  0.698000
1392280632537022      92642 -1.326394  0.818647 -0.106507  0.692000
1392280632622524      92694 -0.625617  0.351332 -0.096702  0.643000
1392280632663995      92742 -0.008971 -0.088430 -0.069045  0.643000
1392280632709875      92794  0.220115 -0.360923 -0.025594  0.643000
1392280632749118      92842  0.433765 -0.431885  0.041591  0.643000
1392280632793399      92894  0.502661 -0.386111  0.065410  0.643000
1392280632876398      92946  0.551759 -0.432932  0.108060  0.643000
1392280632920355      92995  0.665491 -0.483019  0.142806  0.670000
1392280632962273      93047  0.608245 -0.853890  0.205331  0.681000
1392280633003864      93099  0.659405 -0.925240  0.224097  0.698000
1392280633045510      93151  0.701489 -0.731635  0.267683  0.714000
1392280633135900      93199  0.592452 -0.491560  0.283144  0.720000
1392280633177176      93251  0.462764 -0.234820  0.310567  0.731000
1392280633221491      93303  0.322922 -0.024038  0.346380  0.742000
1392280633265236      93352  0.255241  0.200655  0.367858  0.742000
1392280633308510      93404  0.275249  0.090141  0.403566  0.742000
1392280633346941      93452  0.237480  0.265215  0.428376  0.742000
1392280633395654      93504  0.179767  0.093453  0.442338  0.742000
1392280633481729      93552  0.204463 -0.095798  0.460685  0.742000
1392280633526365      93604  0.192453 -0.149080  0.480376  0.742000
1392280633570790      93652  0.105061 -0.121720  0.477849  0.742000
1392280633615340      93704  0.190893  0.055675  0.498140  0.742000
1392280633649992      93753  0.256766  0.119060  0.514861  0.742000
1392280633745358      93805  0.314417  0.089145  0.534281  0.742000
1392280633782633      93857  0.290596  0.054870  0.532394  0.742000
1392280633826447      93905  0.466456  0.035015  0.513627  0.742000
1392280633870518      93957  0.577864  0.054360  0.528010  0.742000
1392280633909929      94005  0.634682  0.075714  0.519782  0.742000
1392280633952318      94058  0.665544  0.094062  0.522871  0.742000
1392280634036791      94106  0.625789  0.059743  0.509918  0.725000
1392280634082519      94158  0.552110  0.000909  0.489394  0.720000
1392280634125727      94206  0.455247 -0.048891  0.470265  0.692000
1392280634168001      94258  0.289778 -0.115541  0.457627  0.692000
1392280634209558      94307  0.197171 -0.150302  0.436400  0.692000
1392280634255944      94358  0.134586 -0.199996  0.438465  0.692000
1392280634337117      94410  0.086256 -0.223231  0.425000  0.692000
1392280634380618      94459  0.048880 -0.260481  0.413726  0.692000
1392280634421797      94507  0.021178 -0.267740  0.381799  0.692000
1392280634465629      94559  0.039391 -0.267764  0.378334  0.692000
1392280634505813      94611  0.028478 -0.179559  0.354706  0.681000
1392280634553279      94659 -0.118738 -0.057676 -0.079000  0.594000
1392280634636850      94711 -0.243840  0.035716 -0.407000  0.528000
1392280634679407      94760 -0.330912  0.103001 -0.594000  0.489000
1392280634722574      94812 -0.318535  0.190068 -0.641000  0.474000
1392280634771484      94860 -0.124007  0.239353 -0.735000  0.458000
1392280634808872      94908 -0.218060  0.174526 -1.203000  0.420000
1392280634855174      94960 -0.477911  0.297881 -1.625000  0.412000
1392280634941597      95012 -0.564080  0.227606 -1.999000  0.304000
1392280634985707      95064 -0.455748  0.037940 -1.999000  0.234000
1392280635027624      95112 -0.137470  0.305771 -1.999000  0.203000
1392280635080629      95165 -0.366332 -0.161915 -1.999000  0.172000
1392280635120317      95213 -0.137059  0.301968  0.000000  0.080000
1392280635162280      95265 -0.131010  0.259566  0.000000  0.002000
1392280635247134      95317 -0.119179  0.269943  0.000000  0.000000
1392280635288679      95365 -0.119092  0.261986  0.000000  0.000000
1392280635332317      95417 -0.117228  0.260393  0.000000  0.000000
1392280635387425      95470 -0.118910  0.255862  0.000000  0.000000
1392280635426218      95518 -0.119323  0.253327  0.000000  0.000000
1392280635468159      95570 -0.120475  0.249760  0.000000  0.000000
1392280635555806      95618 -0.121657  0.247977  0.000000  0.000000
1392280635595745      95670 -0.122492  0.245222  0.000000  0.000000
1392280635636651      95718 -0.123224  0.242748  0.000000  0.000000
1392280635682318      95770 -0.122921  0.239567  0.000000  0.000000
1392280635723440      95823 -0.123639  0.235395  0.000000  0.000000
1392280635766733      95871 -0.125339  0.233198  0.000000  0.000000
1392280635852831      95919 -0.126076  0.230848  0.000000  0.000000
1392280635894145      95971 -0.124989  0.228365  0.000000  0.000000
1392280635940891      96020 -0.126191  0.226339  0.000000  0.000000
1392280635982606      96071 -0.127700  0.225444  0.000000  0.000000
1392280636024671      96120 -0.128212  0.223454  0.000000  0.000000
1392280636069051      96172 -0.127872  0.221410  0.000000  0.000000
1392280636147188      96224 -0.128486  0.217266  0.000000  0.000000
1392280636190451      96272 -0.129087  0.215236  0.000000  0.000000
1392280636232972      96324 -0.129487  0.212524  0.000000  0.000000
1392280636276179      96376 -0.129904  0.212279  0.000000  0.000000
1392280636322446      96424 -0.132475  0.209965  0.000000  0.000000
1392280636416158      96477 -0.132443  0.208586  0.000000  0.000000
1392280636461973      96529 -0.132845  0.206416  0.000000  0.000000
1392280636507428      96577 -0.134126  0.204012  0.000000  0.000000
1392280636556097      96629 -0.134856  0.202782  0.000000  0.000000
1392280636607259      96677 -0.135471  0.201302  0.000000  0.000000
1392280636644108      96729 -0.136205  0.198707  0.000000  0.000000
1392280636691181      96777 -0.136651  0.197297  0.000000  0.000000
1392280636735938      96826 -0.137461  0.195608  0.000000  0.000000
1392280636784537      96878 -0.138090  0.193727  0.000000  0.000000
1392280636831927      96930 -0.138362  0.192520  0.000000  0.000000
1392280636876546      96978 -0.139177  0.191112  0.000000  0.000000
1392280636926134      97030 -0.139741  0.189425  0.000000  0.000000
1392280637015759      97082 -0.140571  0.187965  0.000000  0.000000
1392280637066215      97135 -0.141523  0.186104  0.000000  0.000000
1392280637112145      97187 -0.142312  0.184577  0.000000  0.000000
1392280637159567      97235 -0.142774  0.182720  0.000000  0.000000
1392280637205991      97287 -0.143563  0.181146  0.000000  0.000000
1392280637253292      97335 -0.144272  0.179778  0.000000  0.000000
1392280637297607      97388 -0.144991  0.178104  0.000000  0.000000
1392280637341791      97435 -0.145589  0.176599  0.000000  0.000000
1392280637388320      97488 -0.146667  0.175063  0.000000  0.000000
1392280637433983      97536 -0.147096  0.173602  0.000000  0.000000
1392280637488722      97588 -0.147566  0.172011  0.000000  0.000000
1392280637529136      97636 -0.148029  0.171044  0.000000  0.000000
1392280637621790      97689 -0.148598  0.169323  0.000000  0.000000
1392280637670775      97740 -0.149460  0.168391  0.000000  0.000000
1392280637718799      97793 -0.150471  0.167369  0.000000  0.000000
1392280637764290      97845 -0.151087  0.165871  0.000000  0.000000
1392280637813842      97893 -0.151432  0.164859  0.000000  0.000000
1392280637858727      97945 -0.151871  0.163741  0.000000  0.000000
1392280637904319      97993 -0.152384  0.162299  0.000000  0.000000
1392280637949819      98045 -0.153260  0.160869  0.000000  0.000000
1392280637995924      98098 -0.153554  0.159828  0.000000  0.000000
1392280638044037      98146 -0.153872  0.158772  0.000000  0.000000
1392280638091496      98198 -0.154544  0.157723  0.000000  0.000000
1392280638180376      98246 -0.155289  0.156801  0.000000  0.000000
1392280638227307      98298 -0.155932  0.155795  0.000000  0.000000
1392280638272243      98346 -0.156418  0.154768  0.000000  0.000000
1392280638317991      98399 -0.156701  0.153498  0.000000  0.000000
1392280638359487      98447 -0.157359  0.152335  0.000000  0.000000
1392280638410075      98499 -0.157721  0.151407  0.000000  0.000000
1392280638449852      98547 -0.158116  0.150399  0.000000  0.000000
1392280638501468      98599 -0.158685  0.149513  0.000000  0.000000
1392280638549727      98651 -0.159045  0.148530  0.000000  0.000000
1392280638594082      98700 -0.159697  0.147531  0.000000  0.000000
1392280638642540      98752 -0.160714  0.146567  0.000000  0.000000
1392280638733202      98800 -0.161083  0.145544  0.000000  0.000000
1392280638782832      98852 -0.161416  0.144474  0.000000  0.000000
1392280638831984      98900 -0.162006  0.143614  0.000000  0.000000
