1391689827857924 128 #audio: detected RC signal first time
1391689827959112 128 #audio: warning: reject SEATBELT
1391689829864155 128 #audio: warning: reject SEATBELT
1391689831922521 128 #audio: warning: reject SEATBELT
1391689833928264 128 #audio: warning: reject SEATBELT
1391689835926811 128 #audio: warning: reject SEATBELT
1391689837909030 128 #audio: warning: reject SEATBELT
1391689839939365 128 #audio: warning: reject SEATBELT
1391689841969703 128 #audio: warning: reject SEATBELT
1391689843964610 128 #audio: warning: reject SEATBELT
1391689846004299   0 #audio: warning: reject SEATBELT
1391689848038574 128 #audio: warning: reject SEATBELT
1391689850069934 128 #audio: warning: reject SEATBELT
1391689852068127   0 #audio: warning: reject SEATBELT
1391689854039379 128 #audio: warning: reject SEATBELT
1391689856077584   0 #audio: warning: reject SEATBELT
1391689858077975 128 #audio: warning: reject SEATBELT
1391689860060617 128 #audio: warning: reject SEATBELT
1391689862075201   0 #audio: warning: reject SEATBELT
1391689863080906   0 [cmd] ARMED by RC
1391689863202376   0 [cmd] state: arm 2, main 0, nav 1
1391689864116926 128 #audio: warning: reject SEATBELT
1391689866171364 128 #audio: warning: reject SEATBELT
1391689868224865   0 #audio: warning: reject SEATBELT
1391689870233736 128 #audio: warning: reject SEATBELT
1391689872272083 128 #audio: warning: reject SEATBELT
1391689874282172 128 #audio: warning: reject SEATBELT
1391689876293712 128 #audio: warning: reject SEATBELT
1391689878249213 128 #audio: warning: reject SEATBELT
1391689880265806 128 #audio: warning: reject SEATBELT
1391689882384318 128 #audio: warning: reject SEATBELT
1391689884422980 128 #audio: warning: reject SEATBELT
1391689886382909 128 #audio: warning: reject SEATBELT
1391689888418946 128 #audio: warning: reject SEATBELT
1391689890448099 128 #audio: warning: reject SEATBELT
1391689892484491 128 #audio: warning: reject SEATBELT
1391689894415502 128 #audio: warning: reject SEATBELT
1391689896517431  83 #audio: warning: reject SEATBELT
1391689898399157   0 #audio: warning: reject SEATBELT
1391689900437752 128 #audio: warning: reject SEATBELT
1391689902442815 128 #audio: warning: reject SEATBELT
1391689904469977 128 #audio: warning: reject SEATBELT
1391689906533219 128 #audio: warning: reject SEATBELT
1391689908563130 128 #audio: warning: reject SEATBELT
1391689910649562 128 #audio: warning: reject SEATBELT
1391689912600547 128 #audio: warning: reject SEATBELT
1391689914608674 128 #audio: warning: reject SEATBELT
1391689916697115 128 #audio: warning: reject SEATBELT
1391689918629234 128 #audio: warning: reject SEATBELT
1391689920664986 128 #audio: warning: reject SEATBELT
1391689922734507 128 #audio: warning: reject SEATBELT
1391689924787443   0 #audio: warning: reject SEATBELT
1391689926697261 128 #audio: warning: reject SEATBELT
1391689928804946 128 #audio: warning: reject SEATBELT
1391689930789814 128 #audio: warning: reject SEATBELT
1391689932824856 128 #audio: warning: reject SEATBELT
1391689934788238 128 #audio: warning: reject SEATBELT
1391689936820605 128 #audio: warning: reject SEATBELT
1391689940871584   0 #audio: warning: reject SEATBELT
1391689942896323 128 #audio: warning: reject SEATBELT
1391689943026531 128 [cmd] DISARMED by RC
1391689943124553   0 [cmd] state: arm 1, main 0, nav 1
1391689944971407 128 #audio: warning: reject SEATBELT
1391689946989629 128 #audio: warning: reject SEATBELT
1391689949024801 128 #audio: warning: reject SEATBELT
