1391689827776231          4          4          4   770 11689     0     0     0     0     0     0     0   0
1391689828887278          4          4          4   839 11688     0     0     0     0     0     0     0   0
1391689829999215          4          4          4   842 11687     0     0     0     0     0     0     0   0
1391689831114900          4          4          4   832 11686     0     0     0     0     0     0     0   0
1391689832277276          4          4          4   853 11687     0     0     0     0     0     0     0   0
1391689833380095          4          4          4   850 11687     0     0     0     0     0     0     0   0
1391689834524035          4          4          4   835 11687     0     0     0     0     0     0     0   0
1391689835612024          4          4          4   834 11687     0     0     0     0     0     0     0   0
1391689836744598          4          4          4   841 11687     0     0     0     0     0     0     0   0
1391689837811998          4          4          4   848 11686     0     0     0     0     0     0     0   0
1391689838912485          4          4          4   827 11687     0     0     0     0     0     0     0   0
1391689840073381          4          4          4   830 11686     0     0     0     0     0     0     0   0
1391689841166627          4          4          4   844 11686     0     0     0     0     0     0     0   0
1391689842301224          4          4          4   830 11686     0     0     0     0     0     0     0   0
1391689843403376          4          4          4   830 11686     0     0     0     0     0     0     0   0
1391689844564224          4          4          4   841 11686     0     0     0     0     0     0     0   0
1391689845687365          4          4          4   846 11686     0     0     0     0     0     0     0   0
1391689846789527          4          4          4   834 11686     0     0     0     0     0     0     0   0
1391689847946616          4          4          4   836 11685     0     0     0     0     0     0     0   0
1391689849066991          4          4          4   836 11685     0     0     0     0     0     0     0   0
1391689850207884          4          4          4   852 11684     0     0     0     0     0     0     0   0
1391689851308812          4          4          4   835 11685     0     0     0     0     0     0     0   0
1391689852396888          4          4          4   832 11686     0     0     0     0     0     0     0   0
1391689853501639          4          4          4   838 11685     0     0     0     0     0     0     0   0
1391689855753040          4          4          4   835 11685     0     0     0     0     0     0     0   0
1391689856873742          4          4          4   835 11685     0     0     0     0     0     0     0   0
1391689857990961          4          4          4   823 11685     0     0     0     0     0     0     0   0
1391689859101285          4          4          4   836 11685     0     0     0     0     0     0     0   0
1391689860193323          4          4          4   841 11684     0     0     0     0     0     0     0   0
1391689861301912          4          4          4   850 11684     0     0     0     0     0     0     0   0
1391689862437502          4          4          4   843 11684     0     0     0     0     0     0     0   0
1391689863596829          4          4          4   834 11685     0     0     0     0     0     0     0   0
1391689864689489          4          4          4   853 11595     0     0     0     0     0     0     0   0
1391689865825396          4          4          4   846 11613     0     0     0     0     0     0     0   0
1391689866976074          4          4          4   853 11588     0     0     0     0     0     0     0   0
1391689868142709          4          4          4   856 11539     0     0     0     0     0     0     0   0
1391689869255848          4          4          4   843 11478     0     0     0     0     0     0     0   0
1391689870362852          4          4          4   834 11433     0     0     0     0     0     0     0   0
1391689871488188          4          4          4   851 11391     0     0     0     0     0     0     0   0
1391689872623011          4          4          4   850 11339     0     0     0     0     0     0     0   0
1391689873734086          4          4          4   870 11290     0     0     0     0     0     0     0   0
1391689874882716          4          4          4   857 11263     0     0     0     0     0     0     0   0
1391689875987965          4          4          4   865 11238     0     0     0     0     0     0     0   0
1391689877147274          4          4          4   860 11221     0     0     0     0     0     0     0   0
1391689878289302          4          4          4   853 11205     0     0     0     0     0     0     0   0
1391689879404958          4          4          4   854 11196     0     0     0     0     0     0     0   0
1391689880522370          4          4          4   850 11187     0     0     0     0     0     0     0   0
1391689881703651          4          4          4   850 11179     0     0     0     0     0     0     0   0
1391689882812806          4          4          4   850 11175     0     0     0     0     0     0     0   0
1391689883958847          4          4          4   842 11172     0     0     0     0     0     0     0   0
1391689885114487          4          4          4   862 11163     0     0     0     0     0     0     0   0
1391689886260009          4          4          4   846 11159     0     0     0     0     0     0     0   0
1391689887401625          4          4          4   839 11157     0     0     0     0     0     0     0   0
1391689888556514          4          4          4   829 11151     0     0     0     0     0     0     0   0
1391689889670917          4          4          4   843 11144     0     0     0     0     0     0     0   0
1391689890784457          4          4          4   825 11137     0     0     0     0     0     0     0   0
1391689891930513          4          4          4   825 11143     0     0     0     0     0     0     0   0
1391689893049779          4          4          4   837 11141     0     0     0     0     0     0     0   0
1391689894204913          4          4          4   847 11138     0     0     0     0     0     0     0   0
1391689895277933          4          4          4   851 11111     0     0     0     0     0     0     0   0
1391689896438114          4          4          4   851 11086     0     0     0     0     0     0     0   0
1391689897538671          4          4          4   839 11075     0     0     0     0     0     0     0   0
1391689898650203          4          4          4   843 11070     0     0     0     0     0     0     0   0
1391689899729607          4          4          4   859 11062     0     0     0     0     0     0     0   0
1391689900905830          4          4          4   839 11051     0     0     0     0     0     0     0   0
1391689902020589          4          4          4   848 11033     0     0     0     0     0     0     0   0
1391689903167615          4          4          4   841 11011     0     0     0     0     0     0     0   0
1391689904258404          4          4          4   858 10983     0     0     0     0     0     0     0   0
1391689905427150          4          4          4   858 10965     0     0     0     0     0     0     0   0
1391689906577393          4          4          4   860 10982     0     0     0     0     0     0     0   0
1391689907675139          4          4          4   857 10967     0     0     0     0     0     0     0   0
1391689909964653          4          4          4   826 10966     0     0     0     0     0     0     0   0
1391689911116907          4          4          4   842 10953     0     0     0     0     0     0     0   0
1391689912267268          4          4          4   838 10961     0     0     0     0     0     0     0   0
1391689913384231          4          4          4   851 10931     0     0     0     0     0     0     0   0
1391689914524903          4          4          4   862 10918     0     0     0     0     0     0     0   0
1391689915660875          4          4          4   838 10940     0     0     0     0     0     0     0   0
1391689917991058          4          4          4   853 10935     0     0     0     0     0     0     0   0
1391689919134424          4          4          4   852 10916     0     0     0     0     0     0     0   0
1391689921360121          4          4          4   844 10910     0     0     0     0     0     0     0   0
1391689922514264          4          4          4   854 10922     0     0     0     0     0     0     0   0
1391689923673297          4          4          4   842 10910     0     0     0     0     0     0     0   0
1391689924788077          4          4          4   853 10896     0     0     0     0     0     0     0   0
1391689925943244          4          4          4   839 10914     0     0     0     0     0     0     0   0
1391689927085799          4          4          4   846 10901     0     0     0     0     0     0     0   0
1391689928215196          4          4          4   846 10892     0     0     0     0     0     0     0   0
1391689929370446          4          4          4   836 10883     0     0     0     0     0     0     0   0
1391689930482554          4          4          4   837 10893     0     0     0     0     0     0     0   0
1391689931593782          4          4          4   850 10881     0     0     0     0     0     0     0   0
1391689932740189          4          4          4   855 10894     0     0     0     0     0     0     0   0
1391689933859388          4          4          4   853 10879     0     0     0     0     0     0     0   0
1391689935042018          4          4          4   856 10871     0     0     0     0     0     0     0   0
1391689936152402          4          4          4   847 10896     0     0     0     0     0     0     0   0
1391689937271061          4          4          4   844 10892     0     0     0     0     0     0     0   0
1391689938416919          4          4          4   850 10890     0     0     0     0     0     0     0   0
1391689939536180          4          4          4   849 10917     0     0     0     0     0     0     0   0
1391689940659210          4          4          4   838 10926     0     0     0     0     0     0     0   0
1391689941808711          4          4          4   844 10977     0     0     0     0     0     0     0   0
1391689942936426          4          4          4   853 11121     0     0     0     0     0     0     0   0
1391689944057350          4          4          4   841 11250     0     0     0     0     0     0     0   0
1391689945246460          4          4          4   832 11316     0     0     0     0     0     0     0   0
1391689946353734          4          4          4   823 11348     0     0     0     0     0     0     0   0
1391689947457182          4          4          4   824 11360     0     0     0     0     0     0     0   0
1391689948595941          4          4          4   824 11375     0     0     0     0     0     0     0   0
