1391689827777599  0.000000  0.000000  0.000000 -0.000000   109     0
1391689827859417  0.000000  0.000000  0.000000 -0.000000   109     0
1391689827992086  0.000000  0.000000  0.000000 -0.000000   109     0
1391689828131633  0.000000  0.000000  0.000000 -0.000000   110     0
1391689828220546  0.000000  0.000000  0.000000 -0.000000   110     0
1391689828332044  0.000000  0.000000  0.000000 -0.000000   110     0
1391689828421289  0.000000  0.000000  0.000000 -0.000000   110     0
1391689828512382  0.000000  0.000000  0.000000 -0.000000   110     0
1391689828610625  0.000000  0.000000  0.000000 -0.000000   110     0
1391689828704219  0.000000  0.000000  0.000000 -0.000000   110     0
1391689828844770  0.000000  0.000000  0.000000 -0.000000   110     0
1391689828932257  0.000000  0.000000  0.000000 -0.000000   110     0
1391689829026022  0.000000  0.000000  0.000000 -0.000000   110     0
1391689829113525  0.000000  0.000000  0.000000 -0.000000   110     0
1391689829206842  0.000000  0.000000  0.000000 -0.000000   109     0
1391689829348884  0.000000  0.000000  0.000000 -0.000000   109     0
1391689829443516  0.000000  0.000000  0.000000 -0.000000   110     0
1391689829536228  0.000000  0.000000  0.000000 -0.000000   110     0
1391689829629357  0.000000  0.000000  0.000000 -0.000000   110     0
1391689829725898  0.000000  0.000000  0.000000 -0.000000   110     0
1391689829824879  0.000000  0.000000  0.000000 -0.000000   110     0
1391689829957003  0.000000  0.000000  0.000000 -0.000000   109     0
1391689830044562  0.000000  0.000000  0.000000 -0.000000   110     0
1391689830144030  0.000000  0.000000  0.000000 -0.000000   109     0
1391689830279367  0.000000  0.000000  0.000000 -0.000000   110     0
1391689830366283  0.000000  0.000000  0.000000 -0.000000   110     0
1391689830465275  0.000000  0.000000  0.000000 -0.000000   110     0
1391689830601234  0.000000  0.000000  0.000000 -0.000000   110     0
1391689830711298  0.000000  0.000000  0.000000 -0.000000   109     0
1391689830843304  0.000000  0.000000  0.000000 -0.000000   110     0
1391689830934000  0.000000  0.000000  0.000000 -0.000000   110     0
1391689831028999  0.000000  0.000000  0.000000 -0.000000   110     0
1391689831162939  0.000000  0.000000  0.000000 -0.000000   110     0
1391689831255451  0.000000  0.000000  0.000000 -0.000000   110     0
1391689831351140  0.000000  0.000000  0.000000 -0.000000   110     0
1391689831439890  0.000000  0.000000  0.000000 -0.000000   110     0
1391689831532233  0.000000  0.000000  0.000000 -0.000000   110     0
1391689831625493  0.000000  0.000000  0.000000 -0.000000   109     0
1391689831764359  0.000000  0.000000  0.000000 -0.000000   110     0
1391689831880525  0.000000  0.000000  0.000000 -0.000000   110     0
1391689831967321  0.000000  0.000000  0.000000 -0.000000   110     0
1391689832092168  0.000000  0.000000  0.000000 -0.000000   110     0
1391689832192861  0.000000  0.000000  0.000000 -0.000000   110     0
1391689832323076  0.000000  0.000000  0.000000 -0.000000   110     0
1391689832428566  0.000000  0.000000  0.000000 -0.000000   110     0
1391689832506270  0.000000  0.000000  0.000000 -0.000000   110     0
1391689832640727  0.000000  0.000000  0.000000 -0.000000   109     0
1391689832736661  0.000000  0.000000  0.000000 -0.000000   110     0
1391689832867168  0.000000  0.000000  0.000000 -0.000000   109     0
1391689832918217  0.000000  0.000000  0.000000 -0.000000   109     0
1391689833011593  0.000000  0.000000  0.000000 -0.000000   109     0
1391689833153294  0.000000  0.000000  0.000000 -0.000000   109     0
1391689833241634  0.000000  0.000000  0.000000 -0.000000   109     0
1391689833346187  0.000000  0.000000  0.000000 -0.000000   109     0
1391689833471271  0.000000  0.000000  0.000000 -0.000000   109     0
1391689833568055  0.000000  0.000000  0.000000 -0.000000   109     0
1391689833659433  0.000000  0.000000  0.000000 -0.000000   110     0
1391689833748571  0.000000  0.000000  0.000000 -0.000000   109     0
1391689833840713  0.000000  0.000000  0.000000 -0.000000   109     0
1391689833975063  0.000000  0.000000  0.000000 -0.000000   109     0
1391689834068800  0.000000  0.000000  0.000000 -0.000000   109     0
1391689834169870  0.000000  0.000000  0.000000 -0.000000   109     0
1391689834249929  0.000000  0.000000  0.000000 -0.000000   109     0
1391689834392802  0.000000  0.000000  0.000000 -0.000000   109     0
1391689834478211  0.000000  0.000000  0.000000 -0.000000   110     0
1391689834629460  0.000000  0.000000  0.000000 -0.000000   109     0
1391689834718258  0.000000  0.000000  0.000000 -0.000000   109     0
1391689834804425  0.000000  0.000000  0.000000 -0.000000   109     0
1391689834900865  0.000000  0.000000  0.000000 -0.000000   109     0
1391689834985438  0.000000  0.000000  0.000000 -0.000000   109     0
1391689835124043  0.000000  0.000000  0.000000 -0.000000   109     0
1391689835216784  0.000000  0.000000  0.000000 -0.000000   109     0
1391689835306986  0.000000  0.000000  0.000000 -0.000000   109     0
1391689835442141  0.000000  0.000000  0.000000 -0.000000   109     0
1391689835536149  0.000000  0.000000  0.000000 -0.000000   109     0
1391689835652880  0.000000  0.000000  0.000000 -0.000000   109     0
1391689835743546  0.000000  0.000000  0.000000 -0.000000   109     0
1391689835833958  0.000000  0.000000  0.000000 -0.000000   109     0
1391689835975899  0.000000  0.000000  0.000000 -0.000000   109     0
1391689836062017  0.000000  0.000000  0.000000 -0.000000   109     0
1391689836149796  0.000000  0.000000  0.000000 -0.000000   109     0
1391689836287981  0.000000  0.000000  0.000000 -0.000000   109     0
1391689836383055  0.000000  0.000000  0.000000 -0.000000   109     0
1391689836474790  0.000000  0.000000  0.000000 -0.000000   109     0
1391689836616914  0.000000  0.000000  0.000000 -0.000000   109     0
1391689836698696  0.000000  0.000000  0.000000 -0.000000   110     0
1391689836792009  0.000000  0.000000  0.000000 -0.000000   109     0
1391689836881737  0.000000  0.000000  0.000000 -0.000000   109     0
1391689836979650  0.000000  0.000000  0.000000 -0.000000   109     0
1391689837112524  0.000000  0.000000  0.000000 -0.000000   109     0
1391689837206410  0.000000  0.000000  0.000000 -0.000000   110     0
1391689837300171  0.000000  0.000000  0.000000 -0.000000   110     0
1391689837392596  0.000000  0.000000  0.000000 -0.000000   110     0
1391689837531201  0.000000  0.000000  0.000000 -0.000000   109     0
1391689837594372  0.000000  0.000000  0.000000 -0.000000   109     0
1391689837672498  0.000000  0.000000  0.000000 -0.000000   109     0
1391689837769103  0.000000  0.000000  0.000000 -0.000000   109     0
1391689837859361  0.000000  0.000000  0.000000 -0.000000   109     0
1391689837996313  0.000000  0.000000  0.000000 -0.000000   109     0
1391689838094125  0.000000  0.000000  0.000000 -0.000000   109     0
1391689838229235  0.000000  0.000000  0.000000 -0.000000   109     0
1391689838320941  0.000000  0.000000  0.000000 -0.000000   109     0
1391689838414552  0.000000  0.000000  0.000000 -0.000000   109     0
1391689838506117  0.000000  0.000000  0.000000 -0.000000   109     0
1391689838632965  0.000000  0.000000  0.000000 -0.000000   109     0
1391689838727242  0.000000  0.000000  0.000000 -0.000000   109     0
1391689838818572  0.000000  0.000000  0.000000 -0.000000   109     0
1391689838957720  0.000000  0.000000  0.000000 -0.000000   109     0
1391689839055937  0.000000  0.000000  0.000000 -0.000000   109     0
1391689839148029  0.000000  0.000000  0.000000 -0.000000   109     0
1391689839234655  0.000000  0.000000  0.000000 -0.000000   109     0
1391689839328977  0.000000  0.000000  0.000000 -0.000000   109     0
1391689839473049  0.000000  0.000000  0.000000 -0.000000   109     0
1391689839565693  0.000000  0.000000  0.000000 -0.000000   109     0
1391689839655596  0.000000  0.000000  0.000000 -0.000000   109     0
1391689839756108  0.000000  0.000000  0.000000 -0.000000   109     0
1391689839853652  0.000000  0.000000  0.000000 -0.000000   110     0
1391689839940792  0.000000  0.000000  0.000000 -0.000000   110     0
1391689840073499  0.000000  0.000000  0.000000 -0.000000   109     0
1391689840170988  0.000000  0.000000  0.000000 -0.000000   109     0
1391689840259658  0.000000  0.000000  0.000000 -0.000000   109     0
1391689840401576  0.000000  0.000000  0.000000 -0.000000   109     0
1391689840502279  0.000000  0.000000  0.000000 -0.000000   109     0
1391689840593095  0.000000  0.000000  0.000000 -0.000000   109     0
1391689840685219  0.000000  0.000000  0.000000 -0.000000   110     0
1391689840777978  0.000000  0.000000  0.000000 -0.000000   109     0
1391689840887652  0.000000  0.000000  0.000000 -0.000000   110     0
1391689841028301  0.000000  0.000000  0.000000 -0.000000   110     0
1391689841124051  0.000000  0.000000  0.000000 -0.000000   110     0
1391689841212355  0.000000  0.000000  0.000000 -0.000000   109     0
1391689841305530  0.000000  0.000000  0.000000 -0.000000   109     0
1391689841401344  0.000000  0.000000  0.000000 -0.000000   109     0
1391689841536683  0.000000  0.000000  0.000000 -0.000000   110     0
1391689841628181  0.000000  0.000000  0.000000 -0.000000   110     0
1391689841724177  0.000000  0.000000  0.000000 -0.000000   110     0
1391689841834513  0.000000  0.000000  0.000000 -0.000000   110     0
1391689841925312  0.000000  0.000000  0.000000 -0.000000   110     0
1391689842062578  0.000000  0.000000  0.000000 -0.000000   110     0
1391689842163428  0.000000  0.000000  0.000000 -0.000000   110     0
1391689842298138  0.000000  0.000000  0.000000 -0.000000   110     0
1391689842388272  0.000000  0.000000  0.000000 -0.000000   110     0
1391689842477410  0.000000  0.000000  0.000000 -0.000000   109     0
1391689842569144  0.000000  0.000000  0.000000 -0.000000   109     0
1391689842666471  0.000000  0.000000  0.000000 -0.000000   110     0
1391689842809172  0.000000  0.000000  0.000000 -0.000000   110     0
1391689842904459  0.000000  0.000000  0.000000 -0.000000   110     0
1391689842992694  0.000000  0.000000  0.000000 -0.000000   110     0
1391689843081538  0.000000  0.000000  0.000000 -0.000000   110     0
1391689843172616  0.000000  0.000000  0.000000 -0.000000   110     0
1391689843271493  0.000000  0.000000  0.000000 -0.000000   110     0
1391689843402749  0.000000  0.000000  0.000000 -0.000000   110     0
1391689843500502  0.000000  0.000000  0.000000 -0.000000   110     0
1391689843587553  0.000000  0.000000  0.000000 -0.000000   110     0
1391689843738117  0.000000  0.000000  0.000000 -0.000000   110     0
1391689843822488  0.000000  0.000000  0.000000 -0.000000   110     0
1391689843926469  0.000000  0.000000  0.000000 -0.000000   110     0
1391689844012083  0.000000  0.000000  0.000000 -0.000000   110     0
1391689844101258  0.000000  0.000000  0.000000 -0.000000   110     0
1391689844194242  0.000000  0.000000  0.000000 -0.000000   110     0
1391689844332570  0.000000  0.000000  0.000000 -0.000000   110     0
1391689844431240  0.000000  0.000000  0.000000 -0.000000   110     0
1391689844537134  0.000000  0.000000  0.000000 -0.000000   110     0
1391689844676741  0.000000  0.000000  0.000000 -0.000000   110     0
1391689844757921  0.000000  0.000000  0.000000 -0.000000   110     0
1391689844846429  0.000000  0.000000  0.000000 -0.000000   110     0
1391689844985216  0.000000  0.000000  0.000000 -0.000000   110     0
1391689845082121  0.000000  0.000000  0.000000 -0.000000   110     0
1391689845171877  0.000000  0.000000  0.000000 -0.000000   110     0
1391689845272815  0.000000  0.000000  0.000000 -0.000000   110     0
1391689845361584  0.000000  0.000000  0.000000 -0.000000   110     0
1391689845456771  0.000000  0.000000  0.000000 -0.000000   110     0
1391689845599098  0.000000  0.000000  0.000000 -0.000000   110     0
1391689845689066  0.000000  0.000000  0.000000 -0.000000   110     0
1391689845824781  0.000000  0.000000  0.000000 -0.000000   110     0
1391689845920438  0.000000  0.000000  0.000000 -0.000000   110     0
1391689846005820  0.000000  0.000000  0.000000 -0.000000   110     0
1391689846165672  0.000000  0.000000  0.000000 -0.000000   110     0
1391689846240584  0.000000  0.000000  0.000000 -0.000000   110     0
1391689846345486  0.000000  0.000000  0.000000 -0.000000   110     0
1391689846430838  0.000000  0.000000  0.000000 -0.000000   110     0
1391689846518774  0.000000  0.000000  0.000000 -0.000000   110     0
1391689846658228  0.000000  0.000000  0.000000 -0.000000   110     0
1391689846743147  0.000000  0.000000  0.000000 -0.000000   110     0
1391689846839633  0.000000  0.000000  0.000000 -0.000000   110     0
1391689846972405  0.000000  0.000000  0.000000 -0.000000   110     0
1391689847066387  0.000000  0.000000  0.000000 -0.000000   110     0
1391689847176964  0.000000  0.000000  0.000000 -0.000000   110     0
1391689847254167  0.000000  0.000000  0.000000 -0.000000   110     0
1391689847393427  0.000000  0.000000  0.000000 -0.000000   109     0
1391689847487502  0.000000  0.000000  0.000000 -0.000000   110     0
1391689847581129  0.000000  0.000000  0.000000 -0.000000   110     0
1391689847722021  0.000000  0.000000  0.000000 -0.000000   110     0
1391689847805933  0.000000  0.000000  0.000000 -0.000000   110     0
1391689847898484  0.000000  0.000000  0.000000 -0.000000   110     0
1391689848038292  0.000000  0.000000  0.000000 -0.000000   110     0
1391689848139060  0.000000  0.000000  0.000000 -0.000000   110     0
1391689848219471  0.000000  0.000000  0.000000 -0.000000   110     0
1391689848325174  0.000000  0.000000  0.000000 -0.000000   110     0
1391689848463275  0.000000  0.000000  0.000000 -0.000000   110     0
1391689848577543  0.000000  0.000000  0.000000 -0.000000   110     0
1391689848680032  0.000000  0.000000  0.000000 -0.000000   110     0
1391689848772547  0.000000  0.000000  0.000000 -0.000000   110     0
1391689848863171  0.000000  0.000000  0.000000 -0.000000   110     0
1391689848975920  0.000000  0.000000  0.000000 -0.000000   110     0
1391689849114983  0.000000  0.000000  0.000000 -0.000000   110     0
1391689849235501  0.000000  0.000000  0.000000 -0.000000   110     0
1391689849356087  0.000000  0.000000  0.000000 -0.000000   110     0
1391689849442154  0.000000  0.000000  0.000000 -0.000000   110     0
1391689849563890  0.000000  0.000000  0.000000 -0.000000   110     0
1391689849658636  0.000000  0.000000  0.000000 -0.000000   110     0
1391689849749479  0.000000  0.000000  0.000000 -0.000000   110     0
1391689849840860  0.000000  0.000000  0.000000 -0.000000   110     0
1391689849930965  0.000000  0.000000  0.000000 -0.000000   110     0
1391689850070537  0.000000  0.000000  0.000000 -0.000000   110     0
1391689850164284  0.000000  0.000000  0.000000 -0.000000   110     0
1391689850300985  0.000000  0.000000  0.000000 -0.000000   110     0
1391689850392546  0.000000  0.000000  0.000000 -0.000000   110     0
1391689850494277  0.000000  0.000000  0.000000 -0.000000   110     0
1391689850586443  0.000000  0.000000  0.000000 -0.000000   110     0
1391689850702677  0.000000  0.000000  0.000000 -0.000000   110     0
1391689850789380  0.000000  0.000000  0.000000 -0.000000   110     0
1391689850886508  0.000000  0.000000  0.000000 -0.000000   110     0
1391689851041312  0.000000  0.000000  0.000000 -0.000000   110     0
1391689851117062  0.000000  0.000000  0.000000 -0.000000   110     0
1391689851212131  0.000000  0.000000  0.000000 -0.000000   110     0
1391689851309124  0.000000  0.000000  0.000000 -0.000000   110     0
1391689851420376  0.000000  0.000000  0.000000 -0.000000   110     0
1391689851518337  0.000000  0.000000  0.000000 -0.000000   109     0
1391689851606565  0.000000  0.000000  0.000000 -0.000000   110     0
1391689851701559  0.000000  0.000000  0.000000 -0.000000   110     0
1391689851789942  0.000000  0.000000  0.000000 -0.000000   110     0
1391689851931807  0.000000  0.000000  0.000000 -0.000000   110     0
1391689852023359  0.000000  0.000000  0.000000 -0.000000   110     0
1391689852110339  0.000000  0.000000  0.000000 -0.000000   110     0
1391689852212555  0.000000  0.000000  0.000000 -0.000000   110     0
1391689852352949  0.000000  0.000000  0.000000 -0.000000   110     0
1391689852446390  0.000000  0.000000  0.000000 -0.000000   110     0
1391689852535907  0.000000  0.000000  0.000000 -0.000000   110     0
1391689852672066  0.000000  0.000000  0.000000 -0.000000   110     0
1391689852761516  0.000000  0.000000  0.000000 -0.000000   110     0
1391689852901589  0.000000  0.000000  0.000000 -0.000000   110     0
1391689852987182  0.000000  0.000000  0.000000 -0.000000   110     0
1391689853093082  0.000000  0.000000  0.000000 -0.000000   110     0
1391689853173298  0.000000  0.000000  0.000000 -0.000000   110     0
1391689853319653  0.000000  0.000000  0.000000 -0.000000   110     0
1391689853404289  0.000000  0.000000  0.000000 -0.000000   110     0
1391689853501257  0.000000  0.000000  0.000000 -0.000000   110     0
1391689853586852  0.000000  0.000000  0.000000 -0.000000   110     0
1391689853729033  0.000000  0.000000  0.000000 -0.000000   110     0
1391689853818494  0.000000  0.000000  0.000000 -0.000000   110     0
1391689853913655  0.000000  0.000000  0.000000 -0.000000   110     0
1391689854038905  0.000000  0.000000  0.000000 -0.000000   110     0
1391689854148275  0.000000  0.000000  0.000000 -0.000000   110     0
1391689854226656  0.000000  0.000000  0.000000 -0.000000   110     0
1391689854369534  0.000000  0.000000  0.000000 -0.000000   110     0
1391689854438362  0.000000  0.000000  0.000000 -0.000000   110     0
1391689854570454  0.000000  0.000000  0.000000 -0.000000   110     0
1391689854666365  0.000000  0.000000  0.000000 -0.000000   110     0
1391689854756363  0.000000  0.000000  0.000000 -0.000000   110     0
1391689854894604  0.000000  0.000000  0.000000 -0.000000   110     0
1391689854994557  0.000000  0.000000  0.000000 -0.000000   110     0
1391689855130506  0.000000  0.000000  0.000000 -0.000000   110     0
1391689855220499  0.000000  0.000000  0.000000 -0.000000   110     0
1391689855317337  0.000000  0.000000  0.000000 -0.000000   110     0
1391689855410963  0.000000  0.000000  0.000000 -0.000000   110     0
1391689855498692  0.000000  0.000000  0.000000 -0.000000   110     0
1391689855617327  0.000000  0.000000  0.000000 -0.000000   110     0
1391689855709518  0.000000  0.000000  0.000000 -0.000000   110     0
1391689855845595  0.000000  0.000000  0.000000 -0.000000   110     0
1391689855935897  0.000000  0.000000  0.000000 -0.000000   110     0
1391689856034422  0.000000  0.000000  0.000000 -0.000000   110     0
1391689856126935  0.000000  0.000000  0.000000 -0.000000   110     0
1391689856218352  0.000000  0.000000  0.000000 -0.000000   110     0
1391689856357292  0.000000  0.000000  0.000000 -0.000000   110     0
1391689856453573  0.000000  0.000000  0.000000 -0.000000   110     0
1391689856546411  0.000000  0.000000  0.000000 -0.000000   110     0
1391689856671064  0.000000  0.000000  0.000000 -0.000000   110     0
1391689856759892  0.000000  0.000000  0.000000 -0.000000   110     0
1391689856873528  0.000000  0.000000  0.000000 -0.000000   110     0
1391689856971609  0.000000  0.000000  0.000000 -0.000000   110     0
1391689857061385  0.000000  0.000000  0.000000 -0.000000   110     0
1391689857153647  0.000000  0.000000  0.000000 -0.000000   110     0
1391689857256770  0.000000  0.000000  0.000000 -0.000000   110     0
1391689857384190  0.000000  0.000000  0.000000 -0.000000   110     0
1391689857477003  0.000000  0.000000  0.000000 -0.000000   110     0
1391689857620314  0.000000  0.000000  0.000000 -0.000000   110     0
1391689857704804  0.000000  0.000000  0.000000 -0.000000   110     0
1391689857803006  0.000000  0.000000  0.000000 -0.000000   110     0
1391689857902768  0.000000  0.000000  0.000000 -0.000000   110     0
1391689857991377  0.000000  0.000000  0.000000 -0.000000   110     0
1391689858115386  0.000000  0.000000  0.000000 -0.000000   110     0
1391689858210447  0.000000  0.000000  0.000000 -0.000000   110     0
1391689858312585  0.000000  0.000000  0.000000 -0.000000   110     0
1391689858409286  0.000000  0.000000  0.000000 -0.000000   110     0
1391689858493803  0.000000  0.000000  0.000000 -0.000000   110     0
1391689858590133  0.000000  0.000000  0.000000 -0.000000   110     0
1391689858727632  0.000000  0.000000  0.000000 -0.000000   110     0
1391689858822921  0.000000  0.000000  0.000000 -0.000000   110     0
1391689858960242  0.000000  0.000000  0.000000 -0.000000   110     0
1391689859053496  0.000000  0.000000  0.000000 -0.000000   110     0
1391689859192192  0.000000  0.000000  0.000000 -0.000000   110     0
1391689859283167  0.000000  0.000000  0.000000 -0.000000   110     0
1391689859378431  0.000000  0.000000  0.000000 -0.000000   110     0
1391689859475229  0.000000  0.000000  0.000000 -0.000000   110     0
1391689859598074  0.000000  0.000000  0.000000 -0.000000   110     0
1391689859724796  0.000000  0.000000  0.000000 -0.000000   110     0
1391689859814206  0.000000  0.000000  0.000000 -0.000000   110     0
1391689859907434  0.000000  0.000000  0.000000 -0.000000   110     0
1391689860003419  0.000000  0.000000  0.000000 -0.000000   110     0
1391689860108337  0.000000  0.000000  0.000000 -0.000000   110     0
1391689860235997  0.000000  0.000000  0.000000 -0.000000   110     0
1391689860331956  0.000000  0.000000  0.000000 -0.000000   110     0
1391689860426259  0.000000  0.000000  0.000000 -0.000000   110     0
1391689860518072  0.000000  0.000000  0.000000 -0.000000   110     0
1391689860662001  0.000000  0.000000  0.000000 -0.000000   110     0
1391689860750471  0.000000  0.000000  0.000000 -0.000000   110     0
1391689860842496  0.000000  0.000000  0.000000 -0.000000   110     0
1391689860935550  0.000000  0.000000  0.000000 -0.000000   110     0
1391689861041415  0.000000  0.000000  0.000000 -0.000000   110     0
1391689861166826  0.000000  0.000000  0.000000 -0.000000   110     0
1391689861261673  0.000000  0.000000  0.000000 -0.000000   110     0
1391689861347014  0.000000  0.000000  0.000000 -0.000000   110     0
1391689861484892  0.000000  0.000000  0.000000 -0.000000   110     0
1391689861604213  0.000000  0.000000  0.000000 -0.000000   110     0
1391689861700383  0.000000  0.000000  0.000000 -0.000000   110     0
1391689861797687  0.000000  0.000000  0.000000 -0.000000   110     0
1391689861888054  0.000000  0.000000  0.000000 -0.000000   110     0
1391689862030993  0.000000  0.000000  0.000000 -0.000000   110     0
1391689862117871  0.000000  0.000000  0.000000 -0.000000   110     0
1391689862220662  0.000000  0.000000  0.000000 -0.000000   110     0
1391689862300739  0.000000  0.000000  0.000000 -0.000000   110     0
1391689862437292  0.000000  0.000000  0.000000 -0.000000   110     0
1391689862531583  0.000000  0.000000  0.000000 -0.000000   110     0
1391689862669721  0.000000  0.000000  0.000000 -0.000000   110     0
1391689862761382  0.000000  0.000000  0.000000 -0.000000   110     0
1391689862897911  0.000000  0.000000  0.000000 -0.000000   110     0
1391689862993880  0.000000  0.000000  0.000000 -0.000000   110     0
1391689863080399  0.000000  0.000000  0.000000 -0.000000   110     0
1391689863158488  0.000000  0.000000  0.000000 -0.000000   110     0
1391689863288510  0.000000  0.000000  0.000000 -0.000000   110     0
1391689863372896  0.000000  0.000000  0.000000 -0.000000   110     0
1391689863500793  0.000000  0.000000  0.000000 -0.000000   110     0
1391689863596982  0.000000  0.000000  0.000000 -0.000000   110     0
1391689863671824  0.000000  0.000000  0.000000 -0.000000   104     0
1391689863800801  0.000000  0.000000  0.000000 -0.000000   101     0
1391689863888498  0.000000  0.000000  0.000000 -0.000000    98     0
1391689863971432  0.000000  0.000000  0.000000 -0.000000    99     0
1391689864116333  0.000000  0.000000  0.000000 -0.000000   100     0
1391689864189485  0.000000  0.000000  0.000000 -0.000000   100     0
1391689864311024  0.000000  0.000000  0.000000 -0.000000   100     0
1391689864403416  0.000000  0.000000  0.000000 -0.000000   102     0
1391689864518670  0.000000  0.000000  0.000000 -0.000000   102     0
1391689864609098  0.000000  0.000000  0.000000 -0.000000   102     0
1391689864689921  0.000000  0.000000  0.000000 -0.000000   101     0
1391689864815041  0.000000  0.000000  0.000000 -0.000000   102     0
1391689864910197  0.000000  0.000000  0.000000 -0.000000   102     0
1391689865000492  0.000000  0.000000  0.000000 -0.000000   102     0
1391689865126636  0.000000  0.000000  0.000000 -0.000000   102     0
1391689865213131  0.000000  0.000000  0.000000 -0.000000   102     0
1391689865300367  0.000000  0.000000  0.000000 -0.000000   102     0
1391689865428120  0.000000  0.000000  0.000000 -0.000000   102     0
1391689865515936  0.000000  0.000000  0.000000 -0.000000   102     0
1391689865606476  0.000000  0.000000  0.000000 -0.000000   102  4259
1391689865706920  0.000000  0.000000  0.000000 -0.000000   103  6160
1391689865825061  0.000000  0.000000  0.000000 -0.000000   102  8519
1391689865910477  0.000000  0.000000  0.000000 -0.000000   102  8519
1391689866050803  0.000000  0.000000  0.000000 -0.000000   102  9961
1391689866130665  0.000000  0.000000  0.000000 -0.000000   102 11337
1391689866253925  0.000000  0.000000  0.000000 -0.000000   102 11337
1391689866338207  0.000000  0.000000  0.000000 -0.000000   102 11337
1391689866423465  0.000000  0.000000  0.000000 -0.000000   102 11337
1391689866556819  0.000000  0.000000  0.000000 -0.000000   101 14155
1391689866634228  0.000000  0.000000  0.000000 -0.000000   102 15138
1391689866722223  0.000000  0.000000  0.000000 -0.000000   102 15138
1391689866856863  0.000000  0.000000  0.000000 -0.000000   101 16514
1391689866975887  0.000000  0.000000  0.000000 -0.000000   100 18415
1391689867071360  0.000000  0.000000  0.000000 -0.000000   100 18873
1391689867194685  0.000000  0.000000  0.000000 -0.000000   100 19332
1391689867286269  0.000000  0.000000  0.000000 -0.000000   100 20315
1391689867414688  0.000000  0.000000  0.000000 -0.000000   100 23592
1391689867539256  0.000000  0.000000  0.000000 -0.000000   101 24050
1391689867631983  0.000000  0.000000  0.000000 -0.000000   100 24050
1391689867716115  0.000000  0.000000  0.000000 -0.000000   100 25492
1391689867841444  0.000000  0.000000  0.000000 -0.000000   100 26410
1391689867970320  0.000000  0.000000  0.000000 -0.000000   100 26868
1391689868065150  0.000000  0.000000  0.000000 -0.000000   100 26868
1391689868143189  0.000000  0.000000  0.000000 -0.000000   100 27393
1391689868269909  0.000000  0.000000  0.000000 -0.000000   100 28310
1391689868351465  0.000000  0.000000  0.000000 -0.000000    99 28310
1391689868440737  0.000000  0.000000  0.000000 -0.000000   100 28310
1391689868561523  0.000000  0.000000  0.000000 -0.000000   100 28769
1391689868647504  0.000000  0.000000  0.000000 -0.000000   100 28769
1391689868738194  0.000000  0.000000  0.000000 -0.000000   101 29228
1391689868868930  0.000000  0.000000  0.000000 -0.000000   100 29686
1391689868991103  0.000000  0.000000  0.000000 -0.000000   100 30211
1391689869081304  0.000000  0.000000  0.000000 -0.000000   100 30669
1391689869169652  0.000000  0.000000  0.000000 -0.000000   100 31128
1391689869291134  0.000000  0.000000  0.000000 -0.000000   100 31128
1391689869424312  0.000000  0.000000  0.000000 -0.000000   100 31587
1391689869505711  0.000000  0.000000  0.000000 -0.000000   100 32046
1391689869596629  0.000000  0.000000  0.000000 -0.000000   100 32046
1391689869727971  0.000000  0.000000  0.000000 -0.000000   100 32046
1391689869812449  0.000000  0.000000  0.000000 -0.000000   100 32832
1391689869933042  0.000000  0.000000  0.000000 -0.000000   101 33225
1391689870021774  0.000000  0.000000  0.000000 -0.000000   101 33225
1391689870151573  0.000000  0.000000  0.000000 -0.000000   101 33946
1391689870233542  0.000000  0.000000  0.000000 -0.000000   101 34339
1391689870362497  0.000000  0.000000  0.000000 -0.000000   102 34339
1391689870487923  0.000000  0.000000  0.000000 -0.000000   101 34733
1391689870573250  0.000000  0.000000  0.000000 -0.000000   102 34733
1391689870707359  0.000000  0.000000  0.000000 -0.000000   102 35126
1391689870788214  0.000000  0.000000  0.000000 -0.000000   102 35126
1391689870877817  0.000000  0.000000  0.000000 -0.000000   102 35847
1391689871004740  0.000000  0.000000  0.000000 -0.000000   102 35847
1391689871091894  0.000000  0.000000  0.000000 -0.000000   103 36240
1391689871185981  0.000000  0.000000  0.000000 -0.000000   103 36240
1391689871270432  0.000000  0.000000  0.000000 -0.000000   103 36240
1391689871402649  0.000000  0.000000  0.000000 -0.000000   104 36633
1391689871524789  0.000000  0.000000  0.000000 -0.000000   105 36633
1391689871609842  0.000000  0.000000  0.000000 -0.000000   106 37026
1391689871700676  0.000000  0.000000  0.000000 -0.000000   106 38140
1391689871791461  0.000000  0.000000  0.000000 -0.000000   107 38140
1391689871920090  0.000000  0.000000  0.000000 -0.000000   107 38533
1391689872024521  0.000000  0.000000  0.000000 -0.000000   107 39320
1391689872107530  0.000000  0.000000  0.000000 -0.000000   107 39320
1391689872234618  0.000000  0.000000  0.000000 -0.000000   108 39320
1391689872320122  0.000000  0.000000  0.000000 -0.000000   108 39320
1391689872451974  0.000000  0.000000  0.000000 -0.000000   108 39320
1391689872536414  0.000000  0.000000  0.000000 -0.000000   108 39648
1391689872660069  0.000000  0.000000  0.000000 -0.000000   108 39648
1391689872744614  0.000000  0.000000  0.000000 -0.000000   109 40041
1391689872832312  0.000000  0.000000  0.000000 -0.000000   109 40434
1391689872966618  0.000000  0.000000  0.000000 -0.000000   110 40827
1391689873045786  0.000000  0.000000  0.000000 -0.000000   110 40827
1391689873138192  0.000000  0.000000  0.000000 -0.000000   111 41548
1391689873261256  0.000000  0.000000  0.000000 -0.000000   112 41548
1391689873344275  0.000000  0.000000  0.000000 -0.000000   112 41941
1391689873474476  0.000000  0.000000  0.000000 -0.000000   112 41941
1391689873562272  0.000000  0.000000  0.000000 -0.000000   113 42334
1391689873690873  0.000000  0.000000  0.000000 -0.000000   113 42334
1391689873774734  0.000000  0.000000  0.000000 -0.000000   113 42334
1391689873906228  0.000000  0.000000  0.000000 -0.000000   113 42334
1391689873980222  0.000000  0.000000  0.000000 -0.000000   114 42334
1391689874111442  0.000000  0.000000  0.000000 -0.000000   113 42334
1391689874198898  0.000000  0.000000  0.000000 -0.000000   114 42334
1391689874333705  0.000000  0.000000  0.000000 -0.000000   114 42334
1391689874432866  0.000000  0.000000  0.000000 -0.000000   113 42334
1391689874540840  0.000000  0.000000  0.000000 -0.000000   113 42334
1391689874637214  0.000000  0.000000  0.000000 -0.000000   112 42334
1391689874711530  0.000000  0.000000  0.000000 -0.000000   112 42334
1391689874838702  0.000000  0.000000  0.000000 -0.000000   112 42334
1391689874922845  0.000000  0.000000  0.000000 -0.000000   112 42334
1391689875055213  0.000000  0.000000  0.000000 -0.000000   112 42334
1391689875136569  0.000000  0.000000  0.000000 -0.000000   111 42334
1391689875224705  0.000000  0.000000  0.000000 -0.000000   111 42334
1391689875350440  0.000000  0.000000  0.000000 -0.000000   110 42334
1391689875437448  0.000000  0.000000  0.000000 -0.000000   109 42334
1391689875523277  0.000000  0.000000  0.000000 -0.000000   108 42334
1391689875657406  0.000000  0.000000  0.000000 -0.000000   108 42334
1391689875779637  0.000000  0.000000  0.000000 -0.000000   108 42334
1391689875872620  0.000000  0.000000  0.000000 -0.000000   108 42334
1391689875955408  0.000000  0.000000  0.000000 -0.000000   108 42334
1391689876082093  0.000000  0.000000  0.000000 -0.000000   109 42334
1391689876162651  0.000000  0.000000  0.000000 -0.000000   109 42334
1391689876292405  0.000000  0.000000  0.000000 -0.000000   110 42334
1391689876377033  0.000000  0.000000  0.000000 -0.000000   111 42334
1391689876464821  0.000000  0.000000  0.000000 -0.000000   110 42334
1391689876602889  0.000000  0.000000  0.000000 -0.000000   110 42334
1391689876676449  0.000000  0.000000  0.000000 -0.000000   110 42334
1391689876760894  0.000000  0.000000  0.000000 -0.000000   108 42334
1391689876887279  0.000000  0.000000  0.000000 -0.000000   108 42334
1391689877022885  0.000000  0.000000  0.000000 -0.000000   108 42334
1391689877119390  0.000000  0.000000  0.000000 -0.000000   108 42334
1391689877190915  0.000000  0.000000  0.000000 -0.000000   108 42334
1391689877325278  0.000000  0.000000  0.000000 -0.000000   108 42334
1391689877410724  0.000000  0.000000  0.000000 -0.000000   109 42334
1391689877494575  0.000000  0.000000  0.000000 -0.000000   109 42334
1391689877623278  0.000000  0.000000  0.000000 -0.000000   109 42334
1391689877703632  0.000000  0.000000  0.000000 -0.000000   110 42334
1391689877823472  0.000000  0.000000  0.000000 -0.000000   111 42334
1391689877910873  0.000000  0.000000  0.000000 -0.000000   113 42334
1391689877997755  0.000000  0.000000  0.000000 -0.000000   115 42334
1391689878125774  0.000000  0.000000  0.000000 -0.000000   114 42334
1391689878209969  0.000000  0.000000  0.000000 -0.000000   115 42334
1391689878330038  0.000000  0.000000  0.000000 -0.000000   116 42334
1391689878434368  0.000000  0.000000  0.000000 -0.000000   115 42334
1391689878548553  0.000000  0.000000  0.000000 -0.000000   116 42334
1391689878633581  0.000000  0.000000  0.000000 -0.000000   115 42334
1391689878716613  0.000000  0.000000  0.000000 -0.000000   117 42334
1391689878845466  0.000000  0.000000  0.000000 -0.000000   118 42334
1391689878972784  0.000000  0.000000  0.000000 -0.000000   117 42334
1391689879054777  0.000000  0.000000  0.000000 -0.000000   118 42334
1391689879190795  0.000000  0.000000  0.000000 -0.000000   116 42334
1391689879272800  0.000000  0.000000  0.000000 -0.000000   115 42334
1391689879403496  0.000000  0.000000  0.000000 -0.000000   114 42334
1391689879486677  0.000000  0.000000  0.000000 -0.000000   113 42334
1391689879615311  0.000000  0.000000  0.000000 -0.000000   111 42334
1391689879702935  0.000000  0.000000  0.000000 -0.000000   111 42334
1391689879828349  0.000000  0.000000  0.000000 -0.000000   110 41941
1391689879919185  0.000000  0.000000  0.000000 -0.000000   109 41941
1391689879997684  0.000000  0.000000  0.000000 -0.000000   108 41941
1391689880090091  0.000000  0.000000  0.000000 -0.000000   106 41941
1391689880227264  0.000000  0.000000  0.000000 -0.000000   105 41941
1391689880310497  0.000000  0.000000  0.000000 -0.000000   103 41941
1391689880398404  0.000000  0.000000  0.000000 -0.000000   103 41941
1391689880522263  0.000000  0.000000  0.000000 -0.000000   103 41941
1391689880655822  0.000000  0.000000  0.000000 -0.000000   104 41941
1391689880745836  0.000000  0.000000  0.000000 -0.000000   105 41941
1391689880832977  0.000000  0.000000  0.000000 -0.000000   106 41941
1391689880950542  0.000000  0.000000  0.000000 -0.000000   106 41941
1391689881043431  0.000000  0.000000  0.000000 -0.000000   107 41941
1391689881124817  0.000000  0.000000  0.000000 -0.000000   107 41941
1391689881254587  0.000000  0.000000  0.000000 -0.000000   108 41941
1391689881351504  0.000000  0.000000  0.000000 -0.000000   108 41941
1391689881455083  0.000000  0.000000  0.000000 -0.000000   108 41941
1391689881583855  0.000000  0.000000  0.000000 -0.000000   108 41941
1391689881661032  0.000000  0.000000  0.000000 -0.000000   107 41941
1391689881751047  0.000000  0.000000  0.000000 -0.000000   108 41941
1391689881873134  0.000000  0.000000  0.000000 -0.000000   108 41941
1391689881968771  0.000000  0.000000  0.000000 -0.000000   108 41941
1391689882090047  0.000000  0.000000  0.000000 -0.000000   109 41941
1391689882213010  0.000000  0.000000  0.000000 -0.000000   109 41941
1391689882299512  0.000000  0.000000  0.000000 -0.000000   110 41548
1391689882419633  0.000000  0.000000  0.000000 -0.000000   111 41548
1391689882508774  0.000000  0.000000  0.000000 -0.000000   112 41548
1391689882599203  0.000000  0.000000  0.000000 -0.000000   113 41548
1391689882725170  0.000000  0.000000  0.000000 -0.000000   113 41548
1391689882852627  0.000000  0.000000  0.000000 -0.000000   113 41548
1391689882936716  0.000000  0.000000  0.000000 -0.000000   112 41548
1391689883046670  0.000000  0.000000  0.000000 -0.000000   112 41548
1391689883148192  0.000000  0.000000  0.000000 -0.000000   113 41548
1391689883239994  0.000000  0.000000  0.000000 -0.000000   114 41548
1391689883322005  0.000000  0.000000  0.000000 -0.000000   114 41548
1391689883452839  0.000000  0.000000  0.000000 -0.000000   114 41548
1391689883533380  0.000000  0.000000  0.000000 -0.000000   113 41548
1391689883667984  0.000000  0.000000  0.000000 -0.000000   112 41548
1391689883748054  0.000000  0.000000  0.000000 -0.000000   112 41548
1391689883828623  0.000000  0.000000  0.000000 -0.000000   110 41548
1391689883958168  0.000000  0.000000  0.000000 -0.000000   110 41548
1391689884045097  0.000000  0.000000  0.000000 -0.000000   109 41548
1391689884127123  0.000000  0.000000  0.000000 -0.000000   108 41548
1391689884256092  0.000000  0.000000  0.000000 -0.000000   108 41548
1391689884338684  0.000000  0.000000  0.000000 -0.000000   109 41548
1391689884464639  0.000000  0.000000  0.000000 -0.000000   108 41548
1391689884553504  0.000000  0.000000  0.000000 -0.000000   108 41548
1391689884683912  0.000000  0.000000  0.000000 -0.000000   110 41548
1391689884813949  0.000000  0.000000  0.000000 -0.000000   111 41548
1391689884892499  0.000000  0.000000  0.000000 -0.000000   113 41548
1391689884985536  0.000000  0.000000  0.000000 -0.000000   117 41548
1391689885073019  0.000000  0.000000  0.000000 -0.000000   120 41548
1391689885196928  0.000000  0.000000  0.000000 -0.000000   122 41548
1391689885332511  0.000000  0.000000  0.000000 -0.000000   123 41548
1391689885409722  0.000000  0.000000  0.000000 -0.000000   124 41220
1391689885538965  0.000000  0.000000  0.000000 -0.000000   122 41548
1391689885620847  0.000000  0.000000  0.000000 -0.000000   121 41220
1391689885738028  0.000000  0.000000  0.000000 -0.000000   120 41220
1391689885835635  0.000000  0.000000  0.000000 -0.000000   119 41220
1391689885928924  0.000000  0.000000  0.000000 -0.000000   118 41220
1391689886047489  0.000000  0.000000  0.000000 -0.000000   119 41220
1391689886134315  0.000000  0.000000  0.000000 -0.000000   118 41220
1391689886259155  0.000000  0.000000  0.000000 -0.000000   117 41220
1391689886340545  0.000000  0.000000  0.000000 -0.000000   117 41548
1391689886439613  0.000000  0.000000  0.000000 -0.000000   117 41220
1391689886528805  0.000000  0.000000  0.000000 -0.000000   116 41220
1391689886641788  0.000000  0.000000  0.000000 -0.000000   116 41548
1391689886796987  0.000000  0.000000  0.000000 -0.000000   115 41220
1391689886876112  0.000000  0.000000  0.000000 -0.000000   115 41220
1391689886992421  0.000000  0.000000  0.000000 -0.000000   114 41220
1391689887080102  0.000000  0.000000  0.000000 -0.000000   112 41220
1391689887206276  0.000000  0.000000  0.000000 -0.000000   111 41220
1391689887315628  0.000000  0.000000  0.000000 -0.000000   110 41220
1391689887442354  0.000000  0.000000  0.000000 -0.000000   110 41220
1391689887526688  0.000000  0.000000  0.000000 -0.000000   110 41220
1391689887653498  0.000000  0.000000  0.000000 -0.000000   109 41548
1391689887743203  0.000000  0.000000  0.000000 -0.000000   111 41220
1391689887864908  0.000000  0.000000  0.000000 -0.000000   112 41220
1391689887955359  0.000000  0.000000  0.000000 -0.000000   111 41220
1391689888085777  0.000000  0.000000  0.000000 -0.000000   112 41548
1391689888157363  0.000000  0.000000  0.000000 -0.000000   113 41220
1391689888291952  0.000000  0.000000  0.000000 -0.000000   114 41548
1391689888377522  0.000000  0.000000  0.000000 -0.000000   115 41548
1391689888474016  0.000000  0.000000  0.000000 -0.000000   116 41220
1391689888602908  0.000000  0.000000  0.000000 -0.000000   117 41548
1391689888686377  0.000000  0.000000  0.000000 -0.000000   118 41548
1391689888809077  0.000000  0.000000  0.000000 -0.000000   118 41548
1391689888896977  0.000000  0.000000  0.000000 -0.000000   117 41220
1391689889021367  0.000000  0.000000  0.000000 -0.000000   116 41220
1391689889108639  0.000000  0.000000  0.000000 -0.000000   114 41548
1391689889249103  0.000000  0.000000  0.000000 -0.000000   112 41548
1391689889333676  0.000000  0.000000  0.000000 -0.000000   112 41548
1391689889417341  0.000000  0.000000  0.000000 -0.000000   111 41548
1391689889548756  0.000000  0.000000  0.000000 -0.000000   110 41548
1391689889631507  0.000000  0.000000  0.000000 -0.000000   109 41548
1391689889759880  0.000000  0.000000  0.000000 -0.000000   109 41548
1391689889852523  0.000000  0.000000  0.000000 -0.000000   108 41548
1391689889944862  0.000000  0.000000  0.000000 -0.000000   109 41220
1391689890063177  0.000000  0.000000  0.000000 -0.000000   108 41220
1391689890146828  0.000000  0.000000  0.000000 -0.000000   108 41548
1391689890228946  0.000000  0.000000  0.000000 -0.000000   108 41548
1391689890363806  0.000000  0.000000  0.000000 -0.000000   108 41548
1391689890448593  0.000000  0.000000  0.000000 -0.000000   108 41548
1391689890570880  0.000000  0.000000  0.000000 -0.000000   109 41548
1391689890662903  0.000000  0.000000  0.000000 -0.000000   109 41220
1391689890784343  0.000000  0.000000  0.000000 -0.000000   109 40434
1391689890873307  0.000000  0.000000  0.000000 -0.000000   109 40041
1391689890996951  0.000000  0.000000  0.000000 -0.000000   109 40041
1391689891083025  0.000000  0.000000  0.000000 -0.000000   109 40041
1391689891213995  0.000000  0.000000  0.000000 -0.000000   107 40041
1391689891297533  0.000000  0.000000  0.000000 -0.000000   106 40041
1391689891425708  0.000000  0.000000  0.000000 -0.000000   104 40041
1391689891514803  0.000000  0.000000  0.000000 -0.000000   105 40041
1391689891594610  0.000000  0.000000  0.000000 -0.000000   105 40041
1391689891723572  0.000000  0.000000  0.000000 -0.000000   105 40041
1391689891813273  0.000000  0.000000  0.000000 -0.000000   106 40041
1391689891930407  0.000000  0.000000  0.000000 -0.000000   107 40041
1391689892029663  0.000000  0.000000  0.000000 -0.000000   108 40041
1391689892142721  0.000000  0.000000  0.000000 -0.000000   107 40041
1391689892232917  0.000000  0.000000  0.000000 -0.000000   106 40041
1391689892353628  0.000000  0.000000  0.000000 -0.000000   105 40041
1391689892440754  0.000000  0.000000  0.000000 -0.000000   104 40041
1391689892530457  0.000000  0.000000  0.000000 -0.000000   102 40041
1391689892658345  0.000000  0.000000  0.000000 -0.000000    99 40041
1391689892747492  0.000000  0.000000  0.000000 -0.000000    97 40041
1391689892878109  0.000000  0.000000  0.000000 -0.000000    96 40041
1391689892961274  0.000000  0.000000  0.000000 -0.000000    97 40041
1391689893049576  0.000000  0.000000  0.000000 -0.000000    97 40041
1391689893177872  0.000000  0.000000  0.000000 -0.000000    98 40041
1391689893257340  0.000000  0.000000  0.000000 -0.000000    99 40041
1391689893386115  0.000000  0.000000  0.000000 -0.000000    99 40041
1391689893479139  0.000000  0.000000  0.000000 -0.000000   100 40041
1391689893605128  0.000000  0.000000  0.000000 -0.000000   101 40041
1391689893691640  0.000000  0.000000  0.000000 -0.000000   101 40041
1391689893775781  0.000000  0.000000  0.000000 -0.000000   101 40041
1391689893905002  0.000000  0.000000  0.000000 -0.000000   101 40041
1391689894000923  0.000000  0.000000  0.000000 -0.000000   101 40827
1391689894128971  0.000000  0.000000  0.000000 -0.000000   101 41941
1391689894205307  0.000000  0.000000  0.000000 -0.000000   102 43055
1391689894304369  0.000000  0.000000  0.000000 -0.000000   103 43842
1391689894415993  0.000000  0.000000  0.000000 -0.000000   103 43842
1391689894545443  0.000000  0.000000  0.000000 -0.000000   103 43842
1391689894636122  0.000000  0.000000  0.000000 -0.000000   104 44235
1391689894716840  0.000000  0.000000  0.000000 -0.000000   104 44235
1391689894845579  0.000000  0.000000  0.000000 -0.000000   105 44235
1391689894936694  0.000000  0.000000  0.000000 -0.000000   104 44235
1391689895059928  0.000000  0.000000  0.000000 -0.000000   104 44235
1391689895149608  0.000000  0.000000  0.000000 -0.000000   103 43842
1391689895234188  0.000000  0.000000  0.000000 -0.000000   103 43842
1391689895357669  0.000000  0.000000  0.000000 -0.000000   102 43842
1391689895439255  0.000000  0.000000  0.000000 -0.000000   102 43842
1391689895531204  0.000000  0.000000  0.000000 -0.000000   102 43842
1391689895654919  0.000000  0.000000  0.000000 -0.000000   102 43842
1391689895730638  0.000000  0.000000  0.000000 -0.000000   101 43842
1391689895858383  0.000000  0.000000  0.000000 -0.000000   101 43842
1391689895940113  0.000000  0.000000  0.000000 -0.000000   102 43842
1391689896043908  0.000000  0.000000  0.000000 -0.000000   102 43842
1391689896229612  0.000000  0.000000  0.000000 -0.000000   102 43842
1391689896263565  0.000000  0.000000  0.000000 -0.000000   102 43842
1391689896353910  0.000000  0.000000  0.000000 -0.000000   103 43842
1391689896478774  0.000000  0.000000  0.000000 -0.000000   103 43842
1391689896563979  0.000000  0.000000  0.000000 -0.000000   102 43842
1391689896691132  0.000000  0.000000  0.000000 -0.000000   103 43842
1391689896778569  0.000000  0.000000  0.000000 -0.000000   103 43842
1391689896907176  0.000000  0.000000  0.000000 -0.000000   104 43842
1391689896991606  0.000000  0.000000  0.000000 -0.000000   105 43842
1391689897115595  0.000000  0.000000  0.000000 -0.000000   106 43842
1391689897227237  0.000000  0.000000  0.000000 -0.000000   107 43842
1391689897348545  0.000000  0.000000  0.000000 -0.000000   108 43842
1391689897435510  0.000000  0.000000  0.000000 -0.000000   108 43842
1391689897537429  0.000000  0.000000  0.000000 -0.000000   108 43842
1391689897608556  0.000000  0.000000  0.000000 -0.000000   107 43842
1391689897688655  0.000000  0.000000  0.000000 -0.000000   107 43842
1391689897797330  0.000000  0.000000  0.000000 -0.000000   107 43842
1391689897883017  0.000000  0.000000  0.000000 -0.000000   106 43842
1391689898011349  0.000000  0.000000  0.000000 -0.000000   106 43842
1391689898099869  0.000000  0.000000  0.000000 -0.000000   105 43842
1391689898184790  0.000000  0.000000  0.000000 -0.000000   104 43842
1391689898312909  0.000000  0.000000  0.000000 -0.000000   105 43842
1391689898438994  0.000000  0.000000  0.000000 -0.000000   105 43842
1391689898568224  0.000000  0.000000  0.000000 -0.000000   104 43842
1391689898650608  0.000000  0.000000  0.000000 -0.000000   104 43842
1391689898734411  0.000000  0.000000  0.000000 -0.000000   104 43842
1391689898860384  0.000000  0.000000  0.000000 -0.000000   103 43842
1391689898946030  0.000000  0.000000  0.000000 -0.000000   103 43842
1391689899034175  0.000000  0.000000  0.000000 -0.000000   102 43842
1391689899159487  0.000000  0.000000  0.000000 -0.000000   102 43842
1391689899293647  0.000000  0.000000  0.000000 -0.000000   101 43842
1391689899377129  0.000000  0.000000  0.000000 -0.000000   101 43842
1391689899467383  0.000000  0.000000  0.000000 -0.000000   101 43842
1391689899590215  0.000000  0.000000  0.000000 -0.000000   102 43842
1391689899675280  0.000000  0.000000  0.000000 -0.000000   101 43842
1391689899801600  0.000000  0.000000  0.000000 -0.000000   102 43842
1391689899889256  0.000000  0.000000  0.000000 -0.000000   101 44235
1391689900016670  0.000000  0.000000  0.000000 -0.000000   101 44235
1391689900098700  0.000000  0.000000  0.000000 -0.000000   101 44628
1391689900180912  0.000000  0.000000  0.000000 -0.000000   102 44956
1391689900317659  0.000000  0.000000  0.000000 -0.000000   102 44956
1391689900401210  0.000000  0.000000  0.000000 -0.000000   102 44956
1391689900483379  0.000000  0.000000  0.000000 -0.000000   102 44956
1391689900609093  0.000000  0.000000  0.000000 -0.000000   102 44956
1391689900696453  0.000000  0.000000  0.000000 -0.000000   101 44956
1391689900824366  0.000000  0.000000  0.000000 -0.000000   101 44956
1391689900906353  0.000000  0.000000  0.000000 -0.000000   101 44956
1391689900990910  0.000000  0.000000  0.000000 -0.000000   100 44956
1391689901121450  0.000000  0.000000  0.000000 -0.000000   100 44956
1391689901250329  0.000000  0.000000  0.000000 -0.000000   101 45349
1391689901338359  0.000000  0.000000  0.000000 -0.000000   101 45349
1391689901468771  0.000000  0.000000  0.000000 -0.000000   101 45349
1391689901551457  0.000000  0.000000  0.000000 -0.000000   101 45349
1391689901676621  0.000000  0.000000  0.000000 -0.000000   101 45349
1391689901767438  0.000000  0.000000  0.000000 -0.000000   101 45349
1391689901895421  0.000000  0.000000  0.000000 -0.000000   101 45349
1391689902020135  0.000000  0.000000  0.000000 -0.000000   102 45349
1391689902106956  0.000000  0.000000  0.000000 -0.000000   102 45742
1391689902189204  0.000000  0.000000  0.000000 -0.000000   102 45349
1391689902310392  0.000000  0.000000  0.000000 -0.000000   102 45742
1391689902397051  0.000000  0.000000  0.000000 -0.000000   102 45742
1391689902525878  0.000000  0.000000  0.000000 -0.000000   102 46529
1391689902610033  0.000000  0.000000  0.000000 -0.000000   102 46856
1391689902695087  0.000000  0.000000  0.000000 -0.000000   102 47250
1391689902822223  0.000000  0.000000  0.000000 -0.000000   102 47250
1391689902910392  0.000000  0.000000  0.000000 -0.000000   102 47250
1391689902995172  0.000000  0.000000  0.000000 -0.000000   102 47250
1391689903123478  0.000000  0.000000  0.000000 -0.000000   102 47250
1391689903206528  0.000000  0.000000  0.000000 -0.000000   102 47250
1391689903327456  0.000000  0.000000  0.000000 -0.000000   102 47250
1391689903415648  0.000000  0.000000  0.000000 -0.000000   102 47643
1391689903539166  0.000000  0.000000  0.000000 -0.000000   100 47643
1391689903628318  0.000000  0.000000  0.000000 -0.000000   100 47643
1391689903757465  0.000000  0.000000  0.000000 -0.000000   100 47643
1391689903885078  0.000000  0.000000  0.000000 -0.000000    99 47643
1391689903968469  0.000000  0.000000  0.000000 -0.000000    99 47643
1391689904056389  0.000000  0.000000  0.000000 -0.000000    99 48036
1391689904176630  0.000000  0.000000  0.000000 -0.000000    97 48429
1391689904308360  0.000000  0.000000  0.000000 -0.000000    97 48757
1391689904390620  0.000000  0.000000  0.000000 -0.000000    96 48757
1391689904509305  0.000000  0.000000  0.000000 -0.000000    96 48757
1391689904595127  0.000000  0.000000  0.000000 -0.000000    96 48757
1391689904731129  0.000000  0.000000  0.000000 -0.000000    96 48757
1391689904812238  0.000000  0.000000  0.000000 -0.000000    98 48429
1391689904939554  0.000000  0.000000  0.000000 -0.000000    98 48429
1391689905033150  0.000000  0.000000  0.000000 -0.000000    98 47643
1391689905111951  0.000000  0.000000  0.000000 -0.000000   100 47250
1391689905238476  0.000000  0.000000  0.000000 -0.000000   101 45349
1391689905341596  0.000000  0.000000  0.000000 -0.000000   101 43842
1391689905466213  0.000000  0.000000  0.000000 -0.000000   102 43449
1391689905553105  0.000000  0.000000  0.000000 -0.000000   103 43449
1391689905639158  0.000000  0.000000  0.000000 -0.000000   103 43842
1391689905765320  0.000000  0.000000  0.000000 -0.000000   103 44628
1391689905892349  0.000000  0.000000  0.000000 -0.000000   102 46135
1391689906023163  0.000000  0.000000  0.000000 -0.000000   101 46135
1391689906110168  0.000000  0.000000  0.000000 -0.000000   101 46135
1391689906233223  0.000000  0.000000  0.000000 -0.000000   101 46135
1391689906320038  0.000000  0.000000  0.000000 -0.000000   101 46135
1391689906407630  0.000000  0.000000  0.000000 -0.000000   102 46135
1391689906531629  0.000000  0.000000  0.000000 -0.000000   102 46135
1391689906614544  0.000000  0.000000  0.000000 -0.000000   102 46856
1391689906701100  0.000000  0.000000  0.000000 -0.000000   101 46856
1391689906826595  0.000000  0.000000  0.000000 -0.000000   101 47250
1391689906911158  0.000000  0.000000  0.000000 -0.000000   100 47643
1391689907039109  0.000000  0.000000  0.000000 -0.000000   100 47643
1391689907137607  0.000000  0.000000  0.000000 -0.000000   100 47643
1391689907240676  0.000000  0.000000  0.000000 -0.000000   100 47643
1391689907373757  0.000000  0.000000  0.000000 -0.000000   100 47643
1391689907457363  0.000000  0.000000  0.000000 -0.000000   101 48036
1391689907556181  0.000000  0.000000  0.000000 -0.000000   101 48036
1391689907633783  0.000000  0.000000  0.000000 -0.000000   101 48036
1391689907757391  0.000000  0.000000  0.000000 -0.000000   103 48036
1391689907841231  0.000000  0.000000  0.000000 -0.000000   104 48036
1391689907969166  0.000000  0.000000  0.000000 -0.000000   105 48036
1391689908052494  0.000000  0.000000  0.000000 -0.000000   106 48036
1391689908178341  0.000000  0.000000  0.000000 -0.000000   106 48036
1391689908263317  0.000000  0.000000  0.000000 -0.000000   107 48036
1391689908354773  0.000000  0.000000  0.000000 -0.000000   107 46856
1391689908482703  0.000000  0.000000  0.000000 -0.000000   107 45349
1391689908562914  0.000000  0.000000  0.000000 -0.000000   107 44956
1391689908651629  0.000000  0.000000  0.000000 -0.000000   108 43055
1391689908776420  0.000000  0.000000  0.000000 -0.000000   108 43055
1391689908861966  0.000000  0.000000  0.000000 -0.000000   107 43055
1391689908984299  0.000000  0.000000  0.000000 -0.000000   108 43055
1391689909069106  0.000000  0.000000  0.000000 -0.000000   108 43055
1391689909157745  0.000000  0.000000  0.000000 -0.000000   108 43055
1391689909284610  0.000000  0.000000  0.000000 -0.000000   108 43842
1391689909368408  0.000000  0.000000  0.000000 -0.000000   108 45349
1391689909453728  0.000000  0.000000  0.000000 -0.000000   107 46529
1391689909586015  0.000000  0.000000  0.000000 -0.000000   107 46529
1391689909709659  0.000000  0.000000  0.000000 -0.000000   107 46529
1391689909794644  0.000000  0.000000  0.000000 -0.000000   108 46529
1391689909921186  0.000000  0.000000  0.000000 -0.000000   108 46529
1391689910006995  0.000000  0.000000  0.000000 -0.000000   107 46529
1391689910133758  0.000000  0.000000  0.000000 -0.000000   107 46529
1391689910236354  0.000000  0.000000  0.000000 -0.000000   106 46529
1391689910350514  0.000000  0.000000  0.000000 -0.000000   105 46529
1391689910436473  0.000000  0.000000  0.000000 -0.000000   104 46529
1391689910524782  0.000000  0.000000  0.000000 -0.000000   104 46529
1391689910650787  0.000000  0.000000  0.000000 -0.000000   103 46529
1391689910777031  0.000000  0.000000  0.000000 -0.000000   102 46529
1391689910866410  0.000000  0.000000  0.000000 -0.000000   102 46529
1391689910990032  0.000000  0.000000  0.000000 -0.000000   101 46529
1391689911077586  0.000000  0.000000  0.000000 -0.000000   100 45349
1391689911160875  0.000000  0.000000  0.000000 -0.000000   100 44235
1391689911286967  0.000000  0.000000  0.000000 -0.000000   100 44235
1391689911420006  0.000000  0.000000  0.000000 -0.000000    99 44235
1391689911504144  0.000000  0.000000  0.000000 -0.000000    97 44235
1391689911630336  0.000000  0.000000  0.000000 -0.000000    96 46529
1391689911762294  0.000000  0.000000  0.000000 -0.000000    97 46529
1391689911842897  0.000000  0.000000  0.000000 -0.000000    98 46856
1391689911970921  0.000000  0.000000  0.000000 -0.000000    99 46856
1391689912056910  0.000000  0.000000  0.000000 -0.000000   100 47250
1391689912188481  0.000000  0.000000  0.000000 -0.000000   100 47643
1391689912310785  0.000000  0.000000  0.000000 -0.000000   102 48429
1391689912393014  0.000000  0.000000  0.000000 -0.000000   103 48429
1391689912519641  0.000000  0.000000  0.000000 -0.000000   103 48757
1391689912602625  0.000000  0.000000  0.000000 -0.000000   103 48757
1391689912735618  0.000000  0.000000  0.000000 -0.000000   104 48757
1391689912820877  0.000000  0.000000  0.000000 -0.000000   103 48757
1391689912960575  0.000000  0.000000  0.000000 -0.000000   103 48757
1391689913040917  0.000000  0.000000  0.000000 -0.000000   102 48757
1391689913166041  0.000000  0.000000  0.000000 -0.000000   102 49543
1391689913250348  0.000000  0.000000  0.000000 -0.000000   101 49936
1391689913347479  0.000000  0.000000  0.000000 -0.000000   100 49936
1391689913465512  0.000000  0.000000  0.000000 -0.000000    99 49936
1391689913554634  0.000000  0.000000  0.000000 -0.000000    98 49936
1391689913684048  0.000000  0.000000  0.000000 -0.000000    96 49936
1391689913769849  0.000000  0.000000  0.000000 -0.000000    95 49150
1391689913891058  0.000000  0.000000  0.000000 -0.000000    94 47643
1391689913971963  0.000000  0.000000  0.000000 -0.000000    94 47643
1391689914100141  0.000000  0.000000  0.000000 -0.000000    94 47643
1391689914188490  0.000000  0.000000  0.000000 -0.000000    93 45349
1391689914311845  0.000000  0.000000  0.000000 -0.000000    92 44956
1391689914399993  0.000000  0.000000  0.000000 -0.000000    91 43842
1391689914483336  0.000000  0.000000  0.000000 -0.000000    92 43842
1391689914607831  0.000000  0.000000  0.000000 -0.000000    93 43842
1391689914715092  0.000000  0.000000  0.000000 -0.000000    93 42334
1391689914802630  0.000000  0.000000  0.000000 -0.000000    94 42334
1391689914885904  0.000000  0.000000  0.000000 -0.000000    95 42728
1391689915014160  0.000000  0.000000  0.000000 -0.000000    95 44235
1391689915103320  0.000000  0.000000  0.000000 -0.000000    95 45349
1391689915184745  0.000000  0.000000  0.000000 -0.000000    96 45349
1391689915318092  0.000000  0.000000  0.000000 -0.000000    97 45349
1391689915403376  0.000000  0.000000  0.000000 -0.000000    98 45349
1391689915493462  0.000000  0.000000  0.000000 -0.000000   100 45349
1391689915617305  0.000000  0.000000  0.000000 -0.000000   101 46135
1391689915705845  0.000000  0.000000  0.000000 -0.000000   102 46529
1391689915788298  0.000000  0.000000  0.000000 -0.000000   103 46856
1391689915913421  0.000000  0.000000  0.000000 -0.000000   105 46856
1391689916049069  0.000000  0.000000  0.000000 -0.000000   105 46856
1391689916128519  0.000000  0.000000  0.000000 -0.000000   105 47643
1391689916252860  0.000000  0.000000  0.000000 -0.000000   107 48757
1391689916342278  0.000000  0.000000  0.000000 -0.000000   107 48757
1391689916456006  0.000000  0.000000  0.000000 -0.000000   109 48757
1391689916569414  0.000000  0.000000  0.000000 -0.000000   111 48429
1391689916661729  0.000000  0.000000  0.000000 -0.000000   112 47643
1391689916742814  0.000000  0.000000  0.000000 -0.000000   114 47250
1391689916871323  0.000000  0.000000  0.000000 -0.000000   115 47250
1391689916954462  0.000000  0.000000  0.000000 -0.000000   116 47250
1391689917038659  0.000000  0.000000  0.000000 -0.000000   117 46856
1391689917171029  0.000000  0.000000  0.000000 -0.000000   119 44628
1391689917256199  0.000000  0.000000  0.000000 -0.000000   119 43449
1391689917383546  0.000000  0.000000  0.000000 -0.000000   119 42334
1391689917470689  0.000000  0.000000  0.000000 -0.000000   119 42334
1391689917557333  0.000000  0.000000  0.000000 -0.000000   117 42334
1391689917683201  0.000000  0.000000  0.000000 -0.000000   116 43842
1391689917776164  0.000000  0.000000  0.000000 -0.000000   115 44628
1391689917856702  0.000000  0.000000  0.000000 -0.000000   113 44956
1391689917991197  0.000000  0.000000  0.000000 -0.000000   112 44956
1391689918073758  0.000000  0.000000  0.000000 -0.000000   111 44956
1391689918202103  0.000000  0.000000  0.000000 -0.000000   109 46135
1391689918285817  0.000000  0.000000  0.000000 -0.000000   108 46856
1391689918413211  0.000000  0.000000  0.000000 -0.000000   108 47250
1391689918502303  0.000000  0.000000  0.000000 -0.000000   108 47250
1391689918629019  0.000000  0.000000  0.000000 -0.000000   107 47250
1391689918711084  0.000000  0.000000  0.000000 -0.000000   107 47250
1391689918837064  0.000000  0.000000  0.000000 -0.000000   108 47250
1391689918927367  0.000000  0.000000  0.000000 -0.000000   109 47250
1391689919011385  0.000000  0.000000  0.000000 -0.000000   110 47250
1391689919135008  0.000000  0.000000  0.000000 -0.000000   110 47250
1391689919218359  0.000000  0.000000  0.000000 -0.000000   111 46856
1391689919346966  0.000000  0.000000  0.000000 -0.000000   111 46135
1391689919476446  0.000000  0.000000  0.000000 -0.000000   111 45349
1391689919600052  0.000000  0.000000  0.000000 -0.000000   111 45349
1391689919689738  0.000000  0.000000  0.000000 -0.000000   111 45349
1391689919816768  0.000000  0.000000  0.000000 -0.000000   111 45349
1391689919898192  0.000000  0.000000  0.000000 -0.000000   110 45349
1391689919997070  0.000000  0.000000  0.000000 -0.000000   109 45742
1391689920112840  0.000000  0.000000  0.000000 -0.000000   107 46135
1391689920198477  0.000000  0.000000  0.000000 -0.000000   105 46529
1391689920286806  0.000000  0.000000  0.000000 -0.000000   104 46529
1391689920422369  0.000000  0.000000  0.000000 -0.000000   103 46856
1391689920545901  0.000000  0.000000  0.000000 -0.000000   102 46856
1391689920634240  0.000000  0.000000  0.000000 -0.000000   100 46856
1391689920750660  0.000000  0.000000  0.000000 -0.000000   100 46856
1391689920841604  0.000000  0.000000  0.000000 -0.000000   100 46856
1391689920929026  0.000000  0.000000  0.000000 -0.000000    99 46856
1391689921057058  0.000000  0.000000  0.000000 -0.000000    99 46856
1391689921144606  0.000000  0.000000  0.000000 -0.000000    99 46856
1391689921229215  0.000000  0.000000  0.000000 -0.000000    99 46856
1391689921354962  0.000000  0.000000  0.000000 -0.000000    99 46529
1391689921437186  0.000000  0.000000  0.000000 -0.000000   100 43842
1391689921560439  0.000000  0.000000  0.000000 -0.000000   100 43449
1391689921653535  0.000000  0.000000  0.000000 -0.000000    99 43449
1391689921781023  0.000000  0.000000  0.000000 -0.000000   100 43449
1391689921864805  0.000000  0.000000  0.000000 -0.000000    99 43449
1391689921988360  0.000000  0.000000  0.000000 -0.000000    98 44628
1391689922072659  0.000000  0.000000  0.000000 -0.000000    98 45349
1391689922202917  0.000000  0.000000  0.000000 -0.000000    98 46135
1391689922296183  0.000000  0.000000  0.000000 -0.000000    97 46529
1391689922418227  0.000000  0.000000  0.000000 -0.000000    97 46529
1391689922513943  0.000000  0.000000  0.000000 -0.000000    96 46529
1391689922599401  0.000000  0.000000  0.000000 -0.000000    96 46529
1391689922696589  0.000000  0.000000  0.000000 -0.000000    95 46529
1391689922823163  0.000000  0.000000  0.000000 -0.000000    95 46529
1391689922908613  0.000000  0.000000  0.000000 -0.000000    95 46856
1391689923029375  0.000000  0.000000  0.000000 -0.000000    96 47643
1391689923125166  0.000000  0.000000  0.000000 -0.000000    96 48036
1391689923244532  0.000000  0.000000  0.000000 -0.000000    96 48036
1391689923373845  0.000000  0.000000  0.000000 -0.000000    96 48036
1391689923461089  0.000000  0.000000  0.000000 -0.000000    96 48036
1391689923541027  0.000000  0.000000  0.000000 -0.000000    96 48036
1391689923672852  0.000000  0.000000  0.000000 -0.000000    96 48036
1391689923758929  0.000000  0.000000  0.000000 -0.000000    97 48036
1391689923882971  0.000000  0.000000  0.000000 -0.000000    97 48036
1391689923974142  0.000000  0.000000  0.000000 -0.000000    98 47643
1391689924106103  0.000000  0.000000  0.000000 -0.000000    99 47250
1391689924190179  0.000000  0.000000  0.000000 -0.000000   100 46856
1391689924277597  0.000000  0.000000  0.000000 -0.000000   102 46856
1391689924406814  0.000000  0.000000  0.000000 -0.000000   102 46856
1391689924492685  0.000000  0.000000  0.000000 -0.000000   103 46856
1391689924578583  0.000000  0.000000  0.000000 -0.000000   103 46856
1391689924703030  0.000000  0.000000  0.000000 -0.000000   102 46856
1391689924837575  0.000000  0.000000  0.000000 -0.000000   103 46856
1391689924913280  0.000000  0.000000  0.000000 -0.000000   103 46856
1391689925000234  0.000000  0.000000  0.000000 -0.000000   103 46856
1391689925136964  0.000000  0.000000  0.000000 -0.000000   104 46856
1391689925211250  0.000000  0.000000  0.000000 -0.000000   103 46529
1391689925340228  0.000000  0.000000  0.000000 -0.000000   104 43055
1391689925428345  0.000000  0.000000  0.000000 -0.000000   103 41941
1391689925560916  0.000000  0.000000  0.000000 -0.000000   103 41548
1391689925640986  0.000000  0.000000  0.000000 -0.000000   103 41548
1391689925762257  0.000000  0.000000  0.000000 -0.000000   101 44235
1391689925854383  0.000000  0.000000  0.000000 -0.000000   101 45349
1391689925943143  0.000000  0.000000  0.000000 -0.000000    99 46856
1391689926062156  0.000000  0.000000  0.000000 -0.000000    98 47643
1391689926150623  0.000000  0.000000  0.000000 -0.000000    98 47643
1391689926235101  0.000000  0.000000  0.000000 -0.000000    98 47643
1391689926363659  0.000000  0.000000  0.000000 -0.000000    98 47643
1391689926490384  0.000000  0.000000  0.000000 -0.000000    98 47643
1391689926611147  0.000000  0.000000  0.000000 -0.000000    98 47643
1391689926696576  0.000000  0.000000  0.000000 -0.000000    98 47643
1391689926782650  0.000000  0.000000  0.000000 -0.000000    98 47643
1391689926912910  0.000000  0.000000  0.000000 -0.000000    99 47643
1391689927005755  0.000000  0.000000  0.000000 -0.000000    99 47643
1391689927126391  0.000000  0.000000  0.000000 -0.000000    99 47643
1391689927213890  0.000000  0.000000  0.000000 -0.000000    99 47643
1391689927356939  0.000000  0.000000  0.000000 -0.000000    99 47643
1391689927448166  0.000000  0.000000  0.000000 -0.000000    98 47643
1391689927572085  0.000000  0.000000  0.000000 -0.000000    98 47643
1391689927657884  0.000000  0.000000  0.000000 -0.000000    97 47643
1391689927778820  0.000000  0.000000  0.000000 -0.000000    96 47643
1391689927913924  0.000000  0.000000  0.000000 -0.000000    95 47643
1391689927998232  0.000000  0.000000  0.000000 -0.000000    95 47250
1391689928126366  0.000000  0.000000  0.000000 -0.000000    95 47250
1391689928257567  0.000000  0.000000  0.000000 -0.000000    96 47250
1391689928344093  0.000000  0.000000  0.000000 -0.000000    96 47250
1391689928430593  0.000000  0.000000  0.000000 -0.000000    98 47250
1391689928561577  0.000000  0.000000  0.000000 -0.000000    99 47250
1391689928684374  0.000000  0.000000  0.000000 -0.000000   100 47250
1391689928762662  0.000000  0.000000  0.000000 -0.000000   100 47250
1391689928862603  0.000000  0.000000  0.000000 -0.000000   101 47250
1391689928987295  0.000000  0.000000  0.000000 -0.000000   101 47250
1391689929081364  0.000000  0.000000  0.000000 -0.000000   101 46856
1391689929161898  0.000000  0.000000  0.000000 -0.000000   101 46529
1391689929290269  0.000000  0.000000  0.000000 -0.000000   101 45349
1391689929371103  0.000000  0.000000  0.000000 -0.000000   101 44956
1391689929464442  0.000000  0.000000  0.000000 -0.000000   101 44956
1391689929588363  0.000000  0.000000  0.000000 -0.000000   101 44956
1391689929672768  0.000000  0.000000  0.000000 -0.000000   100 44628
1391689929811596  0.000000  0.000000  0.000000 -0.000000   100 44628
1391689929892962  0.000000  0.000000  0.000000 -0.000000   100 44628
1391689930015592  0.000000  0.000000  0.000000 -0.000000    99 46856
1391689930104925  0.000000  0.000000  0.000000 -0.000000    99 46856
1391689930227770  0.000000  0.000000  0.000000 -0.000000    99 46856
1391689930316185  0.000000  0.000000  0.000000 -0.000000    98 46856
1391689930438943  0.000000  0.000000  0.000000 -0.000000    98 46856
1391689930520545  0.000000  0.000000  0.000000 -0.000000    98 46856
1391689930614096  0.000000  0.000000  0.000000 -0.000000    98 46856
1391689930741562  0.000000  0.000000  0.000000 -0.000000    99 46856
1391689930823141  0.000000  0.000000  0.000000 -0.000000    99 46856
1391689930957368  0.000000  0.000000  0.000000 -0.000000   100 46856
1391689931034892  0.000000  0.000000  0.000000 -0.000000   101 46856
1391689931175096  0.000000  0.000000  0.000000 -0.000000   101 46856
1391689931290830  0.000000  0.000000  0.000000 -0.000000   102 46856
1391689931379526  0.000000  0.000000  0.000000 -0.000000   103 46856
1391689931470740  0.000000  0.000000  0.000000 -0.000000   105 46856
1391689931591060  0.000000  0.000000  0.000000 -0.000000   106 46529
1391689931678050  0.000000  0.000000  0.000000 -0.000000   108 46856
1391689931803355  0.000000  0.000000  0.000000 -0.000000   108 46856
1391689931885303  0.000000  0.000000  0.000000 -0.000000   109 46529
1391689932018827  0.000000  0.000000  0.000000 -0.000000   110 45349
1391689932106384  0.000000  0.000000  0.000000 -0.000000   110 43842
1391689932185161  0.000000  0.000000  0.000000 -0.000000   110 43449
1391689932320535  0.000000  0.000000  0.000000 -0.000000   109 43449
1391689932397705  0.000000  0.000000  0.000000 -0.000000   108 44628
1391689932483958  0.000000  0.000000  0.000000 -0.000000   106 46529
1391689932612079  0.000000  0.000000  0.000000 -0.000000   105 46529
1391689932697543  0.000000  0.000000  0.000000 -0.000000   103 47250
1391689932824054  0.000000  0.000000  0.000000 -0.000000   100 47250
1391689932905590  0.000000  0.000000  0.000000 -0.000000    99 47250
1391689933036734  0.000000  0.000000  0.000000 -0.000000    98 47250
1391689933132894  0.000000  0.000000  0.000000 -0.000000    97 47250
1391689933254500  0.000000  0.000000  0.000000 -0.000000    96 47250
1391689933338268  0.000000  0.000000  0.000000 -0.000000    95 47250
1391689933425925  0.000000  0.000000  0.000000 -0.000000    95 47250
1391689933561178  0.000000  0.000000  0.000000 -0.000000    95 47250
1391689933645137  0.000000  0.000000  0.000000 -0.000000    95 47250
1391689933735625  0.000000  0.000000  0.000000 -0.000000    95 47250
1391689933836734  0.000000  0.000000  0.000000 -0.000000    95 47250
1391689933943334  0.000000  0.000000  0.000000 -0.000000    96 47250
1391689934032311  0.000000  0.000000  0.000000 -0.000000    97 47250
1391689934155639  0.000000  0.000000  0.000000 -0.000000    97 47250
1391689934272200  0.000000  0.000000  0.000000 -0.000000    99 47643
1391689934355945  0.000000  0.000000  0.000000 -0.000000    99 47643
1391689934488188  0.000000  0.000000  0.000000 -0.000000   100 47250
1391689934576731  0.000000  0.000000  0.000000 -0.000000   101 47250
1391689934654523  0.000000  0.000000  0.000000 -0.000000   101 47250
1391689934786944  0.000000  0.000000  0.000000 -0.000000   102 47250
1391689934870549  0.000000  0.000000  0.000000 -0.000000   102 47250
1391689934957581  0.000000  0.000000  0.000000 -0.000000   103 46856
1391689935106040  0.000000  0.000000  0.000000 -0.000000   103 45742
1391689935240126  0.000000  0.000000  0.000000 -0.000000   104 42334
1391689935320658  0.000000  0.000000  0.000000 -0.000000   103 41941
1391689935451430  0.000000  0.000000  0.000000 -0.000000   102 41941
1391689935575089  0.000000  0.000000  0.000000 -0.000000   101 43055
1391689935659449  0.000000  0.000000  0.000000 -0.000000   100 43055
1391689935752414  0.000000  0.000000  0.000000 -0.000000   100 43055
1391689935880163  0.000000  0.000000  0.000000 -0.000000    99 43055
1391689935968037  0.000000  0.000000  0.000000 -0.000000    98 43449
1391689936095309  0.000000  0.000000  0.000000 -0.000000    98 43449
1391689936195530  0.000000  0.000000  0.000000 -0.000000    97 43449
1391689936287295  0.000000  0.000000  0.000000 -0.000000    97 45349
1391689936366474  0.000000  0.000000  0.000000 -0.000000    96 46529
1391689936496593  0.000000  0.000000  0.000000 -0.000000    95 46529
1391689936608234  0.000000  0.000000  0.000000 -0.000000    95 46529
1391689936692823  0.000000  0.000000  0.000000 -0.000000    94 46529
1391689936819928  0.000000  0.000000  0.000000 -0.000000    95 46529
1391689936902255  0.000000  0.000000  0.000000 -0.000000    95 46529
1391689937010613  0.000000  0.000000  0.000000 -0.000000    95 46529
1391689937103487  0.000000  0.000000  0.000000 -0.000000    96 46529
1391689937233448  0.000000  0.000000  0.000000 -0.000000    95 46529
1391689937356102  0.000000  0.000000  0.000000 -0.000000    96 46529
1391689937462394  0.000000  0.000000  0.000000 -0.000000    95 46529
1391689937576609  0.000000  0.000000  0.000000 -0.000000    94 46529
1391689937659514  0.000000  0.000000  0.000000 -0.000000    93 46529
1391689937772452  0.000000  0.000000  0.000000 -0.000000    91 46529
1391689937860662  0.000000  0.000000  0.000000 -0.000000    89 46529
1391689937988190  0.000000  0.000000  0.000000 -0.000000    88 46529
1391689938072561  0.000000  0.000000  0.000000 -0.000000    86 46529
1391689938163587  0.000000  0.000000  0.000000 -0.000000    86 46529
1391689938251504  0.000000  0.000000  0.000000 -0.000000    87 46529
1391689938383200  0.000000  0.000000  0.000000 -0.000000    88 44956
1391689938461100  0.000000  0.000000  0.000000 -0.000000    89 44235
1391689938593990  0.000000  0.000000  0.000000 -0.000000    90 43842
1391689938677915  0.000000  0.000000  0.000000 -0.000000    92 44235
1391689938763276  0.000000  0.000000  0.000000 -0.000000    93 44235
1391689938894600  0.000000  0.000000  0.000000 -0.000000    96 43842
1391689939017877  0.000000  0.000000  0.000000 -0.000000    99 42334
1391689939110953  0.000000  0.000000  0.000000 -0.000000   103 40827
1391689939198904  0.000000  0.000000  0.000000 -0.000000   107 37026
1391689939323491  0.000000  0.000000  0.000000 -0.000000   112 33946
1391689939409134  0.000000  0.000000  0.000000 -0.000000   113 33618
1391689939499266  0.000000  0.000000  0.000000 -0.000000   114 33618
1391689939623139  0.000000  0.000000  0.000000 -0.000000   112 33618
1391689939767917  0.000000  0.000000  0.000000 -0.000000   112 33618
1391689939838113  0.000000  0.000000  0.000000 -0.000000   112 33225
1391689939921655  0.000000  0.000000  0.000000 -0.000000   112 33618
1391689940060989  0.000000  0.000000  0.000000 -0.000000   110 33618
1391689940141384  0.000000  0.000000  0.000000 -0.000000   110 33618
1391689940265986  0.000000  0.000000  0.000000 -0.000000   110 33618
1391689940357648  0.000000  0.000000  0.000000 -0.000000   110 33618
1391689940445336  0.000000  0.000000  0.000000 -0.000000   110 33618
1391689940570567  0.000000  0.000000  0.000000 -0.000000   109 33618
1391689940660124  0.000000  0.000000  0.000000 -0.000000   109 33618
1391689940781925  0.000000  0.000000  0.000000 -0.000000   109 33618
1391689940872120  0.000000  0.000000  0.000000 -0.000000   108 33618
1391689941000971  0.000000  0.000000  0.000000 -0.000000   107 33618
1391689941127251  0.000000  0.000000  0.000000 -0.000000   108 33618
1391689941210858  0.000000  0.000000  0.000000 -0.000000   108 33618
1391689941293932  0.000000  0.000000  0.000000 -0.000000   107 33618
1391689941425132  0.000000  0.000000  0.000000 -0.000000   107 33225
1391689941510511  0.000000  0.000000  0.000000 -0.000000   108 32832
1391689941592437  0.000000  0.000000  0.000000 -0.000000   108 29686
1391689941721241  0.000000  0.000000  0.000000 -0.000000   109 22674
1391689941809455  0.000000  0.000000  0.000000 -0.000000   110  2883
1391689941894897  0.000000  0.000000  0.000000 -0.000000   112     0
1391689942021610  0.000000  0.000000  0.000000 -0.000000   111     0
1391689942107307  0.000000  0.000000  0.000000 -0.000000   111     0
1391689942236577  0.000000  0.000000  0.000000 -0.000000   111     0
1391689942323444  0.000000  0.000000  0.000000 -0.000000   111     0
1391689942407511  0.000000  0.000000  0.000000 -0.000000   111     0
1391689942534542  0.000000  0.000000  0.000000 -0.000000   112     0
1391689942634755  0.000000  0.000000  0.000000 -0.000000   112     0
1391689942705056  0.000000  0.000000  0.000000 -0.000000   113     0
1391689942829954  0.000000  0.000000  0.000000 -0.000000   112     0
1391689942936728  0.000000  0.000000  0.000000 -0.000000   113     0
1391689943026993  0.000000  0.000000  0.000000 -0.000000   113     0
1391689943165159  0.000000  0.000000  0.000000 -0.000000   112     0
1391689943260785  0.000000  0.000000  0.000000 -0.000000   113     0
1391689943360759  0.000000  0.000000  0.000000 -0.000000   113     0
1391689943447548  0.000000  0.000000  0.000000 -0.000000   112     0
1391689943586972  0.000000  0.000000  0.000000 -0.000000   114     0
1391689943682943  0.000000  0.000000  0.000000 -0.000000   115     0
1391689943778996  0.000000  0.000000  0.000000 -0.000000   115     0
1391689943870501  0.000000  0.000000  0.000000 -0.000000   115     0
1391689944010404  0.000000  0.000000  0.000000 -0.000000   115     0
1391689944116324  0.000000  0.000000  0.000000 -0.000000   115     0
1391689944206077  0.000000  0.000000  0.000000 -0.000000   115     0
1391689944304503  0.000000  0.000000  0.000000 -0.000000   116     0
1391689944431819  0.000000  0.000000  0.000000 -0.000000   115     0
1391689944536260  0.000000  0.000000  0.000000 -0.000000   115     0
1391689944632109  0.000000  0.000000  0.000000 -0.000000   115     0
1391689944729581  0.000000  0.000000  0.000000 -0.000000   115     0
1391689944823143  0.000000  0.000000  0.000000 -0.000000   115     0
1391689944913510  0.000000  0.000000  0.000000 -0.000000   115     0
1391689945005758  0.000000  0.000000  0.000000 -0.000000   115     0
1391689945121353  0.000000  0.000000  0.000000 -0.000000   115     0
1391689945246294  0.000000  0.000000  0.000000 -0.000000   115     0
1391689945333382  0.000000  0.000000  0.000000 -0.000000   115     0
1391689945428733  0.000000  0.000000  0.000000 -0.000000   115     0
1391689945529220  0.000000  0.000000  0.000000 -0.000000   115     0
1391689945668069  0.000000  0.000000  0.000000 -0.000000   115     0
1391689945748124  0.000000  0.000000  0.000000 -0.000000   115     0
1391689945842159  0.000000  0.000000  0.000000 -0.000000   115     0
1391689945938524  0.000000  0.000000  0.000000 -0.000000   115     0
1391689946078371  0.000000  0.000000  0.000000 -0.000000   115     0
1391689946174527  0.000000  0.000000  0.000000 -0.000000   115     0
1391689946266732  0.000000  0.000000  0.000000 -0.000000   115     0
1391689946354772  0.000000  0.000000  0.000000 -0.000000   115     0
1391689946445582  0.000000  0.000000  0.000000 -0.000000   115     0
1391689946591456  0.000000  0.000000  0.000000 -0.000000   115     0
1391689946704509  0.000000  0.000000  0.000000 -0.000000   115     0
1391689946797117  0.000000  0.000000  0.000000 -0.000000   115     0
1391689946892429  0.000000  0.000000  0.000000 -0.000000   115     0
1391689946989115  0.000000  0.000000  0.000000 -0.000000   115     0
1391689947102201  0.000000  0.000000  0.000000 -0.000000   115     0
1391689947195369  0.000000  0.000000  0.000000 -0.000000   115     0
1391689947294302  0.000000  0.000000  0.000000 -0.000000   115     0
1391689947416465  0.000000  0.000000  0.000000 -0.000000   115     0
1391689947549923  0.000000  0.000000  0.000000 -0.000000   115     0
1391689947651162  0.000000  0.000000  0.000000 -0.000000   115     0
1391689947744948  0.000000  0.000000  0.000000 -0.000000   115     0
1391689947850380  0.000000  0.000000  0.000000 -0.000000   115     0
1391689947945361  0.000000  0.000000  0.000000 -0.000000   115     0
1391689948053724  0.000000  0.000000  0.000000 -0.000000   115     0
1391689948134085  0.000000  0.000000  0.000000 -0.000000   115     0
1391689948273622  0.000000  0.000000  0.000000 -0.000000   115     0
1391689948364462  0.000000  0.000000  0.000000 -0.000000   115     0
1391689948504603  0.000000  0.000000  0.000000 -0.000000   115     0
1391689948595415  0.000000  0.000000  0.000000 -0.000000   115     0
1391689948689095  0.000000  0.000000  0.000000 -0.000000   115     0
1391689948830808  0.000000  0.000000  0.000000 -0.000000   115     0
1391689948925648  0.000000  0.000000  0.000000 -0.000000   115     0
1391689949024452  0.000000  0.000000  0.000000 -0.000000   115     0
