1391690069875212      65536   2  12  81   3   3
1391690070045340      65536   2  12  81   3   3
1391690070204643      65536   2  12  81   3   3
1391690070503222      65536   2  12  81   3   3
1391690070825338      65536   2  12  81   3   3
1391690071090737      65536   2  12  81   3   3
1391690071143495      65536   2  12  81   3   3
1391690071375355      65536   2  12  81   3   3
1391690071704122      65536   2  12  81   3   3
1391690072011117      65536   2  12  81   3   3
1391690072299074      65536   2  12  81   3   3
1391690072300092      65536   2  12  81   3   3
1391690072596320      65536   2  12  81   3   3
1391690072873185      65536   2  12  81   3   3
1391690073190861      65536   2  12  81   3   3
1391690073397363      65536   2  12  81   3   3
1391690073481871      65536   2  12  81   3   3
1391690073785794      65536   2  12  81   3   3
1391690074103196      65536   2  12  81   3   3
1391690074421373      65536   2  12  81   3   3
1391690074502655      65536   2  12  81   3   3
1391690074687237      65536   2  12  81   3   3
1391690075032246      65536   2  12 209   4   3
1391690075297653      65536   2  12 209   4   3
1391690075597372      65536   2  12 209   4   3
1391690075598681      65536   2  12 209   4   3
1391690075912049      65536   2  12 209   4   3
1391690076218927      65536   2  12 209   4   3
1391690076493929      65536   2  12 209   4   3
1391690076781462      65536   2  12 209   4   3
1391690076782176      65536   2  12 209   4   3
1391690077089722      65536   2  12 209   4   3
1391690077391991      65536   2  12 209   4   3
1391690077660663      65536   2  12 209   4   3
1391690077854885      65536   2  12 209   4   3
1391690077964707      65536   2  12 209   4   3
1391690078252909      65536   2  12 209   4   3
1391690078557367      65536   2  12 209   4   3
1391690078875793      65536   2  12 209   4   3
1391690078999967      65536   2  12 209   4   3
1391690079162708      65536   2  12 209   4   3
1391690079468015      65536   2  12 209   4   3
1391690079750401      65536   2  12 209   4   3
1391690080046987      65536   2  12 209   4   3
1391690080090500      65536   2  12 209   4   3
1391690080400217      65536   2  12 209   4   3
1391690080680059      65536   2  12 209   4   3
1391690080949519      65536   2  12 209   4   3
1391690081232904      65536   2  12 209   4   3
1391690081280858      65536   2  12 209   4   3
1391690081561494      65536   2  12 209   4   3
1391690081912592      65536   2  12 209   4   3
1391690082191853      65536   2  12 209   4   3
1391690082368527      65536   2  12 209   4   3
1391690082452519      65536   2  12 209   4   3
1391690082735551      65536   2  12 209   4   3
1391690083082169      65536   2  12 209   4   3
1391690083367481      65536   2  12 209   4   3
1391690083434678      65536   2  12 209   4   3
1391690083680468      65536   2  12 209   4   3
1391690083966870      65536   2  12 209   4   3
1391690084225938      65536   2  12 209   4   3
1391690084565638      65536   2  12 209   4   3
1391690084595554      65536   2  12 209   4   3
1391690084849641      65536   2  12 209   4   3
1391690085165887      65536   2  12 209   4   3
1391690085458161      65536   2  12 209   4   3
1391690085710940      65536   2  12 209   4   3
1391690085753023      65536   2  12 209   4   3
1391690086116627      65536   2  12 209   4   3
1391690086471102      65536   2  12 209   4   3
1391690086753843      65536   2  12 209   4   3
1391690086949238      65536   2  12 209   4   3
1391690087069214      65536   2  12 209   4   3
1391690087360150      65536   2  12 209   4   3
1391690087599068      65536   2  12 209   4   3
1391690087958190      65536   2  12 209   4   3
1391690088052475      65536   2  12 209   4   3
1391690088220116      65536   2  12 209   4   3
1391690088505995      65536   2  12 209   4   3
1391690088792999      65536   2  12 209   4   3
1391690089068995      65536   2  12 209   4   3
1391690089120326      65536   2  12 209   4   3
1391690089371880      65536   2  12 209   4   3
1391690089718094      65536   2  12 209   4   3
1391690090006904      65536   2  12 209   4   3
1391690090317121      65536   2  12 209   4   3
1391690090322156      65536   2  12 209   4   3
1391690090544235      65536   2  12 209   4   3
1391690090880589      65536   2  12 209   4   3
1391690091170266      65536   2  12 209   4   3
1391690091450493      65536   2  12 209   4   3
1391690091451584      65536   2  12 209   4   3
1391690091783542      65536   2  12 209   4   3
1391690092022386      65536   2  12 209   4   3
1391690092397820      65536   2  12 209   4   3
1391690092601943      65536   2  12 209   4   3
1391690092682521      65536   2  12 209   4   3
1391690092990184      65536   2  12 209   4   3
1391690093250479      65536   2  12 209   4   3
1391690093568986      65536   2  12 209   4   3
1391690093632044      65536   2  12 209   4   3
1391690093881226      65536   2  12 209   4   3
1391690094191384      65536   2  12 209   4   3
1391690094513618      65536   2  12 209   4   3
1391690094729594      65536   2  12 209   4   3
1391690094800163      65536   2  12 209   4   3
1391690095060084      65536   2  12 209   4   3
1391690095382268      65536   2  12 209   4   3
1391690095683492      65536   2  12 209   4   3
1391690095925628      65536   2  12 209   4   3
1391690095986142      65536   2  12 209   4   3
1391690096280001      65536   2  12 209   4   3
1391690096531843      65536   2  12 209   4   3
1391690096863853      65536   2  12 209   4   3
1391690097079355      65536   2  12 209   4   3
1391690097157067      65536   2  12 209   4   3
1391690097470107      65536   2  12 209   4   3
1391690097808830      65536   2  12 209   4   3
1391690098110038      65536   2  12 209   4   3
1391690098184276      65536   2  12 209   4   3
1391690098364910      65536   2  12 209   4   3
1391690098706548      65536   2  12 209   4   3
1391690098994625      65536   2  12 209   4   3
1391690099316903      65536   2  12 209   4   3
1391690099317247      65536   2  12 209   4   3
1391690099563501      65536   2  12 209   4   3
1391690099884994      65536   2  12 209   4   3
1391690100197159      65536   2  12 209   4   3
1391690100440567      65536   2  12 209   4   3
1391690100468461      65536   2  12 209   4   3
1391690100815302      65536   2  12 209   4   3
1391690101036736      65536   2  12 209   4   3
1391690101416020      65536   2  12 209   4   3
1391690101573295      65536   2  12 209   4   3
1391690101688805      65536   2  12 209   4   3
1391690102002590      65536   2  12 209   4   3
1391690102268207      65536   2  12 209   4   3
1391690102586917      65536   2  12 209   4   3
1391690102696932      65536   2  12 209   4   3
1391690102894994      65536   2  12 209   4   3
1391690103161761      65536   2  12 209   4   3
1391690103483310      65536   2  12 209   4   3
1391690103743519      65536   2  12 209   4   3
1391690103832431      65536   2  12 209   4   3
1391690104049217      65536   2  12 209   4   3
1391690104364691      65536   2  12 209   4   3
1391690104628951      65536   2  12 209   4   3
1391690104940354      65536   2  12 209   4   3
1391690104940760      65536   2  12 209   4   3
1391690105237425      65536   2  12 209   4   3
1391690105534528      65536   2  12 209   4   3
1391690105844055      65536   2  12 209   4   3
1391690106053037      65536   2  12 209   4   3
1391690106138049      65536   2  12 209   4   3
1391690106446957      65536   2  12 209   4   3
1391690106756412      65536   2  12 209   4   3
1391690107024535      65536   2  12 209   4   3
