1391690069624841     4     0     0     0     0   1
1391690069693031     4     0     0     0     0   1
1391690069754771     4     0     0     0     0   1
1391690069755398     4     0     0     0     0   1
1391690069798468     4     0     0     0     0   1
1391690069849681     4     0     0     0     0   1
1391690069875627     4     0     0     0     0   1
1391690069941149     4     0     0     0     0   1
1391690069997127     4     0     0     0     0   1
1391690070044799     4     0     0     0     0   1
1391690070097770     4     0     0     0     0   1
1391690070141952     4     0     0     0     0   1
1391690070204954     4     0     0     0     0   1
1391690070206163     4     0     0     0     0   1
1391690070284179     4     0     0     0     0   1
1391690070285585     4     0     0     0     0   1
1391690070346409     4     0     0     0     0   1
1391690070347332     4     0     0     0     0   1
1391690070390953     4     0     0     0     0   1
1391690070451407     4     0     0     0     0   1
1391690070452807     4     0     0     0     0   1
1391690070503303     4     0     0     0     0   1
1391690070544965     4     0     0     0     0   1
1391690070586361     4     0     0     0     0   1
1391690070654894     4     0     0     0     0   1
1391690070709146     4     0     0     0     0   1
1391690070780301     4     0     0     0     0   1
1391690070825629     4     0     0     0     0   1
1391690070826763     4     0     0     0     0   1
1391690070861658     4     0     0     0     0   1
1391690070888777     4     0     0     0     0   1
1391690070969584     4     0     0     0     0   1
1391690070996080     4     0     0     0     0   1
1391690071041604     4     0     0     0     0   1
1391690071090565     4     0     0     0     0   1
1391690071143033     4     0     0     0     0   1
1391690071180019     4     0     0     0     0   1
1391690071235624     4     0     0     0     0   1
1391690071283827     4     0     0     0     0   1
1391690071344182     4     0     0     0     0   1
1391690071375173     4     0     0     0     0   1
1391690071411506     4     0     0     0     0   1
1391690071465590     4     0     0     0     0   1
1391690071507355     4     0     0     0     0   1
1391690071552164     4     0     0     0     0   1
1391690071604118     4     0     0     0     0   1
1391690071647987     4     0     0     0     0   1
1391690071648775     4     0     0     0     0   1
1391690071704211     4     0     0     0     0   1
1391690071733151     4     0     0     0     0   1
1391690071763560     4     0     0     0     0   1
1391690071809793     4     0     0     0     0   1
1391690071857041     4     0     0     0     0   1
1391690071928264     4     0     0     0     0   1
1391690071950126     4     0     0     0     0   1
1391690071950509     4     0     0     0     0   1
1391690072012330     4     0     0     0     0   1
1391690072014942     4     0     0     0     0   1
1391690072055530     4     0     0     0     0   1
1391690072090494     4     0     0     0     0   1
1391690072144427     4     0     0     0     0   1
1391690072197754     4     0     0     0     0   1
1391690072198232     4     0     0     0     0   1
1391690072266367     4     0     0     0     0   1
1391690072299368     4     0     0     0     0   1
1391690072300391     4     0     0     0     0   1
1391690072356007     4     0     0     0     0   1
1391690072404975     4     0     0     0     0   1
1391690072450289     4     0     0     0     0   1
1391690072488831     4     0     0     0     0   1
1391690072529456     4     0     0     0     0   1
1391690072596067     4     0     0     0     0   1
1391690072596819     4     0     0     0     0   1
1391690072641455     4     0     0     0     0   1
1391690072708788     4     0     0     0     0   1
1391690072768569     4     0     0     0     0   1
1391690072816140     4     0     0     0     0   1
1391690072872735     4     0     0     0     0   1
1391690072918954     4     0     0     0     0   1
1391690072920918     4     0     0     0     0   1
1391690072973080     4     0     0     0     0   1
1391690073024501     4     0     0     0     0   1
1391690073104043     4     0     0     0     0   1
1391690073134150     4     0     0     0     0   1
1391690073188651     4     0     0     0     0   1
1391690073260158     4     0     0     0     0   1
1391690073301898     4     0     0     0     0   1
1391690073338927     4     0     0     0     0   1
1391690073397512     4     0     0     0     0   1
1391690073433125     4     0     0     0     0   1
1391690073482073     4     0     0     0     0   1
1391690073531015     4     0     0     0     0   1
1391690073627962     4     0     0     0     0   1
1391690073664458     4     0     0     0     0   1
1391690073698839     4     0     0     0     0   1
1391690073739636     4     0     0     0     0   1
1391690073740771     4     0     0     0     0   1
1391690073786614     4     0   165     0     0   1
1391690073832725     4     0  1103     0     0   1
1391690073864562     4     0  1836     0     0   1
1391690073922261     4     0  1877     0     0   1
1391690073972089     4     0  1877     0     0   1
1391690074022213     4     0  1877     0     0   1
1391690074076784     4     0  1877     0     0   1
1391690074151651     4     0  1877     0     0   1
1391690074153663     4     0  1877     0     0   1
1391690074204999     4     0  1877     0     0   1
1391690074249628     4     0  1877     0     0   1
1391690074271873     4     0  1877     0     0   1
1391690074334552     4     0  1877     0     0   1
1391690074376200     4     0  1877     0     0   1
1391690074421056     4     0  1877     0     0   1
1391690074465723     4     0  1877     0     0   1
1391690074500756     4     0  1918     0     0   1
1391690074502562     4     0  1918     0     0   1
1391690074608610     4     0  1918     0     0   1
1391690074608922     4     0  1918     0     0   1
1391690074652422     4     0  1918     0     0   1
1391690074687490     4     0  1918     0     0   1
1391690074736520     4     0  1918     0     0   1
1391690074777180     4     0  1918     0     0   1
1391690074832924     4     0  1918     0     0   1
1391690074877681     4     0  1918     0     0   1
1391690074929760     4     0  1918     0     0   1
1391690074978894     4     0  1918     0     0   1
1391690075063040     4     0  1918     0     0   1
1391690075102335     4     0  1918     0     0   1
1391690075158527     4     0  1918     0     0   1
1391690075224383     4     0  1918     0     0   1
1391690075247013     4     0  1918     0     0   1
1391690075297953     4     0  1918     0     0   1
1391690075340958     4     0  1918     0     0   1
1391690075372394     4     0  1918     0     0   1
1391690075428726     4     0  1918     0     0   1
1391690075467601     4     0  1918     0     0   1
1391690075468167     4     0  1918     0     0   1
1391690075526608     4     0  1918     0     0   1
1391690075527404     4     0  1918     0     0   1
1391690075565333     4     0  1918     0     0   1
1391690075598112     4     0  1918     0     0   1
1391690075653024     4     0  1918     0     0   1
1391690075701119     4     0  1918     0     0   1
1391690075745816     4     0  1918     0     0   1
1391690075787878     4     0  1918     0     0   1
1391690075817643     4     0  1918     0     0   1
1391690075880517     4     0  1918     0     0   1
1391690075912925     4     0  1918     0     0   1
1391690075972808     4     0  1918     0     0   1
1391690076021154     4     0  1225     0     0   1
1391690076068133     4     0   654     0     0   1
1391690076135640     4     0    83     0     0   1
1391690076181415     4     0     0     0     0   1
1391690076220260     4     0     0     0     0   1
1391690076259345     4     0     0     0     0   1
1391690076338692     4     0     0     0     0   1
1391690076363100     4     0     0     0     0   1
1391690076363906     4     0     0     0     0   1
1391690076460335     4     0     0     0     0   1
1391690076475560     4     0     0     0     0   1
1391690076494291     4     0     0     0     0   1
1391690076552731     4     0     0     0     0   1
1391690076615662     4     0     0     0     0   1
1391690076627359     4     0     0     0     0   1
1391690076694535     4     0     0     0     0   1
1391690076748993     4     0     0   224     0   1
1391690076782092     4     0     0   281     0   1
1391690076834964     4     0     0   367     0   1
1391690076873487     0     0     0   374     0   1
1391690076904401     0     0     0   374     0   1
1391690076946642     0     0     0   374     0   1
1391690076984963     4     0     0   382     0   1
1391690077024692     4     0     0   374     0   1
1391690077141234     4     0     0   374     0   1
1391690077141665     4     0     0   374     0   1
1391690077258674     4     0     0   374     0   1
1391690077288483     4     0     0   374     0   1
1391690077314132     4     0     0   374     0   1
1391690077357811     4     0     0   382     0   1
1391690077392835     4     0     0   446     0   1
1391690077437827     4     0     0   461     0   1
1391690077488332     4     0     0   475     0   1
1391690077490905     4     0     0   475     0   1
1391690077556625     4     0     0   475     0   1
1391690077606786     4     0     0   475     0   1
1391690077660903     4     0     0   475     0   1
1391690077690970     4     0     0   475     0   1
1391690077752216     4     0     0   475     0   1
1391690077846103     4     0     0   475     0   1
1391690077890456     4     0     0   495     0   1
1391690077963055     0     0     0   501     0   1
1391690078040636     0     0     0   507     0   1
1391690078078379     0     0     0   571     0   1
1391690078135607     0     0     0   576     0   1
1391690078172391     0     0     0   582     0   1
1391690078213516     0     0     0   582     0   1
1391690078253540     0     0     0   594     0   1
1391690078303226     0     0     0   594     0   1
1391690078327954     0     0     0   594     0   1
1391690078366677     0     0     0   600     0   1
1391690078425032     0     0     0   600     0   1
1391690078473566     0     0     0   605     0   1
1391690078530837     0     0     0   605     0   1
1391690078625168     0     0     0   611     0   1
1391690078687163     0     0     0   617     0   1
1391690078713623     0     0     0   617     0   1
1391690078770083     0     0     0   623     0   1
1391690078830235     0     0     0   623     0   1
1391690078906974     0     0     0   623     0   1
1391690078907930     0     0     0   623     0   1
1391690078999905     0     0     0   629     0   1
1391690079000585     0     0     0   634     0   1
1391690079038894     0     0     0   634     0   1
1391690079125294     0     0     0   634     0   1
1391690079126672     0     0     0   640     0   1
1391690079163215     0     0     0   646     0   1
1391690079252051     0     0     0   646     0   1
1391690079252903     0     0     0   646     0   1
1391690079294037     0     0     0   652     0   1
1391690079382553     0     0     0   652     0   1
1391690079414080     0     0     0   657     0   1
1391690079467149     0     0     0   663     0   1
1391690079562015     4     0     0   663     0   1
1391690079596700     4     0     0   663     0   1
1391690079614798     4     0     0   663     0   1
1391690079657806    10     0     0   663     0   1
1391690079658627    10     0     0   663     0   1
1391690079693912    10     0     0   663     0   1
1391690079750363    10     0     0   663     0   1
1391690079792596    22     0     0   663     0   1
1391690079793511    28     0     0   663     0   1
1391690079833170    46   -17     0   663     0   1
1391690079901468    76   -29     0   663     0   1
1391690079963458    76   -29     0   663     0   1
1391690080024562   101   -35     0   663     0   1
1391690080047030   107   -35     0   663     0   1
1391690080090896   107   -35     0   663     0   1
1391690080128171   107   -35     0   663     0   1
1391690080206502   119   -35     0   663     0   1
1391690080250853   125   -35     0   663     0   1
1391690080251487   125   -35     0   663     0   1
1391690080281216   137   -35     0   663     0   1
1391690080334682   137   -35     0   663     0   1
1391690080429493   143   -29     0   663     0   1
1391690080491482   143   -29     0   663     0   1
1391690080569449   143   -29     0   663     0   1
1391690080649077    76   -29     0   663     0   1
1391690080734085    40   -29     0   663     0   1
1391690080812783    10   -23     0   663     0   1
1391690080889539     4   -23     0   663     0   1
1391690080949239     4   -23     0   663     0   1
1391690080992801     0   -23     0   663     0   1
1391690081041637     0   -23     0   663     0   1
1391690081097159     0   -23     0   663     0   1
1391690081131987     0   -11     0   669     0   1
1391690081180920     0   -11     0   669     0   1
1391690081233919     0   -11     0   669     0   1
1391690081282073     0   -11     0   681     0   1
1391690081305271     0   -11     0   686     0   1
1391690081337355     0    -5     0   686     0   1
1391690081401004     0    -5     0   686     0   1
1391690081441149     0     0     0   686     0   1
1391690081441718     0     0     0   686     0   1
1391690081494609     0     0     0   686     0   1
1391690081632858     0     0     0   686     0   1
1391690081633402     4     0     0   686     0   1
1391690081694642    16     0     0   686     0   1
1391690081780593    22     0     0   686     0   1
1391690081825782    40     0     0   686     0   1
1391690081913318    40     0     0   686     0   1
1391690081980032    40     0     0   686     0   1
1391690082040227    46     0     0   686     0   1
1391690082098176    52     0     0   686     0   1
1391690082098804    52     0     0   692     0   1
1391690082191918    52     0     0   692     0   1
1391690082230908    58     0     0   692     0   1
1391690082282694    58     0     0   692     0   1
1391690082328767    64     0     0   692     0   1
1391690082368486    76     0     0   698     0   1
1391690082440203    82     0     0   704     0   1
1391690082494365   107     0     0   704     0   1
1391690082579246   125     0     0   704     0   1
1391690082580533   131     6     0   704     0   1
1391690082622099   131     6     0   704     0   1
1391690082700617   131    12     0   704     0   1
1391690082735095   131    12     0   704     0   1
1391690082797000   131    12     0   704     0   1
1391690082832306   131    18     0   704     0   1
1391690082907013   107    18     0   704     0   1
1391690082907566   107    18     0   704     0   1
1391690082964640    82    18     0   704     0   1
1391690083008809    76    25     0   704     0   1
1391690083074758    70    25     0   704     0   1
1391690083075500    70    31     0   704     0   1
1391690083139118    64    38     0   704     0   1
1391690083247356    58    44     0   704     0   1
1391690083292159    52    57     0   704     0   1
1391690083323578    52    69     0   704     0   1
1391690083367003    52    76     0   704     0   1
1391690083433942    52    82     0   704     0   1
1391690083495209    52    95     0   710     0   1
1391690083574157    52   101     0   744     0   1
1391690083574783    58   101     0   744     0   1
1391690083640890    58   101     0   744     0   1
1391690083721855    70    95     0   744     0   1
1391690083761877    70    95     0   744     0   1
1391690083764348    70    63     0   744     0   1
1391690083802744    58     0     0   744     0   1
1391690083838113    52     0     0   744     0   1
1391690083839489    46     0     0   744     0   1
1391690083882612    34     0     0   744     0   1
1391690083919055    34     0     0   744     0   1
1391690083967477    34   -23     0   744     0   1
1391690083994307    28   -35     0   744     0   1
1391690083994566    28   -41     0   744     0   1
1391690084047010    22   -41     0   744     0   1
1391690084081274    22   -41     0   744     0   1
1391690084081963    22   -48     0   744     0   1
1391690084131950    22   -54     0   744     0   1
1391690084176523    22   -54     0   744     0   1
1391690084223952    22   -54     0   744     0   1
1391690084286171    16   -78     0   744     0   1
1391690084316667    16   -91     0   744     0   1
1391690084317523    16   -91     0   744     0   1
1391690084371059    16   -91     0   744     0   1
1391690084421067    16   -91     0   744     0   1
1391690084476574    22   -91     0   744     0   1
1391690084513529    28   -91     0   744     0   1
1391690084595267    34   -91     0   739     0   1
1391690084640841    40  -103     0   721     0   1
1391690084684633    40  -103     0   721     0   1
1391690084726211    40  -109     0   721     0   1
1391690084789211    40  -121     0   721     0   1
1391690084848721    52  -121     0   721     0   1
1391690084883279    64  -103     0   721     0   1
1391690084944264    76   -66     0   721     0   1
1391690084944723    82   -35     0   721     0   1
1391690084990317    89   -17     0   721     0   1
1391690085029787    95   -11     0   721     0   1
1391690085080650   101     0     0   721     0   1
1391690085118623   107     0     0   721     0   1
1391690085166360   107     0     0   721     0   1
1391690085207181   107     0     0   721     0   1
1391690085268562   113     0     0   721     0   1
1391690085305307   113     0     0   721     0   1
1391690085350528   113     0     0   721     0   1
1391690085383950   113     0     0   721     0   1
1391690085418114   113     0     0   721     0   1
1391690085458653   113     6     0   721     0   1
1391690085509261   113     6     0   721     0   1
1391690085509640   113     6     0   721     0   1
1391690085555027   113     6     0   721     0   1
1391690085630738   113     6     0   721     0   1
1391690085631215   113     6     0   721     0   1
1391690085670742   113     6     0   721     0   1
1391690085711088   101    25     0   721     0   1
1391690085753178   101    25     0   721     0   1
1391690085782188   101    31     0   721     0   1
1391690085829871   101    38     0   721     0   1
1391690085851806   101    44     0   721     0   1
1391690085852137   101    44     0   721     0   1
1391690085952329   101    44     0   721     0   1
1391690085953068   101    50     0   721     0   1
1391690086026366   101    50     0   721     0   1
1391690086116721   101    50     0   721     0   1
1391690086230959    76    63     0   721     0   1
1391690086345895    70    31     0   721     0   1
1391690086506039    40     0     0   721     0   1
1391690086621760    34   -11     0   721     0   1
1391690086753263    34   -29     0   721     0   1
1391690086900117    40   -23     0   733     0   1
1391690087000474    64     0     0   739     0   1
1391690087158206    82     0     0   739     0   1
1391690087219952    89     0     0   739     0   1
1391690087369641   107     0     0   739     0   1
1391690087453726   125     0     0   721     0   1
1391690087573065   131    12     0   715     0   1
1391690087600055   137    12     0   715     0   1
1391690087704846   143    12     0   715     0   1
1391690087765888   143    12     0   715     0   1
1391690087904691   137     0     0   715     0   1
1391690087997666   137     0     0   715     0   1
1391690088120802   137     0     0   715     0   1
1391690088219156   137     0     0   715     0   1
1391690088350917   131     0     0   715     0   1
1391690088442763   131     0     0   715     0   1
1391690088506223   131     0     0   715     0   1
1391690088603426   119     0     0   715     0   1
1391690088700007   119    -5     0   715     0   1
1391690088792768   119   -35     0   715     0   1
1391690088849229   113   -41     0   715     0   1
1391690088902343   101   -54     0   715     0   1
1391690089008226    95   -66     0   715     0   1
1391690089009232    89   -66     0   715     0   1
1391690089068905    82   -78     0   715     0   1
1391690089120075    76   -84     0   715     0   1
1391690089172630    58   -78     0   715     0   1
1391690089224349    46   -72     0   715     0   1
1391690089279869    40   -66     0   715     0   1
1391690089357227    34   -60     0   715     0   1
1391690089444659    22   -54     0   715     0   1
1391690089539536    22   -41     0   721     0   1
1391690089604639    22   -29     0   727     0   1
1391690089690560    22   -23     0   727     0   1
1391690089769992    22   -11     0   744     0   1
1391690089884971    28     0     0   750     0   1
1391690089917631    40     0     0   744     0   1
1391690090007118    64     0     0   733     0   1
1391690090092469    64     0     0   715     0   1
1391690090165815    64    25     0   698     0   1
1391690090295450    82    57     0   692     0   1
1391690090317184    82    57     0   692     0   1
1391690090373152    95    57     0   692     0   1
1391690090447260   101    63     0   692     0   1
1391690090524331   101    63     0   692     0   1
1391690090579553   101    63     0   692     0   1
1391690090624125   101    69     0   692     0   1
1391690090679071   101    69     0   692     0   1
1391690090713157   101    69     0   692     0   1
1391690090749032   101    69     0   692     0   1
1391690090794025   101    69     0   692     0   1
1391690090880489   101    63     0   692     0   1
1391690090923066    95    50     0   692     0   1
1391690091019440   101    38     0   692     0   1
1391690091070107   101    38     0   692     0   1
1391690091129522   101    38     0   692     0   1
1391690091212107   101    25     0   692     0   1
1391690091253542   101    18     0   692     0   1
1391690091289255   107     0     0   692     0   1
1391690091348151   101     0     0   692     0   1
1391690091373502   101     0     0   692     0   1
1391690091450800   101     0     0   692     0   1
1391690091509070   113     0     0   692     0   1
1391690091509554   113     0     0   692     0   1
1391690091545164   131     0     0   692     0   1
1391690091580186   137     0     0   692     0   1
1391690091629522   137     0     0   692     0   1
1391690091683424   137     0     0   692     0   1
1391690091730992   137     0     0   692     0   1
1391690091784355   137     0     0   692     0   1
1391690091822089   137     0     0   692     0   1
1391690091864001   137     0     0   692     0   1
1391690091902227   137     0     0   692     0   1
1391690091938591   137     0     0   692     0   1
1391690091970822   137     0     0   692     0   1
1391690091991344   137     0     0   692     0   1
1391690092022144   137     0     0   692     0   1
1391690092086959   137     0     0   692     0   1
1391690092185596   137     0     0   692     0   1
1391690092224657   137     0     0   692     0   1
1391690092322374   125     0     0   692     0   1
1391690092397385    95     0     0   692     0   1
1391690092508859    95   -11     0   692     0   1
1391690092565092    95   -11     0   692     0   1
1391690092681492    82   -11     0   692     0   1
1391690092744600    76     0     0   692     0   1
1391690092830816    89    25     0   692     0   1
1391690092917651   107    44     0   692     0   1
1391690092989976   113    63     0   692     0   1
1391690093088385   113    69     0   704     0   1
1391690093172278   113    69     0   715     0   1
1391690093235397   113    69     0   715     0   1
1391690093310876   113   127     0   715     0   1
1391690093367077   119   184     0   715     0   1
1391690093436158   131   197     0   715     0   1
1391690093482320   137   204     0   715     0   1
1391690093530444   137   204     0   739     0   1
1391690093588007   137   191     0   744     0   1
1391690093631353   131   165     0   756     0   1
1391690093673187   119   140     0   756     0   1
1391690093756708   113   133     0   762     0   1
1391690093808285   107   114     0   773     0   1
1391690093808998    64    38     0   791     0   1
1391690093881085    64    25     0   791     0   1
1391690093961861    40     0     0   797     0   1
1391690094007992    34   -41     0   797     0   1
1391690094060230    34   -54     0   797     0   1
1391690094156135    28   -60     0   797     0   1
1391690094219079     4   -91     0   797     0   1
1391690094294148    -7  -134     0   797     0   1
1391690094370589   -20  -140     0   797     0   1
1391690094450557   -27  -134     0   802     0   1
1391690094514230   -73  -134     0   802     0   1
1391690094596171  -100  -134     0   797     0   1
1391690094631102  -120  -134     0   797     0   1
1391690094727971  -113  -121     0   802     0   1
1391690094729242  -100   -91     0   802     0   1
1391690094800463   -80   -48     0   802     0   1
1391690094845694   -67   -48     0   802     0   1
1391690094847133   -27    -5     0   797     0   1
1391690094892221     0     0     0   797     0   1
1391690094925327     0     0     0   797     0   1
1391690094960050     4     0     0   791     0   1
1391690095003638    34    18     0   785     0   1
1391690095059635    34    18     0   750     0   1
1391690095099059    34    31     0   727     0   1
1391690095159828    34    31     0   727     0   1
1391690095203815    34    31     0   715     0   1
1391690095241291    34    31     0   692     0   1
1391690095282155    34    25     0   675     0   1
1391690095336358    34    18     0   663     0   1
1391690095383035    34    18     0   663     0   1
1391690095484648    34    18     0   663     0   1
1391690095485442    34     0     0   663     0   1
1391690095550079    16     0     0   675     0   1
1391690095578287    16     0     0   675     0   1
1391690095638551    16     0     0   675     0   1
1391690095696533    16     0     0   675     0   1
1391690095757608    16     0     0   675     0   1
1391690095803424    16     0     0   675     0   1
1391690095880072    16     0     0   692     0   1
1391690095882199    16     0     0   715     0   1
1391690095926268    16     0     0   727     0   1
1391690095999607    16     0     0   727     0   1
1391690096044377    16     0     0   727     0   1
1391690096088478    16     0     0   727     0   1
1391690096140372    16     0     0   727     0   1
1391690096242227    16    -5     0   727     0   1
1391690096279143    22    -5     0   727     0   1
1391690096321450    28    -5     0   721     0   1
1391690096349724    28    -5     0   715     0   1
1391690096372331    46    -5     0   704     0   1
1391690096425160    70    -5     0   698     0   1
1391690096454606    70   -29     0   692     0   1
1391690096520793    76   -41     0   686     0   1
1391690096531244    76   -48     0   686     0   1
1391690096586818    76   -66     0   686     0   1
1391690096611922    76   -91     0   686     0   1
1391690096662371    76  -103     0   686     0   1
1391690096718915    70   -97     0   686     0   1
1391690096719299    70   -97     0   686     0   1
1391690096780349    70   -72     0   686     0   1
1391690096808935    70   -35     0   686     0   1
1391690096863484    70   -11     0   686     0   1
1391690096897288    82     0     0   686     0   1
1391690096967331    82     0     0   686     0   1
1391690097006356    82     0     0   698     0   1
1391690097079640    82    12     0   715     0   1
1391690097110920    82    25     0   727     0   1
1391690097156922    82    31     0   727     0   1
1391690097190188    95    38     0   727     0   1
1391690097224659   101    38     0   727     0   1
1391690097261766   101    38     0   727     0   1
1391690097292898   107    57     0   727     0   1
1391690097364247   107    57     0   727     0   1
1391690097364580   125    50     0   727     0   1
1391690097398586   125    50     0   727     0   1
1391690097432058   125    44     0   727     0   1
1391690097471016   131    44     0   727     0   1
1391690097512845   131    44     0   721     0   1
1391690097541591   131    31     0   698     0   1
1391690097596463   137    31     0   686     0   1
1391690097657671   131    18     0   675     0   1
1391690097658129   131    18     0   675     0   1
1391690097716472   125     0     0   640     0   1
1391690097808783   119     0     0   640     0   1
1391690097879443   119     0     0   640     0   1
1391690097987187   119     0     0   640     0   1
1391690098032930   119     0     0   640     0   1
1391690098110487   113     0     0   640     0   1
1391690098184824   113   -11     0   640     0   1
1391690098286621   113   -35     0   646     0   1
1391690098309259   113   -35     0   669     0   1
1391690098364712   107   -35     0   675     0   1
1391690098418725    95   -35     0   686     0   1
1391690098482026    82   -29     0   686     0   1
1391690098538513    76   -23     0   692     0   1
1391690098628810    52    -5     0   698     0   1
1391690098706665    40     0     0   715     0   1
1391690098790742    40     0     0   733     0   1
1391690098858746    40     0     0   733     0   1
1391690098911451    40     0     0   739     0   1
1391690098994451    40     0     0   739     0   1
1391690099029856    40     0     0   744     0   1
1391690099077778    40     0     0   744     0   1
1391690099123980    40     0     0   744     0   1
1391690099174847    40     0     0   744     0   1
1391690099234349    46     0     0   744     0   1
1391690099316867    52     0     0   744     0   1
1391690099366103    70     0     0   744     0   1
1391690099428461    89     0     0   744     0   1
1391690099476359    95     0     0   744     0   1
1391690099561667    95     0     0   744     0   1
1391690099563556    95     0     0   744     0   1
1391690099657936    95     0     0   744     0   1
1391690099660648    95     0     0   744     0   1
1391690099713627    95     0     0   744     0   1
1391690099801997    70     0     0   744     0   1
1391690099803549    70     0     0   744     0   1
1391690099884222    70     0     0   744     0   1
1391690099885116    58     0     0   744     0   1
1391690099901446    52     0     0   744     0   1
1391690099948000    46     0     0   744     0   1
1391690100033681    46     0     0   744     0   1
1391690100073752    46     0     0   744     0   1
1391690100142574    52     0     0   744     0   1
1391690100220396    58     0     0   744     0   1
1391690100280394    70     0     0   744     0   1
1391690100328298    82     0     0   744     0   1
1391690100397897   107     0     0   739     0   1
1391690100447415   107     6     0   715     0   1
1391690100486931   107     6     0   715     0   1
1391690100526629   107     0     0   715     0   1
1391690100581274   107     0     0   715     0   1
1391690100620580   107     0     0   710     0   1
1391690100658992   107     0     0   704     0   1
1391690100733934   107     0     0   704     0   1
1391690100787234   107     0     0   681     0   1
1391690100815517   107     0     0   646     0   1
1391690100853452   107     0     0   634     0   1
1391690100940517   107     0     0   623     0   1
1391690100968780   107     0     0   629     0   1
1391690101000419   107     0     0   629     0   1
1391690101036128   107     0     0   629     0   1
1391690101084321   107     0     0   629     0   1
1391690101112337   101     0     0   634     0   1
1391690101155938   101     0     0   646     0   1
1391690101157065   101     0     0   663     0   1
1391690101220996   101     0     0   669     0   1
1391690101221517   101     0     0   675     0   1
1391690101297474   101     0     0   675     0   1
1391690101357094    95     0     0   686     0   1
1391690101453901    95     0     0   692     0   1
1391690101494763    95     6     0   692     0   1
1391690101572929    76    18     0   692     0   1
1391690101651184    76    18     0   698     0   1
1391690101689188    52    18     0   698     0   1
1391690101736597    28    31     0   698     0   1
1391690101793695    22    31     0   698     0   1
1391690101850878    10    38     0   704     0   1
1391690101917893     4    44     0   704     0   1
1391690102022087     4    63     0   704     0   1
1391690102055011     4    63     0   704     0   1
1391690102114383    10    57     0   704     0   1
1391690102177832    28    44     0   715     0   1
1391690102227187    46    31     0   727     0   1
1391690102320675    76    18     0   727     0   1
1391690102321573    82    12     0   727     0   1
1391690102374169   101     6     0   727     0   1
1391690102453043   107     0     0   733     0   1
1391690102489361   107     0     0   739     0   1
1391690102586550   107     0     0   744     0   1
1391690102587270   107     0     0   744     0   1
1391690102629617   107     0     0   744     0   1
1391690102696553   107     0     0   744     0   1
1391690102697255   113     0     0   744     0   1
1391690102752567   119     0     0   744     0   1
1391690102787004   119     0     0   744     0   1
1391690102816364   119     0     0   744     0   1
1391690102895439   119     0     0   744     0   1
1391690102938397   119     0     0   744     0   1
1391690103020381   119     0     0   744     0   1
1391690103074824   119     0     0   710     0   1
1391690103161160   125     0     0   698     0   1
1391690103212273   119     0     0   698     0   1
1391690103254268   119     0     0   698     0   1
1391690103340774   119     0     0   698     0   1
1391690103345781   119     0     0   698     0   1
1391690103421156   119     0     0   698     0   1
1391690103492084   119     0     0   698     0   1
1391690103537935   113     0     0   704     0   1
1391690103612093   107     0     0   715     0   1
1391690103612597   101     0     0   715     0   1
1391690103939600   101     0     0   715     0   1
