1391690069692599     369033  0.004000  0.000000 -1.459383  0.000000
1391690069754601     369082  0.004000  0.000000 -1.459118  0.000000
1391690069797510     369134  0.004000  0.000000 -1.458868  0.000000
1391690069848478     369182  0.004000  0.000000 -1.457545  0.000000
1391690069874725     369234  0.004000  0.000000 -1.456360  0.000000
1391690069942072     369282  0.004000  0.000000 -1.455731  0.000000
1391690069996830     369330  0.004000  0.000000 -1.451886  0.000000
1391690070044707     369382  0.004000  0.000000 -1.457366  0.000000
1391690070097096     369430  0.004000  0.000000 -1.452449  0.000000
1391690070141077     369483  0.004000  0.000000 -1.451050  0.000000
1391690070169709     369531  0.004000  0.000000 -1.453670  0.000000
1391690070206330     369583  0.004000  0.000000 -1.450998  0.000000
1391690070284593     369635  0.004000  0.000000 -1.452309  0.000000
1391690070286825     369683  0.004000  0.000000 -1.454849  0.000000
1391690070347503     369735  0.004000  0.000000 -1.454718  0.000000
1391690070452174     369783  0.004000  0.000000 -1.452903  0.000000
1391690070502297     369836  0.004000  0.000000 -1.452864  0.000000
1391690070543212     369884  0.004000  0.000000 -1.454091  0.000000
1391690070585763     369936  0.004000  0.000000 -1.451180  0.000000
1391690070654833     369984  0.004000  0.000000 -1.447397  0.000000
1391690070708418     370032  0.004000  0.000000 -1.446903  0.000000
1391690070734437     370084  0.004000  0.000000 -1.447475  0.000000
1391690070781678     370132  0.004000  0.000000 -1.450917  0.000000
1391690070826710     370185  0.004000  0.000000 -1.447973  0.000000
1391690070861795     370237  0.004000  0.000000 -1.448436  0.000000
1391690070889324     370285  0.004000  0.000000 -1.449596  0.000000
1391690070995309     370337  0.004000  0.000000 -1.448617  0.000000
1391690070997157     370385  0.004000  0.000000 -1.450282  0.000000
1391690071090217     370437  0.004000  0.000000 -1.451666  0.000000
1391690071142122     370486  0.004000  0.000000 -1.453360  0.000000
1391690071179365     370538  0.004000  0.000000 -1.454504  0.000000
1391690071235220     370586  0.004000  0.000000 -1.452799  0.000000
1391690071283796     370638  0.004000  0.000000 -1.449883  0.000000
1391690071344343     370686  0.004000  0.000000 -1.444794  0.000000
1391690071375095     370738  0.004000  0.000000 -1.449691  0.000000
1391690071411374     370786  0.004000  0.000000 -1.451223  0.000000
1391690071465842     370839  0.004000  0.000000 -1.446984  0.000000
1391690071507997     370886  0.004000  0.000000 -1.448171  0.000000
1391690071552424     370939  0.004000  0.000000 -1.450441  0.000000
1391690071604842     370991  0.004000  0.000000 -1.448337  0.000000
1391690071648952     371039  0.004000  0.000000 -1.452395  0.000000
1391690071732797     371087  0.004000  0.000000 -1.451022  0.000000
1391690071763189     371139  0.004000  0.000000 -1.453663  0.000000
1391690071810141     371191  0.004000  0.000000 -1.450223  0.000000
1391690071857438     371244  0.004000  0.000000 -1.448868  0.000000
1391690071928913     371291  0.004000  0.000000 -1.448743  0.000000
1391690071950687     371343  0.004000  0.000000 -1.449489  0.000000
1391690072014915     371396  0.004000  0.000000 -1.452432  0.000000
1391690072089773     371444  0.004000  0.000000 -1.453495  0.000000
1391690072144060     371496  0.004000  0.000000 -1.455117  0.000000
1391690072197704     371544  0.004000  0.000000 -1.452193  0.000000
1391690072265927     371593  0.004000  0.000000 -1.454226  0.000000
1391690072299469     371645  0.004000  0.000000 -1.457185  0.000000
1391690072355397     371697  0.004000  0.000000 -1.456904  0.000000
1391690072404559     371745  0.004000  0.000000 -1.455016  0.000000
1391690072449504     371793  0.004000  0.000000 -1.457641  0.000000
1391690072488517     371845  0.004000  0.000000 -1.456065  0.000000
1391690072529364     371897  0.004000  0.000000 -1.456551  0.000000
1391690072596159     371946  0.004000  0.000000 -1.453735  0.000000
1391690072641420     371998  0.004000  0.000000 -1.454812  0.000000
1391690072708736     372046  0.004000  0.000000 -1.457324  0.000000
1391690072768315     372098  0.004000  0.000000 -1.457250  0.000000
1391690072815315     372146  0.004000  0.000000 -1.455423  0.000000
1391690072833508     372198  0.004000  0.000000 -1.455932  0.000000
1391690072872970     372246  0.004000  0.000000 -1.452891  0.000000
1391690072920499     372299  0.004000  0.000000 -1.448213  0.000000
1391690072974356     372347  0.004000  0.000000 -1.451012  0.000000
1391690073025056     372399  0.004000  0.000000 -1.454352  0.000000
1391690073104359     372447  0.004000  0.000000 -1.452967  0.000000
1391690073134610     372499  0.004000  0.000000 -1.452049  0.000000
1391690073189336     372551  0.004000  0.000000 -1.452514  0.000000
1391690073260101     372599  0.004000  0.000000 -1.453359  0.000000
1391690073301541     372652  0.004000  0.000000 -1.452784  0.000000
1391690073338373     372699  0.004000  0.000000 -1.454047  0.000000
1391690073397460     372752  0.004000  0.000000 -1.455270  0.000000
1391690073432971     372800  0.004000  0.000000 -1.458497  0.000000
1391690073481831     372852  0.004000  0.000000 -1.457744  0.000000
1391690073532027     372900  0.004000  0.000000 -1.453378  0.000000
1391690073628250     372953  0.004000  0.000000 -1.453285  0.000000
1391690073665052     373004  0.004000  0.000000 -1.451971  0.000000
1391690073700117     373053  0.004000  0.000000 -1.448409  0.000000
1391690073740403     373105  0.004000  0.000000 -1.449635  0.000000
1391690073785842     373154  0.004000  0.000000 -1.450474  0.000000
1391690073832506     373205  0.004000  0.000000 -1.453173  0.000000
1391690073864806     373257  0.004000  0.000000 -1.452985  0.000000
1391690073922664     373305  0.004000  0.000000 -1.453720  0.000000
1391690074021743     373357  0.004000  0.000000 -1.457373  0.000000
1391690074076145     373406  0.004000  0.000000 -1.456845  0.000000
1391690074103235     373454  0.004000  0.000000 -1.456188  0.000000
1391690074153184     373506  0.004000  0.000000 -1.457009  0.000000
1391690074204952     373554  0.004000  0.000000 -1.456460  0.000000
1391690074248930     373606  0.004000  0.000000 -1.458594  0.000000
1391690074271558     373658  0.004000  0.000000 -1.456391  0.000000
1391690074334778     373707  0.004000  0.000000 -1.452928  0.000000
1391690074423882     373759  0.004000  0.000000 -1.455527  0.000000
1391690074468335     373811  0.004000  0.000000 -1.452558  0.000000
1391690074502213     373859  0.004000  0.000000 -1.455121  0.000000
1391690074535932     373911  0.004000  0.000000 -1.458224  0.000000
1391690074609155     373960  0.004000  0.000000 -1.454743  0.000000
1391690074652500     374011  0.004000  0.000000 -1.452345  0.000000
1391690074687446     374059  0.004000  0.000000 -1.454480  0.000000
1391690074775538     374112  0.004000  0.000000 -1.452706  0.000000
1391690074832503     374160  0.004000  0.000000 -1.454949  0.000000
1391690074876557     374208  0.004000  0.000000 -1.454492  0.000000
1391690074929310     374260  0.004000  0.000000 -1.455049  0.000000
1391690074978464     374308  0.004000  0.000000 -1.452171  0.000000
1391690075032539     374361  0.004000  0.000000 -1.452731  0.000000
1391690075063998     374413  0.004000  0.000000 -1.451721  0.000000
1391690075102651     374465  0.004000  0.000000 -1.451584  0.000000
1391690075158693     374513  0.004000  0.000000 -1.452906  0.000000
1391690075224217     374569  0.004000  0.000000 -1.453581  0.000000
1391690075245949     374613  0.004000  0.000000 -1.450475  0.000000
1391690075297786     374666  0.004000  0.000000 -1.449758  0.000000
1391690075341730     374718  0.004000  0.000000 -1.453419  0.000000
1391690075372480     374766  0.004000  0.000000 -1.456531  0.000000
1391690075429540     374818  0.004000  0.000000 -1.431933  0.000000
1391690075526271     374870  0.004000  0.000000 -1.407772  0.000000
1391690075558736     374918  0.004000  0.000000 -1.384721  0.000000
1391690075597788     374966  0.004000  0.000000 -1.374794  0.000000
1391690075653229     375019  0.004000  0.000000 -1.358838  0.000000
1391690075701036     375071  0.004000  0.000000 -1.323199  0.000000
1391690075746307     375119  0.004000  0.000000 -1.385069  0.000000
1391690075816208     375171  0.004000  0.000000 -1.348554  0.000000
1391690075880085     375219  0.004000  0.000000 -1.351980  0.000000
1391690075912336     375271  0.004000  0.000000 -1.360166  0.000000
1391690075972552     375319  0.004000  0.000000 -1.358427  0.000000
1391690076020819     375371  0.004000  0.000000 -1.407757  0.000000
1391690076068018     375420  0.004000  0.000000 -1.394677  0.000000
1391690076135362     375472  0.004000  0.000000 -1.378413  0.000000
1391690076180876     375520  0.004000  0.000000 -1.344420  0.000000
1391690076219356     375572  0.004000  0.000000 -1.309604  0.000000
1391690076259179     375624  0.004000  0.000000 -1.295729  0.000000
1391690076338646     375672  0.004000  0.000000 -1.307482  0.000000
1391690076363326     375724  0.004000  0.000000 -1.305423  0.000000
1391690076408994     375772  0.004000  0.000000 -1.324176  0.000000
1391690076477387     375825  0.004000  0.000000 -1.310152  0.000000
1391690076505933     375873  0.004000  0.000000 -1.324401  0.000000
1391690076553042     375925  0.004000  0.000000 -1.312255  0.000000
1391690076620156     375977  0.004000  0.000000 -1.312032  0.000000
1391690076655948     376025  0.004000  0.000000 -1.318902  0.000000
1391690076695117     376073  0.004000  0.000000 -1.310299  0.000000
1391690076781429     376125  0.004000  0.000000 -1.315308  0.224000
1391690076834291     376174  0.004000  0.000000 -1.315308  0.281000
1391690076873216     376226  0.004000  0.000000 -1.315308  0.367000
1391690076904271     376274  0.000000  0.000000 -1.315308  0.374000
1391690076946614     376326  0.004000  0.000000 -1.315308  0.374000
1391690076985172     376378  0.004000  0.000000 -1.315308  0.382000
1391690077089032     376426  0.004000  0.000000 -1.315308  0.374000
1391690077141364     376479  0.004000  0.000000 -1.315308  0.374000
1391690077202713     376526  0.004000  0.000000 -1.315308  0.374000
1391690077259066     376579  0.004000  0.000000 -1.315308  0.374000
1391690077288599     376627  0.004000  0.000000 -1.315308  0.374000
1391690077314476     376679  0.004000  0.000000 -1.315308  0.374000
1391690077357410     376727  0.004000  0.000000 -1.315308  0.374000
1391690077435173     376779  0.004000  0.000000 -1.315308  0.446000
1391690077486932     376832  0.004000  0.000000 -1.315308  0.461000
1391690077490095     376880  0.004000  0.000000 -1.315308  0.475000
1391690077504177     376932  0.004000  0.000000 -1.315308  0.475000
1391690077557034     376984  0.004000  0.000000 -1.315308  0.475000
1391690077606988     377032  0.004000  0.000000 -1.315308  0.475000
1391690077690252     377080  0.004000  0.000000 -1.315308  0.475000
1391690077751612     377133  0.004000  0.000000 -1.315308  0.475000
1391690077809741     377181  0.004000  0.000000 -1.315308  0.475000
1391690077849209     377233  0.004000  0.000000 -1.315308  0.475000
1391690077890746     377281  0.004000  0.000000 -1.315308  0.495000
1391690077962776     377333  0.004000  0.000000 -1.315308  0.495000
1391690078000066     377381  0.000000  0.000000 -1.315308  0.501000
1391690078040835     377433  0.000000  0.000000 -1.315308  0.507000
1391690078077801     377482  0.000000  0.000000 -1.315308  0.507000
1391690078135145     377534  0.000000  0.000000 -1.315308  0.571000
1391690078172363     377582  0.000000  0.000000 -1.315308  0.576000
1391690078213745     377634  0.000000  0.000000 -1.315308  0.582000
1391690078301952     377682  0.000000  0.000000 -1.315308  0.594000
1391690078326950     377734  0.000000  0.000000 -1.315308  0.594000
1391690078366337     377782  0.000000  0.000000 -1.315308  0.594000
1391690078425301     377835  0.000000  0.000000 -1.315308  0.600000
1391690078473743     377882  0.000000  0.000000 -1.315308  0.605000
1391690078530927     377935  0.000000  0.000000 -1.315308  0.605000
1391690078625289     377983  0.000000  0.000000 -1.315308  0.611000
1391690078687502     378035  0.000000  0.000000 -1.315308  0.617000
1391690078713881     378083  0.000000  0.000000 -1.315308  0.617000
1391690078769873     378139  0.000000  0.000000 -1.315308  0.623000
1391690078793436     378187  0.000000  0.000000 -1.315308  0.623000
1391690078830610     378235  0.000000  0.000000 -1.315308  0.623000
1391690078906934     378287  0.000000  0.000000 -1.315308  0.623000
1391690078942035     378340  0.000000  0.000000 -1.315308  0.623000
1391690079000120     378388  0.000000  0.000000 -1.315308  0.629000
1391690079038645     378440  0.000000  0.000000 -1.315308  0.634000
1391690079082484     378493  0.000000  0.000000 -1.315308  0.634000
1391690079127113     378540  0.000000  0.000000 -1.315308  0.640000
1391690079206938     378592  0.000000  0.000000 -1.315308  0.646000
1391690079252095     378641  0.000000  0.000000 -1.315308  0.646000
1391690079293261     378693  0.000000  0.000000 -1.315308  0.646000
1391690079338613     378741  0.000000  0.000000 -1.315308  0.652000
1391690079389532     378793  0.000000  0.000000 -1.315308  0.652000
1391690079467222     378845  0.000000  0.000000 -1.315308  0.663000
1391690079498954     378894  0.000000  0.000000 -1.315308  0.663000
1391690079562229     378945  0.004000  0.000000 -1.315308  0.663000
1391690079597164     378994  0.004000  0.000000 -1.315308  0.663000
1391690079615861     379046  0.004000  0.000000 -1.315308  0.663000
1391690079658845     379094  0.010000  0.000000 -1.315308  0.663000
1391690079749916     379146  0.010000  0.000000 -1.315308  0.663000
1391690079792455     379194  0.010000  0.000000 -1.315308  0.663000
1391690079832825     379246  0.028000  0.000000 -1.315308  0.663000
1391690079901241     379294  0.046000 -0.017000 -1.315308  0.663000
1391690079963398     379343  0.076000 -0.029000 -1.315308  0.663000
1391690080004244     379395  0.076000 -0.029000 -1.315308  0.663000
1391690080037827     379447  0.101000 -0.035000 -1.315308  0.663000
1391690080090281     379495  0.107000 -0.035000 -1.315308  0.663000
1391690080128049     379547  0.107000 -0.035000 -1.315308  0.663000
1391690080206439     379596  0.107000 -0.035000 -1.315308  0.663000
1391690080251523     379643  0.125000 -0.035000 -1.315308  0.663000
1391690080281988     379696  0.137000 -0.035000 -1.315308  0.663000
1391690080335382     379744  0.137000 -0.035000 -1.315308  0.663000
1391690080429668     379796  0.143000 -0.029000 -1.315308  0.663000
1391690080491407     379844  0.143000 -0.029000 -1.315308  0.663000
1391690080526791     379896  0.143000 -0.029000 -1.315308  0.663000
1391690080569421     379945  0.143000 -0.029000 -1.315308  0.663000
1391690080609602     379996  0.143000 -0.029000 -1.315308  0.663000
1391690080649044     380045  0.143000 -0.029000 -1.315308  0.663000
1391690080733557     380097  0.076000 -0.029000 -1.315308  0.663000
1391690080766385     380145  0.040000 -0.029000 -1.315308  0.663000
1391690080812598     380197  0.040000 -0.029000 -1.315308  0.663000
1391690080844461     380246  0.010000 -0.023000 -1.315308  0.663000
1391690080889859     380298  0.004000 -0.023000 -1.315308  0.663000
1391690080949027     380350  0.004000 -0.023000 -1.315308  0.663000
1391690080992296     380398  0.004000 -0.023000 -1.315308  0.663000
1391690081041263     380446  0.000000 -0.023000 -1.315308  0.663000
1391690081097118     380498  0.000000 -0.023000 -1.315308  0.663000
1391690081132854     380550  0.000000 -0.011000 -1.315308  0.669000
1391690081181221     380602  0.000000 -0.011000 -1.315308  0.669000
1391690081280423     380650  0.000000 -0.011000 -1.315308  0.669000
1391690081304161     380699  0.000000 -0.011000 -1.315308  0.681000
1391690081336232     380751  0.000000 -0.011000 -1.315308  0.686000
1391690081400943     380803  0.000000 -0.005000 -1.315308  0.686000
1391690081441772     380855  0.000000  0.000000 -1.315308  0.686000
1391690081494507     380903  0.000000  0.000000 -1.315308  0.686000
1391690081561301     380955  0.000000  0.000000 -1.315308  0.686000
1391690081632990     381008  0.000000  0.000000 -1.315308  0.686000
1391690081694282     381056  0.004000  0.000000 -1.315308  0.686000
1391690081744341     381108  0.016000  0.000000 -1.315308  0.686000
1391690081781219     381156  0.022000  0.000000 -1.315308  0.686000
1391690081825727     381208  0.022000  0.000000 -1.315308  0.686000
1391690081867154     381256  0.040000  0.000000 -1.315308  0.686000
1391690081928867     381308  0.040000  0.000000 -1.315308  0.686000
1391690081979419     381356  0.040000  0.000000 -1.315308  0.686000
1391690082039381     381409  0.040000  0.000000 -1.315308  0.686000
1391690082062556     381457  0.046000  0.000000 -1.315308  0.686000
1391690082098572     381509  0.052000  0.000000 -1.315308  0.686000
1391690082153419     381557  0.052000  0.000000 -1.315308  0.692000
1391690082230785     381609  0.052000  0.000000 -1.315308  0.692000
1391690082282880     381657  0.058000  0.000000 -1.315308  0.692000
1391690082328800     381710  0.064000  0.000000 -1.315308  0.692000
1391690082369017     381757  0.076000  0.000000 -1.315308  0.698000
1391690082440719     381810  0.082000  0.000000 -1.315308  0.704000
1391690082452436     381858  0.082000  0.000000 -1.315308  0.704000
1391690082495108     381910  0.107000  0.000000 -1.315308  0.704000
1391690082579197     381962  0.113000  0.000000 -1.315308  0.704000
1391690082620376     382010  0.131000  0.006000 -1.315308  0.704000
1391690082666039     382058  0.131000  0.006000 -1.315308  0.704000
1391690082701026     382111  0.131000  0.012000 -1.315308  0.704000
1391690082735403     382159  0.131000  0.012000 -1.315308  0.704000
1391690082797141     382211  0.131000  0.012000 -1.315308  0.704000
1391690082876569     382259  0.131000  0.018000 -1.315308  0.704000
1391690082907116     382311  0.107000  0.018000 -1.315308  0.704000
1391690082964193     382363  0.107000  0.018000 -1.315308  0.704000
1391690083008690     382411  0.082000  0.018000 -1.315308  0.704000
1391690083075354     382459  0.070000  0.025000 -1.315308  0.704000
1391690083096932     382512  0.070000  0.031000 -1.315308  0.704000
1391690083189269     382560  0.064000  0.038000 -1.315308  0.704000
1391690083247485     382612  0.058000  0.044000 -1.315308  0.704000
1391690083292611     382664  0.052000  0.057000 -1.315308  0.704000
1391690083324150     382712  0.052000  0.069000 -1.315308  0.704000
1391690083367311     382760  0.052000  0.076000 -1.315308  0.704000
1391690083415641     382812  0.052000  0.076000 -1.315308  0.704000
1391690083434837     382861  0.052000  0.082000 -1.315308  0.704000
1391690083527650     382913  0.052000  0.095000 -1.315308  0.710000
1391690083574214     382961  0.052000  0.101000 -1.315308  0.744000
1391690083595648     383013  0.058000  0.101000 -1.315308  0.744000
1391690083680344     383061  0.058000  0.101000 -1.315308  0.744000
1391690083721974     383113  0.070000  0.095000 -1.315308  0.744000
1391690083763383     383165  0.070000  0.063000 -1.315308  0.744000
1391690083803328     383213  0.058000  0.000000 -1.315308  0.744000
1391690083839329     383266  0.052000  0.000000 -1.315308  0.744000
1391690083882582     383314  0.034000  0.000000 -1.315308  0.744000
1391690083966737     383366  0.034000  0.000000 -1.315308  0.744000
1391690083994143     383415  0.034000 -0.023000 -1.315308  0.744000
1391690084046981     383463  0.028000 -0.041000 -1.315308  0.744000
1391690084081608     383514  0.022000 -0.041000 -1.315308  0.744000
1391690084132472     383567  0.022000 -0.054000 -1.315308  0.744000
1391690084178228     383615  0.022000 -0.054000 -1.315308  0.744000
1391690084225445     383667  0.022000 -0.054000 -1.315308  0.744000
1391690084286742     383715  0.016000 -0.078000 -1.315308  0.744000
1391690084366594     383763  0.016000 -0.091000 -1.315308  0.744000
1391690084420627     383816  0.016000 -0.091000 -1.315308  0.744000
1391690084476041     383864  0.016000 -0.091000 -1.315308  0.744000
1391690084512945     383916  0.022000 -0.091000 -1.315308  0.744000
1391690084565413     383964  0.028000 -0.091000 -1.315308  0.744000
1391690084596115     384016  0.034000 -0.091000 -1.315308  0.739000
1391690084683978     384064  0.040000 -0.103000 -1.315308  0.721000
1391690084725617     384117  0.040000 -0.103000 -1.315308  0.721000
1391690084787075     384165  0.040000 -0.109000 -1.315308  0.721000
1391690084801281     384217  0.040000 -0.121000 -1.315308  0.721000
1391690084849537     384269  0.052000 -0.121000 -1.315308  0.721000
1391690084883543     384317  0.064000 -0.103000 -1.315308  0.721000
1391690084944455     384369  0.076000 -0.066000 -1.315308  0.721000
1391690084989985     384418  0.082000 -0.035000 -1.315308  0.721000
1391690085030231     384469  0.095000 -0.011000 -1.315308  0.721000
1391690085080950     384518  0.101000  0.000000 -1.315308  0.721000
1391690085119344     384566  0.107000  0.000000 -1.315308  0.721000
1391690085206749     384618  0.107000  0.000000 -1.315308  0.721000
1391690085267964     384666  0.107000  0.000000 -1.315308  0.721000
1391690085305735     384718  0.113000  0.000000 -1.315308  0.721000
1391690085350713     384770  0.113000  0.000000 -1.315308  0.721000
1391690085383915     384819  0.113000  0.000000 -1.315308  0.721000
1391690085418565     384871  0.113000  0.000000 -1.315308  0.721000
1391690085509179     384919  0.113000  0.006000 -1.315308  0.721000
1391690085554677     384971  0.113000  0.006000 -1.315308  0.721000
1391690085589349     385023  0.113000  0.006000 -1.315308  0.721000
1391690085631330     385071  0.113000  0.006000 -1.315308  0.721000
1391690085710437     385123  0.113000  0.006000 -1.315308  0.721000
1391690085752962     385172  0.101000  0.025000 -1.315308  0.721000
1391690085782304     385224  0.101000  0.031000 -1.315308  0.721000
1391690085830426     385272  0.101000  0.038000 -1.315308  0.721000
1391690085852457     385320  0.101000  0.044000 -1.315308  0.721000
1391690086025747     385372  0.101000  0.050000 -1.315308  0.721000
1391690086058916     385425  0.101000  0.050000 -1.315308  0.721000
1391690086116674     385472  0.101000  0.050000 -1.315308  0.721000
1391690086157862     385520  0.101000  0.050000 -1.315308  0.721000
1391690086230602     385573  0.101000  0.050000 -1.315308  0.721000
1391690086281524     385621  0.076000  0.063000 -1.315308  0.721000
1391690086345729     385673  0.076000  0.063000 -1.315308  0.721000
1391690086374262     385721  0.070000  0.031000 -1.315308  0.721000
1391690086470857     385773  0.070000  0.031000 -1.315308  0.721000
1391690086506456     385821  0.040000  0.000000 -1.315308  0.721000
1391690086549593     385873  0.040000  0.000000 -1.315308  0.721000
1391690086621730     385929  0.000000  0.000000 -1.315308  0.721000
1391690086656187     385973  0.000000  0.000000 -1.315308  0.721000
1391690086682133     386026  0.034000 -0.011000 -1.192220  0.721000
1391690086753587     386074  0.000000  0.000000 -1.192220  0.721000
1391690086768821     386122  0.034000 -0.029000 -1.176665  0.721000
1391690086863102     386174  0.034000 -0.029000 -1.176665  0.721000
1391690086901441     386222  0.000000  0.000000 -1.176665  0.721000
1391690086999639     386274  0.040000 -0.023000 -1.150915  0.733000
1391690087027217     386327  0.064000  0.000000 -1.150915  0.739000
1391690087069275     386375  0.064000  0.000000 -1.150915  0.739000
1391690087120920     386427  0.064000  0.000000 -1.150915  0.739000
1391690087158721     386479  0.000000  0.000000 -1.150915  0.739000
1391690087186037     386532  0.082000  0.000000 -1.102199  0.739000
1391690087219896     386579  0.089000  0.000000 -1.102199  0.739000
1391690087291081     386632  0.089000  0.000000 -1.102199  0.739000
1391690087360267     386680  0.089000  0.000000 -1.102199  0.739000
1391690087386793     386732  0.107000  0.000000 -1.102199  0.739000
1391690087412492     386780  0.107000  0.000000 -1.102199  0.739000
1391690087454131     386832  0.000000  0.000000 -1.102199  0.739000
1391690087477954     386881  0.125000  0.000000 -1.073321  0.721000
1391690087573213     386933  0.131000  0.012000 -1.073321  0.715000
1391690087599586     386981  0.131000  0.012000 -1.073321  0.715000
1391690087620395     387033  0.137000  0.012000 -1.073321  0.715000
1391690087705084     387081  0.143000  0.012000 -1.073321  0.715000
1391690087765966     387133  0.143000  0.012000 -1.073321  0.715000
1391690087834280     387182  0.143000  0.012000 -1.073321  0.715000
1391690087905363     387234  0.137000  0.000000 -1.073321  0.715000
1391690087958414     387281  0.137000  0.000000 -1.073321  0.715000
1391690087997287     387334  0.000000  0.000000 -1.073321  0.715000
1391690088052262     387382  0.137000  0.000000 -1.010795  0.715000
1391690088099105     387430  0.137000  0.000000 -1.010795  0.715000
1391690088121289     387482  0.137000  0.000000 -1.010795  0.715000
1391690088145784     387534  0.137000  0.000000 -1.010795  0.715000
1391690088254591     387582  0.137000  0.000000 -1.010795  0.715000
1391690088316829     387635  0.137000  0.000000 -1.010795  0.715000
1391690088351337     387683  0.131000  0.000000 -1.010795  0.715000
1391690088381863     387735  0.131000  0.000000 -1.010795  0.715000
1391690088443237     387783  0.131000  0.000000 -1.010795  0.715000
1391690088458671     387835  0.131000  0.000000 -1.010795  0.715000
1391690088506112     387888  0.131000  0.000000 -1.010795  0.715000
1391690088549075     387936  0.131000  0.000000 -1.010795  0.715000
1391690088603900     387984  0.119000  0.000000 -1.010795  0.715000
1391690088699408     388036  0.119000  0.000000 -1.010795  0.715000
1391690088725418     388088  0.119000 -0.005000 -1.010795  0.715000
1391690088766837     388136  0.119000 -0.005000 -1.010795  0.715000
1391690088793421     388188  0.119000 -0.035000 -1.010795  0.715000
1391690088849124     388237  0.119000 -0.035000 -1.010795  0.715000
1391690088869249     388289  0.113000 -0.041000 -1.010795  0.715000
1391690088902651     388337  0.101000 -0.054000 -1.010795  0.715000
1391690089008621     388389  0.095000 -0.066000 -1.010795  0.715000
1391690089043375     388441  0.089000 -0.066000 -1.010795  0.715000
1391690089069209     388489  0.082000 -0.078000 -1.010795  0.715000
1391690089119552     388538  0.082000 -0.078000 -1.010795  0.715000
1391690089172577     388589  0.076000 -0.084000 -1.010795  0.715000
1391690089224708     388638  0.046000 -0.072000 -1.010795  0.715000
1391690089318620     388690  0.040000 -0.066000 -1.010795  0.715000
1391690089356884     388742  0.040000 -0.066000 -1.010795  0.715000
1391690089372225     388790  0.034000 -0.060000 -1.010795  0.715000
1391690089444906     388842  0.022000 -0.054000 -1.010795  0.715000
1391690089500413     388890  0.022000 -0.054000 -1.010795  0.715000
1391690089603975     388943  0.022000 -0.041000 -1.010795  0.721000
1391690089634649     388995  0.022000 -0.029000 -1.010795  0.727000
1391690089690369     389043  0.022000 -0.029000 -1.010795  0.727000
1391690089718411     389095  0.022000 -0.023000 -1.010795  0.727000
1391690089769751     389147  0.022000 -0.023000 -1.010795  0.727000
1391690089802469     389195  0.022000 -0.011000 -1.010795  0.744000
1391690089885351     389247  0.028000  0.000000 -1.010795  0.750000
1391690089917463     389296  0.028000  0.000000 -1.010795  0.750000
1391690089950756     389347  0.040000  0.000000 -1.010795  0.744000
1391690090007257     389396  0.064000  0.000000 -1.010795  0.733000
1391690090039329     389448  0.064000  0.000000 -1.010795  0.733000
1391690090124401     389500  0.064000  0.000000 -1.010795  0.715000
1391690090165614     389552  0.064000  0.025000 -1.010795  0.698000
1391690090227406     389601  0.064000  0.025000 -1.010795  0.698000
1391690090295606     389649  0.082000  0.057000 -1.010795  0.692000
1391690090317665     389701  0.082000  0.057000 -1.010795  0.692000
1391690090373416     389753  0.095000  0.057000 -1.010795  0.692000
1391690090415248     389801  0.095000  0.057000 -1.010795  0.692000
1391690090447315     389853  0.101000  0.063000 -1.010795  0.692000
1391690090484074     389901  0.101000  0.063000 -1.010795  0.692000
1391690090543494     389954  0.101000  0.063000 -1.010795  0.692000
1391690090579491     390005  0.101000  0.063000 -1.010795  0.692000
1391690090623446     390053  0.101000  0.063000 -1.010795  0.692000
1391690090679474     390106  0.101000  0.069000 -1.010795  0.692000
1391690090714459     390154  0.101000  0.069000 -1.010795  0.692000
1391690090749547     390202  0.101000  0.069000 -1.010795  0.692000
1391690090879432     390254  0.101000  0.069000 -1.010795  0.692000
1391690090922968     390302  0.101000  0.063000 -1.010795  0.692000
1391690090978619     390355  0.095000  0.050000 -1.010795  0.692000
1391690091019996     390407  0.101000  0.038000 -1.010795  0.692000
1391690091070299     390455  0.101000  0.038000 -1.010795  0.692000
1391690091098345     390507  0.101000  0.038000 -1.010795  0.692000
1391690091169688     390555  0.101000  0.038000 -1.010795  0.692000
1391690091212049     390607  0.101000  0.038000 -1.010795  0.692000
1391690091253784     390656  0.101000  0.018000 -1.010795  0.692000
1391690091288824     390707  0.101000  0.018000 -1.010795  0.692000
1391690091348251     390756  0.101000  0.000000 -1.010795  0.692000
1391690091373446     390808  0.101000  0.000000 -1.010795  0.692000
1391690091450973     390860  0.101000  0.000000 -1.010795  0.692000
1391690091475369     390908  0.101000  0.000000 -1.010795  0.692000
1391690091509709     390956  0.113000  0.000000 -1.010795  0.692000
1391690091579624     391008  0.131000  0.000000 -1.010795  0.692000
1391690091629738     391056  0.137000  0.000000 -1.010795  0.692000
1391690091683365     391109  0.137000  0.000000 -1.010795  0.692000
1391690091730871     391157  0.137000  0.000000 -1.010795  0.692000
1391690091784515     391209  0.137000  0.000000 -1.010795  0.692000
1391690091822535     391257  0.137000  0.000000 -1.010795  0.692000
1391690091897683     391309  0.137000  0.000000 -1.010795  0.692000
1391690091936620     391357  0.137000  0.000000 -1.010795  0.692000
1391690091970520     391410  0.137000  0.000000 -1.010795  0.692000
1391690092021629     391457  0.137000  0.000000 -1.010795  0.692000
1391690092087457     391510  0.137000  0.000000 -1.010795  0.692000
1391690092185954     391558  0.137000  0.000000 -1.010795  0.692000
1391690092224407     391610  0.137000  0.000000 -1.010795  0.692000
1391690092297373     391662  0.137000  0.000000 -1.010795  0.692000
1391690092322549     391710  0.125000  0.000000 -1.010795  0.692000
1391690092395861     391758  0.125000  0.000000 -1.010795  0.692000
1391690092410360     391810  0.095000  0.000000 -1.010795  0.692000
1391690092473943     391863  0.095000  0.000000 -1.010795  0.692000
1391690092509839     391911  0.095000 -0.011000 -1.010795  0.692000
1391690092601755     391963  0.095000 -0.011000 -1.010795  0.692000
1391690092652482     392011  0.095000 -0.011000 -1.010795  0.692000
1391690092682168     392063  0.082000 -0.011000 -1.010795  0.692000
1391690092744108     392111  0.082000 -0.011000 -1.010795  0.692000
1391690092780315     392163  0.076000  0.000000 -1.010795  0.692000
1391690092830605     392212  0.076000  0.000000 -1.010795  0.692000
1391690092858019     392260  0.089000  0.025000 -1.010795  0.692000
1391690092954073     392312  0.107000  0.044000 -1.010795  0.692000
1391690092989638     392364  0.107000  0.044000 -1.010795  0.692000
1391690093032165     392412  0.113000  0.063000 -1.010795  0.692000
1391690093088323     392464  0.113000  0.069000 -1.010795  0.704000
1391690093116700     392517  0.113000  0.069000 -1.010795  0.704000
1391690093172597     392565  0.113000  0.069000 -1.010795  0.715000
1391690093234691     392617  0.113000  0.069000 -1.010795  0.715000
1391690093249930     392665  0.113000  0.069000 -1.010795  0.715000
1391690093311045     392717  0.113000  0.127000 -1.010795  0.715000
1391690093366833     392765  0.113000  0.127000 -1.010795  0.715000
1391690093406552     392817  0.119000  0.184000 -1.010795  0.715000
1391690093438527     392866  0.131000  0.197000 -1.010795  0.715000
1391690093529739     392918  0.137000  0.204000 -1.010795  0.715000
1391690093563069     392970  0.137000  0.204000 -1.010795  0.739000
1391690093588426     393022  0.137000  0.191000 -1.010795  0.744000
1391690093631627     393070  0.131000  0.165000 -1.010795  0.756000
1391690093673706     393122  0.119000  0.140000 -1.010795  0.756000
1391690093757280     393171  0.113000  0.133000 -1.010795  0.762000
1391690093840543     393223  0.064000  0.038000 -1.010795  0.791000
1391690093880865     393275  0.064000  0.038000 -1.010795  0.791000
1391690093947548     393323  0.064000  0.025000 -1.010795  0.791000
1391690093962269     393371  0.040000  0.000000 -1.010795  0.797000
1391690094007645     393424  0.040000 -0.035000 -1.010795  0.797000
1391690094060748     393476  0.034000 -0.054000 -1.010795  0.797000
1391690094155924     393528  0.034000 -0.054000 -1.010795  0.797000
1391690094191233     393576  0.028000 -0.060000 -1.010795  0.797000
1391690094219037     393632  0.004000 -0.091000 -1.010795  0.797000
1391690094293915     393676  0.004000 -0.091000 -1.010795  0.797000
1391690094324104     393729 -0.007000 -0.134000 -1.010795  0.797000
1391690094370814     393776 -0.020000 -0.140000 -1.010795  0.797000
1391690094412301     393829 -0.020000 -0.140000 -1.010795  0.797000
1391690094451205     393881 -0.027000 -0.134000 -1.010795  0.802000
1391690094514360     393929 -0.073000 -0.134000 -1.010795  0.802000
1391690094596131     393981 -0.100000 -0.134000 -1.010795  0.797000
1391690094630751     394029 -0.100000 -0.134000 -1.010795  0.797000
1391690094680793     394077 -0.120000 -0.134000 -1.010795  0.797000
1391690094728608     394129 -0.113000 -0.121000 -1.010795  0.802000
1391690094729464     394182 -0.100000 -0.091000 -1.010795  0.802000
1391690094800738     394230 -0.080000 -0.048000 -1.010795  0.802000
1391690094847345     394278 -0.027000 -0.005000 -1.010795  0.797000
1391690094924763     394330  0.000000  0.000000 -1.010795  0.797000
1391690094959274     394382  0.000000  0.000000 -1.010795  0.797000
1391690095003450     394435  0.004000  0.000000 -1.010795  0.791000
1391690095059987     394482  0.034000  0.018000 -1.010795  0.750000
1391690095099205     394535  0.034000  0.031000 -1.010795  0.727000
1391690095160032     394583  0.034000  0.031000 -1.010795  0.727000
1391690095240362     394639  0.034000  0.031000 -1.010795  0.715000
1391690095281586     394687  0.034000  0.031000 -1.010795  0.692000
1391690095335964     394739  0.034000  0.025000 -1.010795  0.675000
1391690095382313     394787  0.034000  0.018000 -1.010795  0.663000
1391690095433213     394840  0.034000  0.018000 -1.010795  0.663000
1391690095485614     394892  0.034000  0.000000 -1.010795  0.663000
1391690095549761     394940  0.034000  0.000000 -1.010795  0.663000
1391690095577625     394992  0.016000  0.000000 -1.010795  0.675000
1391690095638123     395040  0.016000  0.000000 -1.010795  0.675000
1391690095683541     395092  0.016000  0.000000 -1.010795  0.675000
1391690095757132     395140  0.016000  0.000000 -1.010795  0.675000
1391690095758444     395192  0.016000  0.000000 -1.010795  0.675000
1391690095844341     395241  0.016000  0.000000 -1.010795  0.675000
1391690095881592     395293  0.016000  0.000000 -1.010795  0.692000
1391690095926113     395341  0.016000  0.000000 -1.010795  0.715000
1391690095986270     395393  0.016000  0.000000 -1.010795  0.727000
1391690096043409     395441  0.016000  0.000000 -1.010795  0.727000
1391690096088014     395494  0.016000  0.000000 -1.010795  0.727000
1391690096139652     395542  0.016000  0.000000 -1.010795  0.727000
1391690096191081     395594  0.016000  0.000000 -1.010795  0.727000
1391690096242818     395646  0.016000 -0.005000 -1.010795  0.727000
1391690096280256     395694  0.022000 -0.005000 -1.010795  0.727000
1391690096349613     395746  0.028000 -0.005000 -1.010795  0.721000
1391690096372293     395794  0.028000 -0.005000 -1.010795  0.715000
1391690096425004     395846  0.046000 -0.005000 -1.010795  0.704000
1391690096454485     395895  0.070000 -0.005000 -1.010795  0.698000
1391690096521000     395947  0.076000 -0.041000 -1.010795  0.686000
1391690096586304     395999  0.076000 -0.048000 -1.010795  0.686000
1391690096611639     396051  0.076000 -0.066000 -1.010795  0.686000
1391690096662332     396100  0.076000 -0.103000 -1.010795  0.686000
1391690096719370     396151  0.070000 -0.097000 -1.010795  0.686000
1391690096780768     396203  0.070000 -0.072000 -1.010795  0.686000
1391690096809277     396252  0.070000 -0.035000 -1.010795  0.686000
1391690096896629     396304  0.070000 -0.011000 -1.010795  0.686000
1391690096966843     396352  0.082000  0.000000 -1.010795  0.686000
1391690097005624     396404  0.082000  0.000000 -1.010795  0.686000
1391690097073781     396452  0.082000  0.000000 -1.010795  0.698000
1391690097080307     396504  0.082000  0.012000 -1.010795  0.715000
1391690097156389     396561  0.082000  0.025000 -1.010795  0.727000
1391690097189927     396609  0.082000  0.031000 -1.010795  0.727000
1391690097224402     396661  0.095000  0.038000 -1.010795  0.727000
1391690097261980     396709  0.101000  0.038000 -1.010795  0.727000
1391690097363819     396761  0.107000  0.057000 -1.010795  0.727000
1391690097398171     396809  0.125000  0.050000 -1.010795  0.727000
1391690097431544     396862  0.125000  0.050000 -1.010795  0.727000
1391690097470962     396913  0.125000  0.044000 -1.010795  0.727000
1391690097513186     396961  0.131000  0.044000 -1.010795  0.721000
1391690097542124     397014  0.131000  0.031000 -1.010795  0.698000
1391690097657344     397062  0.137000  0.031000 -1.010795  0.686000
1391690097716102     397114  0.131000  0.018000 -1.010795  0.675000
1391690097769503     397162  0.125000  0.000000 -1.010795  0.640000
1391690097809854     397210  0.119000  0.000000 -1.010795  0.640000
1391690097879990     397262  0.119000  0.000000 -1.010795  0.640000
1391690097946381     397311  0.119000  0.000000 -1.010795  0.640000
1391690097987942     397363  0.119000  0.000000 -1.010795  0.640000
1391690098032647     397415  0.119000  0.000000 -1.010795  0.640000
1391690098109377     397463  0.119000  0.000000 -1.010795  0.640000
1391690098131575     397515  0.113000  0.000000 -1.010795  0.640000
1391690098184173     397567  0.113000  0.000000 -1.010795  0.640000
1391690098256281     397616  0.113000 -0.011000 -1.010795  0.640000
1391690098287186     397667  0.113000 -0.035000 -1.010795  0.646000
1391690098309295     397720  0.113000 -0.035000 -1.010795  0.669000
1391690098364264     397768  0.113000 -0.035000 -1.010795  0.669000
1391690098416404     397820  0.107000 -0.035000 -1.010795  0.675000
1391690098481493     397872  0.095000 -0.035000 -1.010795  0.686000
1391690098537697     397924  0.082000 -0.029000 -1.010795  0.686000
1391690098580649     397976  0.076000 -0.023000 -1.010795  0.692000
1391690098628958     398024  0.052000 -0.005000 -1.010795  0.698000
1391690098706275     398077  0.052000 -0.005000 -1.010795  0.698000
1391690098745657     398125  0.040000  0.000000 -1.010795  0.715000
1391690098790286     398177  0.040000  0.000000 -1.010795  0.715000
1391690098806572     398225  0.040000  0.000000 -1.010795  0.733000
1391690098858912     398277  0.040000  0.000000 -1.010795  0.733000
1391690098912132     398325  0.040000  0.000000 -1.010795  0.739000
1391690098938102     398377  0.040000  0.000000 -1.010795  0.739000
1391690099029175     398429  0.040000  0.000000 -1.010795  0.739000
1391690099076890     398478  0.040000  0.000000 -1.010795  0.744000
1391690099123483     398530  0.040000  0.000000 -1.010795  0.744000
1391690099174336     398582  0.040000  0.000000 -1.010795  0.744000
1391690099233628     398630  0.040000  0.000000 -1.010795  0.744000
1391690099296909     398682  0.046000  0.000000 -1.010795  0.744000
1391690099317561     398730  0.052000  0.000000 -1.010795  0.744000
1391690099382074     398782  0.070000  0.000000 -1.010795  0.744000
1391690099428269     398830  0.070000  0.000000 -1.010795  0.744000
1391690099476060     398883  0.089000  0.000000 -1.010795  0.744000
1391690099532704     398931  0.095000  0.000000 -1.010795  0.744000
1391690099562764     398983  0.095000  0.000000 -1.010795  0.744000
1391690099603292     399035  0.095000  0.000000 -1.010795  0.744000
1391690099678426     399087  0.095000  0.000000 -1.010795  0.744000
1391690099714162     399139  0.095000  0.000000 -1.010795  0.744000
1391690099759381     399188  0.095000  0.000000 -1.010795  0.744000
1391690099826943     399236  0.070000  0.000000 -1.010795  0.744000
1391690099884726     399288  0.058000  0.000000 -1.010795  0.744000
1391690099947007     399336  0.052000  0.000000 -1.010795  0.744000
1391690099978473     399388  0.046000  0.000000 -1.010795  0.744000
1391690100034154     399436  0.046000  0.000000 -1.010795  0.744000
1391690100074207     399489  0.046000  0.000000 -1.010795  0.744000
1391690100142030     399541  0.046000  0.000000 -1.010795  0.744000
1391690100196925     399589  0.052000  0.000000 -1.010795  0.744000
1391690100220824     399641  0.058000  0.000000 -1.010795  0.744000
1391690100280546     399689  0.070000  0.000000 -1.010795  0.744000
1391690100328065     399737  0.070000  0.000000 -1.010795  0.744000
1391690100341089     399789  0.082000  0.000000 -1.010795  0.744000
1391690100440297     399842  0.107000  0.000000 -1.010795  0.739000
1391690100448738     399890  0.107000  0.006000 -1.010795  0.715000
1391690100488160     399938  0.107000  0.006000 -1.010795  0.715000
1391690100580756     399990  0.107000  0.000000 -1.010795  0.715000
1391690100620365     400042  0.107000  0.000000 -1.010795  0.715000
1391690100658785     400090  0.107000  0.000000 -1.010795  0.710000
1391690100733808     400142  0.107000  0.000000 -1.010795  0.704000
1391690100815037     400194  0.107000  0.000000 -1.010795  0.681000
1391690100853235     400243  0.107000  0.000000 -1.010795  0.646000
1391690100881077     400295  0.107000  0.000000 -1.010795  0.634000
1391690100940712     400347  0.107000  0.000000 -1.010795  0.623000
1391690100968422     400395  0.107000  0.000000 -1.010795  0.623000
1391690101000560     400447  0.107000  0.000000 -1.010795  0.629000
1391690101036817     400499  0.107000  0.000000 -1.010795  0.629000
1391690101112109     400548  0.107000  0.000000 -1.010795  0.629000
1391690101156111     400600  0.101000  0.000000 -1.010795  0.646000
1391690101221082     400648  0.101000  0.000000 -1.010795  0.669000
1391690101297919     400700  0.101000  0.000000 -1.010795  0.675000
1391690101356888     400748  0.101000  0.000000 -1.010795  0.675000
1391690101416052     400800  0.095000  0.000000 -1.010795  0.686000
1391690101454494     400848  0.095000  0.000000 -1.010795  0.692000
1391690101496194     400896  0.095000  0.006000 -1.010795  0.692000
1391690101530065     400949  0.095000  0.006000 -1.010795  0.692000
1391690101607034     401001  0.076000  0.018000 -1.010795  0.692000
1391690101650833     401049  0.076000  0.018000 -1.010795  0.692000
1391690101688838     401101  0.076000  0.018000 -1.010795  0.698000
1391690101735475     401149  0.052000  0.018000 -1.010795  0.698000
1391690101793552     401201  0.028000  0.031000 -1.010795  0.698000
1391690101850712     401249  0.022000  0.031000 -1.010795  0.698000
1391690101880363     401302  0.010000  0.038000 -1.010795  0.704000
1391690101945285     401350  0.004000  0.044000 -1.010795  0.704000
1391690102002658     401402  0.004000  0.044000 -1.010795  0.704000
1391690102054154     401450  0.004000  0.063000 -1.010795  0.704000
1391690102113812     401498  0.004000  0.063000 -1.010795  0.704000
1391690102176604     401550  0.010000  0.057000 -1.010795  0.704000
1391690102186367     401598  0.028000  0.044000 -1.010795  0.715000
1391690102227435     401650  0.046000  0.031000 -1.010795  0.727000
1391690102268274     401699  0.046000  0.031000 -1.010795  0.727000
1391690102373192     401751  0.082000  0.012000 -1.010795  0.727000
1391690102424238     401799  0.101000  0.006000 -1.010795  0.727000
1391690102452935     401851  0.101000  0.000000 -1.010795  0.733000
1391690102489532     401903  0.107000  0.000000 -1.010795  0.739000
1391690102554320     401951  0.107000  0.000000 -1.010795  0.739000
1391690102587103     402004  0.107000  0.000000 -1.010795  0.744000
1391690102630587     402051  0.107000  0.000000 -1.010795  0.744000
1391690102696428     402104  0.107000  0.000000 -1.010795  0.744000
1391690102752269     402156  0.113000  0.000000 -1.010795  0.744000
1391690102786324     402204  0.119000  0.000000 -1.010795  0.744000
1391690102816063     402256  0.119000  0.000000 -1.010795  0.744000
1391690102895366     402304  0.119000  0.000000 -1.010795  0.744000
1391690102938789     402356  0.119000  0.000000 -1.010795  0.744000
1391690103019395     402404  0.119000  0.000000 -1.010795  0.744000
1391690103074441     402457  0.119000  0.000000 -1.010795  0.744000
1391690103097538     402505  0.119000  0.000000 -1.010795  0.710000
1391690103136902     402557  0.119000  0.000000 -1.010795  0.710000
1391690103211981     402605  0.125000  0.000000 -1.010795  0.698000
1391690103253787     402657  0.119000  0.000000 -1.010795  0.698000
1391690103324462     402705  0.119000  0.000000 -1.010795  0.698000
1391690103345187     402757  0.119000  0.000000 -1.010795  0.698000
1391690103376895     402806  0.119000  0.000000 -1.010795  0.698000
1391690103421765     402858  0.119000  0.000000 -1.010795  0.698000
1391690103483885     402906  0.119000  0.000000 -1.010795  0.698000
1391690103558972     402958  0.113000  0.000000 -1.010795  0.704000
1391690103611522     403006  0.113000  0.000000 -1.010795  0.704000
1391690103644924     403058  0.101000  0.000000 -1.010795  0.715000
1391690103660104     403106  0.101000  0.000000 -1.010795  0.715000
1391690103710254     403158  0.101000  0.000000 -1.010795  0.715000
1391690103743829     403207  0.000000  0.000000 -1.010795  0.715000
1391690103832257     403259  0.000000  0.000000 -1.010795  0.715000
1391690103869234     403311  0.000000  0.000000 -1.010795  0.715000
1391690103939529     403359  0.000000  0.000000 -1.010795  0.715000
1391690103962302     403407  0.101000  0.000000 -1.023902  0.715000
1391690104002453     403460  0.101000  0.000000 -1.023902  0.715000
1391690104049336     403511  0.000000  0.000000 -1.023902  0.715000
1391690104090606     403559  0.000000  0.000000 -1.023902  0.715000
1391690104133578     403612  0.000000  0.000000 -1.023902  0.715000
1391690104188651     403660  0.000000  0.000000 -1.023902  0.715000
1391690104264189     403712  0.000000  0.000000 -1.023902  0.715000
1391690104314445     403760  0.000000  0.000000 -1.023902  0.715000
1391690104364896     403812  0.000000  0.000000 -1.023902  0.715000
1391690104397128     403860  0.000000  0.000000 -1.023902  0.715000
1391690104463262     403913  0.000000  0.000000 -1.023902  0.715000
1391690104509452     403961  0.000000  0.000000 -1.023902  0.715000
1391690104538797     404013  0.000000  0.000000 -1.023902  0.715000
1391690104600766     404061  0.000000  0.000000 -1.023902  0.715000
1391690104687626     404113  0.000000  0.000000 -1.023902  0.715000
1391690104719028     404161  0.000000  0.000000 -1.023902  0.715000
1391690104780762     404213  0.000000  0.000000 -1.023902  0.715000
1391690104799400     404261  0.000000  0.000000 -1.023902  0.715000
1391690104849520     404313  0.000000  0.000000 -1.023902  0.715000
1391690104884784     404362  0.000000  0.000000 -1.023902  0.715000
1391690104940988     404414  0.000000  0.000000 -1.023902  0.715000
1391690105028818     404462  0.000000  0.000000 -1.023902  0.715000
1391690105068058     404514  0.000000  0.000000 -1.023902  0.715000
1391690105120238     404563  0.000000  0.000000 -1.023902  0.715000
1391690105153025     404615  0.000000  0.000000 -1.023902  0.715000
1391690105198586     404667  0.000000  0.000000 -1.023902  0.715000
1391690105237689     404715  0.000000  0.000000 -1.023902  0.715000
1391690105286532     404763  0.000000  0.000000 -1.023902  0.715000
1391690105330076     404815  0.000000  0.000000 -1.023902  0.715000
1391690105412560     404863  0.000000  0.000000 -1.023902  0.715000
1391690105457835     404915  0.000000  0.000000 -1.023902  0.715000
1391690105512781     404964  0.000000  0.000000 -1.023902  0.715000
1391690105535020     405015  0.000000  0.000000 -1.023902  0.715000
1391690105586589     405063  0.000000  0.000000 -1.023902  0.715000
1391690105684051     405116  0.000000  0.000000 -1.023902  0.715000
1391690105721050     405164  0.000000  0.000000 -1.023902  0.715000
1391690105757252     405216  0.000000  0.000000 -1.023902  0.715000
1391690105799372     405264  0.000000  0.000000 -1.023902  0.715000
1391690105844536     405316  0.000000  0.000000 -1.023902  0.715000
1391690105888825     405364  0.000000  0.000000 -1.023902  0.715000
1391690105938759     405416  0.000000  0.000000 -1.023902  0.715000
1391690106028402     405465  0.000000  0.000000 -1.023902  0.715000
1391690106053394     405517  0.000000  0.000000 -1.023902  0.715000
1391690106097457     405569  0.000000  0.000000 -1.023902  0.715000
1391690106138265     405621  0.000000  0.000000 -1.023902  0.715000
1391690106185028     405669  0.000000  0.000000 -1.023902  0.715000
1391690106274632     405721  0.000000  0.000000 -1.023902  0.715000
1391690106322470     405773  0.000000  0.000000 -1.023902  0.715000
1391690106359525     405822  0.000000  0.000000 -1.023902  0.715000
1391690106403370     405869  0.000000  0.000000 -1.023902  0.715000
1391690106448463     405922  0.000000  0.000000 -1.023902  0.715000
1391690106491604     405974  0.000000  0.000000 -1.023902  0.715000
1391690106536335     406022  0.000000  0.000000 -1.023902  0.715000
1391690106626311     406074  0.000000  0.000000 -1.023902  0.715000
1391690106671148     406123  0.000000  0.000000 -1.023902  0.715000
1391690106722909     406174  0.000000  0.000000 -1.023902  0.715000
1391690106757690     406222  0.000000  0.000000 -1.023902  0.715000
1391690106811831     406275  0.000000  0.000000 -1.023902  0.715000
1391690106844318     406323  0.000000  0.000000 -1.023902  0.715000
1391690106893988     406375  0.000000  0.000000 -1.023902  0.715000
1391690106984120     406427  0.000000  0.000000 -1.023902  0.715000
1391690107023528     406475  0.000000  0.000000 -1.023902  0.715000
