1391690069692707     369033 -0.289189 -0.025303  0.000000  0.000000
1391690069754813     369082 -0.289177 -0.025450  0.000000  0.000000
1391690069797581     369134 -0.289176 -0.025377  0.000000  0.000000
1391690069848531     369182 -0.289067 -0.025448  0.000000  0.000000
1391690069874770     369234 -0.288670 -0.025475  0.000000  0.000000
1391690069942121     369282 -0.288680 -0.025418  0.000000  0.000000
1391690069996891     369335 -0.288457 -0.025592  0.000000  0.000000
1391690070044755     369382 -0.288479 -0.025644  0.000000  0.000000
1391690070097161     369430 -0.288144 -0.025819  0.000000  0.000000
1391690070141474     369483 -0.287901 -0.025793  0.000000  0.000000
1391690070169783     369531 -0.287607 -0.025892  0.000000  0.000000
1391690070206435     369583 -0.287528 -0.025835  0.000000  0.000000
1391690070284650     369635 -0.287404 -0.026097  0.000000  0.000000
1391690070286877     369683 -0.287211 -0.026274  0.000000  0.000000
1391690070390638     369735 -0.287021 -0.026173  0.000000  0.000000
1391690070452587     369788 -0.286882 -0.026282  0.000000  0.000000
1391690070502407     369839 -0.286875 -0.026195  0.000000  0.000000
1391690070543488     369888 -0.286808 -0.026545  0.000000  0.000000
1391690070585981     369940 -0.286671 -0.026745  0.000000  0.000000
1391690070655019     369988 -0.286442 -0.026617  0.000000  0.000000
1391690070708577     370036 -0.286335 -0.026501  0.000000  0.000000
1391690070734557     370088 -0.286244 -0.026665  0.000000  0.000000
1391690070781979     370136 -0.286157 -0.026198  0.000000  0.000000
1391690070860607     370188 -0.286119 -0.026322  0.000000  0.000000
1391690070861852     370237 -0.285842 -0.026466  0.000000  0.000000
1391690070954115     370289 -0.285516 -0.026802  0.000000  0.000000
1391690070995444     370341 -0.285460 -0.026735  0.000000  0.000000
1391690071040530     370389 -0.285644 -0.026683  0.000000  0.000000
1391690071090380     370442 -0.285678 -0.026645  0.000000  0.000000
1391690071142292     370489 -0.285476 -0.026614  0.000000  0.000000
1391690071179476     370542 -0.285137 -0.026882  0.000000  0.000000
1391690071235302     370590 -0.285043 -0.027063  0.000000  0.000000
1391690071284038     370642 -0.284993 -0.027268  0.000000  0.000000
1391690071344910     370690 -0.284751 -0.027201  0.000000  0.000000
1391690071375239     370742 -0.284677 -0.027119  0.000000  0.000000
1391690071411536     370794 -0.284590 -0.027199  0.000000  0.000000
1391690071466079     370842 -0.284679 -0.027211  0.000000  0.000000
1391690071508084     370895 -0.284513 -0.027520  0.000000  0.000000
1391690071552573     370947 -0.284779 -0.027493  0.000000  0.000000
1391690071604945     370995 -0.284638 -0.027578  0.000000  0.000000
1391690071703955     371047 -0.284684 -0.027848  0.000000  0.000000
1391690071732894     371095 -0.284743 -0.027963  0.000000  0.000000
1391690071763525     371147 -0.284495 -0.028260  0.000000  0.000000
1391690071810367     371195 -0.284087 -0.028383  0.000000  0.000000
1391690071857541     371247 -0.283709 -0.028562  0.000000  0.000000
1391690071929083     371296 -0.283226 -0.028560  0.000000  0.000000
1391690071950841     371348 -0.283305 -0.028496  0.000000  0.000000
1391690072055049     371400 -0.282968 -0.028515  0.000000  0.000000
1391690072089973     371452 -0.282552 -0.028415  0.000000  0.000000
1391690072144220     371500 -0.282372 -0.028430  0.000000  0.000000
1391690072197962     371552 -0.282438 -0.028203  0.000000  0.000000
1391690072266133     371600 -0.282563 -0.028303  0.000000  0.000000
1391690072299648     371653 -0.282012 -0.028414  0.000000  0.000000
1391690072355859     371701 -0.282100 -0.028215  0.000000  0.000000
1391690072404796     371753 -0.281955 -0.028208  0.000000  0.000000
1391690072449623     371801 -0.281953 -0.028435  0.000000  0.000000
1391690072488724     371853 -0.281987 -0.028725  0.000000  0.000000
1391690072529642     371902 -0.281892 -0.028770  0.000000  0.000000
1391690072596345     371954 -0.281816 -0.028914  0.000000  0.000000
1391690072641563     372006 -0.281712 -0.029125  0.000000  0.000000
1391690072708944     372054 -0.281742 -0.029334  0.000000  0.000000
1391690072768432     372106 -0.281809 -0.029414  0.000000  0.000000
1391690072815499     372154 -0.281697 -0.029446  0.000000  0.000000
1391690072833880     372203 -0.281734 -0.029351  0.000000  0.000000
1391690072873225     372255 -0.281530 -0.029492  0.000000  0.000000
1391690072920708     372306 -0.281370 -0.029546  0.000000  0.000000
1391690072974610     372355 -0.281212 -0.029515  0.000000  0.000000
1391690073025373     372407 -0.280945 -0.029870  0.000000  0.000000
1391690073104471     372455 -0.281024 -0.029761  0.000000  0.000000
1391690073134822     372503 -0.281137 -0.029830  0.000000  0.000000
1391690073190929     372555 -0.280844 -0.029862  0.000000  0.000000
1391690073260370     372604 -0.280670 -0.030027  0.000000  0.000000
1391690073301605     372655 -0.280540 -0.030157  0.000000  0.000000
1391690073338562     372704 -0.280719 -0.029948  0.000000  0.000000
1391690073397899     372756 -0.280452 -0.030109  0.000000  0.000000
1391690073433176     372808 -0.280283 -0.030309  0.000000  0.000000
1391690073481906     372856 -0.280271 -0.030595  0.000000  0.000000
1391690073532254     372908 -0.279926 -0.030549  0.000000  0.000000
1391690073628312     372957 -0.279750 -0.030690  0.000000  0.000000
1391690073665569     373009 -0.279654 -0.030540  0.000000  0.000000
1391690073700268     373057 -0.279172 -0.030673  0.000000  0.000000
1391690073740503     373109 -0.278862 -0.030598  0.000000  0.000000
1391690073786664     373157 -0.278700 -0.030873  0.000000  0.000000
1391690073832769     373209 -0.278533 -0.031026  0.000000  0.000000
1391690073921520     373261 -0.278239 -0.030985  0.000000  0.000000
1391690073971880     373313 -0.278112 -0.031022  0.000000  0.000000
1391690074021895     373361 -0.278126 -0.030956  0.000000  0.000000
1391690074076345     373414 -0.277896 -0.030937  0.000000  0.000000
1391690074103379     373462 -0.277811 -0.031394  0.000000  0.000000
1391690074153270     373510 -0.277738 -0.031585  0.000000  0.000000
1391690074205100     373562 -0.277866 -0.031506  0.000000  0.000000
1391690074249416     373611 -0.277853 -0.031313  0.000000  0.000000
1391690074271956     373663 -0.277443 -0.031427  0.000000  0.000000
1391690074334918     373714 -0.276900 -0.031623  0.000000  0.000000
1391690074424021     373763 -0.276745 -0.031756  0.000000  0.000000
1391690074468434     373815 -0.276691 -0.032219  0.000000  0.000000
1391690074502321     373863 -0.276507 -0.032482  0.000000  0.000000
1391690074536030     373915 -0.276558 -0.032625  0.000000  0.000000
1391690074609213     373963 -0.276508 -0.032639  0.000000  0.000000
1391690074652648     374015 -0.276102 -0.032706  0.000000  0.000000
1391690074735589     374067 -0.275768 -0.032631  0.000000  0.000000
1391690074776054     374116 -0.275540 -0.032803  0.000000  0.000000
1391690074832657     374168 -0.275781 -0.032735  0.000000  0.000000
1391690074876797     374216 -0.275552 -0.032906  0.000000  0.000000
1391690074929379     374264 -0.275550 -0.033251  0.000000  0.000000
1391690074978647     374316 -0.275653 -0.033147  0.000000  0.000000
1391690075032626     374368 -0.275625 -0.033080  0.000000  0.000000
1391690075064103     374417 -0.275745 -0.033291  0.000000  0.000000
1391690075102727     374465 -0.275773 -0.033105  0.000000  0.000000
1391690075177669     374517 -0.275744 -0.033110  0.000000  0.000000
1391690075224428     374569 -0.275506 -0.032965  0.000000  0.000000
1391690075246157     374621 -0.275465 -0.032836  0.000000  0.000000
1391690075298032     374669 -0.275283 -0.032783  0.000000  0.000000
1391690075341902     374722 -0.275577 -0.033036  0.000000  0.000000
1391690075372574     374774 -0.275439 -0.033105  0.000000  0.000000
1391690075429576     374822 -0.273354 -0.034187  0.000000  0.000000
1391690075526336     374870 -0.272159 -0.035204  0.000000  0.000000
1391690075558845     374922 -0.273273 -0.032165  0.000000  0.000000
1391690075597910     374975 -0.272222 -0.033531  0.000000  0.000000
1391690075653276     375022 -0.271742 -0.034022  0.000000  0.000000
1391690075701130     375071 -0.272521 -0.033715  0.000000  0.000000
1391690075746397     375123 -0.272272 -0.034180  0.000000  0.000000
1391690075816303     375175 -0.271990 -0.033985  0.000000  0.000000
1391690075880178     375223 -0.272102 -0.034309  0.000000  0.000000
1391690075912377     375271 -0.271582 -0.034491  0.000000  0.000000
1391690075972667     375324 -0.271835 -0.034812  0.000000  0.000000
1391690076020979     375375 -0.271741 -0.035495  0.000000  0.000000
1391690076110913     375424 -0.271840 -0.034542  0.000000  0.000000
1391690076135480     375476 -0.270876 -0.035821  0.000000  0.000000
1391690076181000     375524 -0.271913 -0.034078  0.000000  0.000000
1391690076219406     375576 -0.271111 -0.034602  0.000000  0.000000
1391690076259303     375624 -0.271155 -0.034691  0.000000  0.000000
1391690076338824     375677 -0.270962 -0.034998  0.000000  0.000000
1391690076363363     375724 -0.270737 -0.034972  0.000000  0.000000
1391690076409055     375777 -0.270411 -0.035110  0.000000  0.000000
1391690076477425     375825 -0.270409 -0.034972  0.000000  0.000000
1391690076506075     375877 -0.270199 -0.034707  0.000000  0.000000
1391690076553077     375925 -0.270487 -0.035187  0.000000  0.000000
1391690076624701     375977 -0.270601 -0.034600  0.000000  0.000000
1391690076656043     376025 -0.270852 -0.034608  0.000000  0.000000
1391690076695240     376077 -0.270909 -0.035005  0.000000  0.000000
1391690076781544     376129 -0.270662 -0.035135  0.001257  0.224000
1391690076834408     376178 -0.269823 -0.034222 -0.007109  0.281000
1391690076873312     376230 -0.269804 -0.035216  0.004156  0.367000
1391690076904340     376278 -0.312000 -0.035089  0.054518  0.374000
1391690076946728     376330 -0.311491 -0.034883  0.098223  0.374000
1391690076985247     376378 -0.267621 -0.033151  0.119293  0.382000
1391690077089104     376430 -0.269131 -0.035016  0.099278  0.374000
1391690077141399     376479 -0.265706 -0.035027  0.105424  0.374000
1391690077202756     376526 -0.268416 -0.035343  0.119748  0.374000
1391690077259201     376579 -0.269155 -0.035953  0.086421  0.374000
1391690077288684     376627 -0.266723 -0.037317  0.081835  0.374000
1391690077314535     376679 -0.264156 -0.037399  0.071274  0.374000
1391690077357434     376727 -0.265890 -0.037463  0.074835  0.374000
1391690077435287     376780 -0.266450 -0.035022  0.111222  0.446000
1391690077487069     376832 -0.266604 -0.035682  0.126092  0.461000
1391690077490161     376880 -0.265678 -0.035984  0.125187  0.475000
1391690077504224     376932 -0.268588 -0.035409  0.124328  0.475000
1391690077557077     376984 -0.268283 -0.034398  0.116435  0.475000
1391690077607004     377032 -0.267429 -0.033878  0.103333  0.475000
1391690077690300     377080 -0.266496 -0.033997  0.111810  0.475000
1391690077751814     377133 -0.261922 -0.031899  0.111288  0.475000
1391690077810126     377185 -0.269280 -0.033480  0.102696  0.475000
1391690077849256     377233 -0.270169 -0.033039  0.087781  0.475000
1391690077890773     377285 -0.271119 -0.034136  0.095249  0.495000
1391690077962799     377333 -0.265431 -0.030655  0.100820  0.495000
1391690078000103     377381 -0.315666 -0.033029  0.106456  0.501000
1391690078040869     377433 -0.313999 -0.033175  0.085926  0.507000
1391690078077847     377482 -0.315131 -0.029635  0.096720  0.507000
1391690078135286     377534 -0.314770 -0.029855  0.113517  0.571000
1391690078172449     377586 -0.320323 -0.032884  0.098847  0.582000
1391690078252001     377638 -0.306428 -0.029877  0.102908  0.582000
1391690078302057     377686 -0.314040 -0.028121  0.093434  0.594000
1391690078327065     377738 -0.302969 -0.022618  0.090913  0.594000
1391690078366460     377786 -0.314364 -0.018158  0.081643  0.594000
1391690078425532     377838 -0.323377 -0.022467  0.063801  0.600000
1391690078473914     377890 -0.314510 -0.010941  0.040709  0.605000
1391690078531022     377939 -0.308265 -0.013321  0.038236  0.605000
1391690078625528     377991 -0.328610 -0.024995  0.010579  0.611000
1391690078687940     378043 -0.329666 -0.019273 -0.017064  0.617000
1391690078714109     378091 -0.327904 -0.017970 -0.029113  0.617000
1391690078770418     378143 -0.310291 -0.010154 -0.038258  0.623000
1391690078793628     378195 -0.332208 -0.008001 -0.039727  0.623000
1391690078875509     378244 -0.327414  0.004878 -0.042185  0.623000
1391690078907084     378296 -0.331521 -0.004121 -0.062072  0.623000
1391690078943357     378348 -0.326907  0.004924 -0.075502  0.623000
1391690079000235     378396 -0.343742 -0.013997 -0.078468  0.629000
1391690079038793     378448 -0.337953  0.016247 -0.095153  0.634000
1391690079086350     378496 -0.333708  0.015842 -0.114810  0.634000
1391690079162505     378544 -0.312661  0.008191 -0.143071  0.640000
1391690079206968     378596 -0.330890  0.036395 -0.176583  0.646000
1391690079252340     378649 -0.315877  0.036945 -0.191938  0.646000
1391690079293358     378697 -0.308309  0.058091 -0.196613  0.646000
1391690079338855     378749 -0.296200  0.039316 -0.229106  0.652000
1391690079414133     378801 -0.287655  0.016254 -0.259518  0.657000
1391690079467584     378849 -0.310130  0.066012 -0.273600  0.663000
1391690079499070     378897 -0.272655  0.039102 -0.290239  0.663000
1391690079562508     378949 -0.233402  0.038321 -0.312521  0.663000
1391690079597716     379002 -0.253947  0.093999 -0.318333  0.663000
1391690079615984     379050 -0.220426  0.104896 -0.323890  0.663000
1391690079693789     379102 -0.124876  0.096518 -0.322089  0.663000
1391690079750028     379150 -0.121620  0.049722 -0.332752  0.663000
1391690079792632     379202  0.003282  0.009096 -0.346881  0.663000
1391690079832973     379251  0.120972  0.034407 -0.341509  0.663000
1391690079901403     379302  0.324095 -0.101336 -0.357819  0.663000
1391690079963576     379351  0.549872 -0.070284 -0.349921  0.663000
1391690080004391     379403  0.496913  0.003284 -0.372892  0.663000
1391690080046672     379455  0.748470 -0.107465 -0.373726  0.663000
1391690080090410     379503  0.749776 -0.097147 -0.372828  0.663000
1391690080128256     379556  0.646892 -0.187402 -0.378098  0.663000
1391690080206673     379607  0.655046 -0.282568 -0.374091  0.663000
1391690080251947     379660  0.783481 -0.312508 -0.366168  0.663000
1391690080282193     379708  0.725168 -0.309637 -0.384207  0.663000
1391690080399436     379756  0.613462 -0.362429 -0.359641  0.663000
1391690080429868     379808  0.547246 -0.223842 -0.352468  0.663000
1391690080491946     379856  0.412778 -0.216461 -0.333569  0.663000
1391690080526970     379908  0.301673 -0.316175 -0.321042  0.663000
1391690080569567     379956  0.205282 -0.283472 -0.314643  0.663000
1391690080648297     380009  0.217179 -0.302811 -0.309608  0.663000
1391690080679926     380057 -0.527606 -0.249155 -0.308607  0.663000
1391690080733779     380109 -0.419506 -0.177037 -0.294260  0.663000
1391690080766657     380157 -0.567402 -0.037155 -0.308009  0.663000
1391690080812916     380209 -0.615336  0.179673 -0.313566  0.663000
1391690080889213     380257 -0.293370  0.365344 -0.322746  0.663000
1391690080926133     380310 -0.090322  0.433086 -0.297529  0.663000
1391690080949353     380358  0.022174  0.332703 -0.301255  0.663000
1391690080992673     380410  0.023320  0.192004 -0.290557  0.663000
1391690081041533     380458 -0.075286  0.060005 -0.270893  0.663000
1391690081097939     380510 -0.172754  0.012558 -0.258320  0.663000
1391690081133163     380559 -0.251965  0.133217 -0.243006  0.669000
1391690081232146     380611 -0.221120  0.144909 -0.221234  0.669000
1391690081280684     380659 -0.182743  0.174048 -0.201042  0.669000
1391690081304847     380711 -0.141083  0.216347 -0.183928  0.681000
1391690081336417     380759 -0.027697  0.238385 -0.174669  0.686000
1391690081401029     380811 -0.000897  0.347833 -0.180704  0.686000
1391690081442198     380859  0.072031  0.446560 -0.161835  0.686000
1391690081534894     380911  0.155686  0.349334 -0.148872  0.686000
1391690081561380     380960  0.236872  0.299928 -0.154376  0.686000
1391690081633073     381012  0.197967  0.287649 -0.162712  0.686000
1391690081694362     381060  0.122286  0.273802 -0.162044  0.686000
1391690081744434     381112  0.196449  0.221775 -0.174176  0.686000
1391690081781261     381160  0.119884  0.232734 -0.173463  0.686000
1391690081857485     381212  0.149438  0.244835 -0.184345  0.686000
1391690081912549     381265  0.034134  0.170109 -0.172768  0.686000
1391690081929640     381313  0.020429  0.114378 -0.170472  0.686000
1391690081979537     381365  0.054690  0.046386 -0.160904  0.686000
1391690082039631     381413  0.141080  0.054941 -0.183199  0.686000
1391690082062717     381465  0.192777  0.045152 -0.177298  0.686000
1391690082098650     381513  0.224418  0.003418 -0.183121  0.686000
1391690082153495     381565  0.113722 -0.029653 -0.181703  0.692000
1391690082230825     381613  0.074364 -0.017602 -0.182917  0.692000
1391690082283209     381665  0.036785  0.010276 -0.173410  0.692000
1391690082328962     381718  0.067729  0.057842 -0.196049  0.692000
1391690082369295     381770  0.226606  0.055736 -0.206401  0.698000
1391690082440919     381818  0.281138  0.124730 -0.209722  0.704000
1391690082452623     381870  0.224790  0.198299 -0.201806  0.704000
1391690082537371     381918  0.510919  0.197386 -0.216707  0.704000
1391690082579358     381966  0.664431  0.175005 -0.215877  0.704000
1391690082621084     382018  0.613191  0.247401 -0.227103  0.704000
1391690082666169     382067  0.440700  0.222707 -0.235976  0.704000
1391690082701144     382119  0.337526  0.261670 -0.228311  0.704000
1391690082735583     382167  0.245558  0.220242 -0.230804  0.704000
1391690082831062     382219  0.242621  0.190797 -0.223321  0.704000
1391690082876827     382267  0.223576  0.221708 -0.211683  0.704000
1391690082907257     382319  0.088358  0.305896 -0.203301  0.704000
1391690082964344     382367  0.214457  0.304490 -0.227970  0.704000
1391690083008873     382419  0.099539  0.348670 -0.217609  0.704000
1391690083082205     382468  0.235435  0.420053 -0.227403  0.704000
1391690083138726     382520  0.406530  0.362803 -0.242210  0.704000
1391690083189549     382568  0.406837  0.360852 -0.248903  0.704000
1391690083247582     382620  0.336750  0.303284 -0.232715  0.704000
1391690083292930     382668  0.302267  0.329219 -0.245265  0.704000
1391690083324347     382721  0.345654  0.385156 -0.230663  0.704000
1391690083367906     382768  0.355038  0.369253 -0.218932  0.704000
1391690083415867     382820  0.372101  0.224357 -0.232586  0.704000
1391690083495048     382873  0.358067  0.172799 -0.234989  0.704000
1391690083527945     382921  0.337516  0.265557 -0.248843  0.710000
1391690083574372     382973  0.320510  0.285576 -0.244120  0.744000
1391690083640628     383021  0.339553  0.216205 -0.245657  0.744000
1391690083680588     383073  0.237052  0.166413 -0.225451  0.744000
1391690083722147     383122  0.304307  0.091014 -0.220572  0.744000
1391690083763848     383169  0.219187 -0.252164 -0.198829  0.744000
1391690083803648     383222  0.050339 -0.848653 -0.177555  0.744000
1391690083839609     383274 -0.049640 -0.459578 -0.185570  0.744000
1391690083917198     383322 -0.099351 -0.210856 -0.176320  0.744000
1391690083967005     383370  0.022292 -0.038325 -0.176258  0.744000
1391690083994331     383422  0.099594 -0.287109 -0.173235  0.744000
1391690084048100     383471  0.124824 -0.186335 -0.157104  0.744000
1391690084081915     383523  0.203623 -0.073927 -0.130458  0.744000
1391690084132839     383571  0.292463 -0.027972 -0.116854  0.744000
1391690084178466     383623  0.337264  0.054904 -0.092961  0.744000
1391690084285610     383671  0.315377  0.053469 -0.095313  0.744000
1391690084316736     383723  0.202107 -0.231298 -0.089751  0.744000
1391690084370196     383776  0.146779 -0.291776 -0.091023  0.744000
1391690084421102     383828  0.062712 -0.168563 -0.095891  0.744000
1391690084476365     383876  0.015989 -0.061851 -0.093957  0.744000
1391690084563529     383928  0.106582 -0.009909 -0.090173  0.744000
1391690084595322     383980  0.126385 -0.002434 -0.087298  0.739000
1391690084640711     384028  0.067362  0.007011 -0.070993  0.739000
1391690084684109     384076  0.084124 -0.094476 -0.077246  0.721000
1391690084725908     384128  0.046118 -0.022700 -0.058664  0.721000
1391690084788626     384177  0.042062 -0.030100 -0.062909  0.721000
1391690084801797     384229  0.052487 -0.098950 -0.058857  0.721000
1391690084882441     384277  0.219360 -0.024934 -0.059584  0.721000
1391690084925338     384329  0.349625  0.212235 -0.050892  0.721000
1391690084944656     384377  0.444266  0.563424 -0.059495  0.721000
1391690084990257     384430  0.405098  0.682480 -0.066253  0.721000
1391690085030376     384477  0.434718  0.609285 -0.070398  0.721000
1391690085118215     384530  0.384064  0.363874 -0.080047  0.721000
1391690085165997     384578  0.346712  0.076027 -0.088050  0.721000
1391690085207236     384630  0.258085 -0.118958 -0.100856  0.721000
1391690085268279     384678  0.218100 -0.211946 -0.123087  0.721000
1391690085306060     384730  0.275730 -0.232565 -0.123124  0.721000
1391690085351123     384778  0.248386 -0.205350 -0.127681  0.721000
1391690085417060     384831  0.229962 -0.154412 -0.136793  0.721000
1391690085458325     384879  0.268996 -0.092371 -0.148976  0.721000
1391690085509505     384931  0.292974  0.039390 -0.156524  0.721000
1391690085555069     384983  0.293539  0.060659 -0.160403  0.721000
1391690085630765     385031  0.296716  0.063438 -0.152959  0.721000
1391690085670488     385083  0.327224  0.035183 -0.168204  0.721000
1391690085710904     385132  0.354537  0.009630 -0.176295  0.721000
1391690085753210     385183  0.259974  0.222120 -0.170108  0.721000
1391690085782814     385232  0.329768  0.239207 -0.183590  0.721000
1391690085851855     385284  0.384564  0.320542 -0.195396  0.721000
1391690085952354     385332  0.438555  0.230624 -0.197131  0.721000
1391690086025966     385384  0.448896  0.210218 -0.184875  0.721000
1391690086059102     385432  0.474666  0.138200 -0.186930  0.721000
1391690086117073     385485  0.471840  0.068634 -0.184092  0.721000
1391690086158566     385537  0.455069  0.037082 -0.182345  0.721000
1391690086230992     385584  0.414311  0.123684 -0.189799  0.721000
1391690086281877     385637  0.148048  0.197046 -0.202562  0.721000
1391690086372916     385685  0.185866 -0.189331 -0.213783  0.721000
1391690086401952     385737  0.301361 -0.194848 -0.219590  0.721000
1391690086471274     385785  0.378988 -0.083166 -0.256948  0.721000
1391690086548979     385837  0.118217 -0.300119 -0.270838  0.721000
1391690086584520     385885  0.246773 -0.065332 -0.259629  0.721000
1391690086621951     385937 -0.100857  0.118671 -0.254450  0.721000
1391690086681554     385985  0.383924  0.117568 -0.000455  0.721000
1391690086728870     386038  0.181838  0.308533 -0.006557  0.721000
1391690086754075     386086  0.615250  0.032026  0.000000  0.721000
1391690086769787     386138  0.704970  0.047247 -0.013495  0.721000
1391690086863254     386186  0.632944  0.137149 -0.051467  0.721000
1391690086948733     386234  0.243271  0.512319 -0.049562  0.721000
1391690087000074     386286  0.765486  0.217178 -0.013036  0.733000
1391690087027548     386339  0.910647  0.508649 -0.014806  0.739000
1391690087069425     386387  0.799572  0.457086 -0.037313  0.739000
1391690087121090     386435  0.665265  0.378733 -0.071792  0.739000
1391690087184192     386487 -0.120870  0.310689 -0.075083  0.739000
1391690087218902     386535  0.949540  0.302265 -0.001725  0.739000
1391690087249983     386588  0.908126  0.248479 -0.017057  0.739000
1391690087291961     386640  0.751498  0.227716 -0.054045  0.739000
1391690087369462     386688  0.603594  0.204268 -0.047463  0.739000
1391690087387132     386740  0.679107  0.196934 -0.065490  0.739000
1391690087412674     386788  0.564214  0.182191 -0.061875  0.739000
1391690087476709     386840 -0.711583  0.168763 -0.054593  0.739000
1391690087527389     386888  0.901743  0.155268 -0.039156  0.721000
1391690087573389     386941  0.940662  0.264203 -0.057640  0.715000
1391690087600108     386989  0.733065  0.229424 -0.079543  0.715000
1391690087620655     387041  0.541005  0.148280 -0.072042  0.715000
1391690087705310     387093  0.416879  0.093718 -0.076096  0.715000
1391690087766172     387141  0.313583  0.068578 -0.126301  0.715000
1391690087903432     387193  0.245092  0.080808 -0.108073  0.715000
1391690087936056     387241  0.163523 -0.047744 -0.102705  0.715000
1391690087958637     387294  0.219613 -0.015661 -0.128665  0.715000
1391690087997520     387346 -1.192965  0.023826 -0.116645  0.715000
1391690088052748     387394  0.651522  0.087967 -0.006079  0.715000
1391690088099574     387446  1.051652  0.130797 -0.032528  0.715000
1391690088144326     387498  0.923639  0.155477 -0.052933  0.715000
1391690088218958     387546  0.783765  0.158701 -0.059708  0.715000
1391690088254907     387598  0.638734  0.188632 -0.082193  0.715000
1391690088317406     387647  0.557303  0.204164 -0.080450  0.715000
1391690088352237     387699  0.445096  0.218100 -0.111168  0.715000
1391690088382264     387747  0.451174  0.191521 -0.129907  0.715000
1391690088444155     387800  0.523111  0.156841 -0.137465  0.715000
1391690088459497     387847  0.550752  0.142339 -0.169660  0.715000
1391690088506483     387899  0.572746  0.124591 -0.179277  0.715000
1391690088602699     387948  0.557472  0.124032 -0.181614  0.715000
1391690088641880     387996  0.412670  0.112781 -0.179877  0.715000
1391690088699799     388048  0.453535  0.116850 -0.200428  0.715000
1391690088725592     388100  0.522913  0.042423 -0.214273  0.715000
1391690088767583     388148  0.541975  0.066444 -0.223353  0.715000
1391690088793650     388200  0.555440 -0.218154 -0.214382  0.715000
1391690088850364     388249  0.507957 -0.127392 -0.246185  0.715000
1391690088870121     388297  0.540125  0.018389 -0.266550  0.715000
1391690088957025     388349  0.432606  0.025106 -0.264518  0.715000
1391690089008846     388397  0.399628  0.011297 -0.263510  0.715000
1391690089044083     388449  0.390484  0.156086 -0.268396  0.715000
1391690089069330     388497  0.388358  0.141589 -0.288909  0.715000
1391690089120119     388549  0.406354  0.237762 -0.252192  0.715000
1391690089223900     388602  0.288775  0.261708 -0.245572  0.715000
1391690089279265     388650  0.219390  0.322488 -0.233823  0.715000
1391690089319080     388702  0.241304  0.339315 -0.223150  0.715000
1391690089357278     388754  0.275927  0.340815 -0.196816  0.715000
1391690089372778     388802  0.334348  0.291148 -0.175157  0.715000
1391690089499360     388854  0.273325  0.293184 -0.159232  0.715000
1391690089539592     388902  0.350496  0.232555 -0.159199  0.715000
1391690089604213     388955  0.426721  0.291414 -0.134764  0.721000
1391690089634878     389003  0.482269  0.305409 -0.111069  0.727000
1391690089690491     389055  0.511080  0.181301 -0.093649  0.727000
1391690089718607     389103  0.523746  0.147129 -0.077745  0.727000
1391690089769898     389151  0.512166  0.052903 -0.072216  0.727000
1391690089844075     389208  0.519349  0.103299 -0.056043  0.744000
1391690089886375     389256  0.594255  0.154656 -0.055764  0.750000
1391690089917799     389303  0.576881  0.092348 -0.045056  0.750000
1391690089950974     389356  0.664181  0.030426 -0.069005  0.744000
1391690090038484     389404  0.838464 -0.000682 -0.061322  0.733000
1391690090092212     389456  0.698522 -0.047731 -0.078901  0.733000
1391690090124549     389504  0.519132 -0.071527 -0.096788  0.715000
1391690090176232     389556  0.330370  0.182114 -0.106660  0.698000
1391690090227639     389604  0.199354  0.172332 -0.146677  0.698000
1391690090295867     389656  0.326589  0.472829 -0.161276  0.692000
1391690090329620     389709  0.235123  0.342248 -0.201320  0.692000
1391690090373631     389757  0.264824  0.181894 -0.239486  0.692000
1391690090415402     389805  0.181083  0.075401 -0.252239  0.692000
1391690090481948     389857  0.131063  0.084198 -0.286438  0.692000
1391690090524066     389905  0.040733  0.049121 -0.310178  0.692000
1391690090543607     389957 -0.015457  0.002589 -0.328049  0.692000
1391690090579858     390010  0.012393  0.016860 -0.335294  0.692000
1391690090623628     390058  0.097365  0.070638 -0.349653  0.692000
1391690090689819     390106  0.195561  0.184457 -0.331927  0.692000
1391690090714545     390158  0.286609  0.201616 -0.329648  0.692000
1391690090793767     390206  0.345941  0.214655 -0.327622  0.692000
1391690090879555     390258  0.356937  0.221565 -0.315240  0.692000
1391690090923190     390310  0.290204  0.009769 -0.305222  0.692000
1391690090978699     390359  0.305394  0.036702 -0.317435  0.692000
1391690091020087     390411  0.416712 -0.039368 -0.322978  0.692000
1391690091070329     390459  0.428396 -0.004791 -0.315754  0.692000
1391690091128872     390511  0.461641  0.057804 -0.281759  0.692000
1391690091169847     390559  0.522289  0.126324 -0.307386  0.692000
1391690091212314     390611  0.567478  0.061911 -0.298849  0.692000
1391690091253956     390664  0.609239  0.055689 -0.260706  0.692000
1391690091289135     390719  0.638290  0.100789 -0.251073  0.692000
1391690091348455     390764  0.654933  0.043141 -0.249441  0.692000
1391690091401272     390816  0.629237  0.160472 -0.218099  0.692000
1391690091451229     390864  0.617032  0.211003 -0.188930  0.692000
1391690091475795     390916  0.598402  0.233530 -0.128663  0.692000
1391690091510026     390965  0.713718  0.217552 -0.109995  0.692000
1391690091580048     391016  0.888190  0.175772 -0.098624  0.692000
1391690091629845     391064  0.877804  0.158483 -0.083559  0.692000
1391690091683596     391117  0.766371  0.150378 -0.083986  0.692000
1391690091783317     391169  0.704116  0.139421 -0.079803  0.692000
1391690091821151     391221  0.675249  0.141390 -0.082844  0.692000
1391690091863286     391269  0.656017  0.133727 -0.063280  0.692000
1391690091898759     391321  0.618973  0.139090 -0.048066  0.692000
1391690091937699     391369  0.593496  0.136416 -0.056317  0.692000
1391690091990869     391421  0.566964  0.120395 -0.066304  0.692000
1391690092022177     391474  0.550091  0.112319 -0.066718  0.692000
1391690092087961     391522  0.532633  0.104838 -0.064615  0.692000
1391690092186454     391574  0.490712  0.124904 -0.042443  0.692000
1391690092224852     391622  0.468596  0.172982 -0.029401  0.692000
1391690092297688     391674  0.466483  0.227479 -0.018785  0.692000
1391690092322979     391723  0.352110  0.248722 -0.032825  0.692000
1391690092397491     391774  0.065117  0.270077 -0.020754  0.692000
1391690092410790     391826  0.131382  0.312962 -0.001595  0.692000
1391690092509065     391879  0.289375  0.257410  0.002367  0.692000
1391690092565249     391931  0.442335  0.337088  0.027793  0.692000
1391690092602298     391975  0.556043  0.435334  0.050245  0.692000
1391690092652849     392027  0.642542  0.504818  0.045459  0.692000
1391690092682412     392075  0.513504  0.549290  0.067668  0.692000
1391690092779610     392131  0.482478  0.700543  0.107987  0.692000
1391690092830071     392175  0.538535  0.697320  0.112833  0.692000
1391690092856809     392228  0.755973  0.899203  0.110724  0.692000
1391690092917151     392276  0.817420  0.800916  0.108910  0.692000
1391690092954940     392328  1.045569  0.839788  0.123947  0.692000
1391690092990068     392380  1.052846  0.868120  0.103005  0.692000
1391690093087430     392428  0.960441  0.705475  0.106439  0.692000
1391690093115318     392477  0.871370  0.601909  0.101341  0.704000
1391690093163524     392529  0.797580  0.458334  0.077953  0.704000
1391690093190868     392580  0.742495  0.331802  0.110191  0.715000
1391690093235223     392629  0.698059  0.228104  0.096282  0.715000
1391690093250392     392681  0.637165  0.121091  0.093557  0.715000
1391690093311285     392729  0.572942  0.683885  0.099609  0.715000
1391690093405473     392778  0.554406  1.111851  0.080506  0.715000
1391690093436447     392830  0.652437  0.903047  0.050558  0.715000
1391690093482376     392882  0.584591  0.424727  0.062297  0.715000
1391690093530061     392930  0.544241  0.183640  0.041760  0.715000
1391690093563913     392982  0.411663  0.003572  0.050284  0.739000
1391690093588567     393030  0.294686 -0.156658  0.061928  0.744000
1391690093632093     393082  0.095873 -0.292723  0.047365  0.756000
1391690093755808     393130 -0.102620 -0.313409  0.048833  0.756000
1391690093808369     393183 -0.235877 -0.156323  0.062175  0.773000
1391690093840890     393231 -0.677040 -0.616336  0.085356  0.791000
1391690093881151     393283 -0.534931 -0.237325  0.126156  0.791000
1391690093948136     393331 -0.350520  0.219859  0.154591  0.791000
1391690093962623     393379 -0.513343  0.296389  0.154452  0.797000
1391690094058766     393432 -0.466341  0.151740  0.188576  0.797000
1391690094098983     393484 -0.351632  0.262826  0.189196  0.797000
1391690094156166     393536 -0.294841  0.474395  0.213461  0.797000
1391690094191417     393584 -0.189887  0.529845  0.230108  0.797000
1391690094219284     393636 -0.328965  0.192731  0.213590  0.797000
1391690094294181     393688 -0.357123 -0.291478  0.199675  0.797000
1391690094324300     393736 -0.258630 -0.194710  0.207174  0.797000
1391690094371076     393788 -0.290503 -0.019049  0.163463  0.797000
1391690094412512     393837 -0.212856  0.116081  0.163054  0.797000
1391690094513692     393885 -0.237668  0.253991  0.159528  0.802000
1391690094567223     393937 -0.713393  0.203355  0.148202  0.802000
1391690094596341     393985 -0.940118  0.088857  0.139773  0.797000
1391690094631230     394038 -0.950549 -0.071722  0.143659  0.797000
1391690094681430     394089 -0.688402 -0.216142  0.110198  0.797000
1391690094728818     394137 -0.355279 -0.205322  0.069359  0.802000
1391690094729697     394190 -0.069739 -0.042026  0.057570  0.802000
1391690094845638     394242  0.117850  0.225972  0.051942  0.802000
1391690094891807     394290  0.546286  0.434562  0.069669  0.797000
1391690094925033     394342  0.535717  0.146039  0.054516  0.797000
1391690094959412     394390  0.215849 -0.156539  0.045740  0.797000
1391690095003892     394443  0.357742 -0.193482  0.031161  0.785000
1391690095060221     394494  0.151708 -0.359263  0.010034  0.750000
1391690095158897     394547 -0.021075 -0.394943 -0.012726  0.727000
1391690095202347     394595 -0.083369 -0.542210 -0.051297  0.727000
1391690095240621     394647 -0.081350 -0.660658 -0.066715  0.715000
1391690095282038     394695  0.029852 -0.686771 -0.104411  0.692000
1391690095336186     394748  0.147463 -0.731469 -0.119883  0.675000
1391690095383128     394800  0.193966 -0.679774 -0.140105  0.663000
1391690095484425     394848  0.196451 -0.492230 -0.134488  0.663000
1391690095501784     394900  0.190722 -0.467087 -0.158982  0.663000
1391690095550151     394948  0.187873 -0.266454 -0.154935  0.663000
1391690095577737     394996 -0.018776 -0.062812 -0.116233  0.675000
1391690095638343     395048  0.045845  0.062276 -0.115692  0.675000
1391690095696351     395101  0.090256  0.093888 -0.103629  0.675000
1391690095757459     395149  0.148118  0.068063 -0.109240  0.675000
1391690095803027     395197  0.151928  0.039770 -0.096361  0.675000
1391690095844482     395249  0.135648  0.006238 -0.088842  0.675000
1391690095881746     395297  0.105565 -0.016528 -0.087591  0.692000
1391690095926301     395349  0.062711 -0.032692 -0.044104  0.715000
1391690095999641     395401  0.041267 -0.032288 -0.003095  0.727000
1391690096044264     395450  0.023279 -0.020709 -0.012562  0.727000
1391690096088254     395501  0.019419 -0.018586 -0.002640  0.727000
1391690096140096     395550 -0.004954  0.000109  0.003919  0.727000
1391690096191305     395602 -0.038902  0.036392 -0.002399  0.727000
1391690096242995     395654 -0.057257  0.015438 -0.012666  0.727000
1391690096321336     395702  0.019291  0.065737 -0.013719  0.727000
1391690096349856     395754  0.077376  0.104702 -0.017781  0.715000
1391690096372562     395802  0.260875  0.123486 -0.042843  0.704000
1391690096425353     395854  0.495272  0.134272 -0.080030  0.698000
1391690096454992     395902  0.402059 -0.134108 -0.095683  0.692000
1391690096531083     395955  0.315453 -0.247895 -0.117452  0.686000
1391690096586449     396003  0.199538 -0.203148 -0.131519  0.686000
1391690096612108     396055  0.103009 -0.493776 -0.147291  0.686000
1391690096662489     396103  0.083566 -0.424681 -0.190844  0.686000
1391690096719429     396155  0.022953 -0.099865 -0.193048  0.686000
1391690096780830     396208  0.079126  0.320779 -0.190869  0.686000
1391690096862983     396256  0.148647  0.693884 -0.184124  0.686000
1391690096896759     396308  0.192110  0.726868 -0.204870  0.686000
1391690096966988     396360  0.377674  0.457825 -0.194571  0.686000
1391690097006122     396412  0.398012  0.064072 -0.201247  0.686000
1391690097074004     396460  0.383565 -0.190885 -0.178092  0.698000
1391690097109586     396512  0.364321 -0.205150 -0.167550  0.715000
1391690097156576     396561  0.375175 -0.155303 -0.135574  0.727000
1391690097190046     396613  0.393208 -0.158358 -0.146182  0.727000
1391690097224548     396665  0.585267 -0.190840 -0.132696  0.727000
1391690097262012     396713  0.612338 -0.276551 -0.118250  0.727000
1391690097363995     396765  0.590346 -0.118686 -0.110890  0.727000
1391690097398257     396813  0.734269 -0.276302 -0.109967  0.727000
1391690097431607     396862  0.657948 -0.354436 -0.109246  0.727000
1391690097471400     396913  0.544167 -0.424765 -0.110981  0.727000
1391690097513319     396961  0.536295 -0.361131 -0.090627  0.721000
1391690097542163     397014  0.460103 -0.380137 -0.070595  0.698000
1391690097657702     397066  0.386716 -0.377393 -0.053096  0.675000
1391690097716236     397114  0.332424 -0.230682 -0.042595  0.675000
1391690097769683     397166  0.245481 -0.257569 -0.045907  0.640000
1391690097809960     397218  0.184408 -0.084189 -0.015974  0.640000
1391690097880092     397266  0.159977  0.055897 -0.002578  0.640000
1391690097946646     397314  0.133755  0.160272  0.007129  0.640000
1391690097988105     397367  0.118017  0.215157  0.017898  0.640000
1391690098032736     397415  0.103187  0.233785  0.031496  0.640000
1391690098109583     397467  0.090136  0.234613  0.038888  0.640000
1391690098131888     397519  0.026206  0.228596  0.013852  0.640000
1391690098184248     397567  0.051606  0.244135  0.032985  0.640000
1391690098256361     397619  0.093674  0.156853  0.039453  0.640000
1391690098287322     397671  0.128627 -0.035080  0.049492  0.646000
1391690098309372     397720  0.164112  0.085744  0.073532  0.669000
1391690098364333     397768  0.168646  0.266394  0.106531  0.669000
1391690098416553     397820  0.131446  0.435503  0.113944  0.675000
1391690098481544     397872  0.065439  0.550327  0.116308  0.686000
1391690098537826     397924  0.030888  0.673439  0.150618  0.686000
1391690098580684     397976  0.158763  0.731319  0.174053  0.692000
1391690098629008     398024  0.039688  0.901651  0.182287  0.698000
1391690098706314     398077  0.174022  0.820241  0.210364  0.698000
1391690098745709     398125  0.172378  0.746258  0.216164  0.715000
1391690098790327     398177  0.315186  0.572460  0.247832  0.715000
1391690098806601     398225  0.411300  0.386340  0.268699  0.733000
1391690098858939     398277  0.441756  0.239928  0.280173  0.733000
1391690098912176     398325  0.425884  0.156588  0.258417  0.739000
1391690098938238     398377  0.385390  0.099002  0.263030  0.739000
1391690099029207     398429  0.314185  0.081269  0.298123  0.739000
1391690099077224     398478  0.223389  0.098772  0.333162  0.744000
1391690099123514     398530  0.165384  0.107922  0.362920  0.744000
1391690099174398     398582  0.132552  0.097722  0.371161  0.744000
1391690099233684     398630  0.155562  0.046136  0.399535  0.744000
1391690099297040     398682  0.313554 -0.042867  0.428720  0.744000
1391690099365571     398730  0.407034 -0.088645  0.440325  0.744000
1391690099382112     398782  0.563298 -0.089423  0.493366  0.744000
1391690099428313     398830  0.477001 -0.079539  0.522822  0.744000
1391690099476115     398883  0.632817 -0.120806  0.524081  0.744000
1391690099532756     398931  0.604693 -0.181465  0.526037  0.744000
1391690099562724     398983  0.509352 -0.204619  0.528336  0.744000
1391690099603206     399032  0.464241 -0.205441  0.530052  0.744000
1391690099660716     399084  0.453606 -0.133603  0.526914  0.744000
1391690099713946     399136  0.482392 -0.098494  0.519822  0.744000
1391690099759257     399184  0.483791 -0.060685  0.512884  0.744000
1391690099826887     399236  0.262590 -0.006037  0.493078  0.744000
1391690099884478     399284  0.392321  0.032125  0.476650  0.744000
1391690099946934     399336  0.308892  0.056080  0.449086  0.744000
1391690099978396     399384  0.352366  0.053900  0.416395  0.744000
1391690100034079     399432  0.392343  0.066284  0.407303  0.744000
1391690100074097     399484  0.404499  0.136756  0.415849  0.744000
1391690100141940     399537  0.412480  0.196910  0.447295  0.744000
1391690100196803     399585  0.455065  0.221961  0.453544  0.744000
1391690100220711     399637  0.483728  0.208327  0.436884  0.744000
1391690100280428     399685  0.614564  0.173334  0.425983  0.744000
1391690100327983     399737  0.623900  0.135827  0.397183  0.744000
1391690100340977     399785  0.726838  0.093025  0.390174  0.744000
1391690100398899     399838  0.899522  0.056238  0.384722  0.739000
1391690100448479     399885  0.728191  0.081717  0.394158  0.715000
1391690100488108     399938  0.549824  0.034929  0.373549  0.715000
1391690100527582     399986  0.414505 -0.066215  0.363357  0.715000
1391690100620251     400034  0.290883 -0.083472  0.355737  0.715000
1391690100658701     400086  0.208954 -0.081035  0.330187  0.710000
1391690100733683     400138  0.183408 -0.052821  0.318747  0.704000
1391690100787426     400186  0.198649  0.005372  0.327626  0.681000
1391690100853104     400239  0.200068  0.069414  0.290160  0.646000
1391690100880848     400287  0.222143  0.101494  0.283993  0.634000
1391690100940554     400339  0.218311  0.110136  0.271182  0.623000
1391690100968266     400387  0.181256  0.105560  0.250085  0.623000
1391690101000242     400435  0.158851  0.097586  0.253059  0.629000
1391690101036344     400487  0.123986  0.113296  0.260202  0.629000
1391690101084813     400540  0.118689  0.149415  0.248863  0.629000
1391690101155533     400588  0.021909  0.194662  0.264004  0.634000
1391690101220872     400640  0.036874  0.255666  0.270655  0.663000
1391690101297540     400688  0.079320  0.300384  0.285500  0.675000
1391690101356650     400740  0.164618  0.327591  0.322865  0.675000
1391690101415623     400788  0.177384  0.332471  0.345924  0.686000
1391690101454203     400841  0.304820  0.285931  0.367992  0.692000
1391690101495725     400888  0.415158  0.295041  0.371037  0.692000
1391690101529870     400940  0.517500  0.194883  0.388752  0.692000
1391690101573180     400989  0.359341  0.236065  0.397666  0.692000
1391690101608854     401041  0.432830  0.125667  0.397378  0.692000
1391690101688722     401093  0.516243  0.032712  0.422902  0.698000
1391690101735351     401145  0.307350 -0.012260  0.425137  0.698000
1391690101793403     401197  0.141028  0.131985  0.433344  0.698000
1391690101850378     401246  0.265372  0.119919  0.437485  0.698000
1391690101880214     401298  0.340411  0.185506  0.439996  0.704000
1391690101918777     401345  0.483519  0.205847  0.461090  0.704000
1391690102002622     401398  0.635030  0.175590  0.491611  0.704000
1391690102023221     401446  0.689983  0.360356  0.478849  0.704000
1391690102113776     401498  0.689730  0.293233  0.493875  0.704000
1391690102176477     401546  0.710811  0.182301  0.505004  0.704000
1391690102186157     401598  0.832835  0.029072  0.513893  0.715000
1391690102227400     401647  0.915066 -0.044878  0.539216  0.727000
1391690102268239     401699  0.751130  0.071778  0.559784  0.727000
1391690102321640     401747  1.029472 -0.024953  0.576217  0.727000
1391690102424175     401799  1.072101  0.068761  0.570371  0.727000
1391690102452803     401848  0.962336  0.194552  0.570009  0.727000
1391690102489404     401899  0.861640  0.201279  0.595757  0.739000
1391690102554224     401947  0.800541  0.212093  0.618320  0.739000
1391690102587069     401999  0.789931  0.154377  0.627176  0.744000
1391690102630525     402051  0.776309  0.083403  0.641776  0.744000
1391690102696389     402099  0.757121  0.047159  0.632391  0.744000
1391690102752185     402152  0.799920  0.010208  0.640576  0.744000
1391690102786221     402200  0.825580 -0.029443  0.622125  0.744000
1391690102815973     402252  0.739832 -0.058470  0.604431  0.744000
1391690102895235     402304  0.660502 -0.064557  0.600628  0.744000
1391690102938672     402353  0.585470 -0.052859  0.578301  0.744000
1391690103020496     402409  0.473991 -0.051163  0.575626  0.744000
1391690103074568     402457  0.441522 -0.033122  0.545965  0.744000
1391690103097609     402509  0.365404 -0.064665  0.504510  0.710000
1391690103136987     402557  0.298001 -0.073285  0.467832  0.710000
1391690103212150     402605  0.295952 -0.060875  0.431282  0.698000
1391690103253881     402657  0.129341 -0.064863  0.378836  0.698000
1391690103324529     402705  0.047697 -0.077707  0.358725  0.698000
1391690103345318     402757 -0.046333 -0.104535  0.335301  0.698000
1391690103376979     402806 -0.082908 -0.125735  0.302415  0.698000
1391690103421847     402858 -0.095830 -0.147209  0.263745  0.698000
1391690103536330     402910 -0.061846 -0.119691  0.223368  0.698000
1391690103559065     402958 -0.058418 -0.090907  0.220863  0.704000
1391690103611607     403010 -0.051232 -0.066459  0.202893  0.715000
1391690103644995     403058 -0.069595 -0.070893  0.181233  0.715000
1391690103660178     403106 -0.002167 -0.083755  0.168187  0.715000
1391690103710449     403158  0.068627 -0.112013  0.159446  0.715000
1391690103743967     403211 -1.008605 -0.152948  0.159068  0.715000
1391690103832374     403259 -0.683994 -0.125087  0.097300  0.715000
1391690103869343     403311 -0.295325 -0.095200  0.074082  0.715000
1391690103939922     403359 -0.030827 -0.045116  0.053387  0.715000
1391690103962420     403412  1.242604  0.003135  0.001059  0.715000
1391690104002585     403463  0.984748  0.048661  0.008672  0.715000
1391690104049494     403511 -0.490120  0.110980 -0.047624  0.715000
1391690104090809     403559 -0.550270  0.185981 -0.055531  0.715000
1391690104133675     403612 -0.325311  0.233040 -0.071397  0.715000
1391690104221372     403660 -0.116413  0.221834 -0.088617  0.715000
1391690104264288     403712  0.032731  0.195898 -0.119472  0.715000
1391690104314543     403764  0.130899  0.144630 -0.129259  0.715000
1391690104365045     403812  0.184287  0.079894 -0.126410  0.715000
1391690104397267     403860  0.178519  0.019400 -0.130525  0.715000
1391690104463336     403913  0.114575 -0.028460 -0.145551  0.715000
1391690104509627     403965  0.042067 -0.069179 -0.137993  0.715000
1391690104539027     404013 -0.000889 -0.101130 -0.141818  0.715000
1391690104627520     404061 -0.049156 -0.103317 -0.143396  0.715000
1391690104687901     404113 -0.073310 -0.096907 -0.137923  0.715000
1391690104719129     404161 -0.079157 -0.068378 -0.149969  0.715000
1391690104780899     404213 -0.044443 -0.038567 -0.175913  0.715000
1391690104799495     404261 -0.012916  0.011752 -0.179302  0.715000
1391690104849648     404313  0.018141  0.034981 -0.203844  0.715000
1391690104884867     404362  0.034485  0.049797 -0.185807  0.715000
1391690104975922     404414  0.036968  0.088415 -0.178048  0.715000
1391690105028925     404466  0.017717  0.153943 -0.211973  0.715000
1391690105068167     404514  0.022670  0.189304 -0.182016  0.715000
1391690105120544     404566  0.018770  0.227907 -0.180392  0.715000
1391690105153289     404615 -0.022064  0.239942 -0.198292  0.715000
1391690105198720     404667 -0.077640  0.235651 -0.171131  0.715000
1391690105238263     404715 -0.094876  0.204208 -0.178769  0.715000
1391690105286754     404767 -0.102863  0.176472 -0.164719  0.715000
1391690105372873     404819 -0.101068  0.139221 -0.167948  0.715000
1391690105412796     404867 -0.100004  0.085873 -0.199251  0.715000
1391690105457950     404919 -0.096468  0.021583 -0.199300  0.715000
1391690105513094     404967 -0.141544 -0.031788 -0.184668  0.715000
1391690105535174     405020 -0.183387 -0.078714 -0.162178  0.715000
1391690105626206     405068 -0.183984 -0.103287 -0.172290  0.715000
1391690105684148     405120 -0.199904 -0.074677 -0.193245  0.715000
1391690105721209     405168 -0.180744 -0.017887 -0.186958  0.715000
1391690105757422     405220 -0.144463  0.053591 -0.172949  0.715000
1391690105799482     405268 -0.146010  0.131728 -0.184193  0.715000
1391690105844639     405320 -0.190168  0.201030 -0.173050  0.715000
1391690105888969     405369 -0.235461  0.238419 -0.187369  0.715000
1391690105976214     405421 -0.274519  0.266032 -0.210456  0.715000
1391690106028560     405468 -0.302971  0.271808 -0.207467  0.715000
1391690106053536     405521 -0.316605  0.226774 -0.200145  0.715000
1391690106097554     405569 -0.285202  0.163873 -0.218378  0.715000
1391690106138319     405621 -0.215448  0.104566 -0.225342  0.715000
1391690106232372     405669 -0.139155  0.041339 -0.239136  0.715000
1391690106275045     405721 -0.091973 -0.018998 -0.224384  0.715000
1391690106322578     405773 -0.065259 -0.084003 -0.236201  0.715000
1391690106359599     405822 -0.062566 -0.120554 -0.267660  0.715000
1391690106403945     405874 -0.047449 -0.147613 -0.250604  0.715000
1391690106448603     405926 -0.007211 -0.181768 -0.251606  0.715000
1391690106491947     405974  0.001206 -0.178162 -0.235005  0.715000
1391690106584530     406026  0.010211 -0.154840 -0.248442  0.715000
1391690106626411     406074  0.037372 -0.108872 -0.254903  0.715000
1391690106671329     406126  0.086148 -0.048477 -0.240557  0.715000
1391690106723005     406179  0.096125  0.031740 -0.246064  0.715000
1391690106757762     406226  0.103175  0.109401 -0.237935  0.715000
1391690106811920     406279  0.108443  0.189672 -0.234459  0.715000
1391690106844422     406327  0.159862  0.269423 -0.258859  0.715000
1391690106939452     406379  0.222959  0.391433 -0.278650  0.715000
1391690106984260     406427  0.222204  0.498278 -0.294492  0.715000
1391690107023931     406479  0.200053  0.572719 -0.300725  0.715000
