1391690069624111     368996     0     0     0     0     0     0     0     0   0
1391690069693294     369048     0     0     0     0     0     0     0     0   0
1391690069755318     369096     0     0     0     0     0     0     0     0   0
1391690069798217     369148     0     0     0     0     0     0     0     0   0
1391690069849043     369200     0     0     0     0     0     0     0     0   0
1391690069875577     369249     0     0     0     0     0     0     0     0   0
1391690069942490     369293     0     0     0     0     0     0     0     0   0
1391690069997690     369345     0     0     0     0     0     0     0     0   0
1391690070045756     369397     0     0     0     0     0     0     0     0   0
1391690070140268     369449     0     0     0     0     0     0     0     0   0
1391690070162860     369497     0     0     0     0     0     0     0     0   0
1391690070204773     369550     0     0     0     0     0     0     0     0   0
1391690070272490     369598     0     0     0     0     0     0     0     0   0
1391690070285014     369646     0     0     0     0     0     0     0     0   0
1391690070346360     369702     0     0     0     0     0     0     0     0   0
1391690070391035     369746     0     0     0     0     0     0     0     0   0
1391690070453088     369798     0     0     0     0     0     0     0     0   0
1391690070503351     369850     0     0     0     0     0     0     0     0   0
1391690070544911     369898     0     0     0     0     0     0     0     0   0
1391690070586478     369951     0     0     0     0     0     0     0     0   0
1391690070707161     370003     0     0     0     0     0     0     0     0   0
1391690070733204     370051     0     0     0     0     0     0     0     0   0
1391690070779052     370099     0     0     0     0     0     0     0     0   0
1391690070825469     370151     0     0     0     0     0     0     0     0   0
1391690070861049     370203     0     0     0     0     0     0     0     0   0
1391690070886846     370255     0     0     0     0     0     0     0     0   0
1391690070960760     370300     0     0     0     0     0     0     0     0   0
1391690070996657     370356     0     0     0     0     0     0     0     0   0
1391690071041420     370400     0     0     0     0     0     0     0     0   0
1391690071090840     370448     0     0     0     0     0     0     0     0   0
1391690071143233     370504     0     0     0     0     0     0     0     0   0
1391690071180390     370552     0     0     0     0     0     0     0     0   0
1391690071236130     370600     0     0     0     0     0     0     0     0   0
1391690071284368     370653     0     0     0     0     0     0     0     0   0
1391690071345254     370705     0     0     0     0     0     0     0     0   0
1391690071376000     370753     0     0     0     0     0     0     0     0   0
1391690071411956     370805     0     0     0     0     0     0     0     0   0
1391690071506982     370853     0     0     0     0     0     0     0     0   0
1391690071551853     370905     0     0     0     0     0     0     0     0   0
1391690071604007     370957     0     0     0     0     0     0     0     0   0
1391690071648171     371001     0     0     0     0     0     0     0     0   0
1391690071704184     371054     0     0     0     0     0     0     0     0   0
1391690071733212     371110     0     0     0     0     0     0     0     0   0
1391690071763924     371154     0     0     0     0     0     0     0     0   0
1391690071856820     371210     0     0     0     0     0     0     0     0   0
1391690071927345     371258     0     0     0     0     0     0     0     0   0
1391690071950091     371310     0     0     0     0     0     0     0     0   0
1391690072011523     371362     0     0     0     0     0     0     0     0   0
1391690072055390     371410     0     0     0     0     0     0     0     0   0
1391690072090441     371463     0     0     0     0     0     0     0     0   0
1391690072144596     371515     0     0     0     0     0     0     0     0   0
1391690072198379     371563     0     0     0     0     0     0     0     0   0
1391690072266674     371619     0     0     0     0     0     0     0     0   0
1391690072300586     371667     0     0     0     0     0     0     0     0   0
1391690072357108     371719     0     0     0     0     0     0     0     0   0
1391690072405274     371768     0     0     0     0     0     0     0     0   0
1391690072450248     371820     0     0     0     0     0     0     0     0   0
1391690072489889     371868     0     0     0     0     0     0     0     0   0
1391690072529876     371920     0     0     0     0     0     0     0     0   0
1391690072596794     371972     0     0     0     0     0     0     0     0   0
1391690072641798     372020     0     0     0     0     0     0     0     0   0
1391690072709263     372069     0     0     0     0     0     0     0     0   0
1391690072813995     372121     0     0     0     0     0     0     0     0   0
1391690072832993     372173     0     0     0     0     0     0     0     0   0
1391690072872478     372221     0     0     0     0     0     0     0     0   0
1391690072894653     372269     0     0     0     0     0     0     0     0   0
1391690072971183     372321     0     0     0     0     0     0     0     0   0
1391690073024391     372369     0     0     0     0     0     0     0     0   0
1391690073103948     372422     0     0     0     0     0     0     0     0   0
1391690073133846     372474     0     0     0     0     0     0     0     0   0
1391690073188485     372526     0     0     0     0     0     0     0     0   0
1391690073214911     372570     0     0     0     0     0     0     0     0   0
1391690073261788     372626     0     0     0     0     0     0     0     0   0
1391690073301959     372670     0     0     0     0     0     0     0     0   0
1391690073339212     372722     0     0     0     0     0     0     0     0   0
1391690073431313     372771     0     0     0     0     0     0     0     0   0
1391690073481358     372823     0     0     0     0     0     0     0     0   0
1391690073530800     372871     0     0     0     0     0     0     0     0   0
1391690073571381     372923     0     0     0     0     0     0     0     0   0
1391690073628590     372975     0     0     0     0     0     0     0     0   0
1391690073698637     373028     0     0     0     0     0     0     0     0   0
1391690073739530     373072     0     0     0     0     0     0     0     0   0
1391690073785218     373124     0     0     0     0     0     0     0     0   0
1391690073830620     373176     0     0     0     0     0     0     0     0   0
1391690073863560     373228     0     0     0     0     0     0     0     0   0
1391690073921843     373272     0     0     0     0     0     0     0     0   0
1391690073973329     373324     0     0     0     0     0     0     0     0   0
1391690074022443     373372     0     0     0     0     0     0     0     0   0
1391690074077109     373424     0     0     0     0     0     0     0     0   0
1391690074103873     373473     0     0     0     0     0     0     0     0   0
1391690074204213     373525     0     0     0     0     0     0     0     0   0
1391690074248348     373581     0     0     0     0     0     0     0     0   0
1391690074270543     373629     0     0     0     0     0     0     0     0   0
1391690074334224     373677     0     0     0     0     0     0     0     0   0
1391690074377173     373729     0     0     0     0     0     0     0     0   0
1391690074424453     373777     0     0     0     0     0     0     0     0   0
1391690074500847     373830     0     0     0     0     0     0     0     0   0
1391690074535275     373882     0     0     0     0     0     0     0     0   0
1391690074608759     373930     0     0     0     0     0     0     0     0   0
1391690074652168     373982     0     0     0     0     0     0     0     0   0
1391690074686940     374030     0     0     0     0     0     0     0     0   0
1391690074736020     374082     0     0     0     0     0     0     0     0   0
1391690074776992     374134     0     0     0     0     0     0     0     0   0
1391690074832865     374178     0     0     0     0     0     0     0     0   0
1391690074877596     374231     0     0     0     0     0     0     0     0   0
1391690074929668     374283     0     0     0     0     0     0     0     0   0
1391690074978844     374331    10    10    10    10     0     0     0     0   0
1391690075062906     374387    10    10    10    10     0     0     0     0   0
1391690075102302     374439    10    10    10    10     0     0     0     0   0
1391690075157328     374484    10    10    10    10     0     0     0     0   0
1391690075178075     374540    10    10    10    10     0     0     0     0   0
1391690075226256     374584    10    10    10    10     0     0     0     0   0
1391690075247074     374636    10    10    10    10     0     0     0     0   0
1391690075298593     374688    10    10    10    10     0     0     0     0   0
1391690075372101     374736    10    10    10    10     0     0     0     0   0
1391690075428692     374789    10    10    10    10     0     0     0     0   0
1391690075468045     374837    10    10    10    10     0     0     0     0   0
1391690075526817     374889    10    10    10    10     0     0     0     0   0
1391690075565469     374937    10    10    10    10     0     0     0     0   0
1391690075598353     374985    10    10    10    10     0     0     0     0   0
1391690075653980     375037    10    10    10    10     0     0     0     0   0
1391690075744882     375089    10    10    10    10     0     0     0     0   0
1391690075786725     375142    10    10    10    10     0     0     0     0   0
1391690075816874     375190    10    10    10    10     0     0     0     0   0
1391690075880597     375238    10    10    10    10     0     0     0     0   0
1391690075913066     375290    10    10    10    10     0     0     0     0   0
1391690076020260     375338    10    10    10    10     0     0     0     0   0
1391690076066899     375390    10    10    10    10     0     0     0     0   0
1391690076112374     375442    10    10    10    10     0     0     0     0   0
1391690076135997     375491    10    10    10    10     0     0     0     0   0
1391690076181259     375543    10    10    10    10     0     0     0     0   0
1391690076219993     375591    10    10    10    10     0     0     0     0   0
1391690076264231     375643    10    10    10    10     0     0     0     0   0
1391690076339280     375695    10    10    10    10     0     0     0     0   0
1391690076363846     375743    10    10    10    10     0     0     0     0   0
1391690076460399     375791    10    10    10    10     0     0     0     0   0
1391690076493499     375843    10    10    10    10     0     0     0     0   0
1391690076552376     375896    10    10    10    10     0     0     0     0   0
1391690076615243     375940    10    10    10    10     0     0     0     0   0
1391690076626662     375992    10    10    10    10     0     0     0     0   0
1391690076694363     376044    10    10    10    10     0     0     0     0   0
1391690076748646     376096    10    10    10    10     0     0     0     0   0
1391690076782009     376144   118   108   132    98     0     0     0     0   0
1391690076834888     376196   131   152   147   142     0     0     0     0   0
1391690076873664     376240   183   195   203   180     0     0     0     0   0
1391690076946211     376297   176   200   196   189     0     0     0     0   0
1391690076984653     376341   177   200   192   192     0     0     0     0   0
1391690077024229     376393   184   204   196   193     0     0     0     0   0
1391690077089494     376445   184   196   196   184     0     0     0     0   0
1391690077141587     376493   171   207   188   195     0     0     0     0   0
1391690077203274     376545   174   205   189   193     0     0     0     0   0
1391690077260085     376594   180   198   194   189     0     0     0     0   0
1391690077289442     376646   186   192   200   183     0     0     0     0   0
1391690077356631     376694   173   206   186   196     0     0     0     0   0
1391690077391573     376750   179   208   193   197     0     0     0     0   0
1391690077437580     376798   211   241   227   229     0     0     0     0   0
1391690077488628     376846   223   259   233   252     0     0     0     0   0
1391690077490777     376899   231   251   245   240     0     0     0     0   0
1391690077556265     376951   232   247   249   238     0     0     0     0   0
1391690077606287     376999   232   249   250   237     0     0     0     0   0
1391690077660484     377047   231   251   243   241     0     0     0     0   0
1391690077690742     377099   236   249   246   236     0     0     0     0   0
1391690077752106     377151   227   252   248   239     0     0     0     0   0
1391690077810670     377199   236   243   255   232     0     0     0     0   0
1391690077890165     377252   227   254   239   247     0     0     0     0   0
1391690077914745     377304   240   260   260   249     0     0     0     0   0
1391690077964087     377352   245   265   258   253     0     0     0     0   0
1391690078000460     377404   242   268   254   256     0     0     0     0   0
1391690078041232     377456   243   270   263   257     0     0     0     0   0
1391690078133737     377500   275   304   294   291     0     0     0     0   0
1391690078171943     377556   287   302   289   294     0     0     0     0   0
1391690078212990     377605   289   301   301   294     0     0     0     0   0
1391690078252713     377657   282   307   304   292     0     0     0     0   0
1391690078303423     377705   292   312   313   292     0     0     0     0   0
1391690078327557     377757   292   306   323   290     0     0     0     0   0
1391690078366855     377809   305   305   324   288     0     0     0     0   0
1391690078472899     377857   319   295   321   288     0     0     0     0   0
1391690078530579     377905   299   315   327   290     0     0     0     0   0
1391690078557454     377953   315   302   334   280     0     0     0     0   0
1391690078626236     378010   321   304   329   290     0     0     0     0   0
1391690078688446     378058   322   313   332   291     0     0     0     0   0
1391690078714572     378110   315   317   324   300     0     0     0     0   0
1391690078792279     378158   321   314   333   301     0     0     0     0   0
1391690078829998     378210   321   311   334   303     0     0     0     0   0
1391690078875863     378254   310   318   335   306     0     0     0     0   0
1391690078907359     378306   331   302   341   296     0     0     0     0   0
1391690078943527     378358   327   304   340   298     0     0     0     0   0
1391690079000554     378411   330   315   333   303     0     0     0     0   0
1391690079039089     378459   320   316   353   303     0     0     0     0   0
1391690079125825     378511   321   318   348   304     0     0     0     0   0
1391690079162737     378559   345   319   348   291     0     0     0     0   0
1391690079207271     378611   349   298   365   303     0     0     0     0   0
1391690079252556     378659   344   327   354   291     0     0     0     0   0
1391690079293749     378712   339   303   366   308     0     0     0     0   0
1391690079382704     378760   339   320   365   305     0     0     0     0   0
1391690079414470     378812   358   321   366   293     0     0     0     0   0
1391690079468432     378860   350   317   372   311     0     0     0     0   0
1391690079499371     378912   350   323   374   304     0     0     0     0   0
1391690079562682     378960   360   327   373   290     0     0     0     0   0
1391690079597995     379008   365   313   370   303     0     0     0     0   0
1391690079657895     379060   356   318   370   308     0     0     0     0   0
1391690079694333     379113   367   312   359   313     0     0     0     0   0
1391690079750638     379161   351   316   371   312     0     0     0     0   0
1391690079792955     379213   362   323   345   320     0     0     0     0   0
1391690079833443     379261   359   308   357   327     0     0     0     0   0
1391690079901595     379313   368   317   342   323     0     0     0     0   0
1391690080003094     379361   374   315   350   311     0     0     0     0   0
1391690080024690     379417   370   288   359   332     0     0     0     0   0
1391690080047128     379466   367   310   344   329     0     0     0     0   0
1391690080090872     379514   360   297   349   345     0     0     0     0   0
1391690080128456     379566   354   312   347   338     0     0     0     0   0
1391690080206835     379618   364   298   357   332     0     0     0     0   0
1391690080281400     379662   375   297   350   328     0     0     0     0   0
1391690080334637     379718   366   299   364   322     0     0     0     0   0
1391690080400379     379767   364   302   349   336     0     0     0     0   0
1391690080430135     379819   362   316   348   325     0     0     0     0   0
1391690080492723     379867   343   304   360   344     0     0     0     0   0
1391690080527391     379919   345   324   342   339     0     0     0     0   0
1391690080608818     379971   339   319   342   350     0     0     0     0   0
1391690080648584     380019   349   320   346   335     0     0     0     0   0
1391690080680154     380071   342   332   359   318     0     0     0     0   0
1391690080734049     380120   359   328   337   327     0     0     0     0   0
1391690080767073     380168   354   338   336   323     0     0     0     0   0
1391690080843960     380220   360   341   326   323     0     0     0     0   0
1391690080889451     380272   365   338   323   324     0     0     0     0   0
1391690080926350     380316   353   326   347   325     0     0     0     0   0
1391690080949670     380368   354   329   339   328     0     0     0     0   0
1391690080992975     380417   349   322   358   321     0     0     0     0   0
1391690081041853     380469   344   337   345   324     0     0     0     0   0
1391690081131059     380521   325   347   347   332     0     0     0     0   0
1391690081180052     380569   344   350   337   331     0     0     0     0   0
1391690081232743     380621   348   348   332   335     0     0     0     0   0
1391690081281554     380669   350   349   336   329     0     0     0     0   0
1391690081305096     380721   361   345   335   346     0     0     0     0   0
1391690081337301     380774   357   350   349   342     0     0     0     0   0
1391690081440948     380822   369   354   337   337     0     0     0     0   0
1391690081493488     380874   365   342   341   348     0     0     0     0   0
1391690081535161     380926   374   339   339   345     0     0     0     0   0
1391690081561705     380974   375   341   352   329     0     0     0     0   0
1391690081633371     381022   365   345   360   328     0     0     0     0   0
1391690081694611     381074   372   333   358   334     0     0     0     0   0
1391690081780510     381123   366   345   360   327     0     0     0     0   0
1391690081824817     381175   364   348   360   325     0     0     0     0   0
1391690081866022     381227   363   337   363   334     0     0     0     0   0
1391690081913101     381275   367   337   356   338     0     0     0     0   0
1391690081930001     381327   356   334   367   341     0     0     0     0   0
1391690081980141     381379   378   332   353   335     0     0     0     0   0
1391690082040124     381423   362   341   359   336     0     0     0     0   0
1391690082098029     381479   364   332   358   344     0     0     0     0   0
1391690082152958     381528   367   334   369   339     0     0     0     0   0
1391690082192224     381580   373   333   366   338     0     0     0     0   0
1391690082231177     381624   365   339   370   336     0     0     0     0   0
1391690082284199     381676   365   350   363   332     0     0     0     0   0
1391690082329287     381728   375   328   369   337     0     0     0     0   0
1391690082369697     381780   377   344   353   347     0     0     0     0   0
1391690082451966     381828   377   356   360   341     0     0     0     0   0
1391690082494227     381877   375   353   360   346     0     0     0     0   0
1391690082537679     381929   384   336   362   351     0     0     0     0   0
1391690082580174     381981   386   341   360   347     0     0     0     0   0
1391690082621768     382029   388   338   371   338     0     0     0     0   0
1391690082666513     382077   390   336   367   341     0     0     0     0   0
1391690082734577     382133   382   346   367   340     0     0     0     0   0
1391690082796520     382177   382   341   360   351     0     0     0     0   0
1391690082831414     382230   380   338   371   345     0     0     0     0   0
1391690082877243     382282   402   343   343   347     0     0     0     0   0
1391690082907532     382330   387   345   361   341     0     0     0     0   0
1391690082964749     382382   387   338   351   358     0     0     0     0   0
1391690083009102     382430   400   340   346   349     0     0     0     0   0
1391690083096463     382482   384   344   352   354     0     0     0     0   0
1391690083139223     382531   400   330   354   351     0     0     0     0   0
1391690083190421     382583   377   341   365   351     0     0     0     0   0
1391690083248107     382631   373   342   360   359     0     0     0     0   0
1391690083293884     382683   377   346   353   358     0     0     0     0   0
1391690083324979     382735   384   339   365   346     0     0     0     0   0
1391690083415316     382783   379   336   366   353     0     0     0     0   0
1391690083434063     382835   374   341   363   356     0     0     0     0   0
1391690083495287     382883   391   340   367   348     0     0     0     0   0
1391690083529188     382935   394   336   367   350     0     0     0     0   0
1391690083574666     382988   405   356   392   362     0     0     0     0   0
1391690083640984     383032   403   358   391   365     0     0     0     0   0
1391690083680840     383084   398   364   385   369     0     0     0     0   0
1391690083722346     383132   396   363   393   364     0     0     0     0   0
1391690083764589     383184   389   356   398   372     0     0     0     0   0
1391690083838336     383236   406   370   378   362     0     0     0     0   0
1391690083881861     383284   395   368   381   372     0     0     0     0   0
1391690083918997     383337   389   373   377   377     0     0     0     0   0
1391690083967622     383385   396   359   376   384     0     0     0     0   0
1391690083994588     383437   388   371   384   373     0     0     0     0   0
1391690084048571     383485   391   379   375   370     0     0     0     0   0
1391690084131400     383537   395   370   365   386     0     0     0     0   0
1391690084176323     383586   395   371   369   381     0     0     0     0   0
1391690084224077     383642   385   369   380   381     0     0     0     0   0
1391690084286205     383686   381   369   386   380     0     0     0     0   0
1391690084317468     383738   371   379   379   386     0     0     0     0   0
1391690084370962     383786   376   385   380   374     0     0     0     0   0
1391690084421970     383838   385   376   383   372     0     0     0     0   0
1391690084512318     383890   382   379   378   377     0     0     0     0   0
1391690084564193     383939   369   391   371   384     0     0     0     0   0
1391690084595528     383987   387   370   381   367     0     0     0     0   0
1391690084641242     384039   369   366   367   368     0     0     0     0   0
1391690084684460     384087   365   375   358   371     0     0     0     0   0
1391690084726179     384143   361   378   356   375     0     0     0     0   0
1391690084800577     384195   369   369   365   366     0     0     0     0   0
1391690084848591     384244   374   368   357   371     0     0     0     0   0
1391690084883068     384296   377   362   360   370     0     0     0     0   0
1391690084925712     384344   380   361   357   371     0     0     0     0   0
1391690084989759     384396   382   371   361   356     0     0     0     0   0
1391690085024800     384448   370   361   370   367     0     0     0     0   0
1391690085080712     384500   376   355   366   372     0     0     0     0   0
1391690085118966     384544   375   348   376   370     0     0     0     0   0
1391690085166458     384597   373   347   380   369     0     0     0     0   0
1391690085207997     384645   376   345   377   371     0     0     0     0   0
1391690085305242     384701   383   340   386   360     0     0     0     0   0
1391690085349631     384745   374   349   382   363     0     0     0     0   0
1391690085383447     384797   378   348   381   362     0     0     0     0   0
1391690085417766     384845   387   345   377   360     0     0     0     0   0
1391690085458920     384897   396   346   375   351     0     0     0     0   0
1391690085509919     384950   390   346   376   357     0     0     0     0   0
1391690085555650     385002   398   342   372   357     0     0     0     0   0
1391690085630994     385050   378   355   367   369     0     0     0     0   0
1391690085670798     385098   377   354   364   374     0     0     0     0   0
1391690085711282     385150   383   362   356   368     0     0     0     0   0
1391690085781769     385198   381   351   370   366     0     0     0     0   0
1391690085829835     385250   395   341   374   359     0     0     0     0   0
1391690085852166     385302   402   338   370   359     0     0     0     0   0
1391690085952681     385347   390   344   368   367     0     0     0     0   0
1391690086036262     385403   398   341   367   363     0     0     0     0   0
1391690086059403     385451   385   348   369   367     0     0     0     0   0
1391690086157374     385499   380   353   364   372     0     0     0     0   0
1391690086230080     385555   388   351   371   359     0     0     0     0   0
1391690086281284     385603   384   359   370   355     0     0     0     0   0
1391690086342325     385651   396   341   371   361     0     0     0     0   0
1391690086373676     385699   389   331   384   364     0     0     0     0   0
1391690086402251     385752   400   341   371   357     0     0     0     0   0
1391690086506122     385804   385   340   387   358     0     0     0     0   0
1391690086549400     385856   404   348   365   352     0     0     0     0   0
1391690086584985     385900   395   353   364   357     0     0     0     0   0
1391690086655035     385952   385   366   366   351     0     0     0     0   0
1391690086681811     386004   386   355   340   388     0     0     0     0   0
1391690086753235     386060   399   356   366   348     0     0     0     0   0
1391690086768476     386105   397   335   353   384     0     0     0     0   0
1391690086862485     386153   401   349   366   353     0     0     0     0   0
1391690086900985     386205   404   358   363   345     0     0     0     0   0
1391690086949311     386253   417   337   359   381     0     0     0     0   0
1391690087000350     386301   387   376   359   371     0     0     0     0   0
1391690087028551     386353   412   360   358   376     0     0     0     0   0
1391690087120489     386402   394   371   366   375     0     0     0     0   0
1391690087158164     386458   394   370   395   346     0     0     0     0   0
1391690087184655     386506   427   341   342   395     0     0     0     0   0
1391690087219315     386554   407   352   380   367     0     0     0     0   0
1391690087250473     386606   410   354   367   374     0     0     0     0   0
1391690087292391     386654   406   355   379   366     0     0     0     0   0
1391690087386342     386707   404   359   370   372     0     0     0     0   0
1391690087411513     386759   406   353   380   367     0     0     0     0   0
1391690087453260     386803   411   350   383   361     0     0     0     0   0
1391690087477183     386859   398   361   396   350     0     0     0     0   0
1391690087528083     386903   393   348   359   370     0     0     0     0   0
1391690087573741     386955   390   347   364   355     0     0     0     0   0
1391690087620040     387007   369   359   364   365     0     0     0     0   0
1391690087670879     387060   370   358   364   365     0     0     0     0   0
1391690087705508     387104   376   355   366   359     0     0     0     0   0
1391690087833411     387160   380   351   373   352     0     0     0     0   0
1391690087904276     387204   380   347   374   355     0     0     0     0   0
1391690087936373     387256   395   337   373   351     0     0     0     0   0
1391690087958805     387304   401   334   370   351     0     0     0     0   0
1391690087997722     387356   363   373   402   318     0     0     0     0   0
1391690088098733     387409   423   315   305   414     0     0     0     0   0
1391690088120878     387457   372   362   356   367     0     0     0     0   0
1391690088144756     387509   383   350   350   374     0     0     0     0   0
1391690088219212     387553   374   364   349   370     0     0     0     0   0
1391690088255268     387605   378   357   350   372     0     0     0     0   0
1391690088317523     387653   394   346   359   358     0     0     0     0   0
1391690088381157     387710   395   338   367   357     0     0     0     0   0
1391690088415159     387754   400   334   363   360     0     0     0     0   0
1391690088445205     387810   391   344   361   360     0     0     0     0   0
1391690088505552     387854   388   344   361   363     0     0     0     0   0
1391690088547114     387906   385   350   359   363     0     0     0     0   0
1391690088603044     387958   385   346   361   364     0     0     0     0   0
1391690088642150     388007   389   347   359   361     0     0     0     0   0
1391690088699982     388059   399   335   359   364     0     0     0     0   0
1391690088725848     388103   397   336   362   362     0     0     0     0   0
1391690088792623     388159   401   338   364   354     0     0     0     0   0
1391690088817705     388207   392   343   356   365     0     0     0     0   0
1391690088850725     388255   386   351   351   368     0     0     0     0   0
1391690088902142     388307   394   349   347   367     0     0     0     0   0
1391690088957749     388360   380   355   356   365     0     0     0     0   0
1391690089009280     388408   395   343   362   356     0     0     0     0   0
1391690089068609     388456   394   351   356   356     0     0     0     0   0
1391690089089730     388508   388   352   360   357     0     0     0     0   0
1391690089171537     388556   386   351   355   364     0     0     0     0   0
1391690089224111     388608   384   363   343   366     0     0     0     0   0
1391690089279424     388656   381   364   343   369     0     0     0     0   0
1391690089319385     388709   377   360   339   380     0     0     0     0   0
1391690089357642     388757   370   369   346   372     0     0     0     0   0
1391690089444234     388809   375   364   342   376     0     0     0     0   0
1391690089499643     388857   370   368   342   376     0     0     0     0   0
1391690089539881     388909   382   361   352   374     0     0     0     0   0
1391690089604384     388957   372   355   361   381     0     0     0     0   0
1391690089635065     389009   383   358   360   380     0     0     0     0   0
1391690089690714     389062   384   354   363   380     0     0     0     0   0
1391690089718853     389110   379   359   356   387     0     0     0     0   0
1391690089801837     389158   384   373   363   396     0     0     0     0   0
1391690089844481     389210   380   373   362   400     0     0     0     0   0
1391690089886620     389262   401   369   366   392     0     0     0     0   0
1391690089918135     389310   403   351   378   383     0     0     0     0   0
1391690090006675     389362   399   355   382   380     0     0     0     0   0
1391690090038716     389414   390   354   364   385     0     0     0     0   0
1391690090092422     389463   391   351   377   374     0     0     0     0   0
1391690090124822     389511   384   343   372   358     0     0     0     0   0
1391690090176642     389563   373   346   360   342     0     0     0     0   0
1391690090228287     389615   376   338   368   340     0     0     0     0   0
1391690090296021     389663   388   331   362   329     0     0     0     0   0
1391690090372714     389711   372   327   384   327     0     0     0     0   0
1391690090414608     389768   375   326   371   337     0     0     0     0   0
1391690090446389     389816   369   332   378   330     0     0     0     0   0
1391690090482640     389864   378   328   378   326     0     0     0     0   0
1391690090524298     389912   379   323   381   327     0     0     0     0   0
1391690090544116     389964   370   334   369   336     0     0     0     0   0
1391690090580163     390012   384   328   365   334     0     0     0     0   0
1391690090624540     390064   389   328   363   330     0     0     0     0   0
1391690090711419     390116   385   328   358   338     0     0     0     0   0
1391690090748473     390165   387   328   354   341     0     0     0     0   0
1391690090794766     390217   389   328   356   337     0     0     0     0   0
1391690090880286     390269   380   335   353   342     0     0     0     0   0
1391690090934777     390321   369   339   348   354     0     0     0     0   0
1391690090978946     390365   381   335   341   352     0     0     0     0   0
1391690091069808     390417   380   330   350   350     0     0     0     0   0
1391690091097305     390466   388   328   349   345     0     0     0     0   0
1391690091129409     390518   369   342   337   361     0     0     0     0   0
1391690091170174     390570   375   342   332   360     0     0     0     0   0
1391690091212639     390618   376   341   333   359     0     0     0     0   0
1391690091254090     390666   379   338   331   361     0     0     0     0   0
1391690091289347     390718   376   339   335   361     0     0     0     0   0
1391690091370993     390770   378   343   337   352     0     0     0     0   0
1391690091401583     390823   375   340   335   360     0     0     0     0   0
1391690091451461     390867   372   344   333   360     0     0     0     0   0
1391690091508929     390919   366   347   329   368     0     0     0     0   0
1391690091544031     390971   359   351   326   373     0     0     0     0   0
1391690091580218     391019   366   348   324   371     0     0     0     0   0
1391690091630095     391071   364   351   328   367     0     0     0     0   0
1391690091730299     391123   368   343   329   369     0     0     0     0   0
1391690091783440     391172   369   343   329   369     0     0     0     0   0
1391690091821286     391224   376   340   330   364     0     0     0     0   0
1391690091863360     391268   372   344   330   364     0     0     0     0   0
1391690091899303     391320   364   346   333   367     0     0     0     0   0
1391690091938353     391372   361   348   334   366     0     0     0     0   0
1391690091990942     391420   366   342   340   362     0     0     0     0   0
1391690092022248     391472   365   343   341   362     0     0     0     0   0
1391690092088035     391524   364   345   341   360     0     0     0     0   0
1391690092186522     391568   371   344   342   353     0     0     0     0   0
1391690092251856     391621   377   344   334   355     0     0     0     0   0
1391690092297723     391669   378   341   335   355     0     0     0     0   0
1391690092323066     391721   376   344   338   351     0     0     0     0   0
1391690092397623     391773   360   358   343   348     0     0     0     0   0
1391690092410699     391821   362   359   329   360     0     0     0     0   0
1391690092509014     391873   368   355   323   364     0     0     0     0   0
1391690092565038     391925   374   358   316   362     0     0     0     0   0
1391690092602261     391970   377   357   311   366     0     0     0     0   0
1391690092652787     392026   375   357   314   365     0     0     0     0   0
1391690092682380     392070   372   364   311   362     0     0     0     0   0
1391690092744335     392122   369   360   318   364     0     0     0     0   0
1391690092830034     392174   370   360   316   364     0     0     0     0   0
1391690092856693     392226   384   355   310   361     0     0     0     0   0
1391690092917117     392274   382   343   319   366     0     0     0     0   0
1391690092954945     392327   384   351   309   366     0     0     0     0   0
1391690092990274     392375   387   343   317   362     0     0     0     0   0
1391690093087510     392427   383   336   334   357     0     0     0     0   0
1391690093115589     392479   387   346   336   365     0     0     0     0   0
1391690093165877     392531   382   343   342   367     0     0     0     0   0
1391690093191263     392579   382   353   350   371     0     0     0     0   0
1391690093235448     392631   382   346   351   377     0     0     0     0   0
1391690093255866     392680   372   354   352   378     0     0     0     0   0
1391690093311565     392732   384   366   344   363     0     0     0     0   0
1391690093405745     392780   380   365   342   370     0     0     0     0   0
1391690093436714     392832   377   339   367   374     0     0     0     0   0
1391690093482698     392884   378   340   368   370     0     0     0     0   0
1391690093530335     392933   375   343   369   369     0     0     0     0   0
1391690093569383     392981   388   361   379   378     0     0     0     0   0
1391690093588677     393029   380   376   380   380     0     0     0     0   0
1391690093632203     393081   373   402   378   387     0     0     0     0   0
1391690093756587     393129   371   416   370   383     0     0     0     0   0
1391690093808409     393181   391   420   370   394     0     0     0     0   0
1391690093841009     393233   370   436   407   398     0     0     0     0   0
1391690093881457     393286   403   446   363   400     0     0     0     0   0
1391690093948378     393330   398   442   379   393     0     0     0     0   0
1391690093962747     393382   406   450   379   388     0     0     0     0   0
1391690094058995     393434   404   444   377   399     0     0     0     0   0
1391690094099071     393482   397   446   385   397     0     0     0     0   0
1391690094156317     393534   394   437   397   397     0     0     0     0   0
1391690094191537     393587   411   424   381   408     0     0     0     0   0
1391690094219936     393639   402   415   413   394     0     0     0     0   0
1391690094294217     393687   428   413   394   389     0     0     0     0   0
1391690094324429     393735   421   409   405   389     0     0     0     0   0
1391690094371150     393787   398   434   387   405     0     0     0     0   0
1391690094450069     393835   417   410   399   399     0     0     0     0   0
1391690094513770     393887   388   439   396   412     0     0     0     0   0
1391690094567527     393936   381   430   423   399     0     0     0     0   0
1391690094596460     393988   407   408   412   397     0     0     0     0   0
1391690094631379     394040   401   404   425   395     0     0     0     0   0
1391690094681565     394092   378   412   401   432     0     0     0     0   0
1391690094728894     394140   383   413   404   434     0     0     0     0   0
1391690094799993     394192   379   415   407   433     0     0     0     0   0
1391690094845818     394241   396   415   406   417     0     0     0     0   0
1391690094891950     394297   384   421   393   426     0     0     0     0   0
1391690094925135     394341   365   408   417   433     0     0     0     0   0
1391690094959825     394397   377   408   414   425     0     0     0     0   0
1391690095004085     394445   377   395   408   419     0     0     0     0   0
1391690095098163     394497   352   385   391   400     0     0     0     0   0
1391690095158953     394541   332   370   385   394     0     0     0     0   0
1391690095202511     394598   340   356   395   390     0     0     0     0   0
1391690095240740     394650   341   356   365   394     0     0     0     0   0
1391690095282122     394698   329   342   351   387     0     0     0     0   0
1391690095336267     394746   331   329   346   368     0     0     0     0   0
1391690095432240     394798   333   327   339   352     0     0     0     0   0
1391690095484599     394850   343   331   333   343     0     0     0     0   0
1391690095501896     394898   338   333   329   351     0     0     0     0   0
1391690095550361     394951   339   355   339   341     0     0     0     0   0
1391690095577852     394999   340   352   334   349     0     0     0     0   0
1391690095638478     395051   346   347   338   344     0     0     0     0   0
1391690095696478     395095   342   348   325   361     0     0     0     0   0
1391690095757560     395151   337   348   333   357     0     0     0     0   0
1391690095803267     395199   337   347   336   355     0     0     0     0   0
1391690095844572     395247   330   352   336   356     0     0     0     0   0
1391690095882154     395299   338   362   341   368     0     0     0     0   0
1391690095984311     395352   349   376   354   377     0     0     0     0   0
1391690095999654     395400   373   368   369   372     0     0     0     0   0
1391690096044345     395452   357   382   363   379     0     0     0     0   0
1391690096088335     395504   350   391   354   386     0     0     0     0   0
1391690096140178     395552   344   398   349   390     0     0     0     0   0
1391690096191433     395600   351   389   359   381     0     0     0     0   0
1391690096278667     395652   366   382   357   376     0     0     0     0   0
1391690096321417     395705   368   379   363   371     0     0     0     0   0
1391690096349949     395753   363   368   360   366     0     0     0     0   0
1391690096372676     395805   369   351   357   357     0     0     0     0   0
1391690096425464     395853   368   352   347   355     0     0     0     0   0
1391690096520128     395905   366   330   367   347     0     0     0     0   0
1391690096531166     395957   366   333   359   340     0     0     0     0   0
1391690096586592     396006   369   338   358   332     0     0     0     0   0
1391690096612186     396058   359   331   362   345     0     0     0     0   0
1391690096662679     396110   371   335   360   332     0     0     0     0   0
1391690096720110     396154   367   344   355   332     0     0     0     0   0
1391690096808370     396206   366   348   344   340     0     0     0     0   0
1391690096863202     396258   377   339   350   332     0     0     0     0   0
1391690096896882     396310   371   329   358   340     0     0     0     0   0
1391690096967024     396355   362   319   360   356     0     0     0     0   0
1391690097006178     396407   357   324   356   360     0     0     0     0   0
1391690097074238     396463   366   327   365   364     0     0     0     0   0
1391690097109838     396507   382   334   372   369     0     0     0     0   0
1391690097156612     396559   382   348   378   373     0     0     0     0   0
1391690097190081     396607   383   339   371   387     0     0     0     0   0
1391690097224483     396659   384   342   367   388     0     0     0     0   0
1391690097292574     396716   366   354   374   387     0     0     0     0   0
1391690097363916     396760   380   351   363   386     0     0     0     0   0
1391690097398360     396812   378   342   373   388     0     0     0     0   0
1391690097431739     396864   372   351   368   391     0     0     0     0   0
1391690097471644     396916   364   357   373   388     0     0     0     0   0
1391690097513368     396960   369   363   351   386     0     0     0     0   0
1391690097596313     397012   353   352   339   379     0     0     0     0   0
1391690097657885     397064   337   348   329   361     0     0     0     0   0
1391690097716395     397117   342   349   329   355     0     0     0     0   0
1391690097769788     397165   320   330   310   343     0     0     0     0   0
1391690097810333     397217   333   332   316   323     0     0     0     0   0
1391690097911753     397273   326   340   304   333     0     0     0     0   0
1391690097946811     397317   324   341   305   334     0     0     0     0   0
1391690097988269     397369   323   342   311   328     0     0     0     0   0
1391690098032888     397422   317   347   308   332     0     0     0     0   0
1391690098109685     397470   324   334   313   333     0     0     0     0   0
1391690098132192     397526   320   343   313   326     0     0     0     0   0
1391690098184406     397570   328   340   309   327     0     0     0     0   0
1391690098256469     397622   329   334   308   332     0     0     0     0   0
1391690098287445     397674   326   339   314   337     0     0     0     0   0
1391690098309434     397718   343   359   321   340     0     0     0     0   0
1391690098364424     397770   346   361   316   340     0     0     0     0   0
1391690098416685     397823   357   362   317   339     0     0     0     0   0
1391690098481660     397871   355   374   314   355     0     0     0     0   0
1391690098537953     397919   360   373   309   356     0     0     0     0   0
1391690098580765     397975   361   374   304   370     0     0     0     0   0
1391690098629056     398023   364   380   326   351     0     0     0     0   0
1391690098706351     398075   363   374   323   362     0     0     0     0   0
1391690098745821     398127   362   389   332   374     0     0     0     0   0
1391690098790575     398175   378   356   342   380     0     0     0     0   0
1391690098806629     398224   379   373   356   386     0     0     0     0   0
1391690098859004     398276   381   372   351   389     0     0     0     0   0
1391690098912266     398328   386   371   364   384     0     0     0     0   0
1391690098994229     398376   376   377   364   389     0     0     0     0   0
1391690099029236     398424   357   402   352   395     0     0     0     0   0
1391690099077272     398476   364   399   349   403     0     0     0     0   0
1391690099123543     398528   358   405   346   406     0     0     0     0   0
1391690099174455     398577   347   413   339   418     0     0     0     0   0
1391690099234065     398633   366   387   353   410     0     0     0     0   0
1391690099297077     398677   349   395   349   423     0     0     0     0   0
1391690099365668     398729   368   387   354   407     0     0     0     0   0
1391690099382150     398777   375   379   356   406     0     0     0     0   0
1391690099428349     398829   353   400   345   417     0     0     0     0   0
1391690099476169     398877   367   382   342   424     0     0     0     0   0
1391690099532857     398934   352   385   358   420     0     0     0     0   0
1391690099562801     398982   357   391   349   419     0     0     0     0   0
1391690099603799     399034   357   387   360   411     0     0     0     0   0
1391690099678464     399082   360   393   345   418     0     0     0     0   0
1391690099714253     399134   371   381   358   406     0     0     0     0   0
1391690099759432     399186   384   379   350   403     0     0     0     0   0
1391690099827001     399235   379   381   353   403     0     0     0     0   0
1391690099884795     399287   385   376   362   392     0     0     0     0   0
1391690099947092     399335   375   384   351   406     0     0     0     0   0
1391690099978509     399383   362   394   346   414     0     0     0     0   0
1391690100034189     399435   356   407   337   416     0     0     0     0   0
1391690100074240     399483   382   387   346   400     0     0     0     0   0
1391690100142065     399535   385   385   354   392     0     0     0     0   0
1391690100196960     399588   381   386   359   390     0     0     0     0   0
1391690100220955     399636   381   385   350   400     0     0     0     0   0
1391690100280580     399688   377   390   343   406     0     0     0     0   0
1391690100328100     399736   374   386   348   409     0     0     0     0   0
1391690100341093     399788   369   388   343   416     0     0     0     0   0
1391690100440493     399836   370   385   336   414     0     0     0     0   0
1391690100448808     399888   359   377   326   394     0     0     0     0   0
1391690100488209     399936   352   371   347   387     0     0     0     0   0
1391690100580796     399985   347   376   342   391     0     0     0     0   0
1391690100620419     400037   352   377   342   386     0     0     0     0   0
1391690100658822     400085   353   366   347   380     0     0     0     0   0
1391690100733834     400137   352   372   332   377     0     0     0     0   0
1391690100815162     400193   339   364   318   366     0     0     0     0   0
1391690100853300     400237   322   345   298   350     0     0     0     0   0
1391690100881111     400294   319   332   304   335     0     0     0     0   0
1391690100940747     400346   310   330   299   331     0     0     0     0   0
1391690100968459     400394   316   323   301   329     0     0     0     0   0
1391690101000490     400446   317   328   305   330     0     0     0     0   0
1391690101036779     400494   316   333   301   331     0     0     0     0   0
1391690101112165     400542   315   336   303   327     0     0     0     0   0
1391690101156164     400598   317   355   298   346     0     0     0     0   0
1391690101221179     400646   336   365   308   354     0     0     0     0   0
1391690101297978     400698   336   366   314   359     0     0     0     0   0
1391690101356925     400743   335   364   310   366     0     0     0     0   0
1391690101416090     400791   331   375   309   382     0     0     0     0   0
1391690101454548     400847   330   381   306   392     0     0     0     0   0
1391690101496252     400895   351   356   315   387     0     0     0     0   0
1391690101530111     400943   343   361   314   392     0     0     0     0   0
1391690101607445     400995   337   368   320   385     0     0     0     0   0
1391690101650871     401043   346   350   323   390     0     0     0     0   0
1391690101688874     401095   353   363   315   392     0     0     0     0   0
1391690101735535     401148   337   368   332   385     0     0     0     0   0
1391690101793620     401196   352   367   325   379     0     0     0     0   0
1391690101850764     401248   354   358   325   385     0     0     0     0   0
1391690101917610     401300   360   363   318   393     0     0     0     0   0
1391690101945322     401344   352   373   312   397     0     0     0     0   0
1391690102002700     401396   362   360   314   398     0     0     0     0   0
1391690102054251     401445   362   367   314   391     0     0     0     0   0
1391690102113847     401497   353   370   318   393     0     0     0     0   0
1391690102176780     401549   342   384   311   398     0     0     0     0   0
1391690102186421     401597   348   386   311   412     0     0     0     0   0
1391690102227469     401645   349   395   324   413     0     0     0     0   0
1391690102268285     401697   355   406   310   410     0     0     0     0   0
1391690102373259     401749   361   393   305   423     0     0     0     0   0
1391690102424298     401798   354   388   317   422     0     0     0     0   0
1391690102452993     401850   348   413   312   421     0     0     0     0   0
1391690102489626     401902   355   401   331   419     0     0     0     0   0
1391690102554469     401950   369   390   324   423     0     0     0     0   0
1391690102587131     401998   375   381   336   424     0     0     0     0   0
1391690102630642     402050   382   383   340   411     0     0     0     0   0
1391690102696464     402098   356   400   328   432     0     0     0     0   0
1391690102752303     402150   361   387   341   427     0     0     0     0   0
1391690102786362     402203   356   397   331   432     0     0     0     0   0
1391690102816099     402255   374   382   338   421     0     0     0     0   0
1391690102895405     402303   359   395   347   414     0     0     0     0   0
1391690102993686     402351   361   397   339   419     0     0     0     0   0
1391690103020170     402403   356   390   354   416     0     0     0     0   0
1391690103074507     402455   374   377   370   395     0     0     0     0   0
1391690103097576     402499   351   369   340   387     0     0     0     0   0
1391690103136945     402556   349   372   343   382     0     0     0     0   0
1391690103212022     402600   338   368   340   375     0     0     0     0   0
1391690103253833     402656   337   368   346   371     0     0     0     0   0
1391690103324499     402700   344   360   359   359     0     0     0     0   0
1391690103345236     402752   344   361   355   362     0     0     0     0   0
1391690103376948     402804   350   357   356   358     0     0     0     0   0
1391690103421813     402856   351   355   357   358     0     0     0     0   0
1391690103492028     402904   346   355   358   363     0     0     0     0   0
1391690103559021     402956   351   358   359   367     0     0     0     0   0
1391690103611566     403005   351   357   361   365     0     0     0     0   0
1391690103644962     403049   354   365   369   370     0     0     0     0   0
1391690103660143     403101   357   361   365   375     0     0     0     0   0
1391690103710316     403153   359   361   360   377     0     0     0     0   0
1391690103743902     403205   338   383   385   350     0     0     0     0   0
1391690103832318     403258   370   356   355   376     0     0     0     0   0
1391690103869292     403306   372   358   363   363     0     0     0     0   0
1391690103939567     403358   377   356   359   364     0     0     0     0   0
1391690103962385     403402   405   325   337   389     0     0     0     0   0
1391690104002491     403454   374   361   364   358     0     0     0     0   0
1391690104049377     403502   357   383   392   324     0     0     0     0   0
1391690104090653     403554   387   355   368   347     0     0     0     0   0
1391690104133617     403606   371   367   362   356     0     0     0     0   0
1391690104188707     403659   379   354   358   366     0     0     0     0   0
1391690104264228     403707   378   359   360   359     0     0     0     0   0
1391690104314481     403755   368   360   361   367     0     0     0     0   0
1391690104364955     403807   381   344   377   356     0     0     0     0   0
1391690104397167     403859   377   349   377   355     0     0     0     0   0
1391690104463324     403911   378   347   383   348     0     0     0     0   0
1391690104509503     403959   375   349   385   349     0     0     0     0   0
1391690104538858     404011   373   350   376   357     0     0     0     0   0
1391690104600800     404056   373   353   377   354     0     0     0     0   0
1391690104687823     404112   376   351   378   351     0     0     0     0   0
1391690104719064     404156   374   355   372   355     0     0     0     0   0
1391690104780827     404208   371   357   371   357     0     0     0     0   0
1391690104799435     404256   374   360   368   355     0     0     0     0   0
1391690104849577     404308   376   354   372   355     0     0     0     0   0
1391690104884813     404356   370   366   364   357     0     0     0     0   0
1391690104941025     404409   383   354   371   349     0     0     0     0   0
1391690105028863     404461   384   357   374   343     0     0     0     0   0
1391690105068096     404505   372   370   355   360     0     0     0     0   0
1391690105120490     404557   374   365   361   357     0     0     0     0   0
1391690105153224     404609   380   362   368   348     0     0     0     0   0
1391690105198660     404661   369   367   374   348     0     0     0     0   0
1391690105237964     404713   370   364   371   351     0     0     0     0   0
1391690105286631     404761   363   371   363   360     0     0     0     0   0
1391690105330105     404814   363   369   364   360     0     0     0     0   0
1391690105412671     404866   372   354   380   351     0     0     0     0   0
1391690105457931     404914   366   358   378   355     0     0     0     0   0
1391690105512893     404966   360   359   386   351     0     0     0     0   0
1391690105585484     405014   365   358   372   361     0     0     0     0   0
1391690105626395     405070   360   363   380   353     0     0     0     0   0
1391690105684276     405118   362   366   375   354     0     0     0     0   0
1391690105721651     405171   363   371   365   358     0     0     0     0   0
1391690105757597     405219   370   368   365   354     0     0     0     0   0
1391690105799518     405267   373   367   372   345     0     0     0     0   0
1391690105844756     405319   376   364   377   341     0     0     0     0   0
1391690105937753     405371   369   371   374   342     0     0     0     0   0
1391690105976345     405423   378   365   378   336     0     0     0     0   0
1391690106028753     405471   370   370   376   341     0     0     0     0   0
1391690106053583     405515   375   355   386   340     0     0     0     0   0
1391690106097696     405572   376   352   387   341     0     0     0     0   0
1391690106182902     405624   388   344   382   343     0     0     0     0   0
1391690106232559     405672   381   350   381   345     0     0     0     0   0
1391690106275208     405724   378   345   384   350     0     0     0     0   0
1391690106322765     405772   375   344   385   353     0     0     0     0   0
1391690106360085     405824   381   343   384   348     0     0     0     0   0
1391690106405669     405872   380   343   381   353     0     0     0     0   0
1391690106448757     405924   371   349   380   357     0     0     0     0   0
1391690106534772     405977   372   349   380   355     0     0     0     0   0
1391690106584712     406025   378   346   378   354     0     0     0     0   0
1391690106627411     406077   377   351   375   354     0     0     0     0   0
1391690106671473     406129   382   352   371   351     0     0     0     0   0
1391690106723094     406181   390   345   376   346     0     0     0     0   0
1391690106758125     406229   389   349   372   346     0     0     0     0   0
1391690106812054     406281   397   347   369   344     0     0     0     0   0
1391690106892610     406325   400   351   366   340     0     0     0     0   0
1391690106940161     406378   407   352   356   341     0     0     0     0   0
1391690106984534     406430   405   358   362   332     0     0     0     0   0
1391690107024043     406478   409   347   367   334     0     0     0     0   0
