1391690069798047 128 #audio: RC signal regained
1391690069876000 128 #audio: warning: reject SEATBELT
1391690071809359   0 #audio: warning: reject SEATBELT
1391690073830785 128 #audio: warning: reject SEATBELT
1391690075063642 128 [cmd] ARMED by RC
1391690075177828   0 [cmd] state: arm 2, main 0, nav 1
1391690075817866 128 #audio: warning: reject SEATBELT
1391690077849359 128 #audio: warning: reject SEATBELT
1391690079833260   0 #audio: warning: reject SEATBELT
1391690081913137 128 #audio: warning: reject SEATBELT
1391690083882314 128 #audio: warning: reject SEATBELT
1391690085952576 128 #audio: warning: reject SEATBELT
1391690086681971 128 #audio: CRITICAL: RC SIGNAL LOST
1391690086768927 128 #audio: FAILSAFE: ALT HOLD (LAND)
1391690086948826 128 #audio: CRITICAL: RC SIGNAL LOST
1391690087028323 128 #audio: FAILSAFE: ALT HOLD (LAND)
1391690087158466   0 #audio: RC signal regained
1391690087250022 128 #audio: CRITICAL: RC SIGNAL LOST
1391690087369918 128 #audio: FAILSAFE: ALT HOLD (LAND)
1391690087453579 128 #audio: RC signal regained
1391690087573141 128 #audio: CRITICAL: RC SIGNAL LOST
1391690087620491 128 #audio: FAILSAFE: ALT HOLD (LAND)
1391690087766247 128 [cmd] state: arm 2, main 0, nav 2
1391690087936221 128 #audio: RC signal regained
1391690088026454 128 [cmd] state: arm 2, main 0, nav 1
1391690088121360 128 #audio: FAILSAFE: ALT HOLD (LAND)
1391690088255236 128 [cmd] state: arm 2, main 0, nav 2
1391690088381742 128 #audio: RC signal regained
1391690088458987 128 [cmd] state: arm 2, main 0, nav 1
1391690088602948 128 #audio: warning: reject SEATBELT
1391690088724961 128 #audio: CRITICAL: RC SIGNAL LOST
1391690088793342 128 #audio: FAILSAFE: ALT HOLD (LAND)
1391690088870081 128 [cmd] state: arm 2, main 0, nav 2
1391690089042749 128 #audio: RC signal regained
1391690089119089  61 [cmd] state: arm 2, main 0, nav 1
1391690089950872 128 #audio: warning: reject SEATBELT
1391690091969186 128 #audio: warning: reject SEATBELT
1391690094006970 128 #audio: warning: reject SEATBELT
1391690096000041 128 #audio: warning: reject SEATBELT
1391690098068525 128 #audio: warning: reject SEATBELT
1391690100098522 128 #audio: warning: reject SEATBELT
1391690102022553 128 #audio: warning: reject SEATBELT
1391690103799573   0 #audio: CRITICAL: RC SIGNAL LOST
1391690104002666   0 [cmd] state: arm 2, main 0, nav 2
1391690104133078 128 #audio: RC signal regained
1391690104221925 128 [cmd] state: arm 2, main 0, nav 1
1391690104364520 128 #audio: warning: reject SEATBELT
1391690104463501  16 #audio: CRITICAL: RC SIGNAL LOST
1391690104600239 128 #audio: FAILSAFE: ALT HOLD (LAND)
1391690104718833 128 [cmd] state: arm 2, main 0, nav 2
