1391690070045393          4          4          4   789 11419     0     0     0     0     0     0     0   0
1391690071143553          4          4          4   804 11422     0     0     0     0     0     0     0   0
1391690072299166          4          4          4   813 11425     0     0     0     0     0     0     0   0
1391690073397413          4          4          4   810 11428     0     0     0     0     0     0     0   0
1391690074535055          4          4          4   813 11430     0     0     0     0     0     0     0   0
1391690075598723          4          4          4   811 11416     0     0     0     0     0     0     0   0
1391690076781488          4          4          4   829 11333     0     0     0     0     0     0     0   0
1391690077854966          4          4          4   822 11285     0     0     0     0     0     0     0   0
1391690079000001          4          4          4   822 11178     0     0     0     0     0     0     0   0
1391690080090534          4          4          4   828 11075     0     0     0     0     0     0     0   0
1391690081232940          4          4          4   834 11036     0     0     0     0     0     0     0   0
1391690082368648          4          4          4   841 10992     0     0     0     0     0     0     0   0
1391690083434734          4          4          4   825 10954     0     0     0     0     0     0     0   0
1391690084595579          4          4          4   839 10904     0     0     0     0     0     0     0   0
1391690085710974          4          4          4   820 10896     0     0     0     0     0     0     0   0
1391690086949275          4          4          4   831 10883     0     0     0     0     0     0     0   0
1391690088052525          4          4          4   829 10865     0     0     0     0     0     0     0   0
1391690089171375          4          4          4   813 10862     0     0     0     0     0     0     0   0
1391690090329259          4          4          4   825 10851     0     0     0     0     0     0     0   0
1391690091450562          4          4          4   825 10860     0     0     0     0     0     0     0   0
1391690092601980          4          4          4   826 10859     0     0     0     0     0     0     0   0
1391690093632079          4          4          4   810 10858     0     0     0     0     0     0     0   0
1391690094800218          4          4          4   815 10792     0     0     0     0     0     0     0   0
1391690095925664          4          4          4   815 10805     0     0     0     0     0     0     0   0
1391690097079429          4          4          4   824 10832     0     0     0     0     0     0     0   0
1391690098184302          4          4          4   827 10847     0     0     0     0     0     0     0   0
1391690099317277          4          4          4   811 10840     0     0     0     0     0     0     0   0
1391690100440666          4          4          4   831 10813     0     0     0     0     0     0     0   0
1391690101573328          4          4          4   828 10831     0     0     0     0     0     0     0   0
1391690102696964          4          4          4   820 10819     0     0     0     0     0     0     0   0
1391690103832482          4          4          4   817 10806     0     0     0     0     0     0     0   0
1391690104940407          4          4          4   803 10804     0     0     0     0     0     0     0   0
1391690106053068          4          4          4   784 10805     0     0     0     0     0     0     0   0
