1391690069624544  0.000000  0.000000  0.000000 -0.000000    96     0
1391690069756481  0.000000  0.000000  0.000000 -0.000000    96     0
1391690069874955  0.000000  0.000000  0.000000 -0.000000    96     0
1391690069997072  0.000000  0.000000  0.000000 -0.000000    96     0
1391690070098619  0.000000  0.000000  0.000000 -0.000000    96     0
1391690070205390  0.000000  0.000000  0.000000 -0.000000    96     0
1391690070285821  0.000000  0.000000  0.000000 -0.000000    96     0
1391690070391329  0.000000  0.000000  0.000000 -0.000000    96     0
1391690070541441  0.000000  0.000000  0.000000 -0.000000    96     0
1391690070653863  0.000000  0.000000  0.000000 -0.000000    97     0
1391690070734388  0.000000  0.000000  0.000000 -0.000000    97     0
1391690070826652  0.000000  0.000000  0.000000 -0.000000    97     0
1391690070953937  0.000000  0.000000  0.000000 -0.000000    96     0
1391690071040658  0.000000  0.000000  0.000000 -0.000000    96     0
1391690071142527  0.000000  0.000000  0.000000 -0.000000    96     0
1391690071235560  0.000000  0.000000  0.000000 -0.000000    96     0
1391690071345033  0.000000  0.000000  0.000000 -0.000000    97     0
1391690071411643  0.000000  0.000000  0.000000 -0.000000    96     0
1391690071508222  0.000000  0.000000  0.000000 -0.000000    96     0
1391690071647579  0.000000  0.000000  0.000000 -0.000000    97     0
1391690071733091  0.000000  0.000000  0.000000 -0.000000    96     0
1391690071810582  0.000000  0.000000  0.000000 -0.000000    96     0
1391690071950387  0.000000  0.000000  0.000000 -0.000000    97     0
1391690072056807  0.000000  0.000000  0.000000 -0.000000    96     0
1391690072144686  0.000000  0.000000  0.000000 -0.000000    96     0
1391690072266836  0.000000  0.000000  0.000000 -0.000000    96     0
1391690072357430  0.000000  0.000000  0.000000 -0.000000    96     0
1391690072451063  0.000000  0.000000  0.000000 -0.000000    96     0
1391690072596249  0.000000  0.000000  0.000000 -0.000000    96     0
1391690072708909  0.000000  0.000000  0.000000 -0.000000    96     0
1391690072832861  0.000000  0.000000  0.000000 -0.000000    96     0
1391690072919576  0.000000  0.000000  0.000000 -0.000000    97     0
1391690073025551  0.000000  0.000000  0.000000 -0.000000    96     0
1391690073188023  0.000000  0.000000  0.000000 -0.000000    96     0
1391690073260619  0.000000  0.000000  0.000000 -0.000000    96     0
1391690073338870  0.000000  0.000000  0.000000 -0.000000    96     0
1391690073433434  0.000000  0.000000  0.000000 -0.000000    96     0
1391690073571126  0.000000  0.000000  0.000000 -0.000000    96     0
1391690073665872  0.000000  0.000000  0.000000 -0.000000    96     0
1391690073785111  0.000000  0.000000  0.000000 -0.000000    96     0
1391690073864428  0.000000  0.000000  0.000000 -0.000000    96     0
1391690073973815  0.000000  0.000000  0.000000 -0.000000    96     0
1391690074077544  0.000000  0.000000  0.000000 -0.000000    96     0
1391690074204651  0.000000  0.000000  0.000000 -0.000000    96     0
1391690074270962  0.000000  0.000000  0.000000 -0.000000    96     0
1391690074421302  0.000000  0.000000  0.000000 -0.000000    96     0
1391690074501230  0.000000  0.000000  0.000000 -0.000000    96     0
1391690074609033  0.000000  0.000000  0.000000 -0.000000    96     0
1391690074687166  0.000000  0.000000  0.000000 -0.000000    96     0
1391690074777568  0.000000  0.000000  0.000000 -0.000000    96     0
1391690074929192  0.000000  0.000000  0.000000 -0.000000    96     0
1391690075032846  0.000000  0.000000  0.000000 -0.000000    96     0
1391690075157083  0.000000  0.000000  0.000000 -0.000000    96     0
1391690075224563  0.000000  0.000000  0.000000 -0.000000    96     0
1391690075298174  0.000000  0.000000  0.000000 -0.000000    96     0
1391690075372635  0.000000  0.000000  0.000000 -0.000000    96     0
1391690075526904  0.000000  0.000000  0.000000 -0.000000   100     0
1391690075598571  0.000000  0.000000  0.000000 -0.000000   102     0
1391690075745107  0.000000  0.000000  0.000000 -0.000000   101     0
1391690075817503  0.000000  0.000000  0.000000 -0.000000   103     0
1391690075913253  0.000000  0.000000  0.000000 -0.000000   102     0
1391690076067208  0.000000  0.000000  0.000000 -0.000000    99     0
1391690076136124  0.000000  0.000000  0.000000 -0.000000   101     0
1391690076220338  0.000000  0.000000  0.000000 -0.000000   104     0
1391690076339428  0.000000  0.000000  0.000000 -0.000000   105     0
1391690076475396  0.000000  0.000000  0.000000 -0.000000   104     0
1391690076552574  0.000000  0.000000  0.000000 -0.000000   104     0
1391690076627221  0.000000  0.000000  0.000000 -0.000000   104     0
1391690076748868  0.000000  0.000000  0.000000 -0.000000   104     0
1391690076872871  0.000000  0.000000  0.000000 -0.000000   104 18415
1391690076946443  0.000000  0.000000  0.000000 -0.000000   102 24509
1391690077024650  0.000000  0.000000  0.000000 -0.000000   101 24509
1391690077202987  0.000000  0.000000  0.000000 -0.000000   101 24509
1391690077312875  0.000000  0.000000  0.000000 -0.000000   102 24509
1391690077391908  0.000000  0.000000  0.000000 -0.000000   102 24509
1391690077488973  0.000000  0.000000  0.000000 -0.000000   101 29228
1391690077556936  0.000000  0.000000  0.000000 -0.000000   101 31128
1391690077690385  0.000000  0.000000  0.000000 -0.000000   101 31128
1391690077810231  0.000000  0.000000  0.000000 -0.000000   101 31128
1391690077891059  0.000000  0.000000  0.000000 -0.000000   101 31128
1391690078000218  0.000000  0.000000  0.000000 -0.000000   101 32832
1391690078078040  0.000000  0.000000  0.000000 -0.000000   101 33225
1391690078212599  0.000000  0.000000  0.000000 -0.000000   101 37747
1391690078302324  0.000000  0.000000  0.000000 -0.000000   101 38140
1391690078366616  0.000000  0.000000  0.000000 -0.000000   102 38927
1391690078474005  0.000000  0.000000  0.000000 -0.000000   103 39320
1391690078625738  0.000000  0.000000  0.000000 -0.000000   104 39648
1391690078714246  0.000000  0.000000  0.000000 -0.000000   105 40434
1391690078829819  0.000000  0.000000  0.000000 -0.000000   105 40827
1391690078907285  0.000000  0.000000  0.000000 -0.000000   106 40827
1391690079038290  0.000000  0.000000  0.000000 -0.000000   107 40827
1391690079126027  0.000000  0.000000  0.000000 -0.000000   108 41548
1391690079207451  0.000000  0.000000  0.000000 -0.000000   109 41941
1391690079338808  0.000000  0.000000  0.000000 -0.000000   110 42728
1391690079467525  0.000000  0.000000  0.000000 -0.000000   112 43055
1391690079562382  0.000000  0.000000  0.000000 -0.000000   113 43449
1391690079616179  0.000000  0.000000  0.000000 -0.000000   113 43449
1391690079750260  0.000000  0.000000  0.000000 -0.000000   114 43449
1391690079833131  0.000000  0.000000  0.000000 -0.000000   114 43449
1391690079963850  0.000000  0.000000  0.000000 -0.000000   114 43449
1391690080046878  0.000000  0.000000  0.000000 -0.000000   115 43449
1391690080128346  0.000000  0.000000  0.000000 -0.000000   115 43449
1391690080281129  0.000000  0.000000  0.000000 -0.000000   115 43449
1391690080400092  0.000000  0.000000  0.000000 -0.000000   114 43449
1391690080492361  0.000000  0.000000  0.000000 -0.000000   114 43449
1391690080569711  0.000000  0.000000  0.000000 -0.000000   113 43449
1391690080680033  0.000000  0.000000  0.000000 -0.000000   113 43449
1391690080812296  0.000000  0.000000  0.000000 -0.000000   113 43449
1391690080889662  0.000000  0.000000  0.000000 -0.000000   113 43449
1391690080949883  0.000000  0.000000  0.000000 -0.000000   113 43449
1391690081096911  0.000000  0.000000  0.000000 -0.000000   112 43449
1391690081180859  0.000000  0.000000  0.000000 -0.000000   111 43449
1391690081282017  0.000000  0.000000  0.000000 -0.000000   110 43842
1391690081400743  0.000000  0.000000  0.000000 -0.000000   109 44956
1391690081494134  0.000000  0.000000  0.000000 -0.000000   108 44956
1391690081562150  0.000000  0.000000  0.000000 -0.000000   109 44956
1391690081743889  0.000000  0.000000  0.000000 -0.000000   109 44956
1391690081825355  0.000000  0.000000  0.000000 -0.000000   109 44956
1391690081913463  0.000000  0.000000  0.000000 -0.000000   109 44956
1391690082019888  0.000000  0.000000  0.000000 -0.000000   109 44956
1391690082098353  0.000000  0.000000  0.000000 -0.000000   109 44956
1391690082192672  0.000000  0.000000  0.000000 -0.000000   109 45349
1391690082328557  0.000000  0.000000  0.000000 -0.000000   109 45349
1391690082441037  0.000000  0.000000  0.000000 -0.000000   110 46135
1391690082537539  0.000000  0.000000  0.000000 -0.000000   110 46135
1391690082621962  0.000000  0.000000  0.000000 -0.000000   111 46135
1391690082735486  0.000000  0.000000  0.000000 -0.000000   111 46135
1391690082876729  0.000000  0.000000  0.000000 -0.000000   110 46135
1391690082964310  0.000000  0.000000  0.000000 -0.000000   111 46135
1391690083075846  0.000000  0.000000  0.000000 -0.000000   111 46135
1391690083189490  0.000000  0.000000  0.000000 -0.000000   111 46135
1391690083292784  0.000000  0.000000  0.000000 -0.000000   111 46135
1391690083415288  0.000000  0.000000  0.000000 -0.000000   111 46135
1391690083495260  0.000000  0.000000  0.000000 -0.000000   111 46135
1391690083574723  0.000000  0.000000  0.000000 -0.000000   111 46529
1391690083680953  0.000000  0.000000  0.000000 -0.000000   111 48757
1391690083802704  0.000000  0.000000  0.000000 -0.000000   110 48757
1391690083881955  0.000000  0.000000  0.000000 -0.000000   109 48757
1391690083994234  0.000000  0.000000  0.000000 -0.000000   109 48757
1391690084081747  0.000000  0.000000  0.000000 -0.000000   108 48757
1391690084178344  0.000000  0.000000  0.000000 -0.000000   107 48757
1391690084316536  0.000000  0.000000  0.000000 -0.000000   107 48757
1391690084420878  0.000000  0.000000  0.000000 -0.000000   107 48757
1391690084513472  0.000000  0.000000  0.000000 -0.000000   107 48757
1391690084640548  0.000000  0.000000  0.000000 -0.000000   106 48429
1391690084725838  0.000000  0.000000  0.000000 -0.000000   106 47250
1391690084848449  0.000000  0.000000  0.000000 -0.000000   106 47250
1391690084925676  0.000000  0.000000  0.000000 -0.000000   106 47250
1391690085024686  0.000000  0.000000  0.000000 -0.000000   106 47250
1391690085118864  0.000000  0.000000  0.000000 -0.000000   106 47250
1391690085208089  0.000000  0.000000  0.000000 -0.000000   107 47250
1391690085349724  0.000000  0.000000  0.000000 -0.000000   108 47250
1391690085418053  0.000000  0.000000  0.000000 -0.000000   108 47250
1391690085509982  0.000000  0.000000  0.000000 -0.000000   109 47250
1391690085631049  0.000000  0.000000  0.000000 -0.000000   108 47250
1391690085711890  0.000000  0.000000  0.000000 -0.000000   109 47250
1391690085830147  0.000000  0.000000  0.000000 -0.000000   110 47250
1391690085952871  0.000000  0.000000  0.000000 -0.000000   110 47250
1391690086116967  0.000000  0.000000  0.000000 -0.000000   109 47250
1391690086230760  0.000000  0.000000  0.000000 -0.000000   110 47250
1391690086373753  0.000000  0.000000  0.000000 -0.000000   110 47250
1391690086506254  0.000000  0.000000  0.000000 -0.000000   112 47250
1391690086585136  0.000000  0.000000  0.000000 -0.000000   112 47250
1391690086681942  0.000000  0.000000  0.000000 -0.000000   111 47250
1391690086768991  0.000000  0.000000  0.000000 -0.000000   112 47250
1391690086948607  0.000000  0.000000  0.000000 -0.000000   113 47250
1391690087027438  0.000000  0.000000  0.000000 -0.000000   114 48429
1391690087121002  0.000000  0.000000  0.000000 -0.000000   115 48429
1391690087218766  0.000000  0.000000  0.000000 -0.000000   116 48429
1391690087291238  0.000000  0.000000  0.000000 -0.000000   118 48429
1391690087386976  0.000000  0.000000  0.000000 -0.000000   118 48429
1391690087476654  0.000000  0.000000  0.000000 -0.000000   118 48429
1391690087573356  0.000000  0.000000  0.000000 -0.000000   120 46856
1391690087620592  0.000000  0.000000  0.000000 -0.000000   120 46856
1391690087766138  0.000000  0.000000  0.000000 -0.000000   122 46856
1391690087936314  0.000000  0.000000  0.000000 -0.000000   121 46856
1391690087997810  0.000000  0.000000  0.000000 -0.000000   120 46856
1391690088121025  0.000000  0.000000  0.000000 -0.000000   122 46856
1391690088219500  0.000000  0.000000  0.000000 -0.000000   123 46856
1391690088350683  0.000000  0.000000  0.000000 -0.000000   124 46856
1391690088415601  0.000000  0.000000  0.000000 -0.000000   125 46856
1391690088505854  0.000000  0.000000  0.000000 -0.000000   127 46856
1391690088603339  0.000000  0.000000  0.000000 -0.000000   127 46856
1391690088700165  0.000000  0.000000  0.000000 -0.000000   128 46856
1391690088792972  0.000000  0.000000  0.000000 -0.000000   128 46856
1391690088868888  0.000000  0.000000  0.000000 -0.000000   128 46856
1391690089008337  0.000000  0.000000  0.000000 -0.000000   129 46856
1391690089069082  0.000000  0.000000  0.000000 -0.000000   130 46856
1391690089172303  0.000000  0.000000  0.000000 -0.000000   129 46856
1391690089280234  0.000000  0.000000  0.000000 -0.000000   128 46856
1391690089372141  0.000000  0.000000  0.000000 -0.000000   126 46856
1391690089500376  0.000000  0.000000  0.000000 -0.000000   126 46856
1391690089634463  0.000000  0.000000  0.000000 -0.000000   125 47250
1391690089718303  0.000000  0.000000  0.000000 -0.000000   125 47643
1391690089844339  0.000000  0.000000  0.000000 -0.000000   123 48757
1391690089917986  0.000000  0.000000  0.000000 -0.000000   123 49150
1391690090038636  0.000000  0.000000  0.000000 -0.000000   124 48036
1391690090124787  0.000000  0.000000  0.000000 -0.000000   124 46856
1391690090228141  0.000000  0.000000  0.000000 -0.000000   126 45742
1391690090372591  0.000000  0.000000  0.000000 -0.000000   127 45349
1391690090447096  0.000000  0.000000  0.000000 -0.000000   129 45349
1391690090524619  0.000000  0.000000  0.000000 -0.000000   131 45349
1391690090623124  0.000000  0.000000  0.000000 -0.000000   131 45349
1391690090712830  0.000000  0.000000  0.000000 -0.000000   132 45349
1391690090879995  0.000000  0.000000  0.000000 -0.000000   131 45349
1391690090978767  0.000000  0.000000  0.000000 -0.000000   131 45349
1391690091070384  0.000000  0.000000  0.000000 -0.000000   131 45349
1391690091170482  0.000000  0.000000  0.000000 -0.000000   130 45349
1391690091254349  0.000000  0.000000  0.000000 -0.000000   129 45349
1391690091372654  0.000000  0.000000  0.000000 -0.000000   128 45349
1391690091474969  0.000000  0.000000  0.000000 -0.000000   126 45349
1391690091544251  0.000000  0.000000  0.000000 -0.000000   125 45349
1391690091682955  0.000000  0.000000  0.000000 -0.000000   124 45349
1391690091784239  0.000000  0.000000  0.000000 -0.000000   124 45349
1391690091863896  0.000000  0.000000  0.000000 -0.000000   123 45349
1391690091970224  0.000000  0.000000  0.000000 -0.000000   123 45349
1391690092086922  0.000000  0.000000  0.000000 -0.000000   123 45349
1391690092224176  0.000000  0.000000  0.000000 -0.000000   123 45349
1391690092322674  0.000000  0.000000  0.000000 -0.000000   122 45349
1391690092410558  0.000000  0.000000  0.000000 -0.000000   122 45349
1391690092565480  0.000000  0.000000  0.000000 -0.000000   121 45349
1391690092652995  0.000000  0.000000  0.000000 -0.000000   120 45349
1391690092780213  0.000000  0.000000  0.000000 -0.000000   118 45349
1391690092857966  0.000000  0.000000  0.000000 -0.000000   119 45349
1391690092990146  0.000000  0.000000  0.000000 -0.000000   119 45349
1391690093115555  0.000000  0.000000  0.000000 -0.000000   119 46135
1391690093191215  0.000000  0.000000  0.000000 -0.000000   118 46856
1391690093255622  0.000000  0.000000  0.000000 -0.000000   119 46856
1391690093405709  0.000000  0.000000  0.000000 -0.000000   119 46856
1391690093483455  0.000000  0.000000  0.000000 -0.000000   120 46856
1391690093587584  0.000000  0.000000  0.000000 -0.000000   120 48429
1391690093673364  0.000000  0.000000  0.000000 -0.000000   120 49543
1391690093808955  0.000000  0.000000  0.000000 -0.000000   119 49936
1391690093948085  0.000000  0.000000  0.000000 -0.000000   117 51837
1391690094058688  0.000000  0.000000  0.000000 -0.000000   116 52230
1391690094156100  0.000000  0.000000  0.000000 -0.000000   116 52230
1391690094219173  0.000000  0.000000  0.000000 -0.000000   115 52230
1391690094324250  0.000000  0.000000  0.000000 -0.000000   116 52230
1391690094449918  0.000000  0.000000  0.000000 -0.000000   117 52230
1391690094568550  0.000000  0.000000  0.000000 -0.000000   117 52558
1391690094631916  0.000000  0.000000  0.000000 -0.000000   119 52230
1391690094729155  0.000000  0.000000  0.000000 -0.000000   120 52558
1391690094891407  0.000000  0.000000  0.000000 -0.000000   119 52558
1391690094959933  0.000000  0.000000  0.000000 -0.000000   120 52230
1391690095098349  0.000000  0.000000  0.000000 -0.000000   122 49150
1391690095202724  0.000000  0.000000  0.000000 -0.000000   123 47643
1391690095282271  0.000000  0.000000  0.000000 -0.000000   125 45349
1391690095432358  0.000000  0.000000  0.000000 -0.000000   126 43449
1391690095502042  0.000000  0.000000  0.000000 -0.000000   126 43449
1391690095578082  0.000000  0.000000  0.000000 -0.000000   125 44235
1391690095756601  0.000000  0.000000  0.000000 -0.000000   125 44235
1391690095803893  0.000000  0.000000  0.000000 -0.000000   124 44235
1391690095925518  0.000000  0.000000  0.000000 -0.000000   124 45349
1391690096000164  0.000000  0.000000  0.000000 -0.000000   122 47643
1391690096139572  0.000000  0.000000  0.000000 -0.000000   121 47643
1391690096279088  0.000000  0.000000  0.000000 -0.000000   122 47643
1391690096350106  0.000000  0.000000  0.000000 -0.000000   122 47250
1391690096453872  0.000000  0.000000  0.000000 -0.000000   124 46135
1391690096531315  0.000000  0.000000  0.000000 -0.000000   125 45349
1391690096612591  0.000000  0.000000  0.000000 -0.000000   126 44956
1391690096780464  0.000000  0.000000  0.000000 -0.000000   127 44956
1391690096863656  0.000000  0.000000  0.000000 -0.000000   127 44956
1391690097005213  0.000000  0.000000  0.000000 -0.000000   128 44956
1391690097109517  0.000000  0.000000  0.000000 -0.000000   126 46856
1391690097190011  0.000000  0.000000  0.000000 -0.000000   126 47643
1391690097292278  0.000000  0.000000  0.000000 -0.000000   125 47643
1391690097398326  0.000000  0.000000  0.000000 -0.000000   125 47643
1391690097471579  0.000000  0.000000  0.000000 -0.000000   125 47643
1391690097596259  0.000000  0.000000  0.000000 -0.000000   123 45742
1391690097716358  0.000000  0.000000  0.000000 -0.000000   123 44235
1391690097810204  0.000000  0.000000  0.000000 -0.000000   122 41941
1391690097947100  0.000000  0.000000  0.000000 -0.000000   121 41941
1391690098067931  0.000000  0.000000  0.000000 -0.000000   121 41941
1391690098132625  0.000000  0.000000  0.000000 -0.000000   121 41941
1391690098286468  0.000000  0.000000  0.000000 -0.000000   120 41941
1391690098336659  0.000000  0.000000  0.000000 -0.000000   119 42334
1391690098417973  0.000000  0.000000  0.000000 -0.000000   118 44235
1391690098580112  0.000000  0.000000  0.000000 -0.000000   117 44956
1391690098651178  0.000000  0.000000  0.000000 -0.000000   116 45742
1391690098790238  0.000000  0.000000  0.000000 -0.000000   115 46856
1391690098858884  0.000000  0.000000  0.000000 -0.000000   114 48036
1391690098994727  0.000000  0.000000  0.000000 -0.000000   114 48429
1391690099077663  0.000000  0.000000  0.000000 -0.000000   112 48429
1391690099175144  0.000000  0.000000  0.000000 -0.000000   111 48757
1391690099317345  0.000000  0.000000  0.000000 -0.000000   109 48757
1391690099382729  0.000000  0.000000  0.000000 -0.000000   107 48757
1391690099532949  0.000000  0.000000  0.000000 -0.000000   107 48757
1391690099659373  0.000000  0.000000  0.000000 -0.000000   107 48757
1391690099714439  0.000000  0.000000  0.000000 -0.000000   107 48757
1391690099827309  0.000000  0.000000  0.000000 -0.000000   108 48757
1391690099947406  0.000000  0.000000  0.000000 -0.000000   109 48757
1391690100073712  0.000000  0.000000  0.000000 -0.000000   109 48757
1391690100142686  0.000000  0.000000  0.000000 -0.000000   109 48757
1391690100221515  0.000000  0.000000  0.000000 -0.000000   109 48757
1391690100340639  0.000000  0.000000  0.000000 -0.000000   110 48757
1391690100447547  0.000000  0.000000  0.000000 -0.000000   110 48429
1391690100526913  0.000000  0.000000  0.000000 -0.000000   111 46856
1391690100621445  0.000000  0.000000  0.000000 -0.000000   112 46529
1391690100787127  0.000000  0.000000  0.000000 -0.000000   112 46135
1391690100880967  0.000000  0.000000  0.000000 -0.000000   113 41548
1391690100968541  0.000000  0.000000  0.000000 -0.000000   114 40827
1391690101084544  0.000000  0.000000  0.000000 -0.000000   115 41220
1391690101156949  0.000000  0.000000  0.000000 -0.000000   114 41548
1391690101317783  0.000000  0.000000  0.000000 -0.000000   113 44235
1391690101416633  0.000000  0.000000  0.000000 -0.000000   111 44956
1391690101529963  0.000000  0.000000  0.000000 -0.000000   110 45349
1391690101650723  0.000000  0.000000  0.000000 -0.000000   110 45349
1391690101735299  0.000000  0.000000  0.000000 -0.000000   109 45742
1391690101850487  0.000000  0.000000  0.000000 -0.000000   109 45742
1391690101945247  0.000000  0.000000  0.000000 -0.000000   108 46135
1391690102054481  0.000000  0.000000  0.000000 -0.000000   108 46135
1391690102177271  0.000000  0.000000  0.000000 -0.000000   107 46135
1391690102267542  0.000000  0.000000  0.000000 -0.000000   106 46856
1391690102373671  0.000000  0.000000  0.000000 -0.000000   106 47643
1391690102453743  0.000000  0.000000  0.000000 -0.000000   104 47643
1391690102586465  0.000000  0.000000  0.000000 -0.000000   104 48429
1391690102673508  0.000000  0.000000  0.000000 -0.000000   103 48757
1391690102786165  0.000000  0.000000  0.000000 -0.000000   104 48757
1391690102895190  0.000000  0.000000  0.000000 -0.000000   104 48757
1391690103019094  0.000000  0.000000  0.000000 -0.000000   105 48757
1391690103098121  0.000000  0.000000  0.000000 -0.000000   107 46529
1391690103212620  0.000000  0.000000  0.000000 -0.000000   110 45742
1391690103344890  0.000000  0.000000  0.000000 -0.000000   112 45742
1391690103421386  0.000000  0.000000  0.000000 -0.000000   114 45742
1391690103539025  0.000000  0.000000  0.000000 -0.000000   115 45742
1391690103644715  0.000000  0.000000  0.000000 -0.000000   116 46856
1391690103709453  0.000000  0.000000  0.000000 -0.000000   117 46856
1391690103851474  0.000000  0.000000  0.000000 -0.000000   119 46856
1391690103940105  0.000000  0.000000  0.000000 -0.000000   121 46856
1391690104002770  0.000000  0.000000  0.000000 -0.000000   121 46856
1391690104132952  0.000000  0.000000  0.000000 -0.000000   123 46856
1391690104221729  0.000000  0.000000  0.000000 -0.000000   123 46856
1391690104314972  0.000000  0.000000  0.000000 -0.000000   124 46856
1391690104397498  0.000000  0.000000  0.000000 -0.000000   125 46856
1391690104538059  0.000000  0.000000  0.000000 -0.000000   125 46856
1391690104628284  0.000000  0.000000  0.000000 -0.000000   125 46856
1391690104719437  0.000000  0.000000  0.000000 -0.000000   125 46856
1391690104849033  0.000000  0.000000  0.000000 -0.000000   127 46856
1391690104940723  0.000000  0.000000  0.000000 -0.000000   126 46856
1391690105068410  0.000000  0.000000  0.000000 -0.000000   126 46856
1391690105153383  0.000000  0.000000  0.000000 -0.000000   127 46856
1391690105238458  0.000000  0.000000  0.000000 -0.000000   126 46856
1391690105373070  0.000000  0.000000  0.000000 -0.000000   126 46856
1391690105458060  0.000000  0.000000  0.000000 -0.000000   127 46856
1391690105585943  0.000000  0.000000  0.000000 -0.000000   126 46856
1391690105684519  0.000000  0.000000  0.000000 -0.000000   126 46856
1391690105798996  0.000000  0.000000  0.000000 -0.000000   125 46856
1391690105888001  0.000000  0.000000  0.000000 -0.000000   126 46856
1391690105977468  0.000000  0.000000  0.000000 -0.000000   127 46856
1391690106096905  0.000000  0.000000  0.000000 -0.000000   127 46856
1391690106184920  0.000000  0.000000  0.000000 -0.000000   128 46856
1391690106322325  0.000000  0.000000  0.000000 -0.000000   128 46856
1391690106405829  0.000000  0.000000  0.000000 -0.000000   128 46856
1391690106535227  0.000000  0.000000  0.000000 -0.000000   127 46856
1391690106632605  0.000000  0.000000  0.000000 -0.000000   128 46856
1391690106723185  0.000000  0.000000  0.000000 -0.000000   128 46856
1391690106843124  0.000000  0.000000  0.000000 -0.000000   128 46856
1391690106940438  0.000000  0.000000  0.000000 -0.000000   129 46856
